ARM GAS  C:\Users\Brian\AppData\Local\Temp\cc2e0MW5.s 			page 1


   1              		.syntax unified
   2              		.cpu cortex-m0plus
   3              		.fpu softvfp
   4              		.eabi_attribute 20, 1
   5              		.eabi_attribute 21, 1
   6              		.eabi_attribute 23, 3
   7              		.eabi_attribute 24, 1
   8              		.eabi_attribute 25, 1
   9              		.eabi_attribute 26, 1
  10              		.eabi_attribute 30, 1
  11              		.eabi_attribute 34, 0
  12              		.eabi_attribute 18, 4
  13              		.thumb
  14              		.syntax unified
  15              		.file	"IPC_CM0.c"
  16              		.text
  17              	.Ltext0:
  18              		.cfi_sections	.debug_frame
  19              		.section	.text.CM0_ReleaseCallback,"ax",%progbits
  20              		.align	2
  21              		.global	CM0_ReleaseCallback
  22              		.code	16
  23              		.thumb_func
  24              		.type	CM0_ReleaseCallback, %function
  25              	CM0_ReleaseCallback:
  26              	.LFB388:
  27              		.file 1 "IPC_CM0.c"
   1:IPC_CM0.c     **** /* ========================================
   2:IPC_CM0.c     ****  *
   3:IPC_CM0.c     ****  * Copyright YOUR COMPANY, THE YEAR
   4:IPC_CM0.c     ****  * All Rights Reserved
   5:IPC_CM0.c     ****  * UNPUBLISHED, LICENSED SOFTWARE.
   6:IPC_CM0.c     ****  *
   7:IPC_CM0.c     ****  * CONFIDENTIAL AND PROPRIETARY INFORMATION
   8:IPC_CM0.c     ****  * WHICH IS THE PROPERTY OF your company.
   9:IPC_CM0.c     ****  *
  10:IPC_CM0.c     ****  * ========================================
  11:IPC_CM0.c     **** */
  12:IPC_CM0.c     **** 
  13:IPC_CM0.c     **** #include "IPC_CM0.h"
  14:IPC_CM0.c     **** 
  15:IPC_CM0.c     **** volatile bool rdyToRecvMsg = true;
  16:IPC_CM0.c     **** 
  17:IPC_CM0.c     **** ipc_msg_t ipcMsgForCM4 = {              /* IPC structure to be sent to CM4  */
  18:IPC_CM0.c     ****     .clientId = IPC_CM0_TO_CM4_CLIENT_ID,
  19:IPC_CM0.c     ****     .userCode = 0,
  20:IPC_CM0.c     ****     .intrMask = CY_IPC_CYPIPE_INTR_MASK,
  21:IPC_CM0.c     ****     .data   = 0
  22:IPC_CM0.c     **** };
  23:IPC_CM0.c     **** 
  24:IPC_CM0.c     **** void CM0_ReleaseCallback(void)
  25:IPC_CM0.c     **** {
  28              		.loc 1 25 0
  29              		.cfi_startproc
  30              		@ args = 0, pretend = 0, frame = 0
  31              		@ frame_needed = 0, uses_anonymous_args = 0
  32              		@ link register save eliminated.
ARM GAS  C:\Users\Brian\AppData\Local\Temp\cc2e0MW5.s 			page 2


  26:IPC_CM0.c     ****     /* Message processed by CM4. Ready to receive a new message */
  27:IPC_CM0.c     ****     rdyToRecvMsg = true;
  33              		.loc 1 27 0
  34 0000 0122     		movs	r2, #1
  35 0002 014B     		ldr	r3, .L2
  36 0004 1A70     		strb	r2, [r3]
  28:IPC_CM0.c     **** }
  37              		.loc 1 28 0
  38              		@ sp needed
  39 0006 7047     		bx	lr
  40              	.L3:
  41              		.align	2
  42              	.L2:
  43 0008 00000000 		.word	.LANCHOR0
  44              		.cfi_endproc
  45              	.LFE388:
  46              		.size	CM0_ReleaseCallback, .-CM0_ReleaseCallback
  47              		.global	ipcMsgForCM4
  48              		.global	rdyToRecvMsg
  49              		.data
  50              		.align	2
  51              		.set	.LANCHOR0,. + 0
  52              		.type	rdyToRecvMsg, %object
  53              		.size	rdyToRecvMsg, 1
  54              	rdyToRecvMsg:
  55 0000 01       		.byte	1
  56 0001 000000   		.space	3
  57              		.type	ipcMsgForCM4, %object
  58              		.size	ipcMsgForCM4, 8
  59              	ipcMsgForCM4:
  60 0004 00       		.byte	0
  61 0005 00       		.byte	0
  62 0006 6000     		.short	96
  63 0008 00000000 		.word	0
  64              		.text
  65              	.Letext0:
  66              		.file 2 "c:\\program files (x86)\\cypress\\psoc creator\\4.2\\psoc creator\\import\\gnu\\arm\\5.4.
  67              		.file 3 "c:\\program files (x86)\\cypress\\psoc creator\\4.2\\psoc creator\\import\\gnu\\arm\\5.4.
  68              		.file 4 "Generated_Source\\PSoC6\\pdl\\drivers/peripheral/scb/cy_scb_uart.h"
  69              		.file 5 "Generated_Source\\PSoC6\\pdl\\middleware/ble/cy_ble_stack_host_main.h"
  70              		.file 6 "Generated_Source\\PSoC6\\pdl\\middleware/ble/cy_ble_stack.h"
  71              		.file 7 "Generated_Source\\PSoC6\\pdl\\middleware/ble/cy_ble_gap.h"
  72              		.file 8 "ipc_shared.h"
  73              		.file 9 "Generated_Source\\PSoC6/UART.h"
  74              		.section	.debug_info,"",%progbits
  75              	.Ldebug_info0:
  76 0000 80060000 		.4byte	0x680
  77 0004 0400     		.2byte	0x4
  78 0006 00000000 		.4byte	.Ldebug_abbrev0
  79 000a 04       		.byte	0x4
  80 000b 01       		.uleb128 0x1
  81 000c 8E080000 		.4byte	.LASF182
  82 0010 0C       		.byte	0xc
  83 0011 60020000 		.4byte	.LASF183
  84 0015 CE110000 		.4byte	.LASF184
  85 0019 00000000 		.4byte	.Ldebug_ranges0+0
  86 001d 00000000 		.4byte	0
ARM GAS  C:\Users\Brian\AppData\Local\Temp\cc2e0MW5.s 			page 3


  87 0021 00000000 		.4byte	.Ldebug_line0
  88 0025 02       		.uleb128 0x2
  89 0026 02       		.byte	0x2
  90 0027 05       		.byte	0x5
  91 0028 3F090000 		.4byte	.LASF0
  92 002c 02       		.uleb128 0x2
  93 002d 01       		.byte	0x1
  94 002e 08       		.byte	0x8
  95 002f 3E0D0000 		.4byte	.LASF1
  96 0033 02       		.uleb128 0x2
  97 0034 01       		.byte	0x1
  98 0035 06       		.byte	0x6
  99 0036 13020000 		.4byte	.LASF2
 100 003a 03       		.uleb128 0x3
 101 003b CE000000 		.4byte	.LASF3
 102 003f 02       		.byte	0x2
 103 0040 1D       		.byte	0x1d
 104 0041 2C000000 		.4byte	0x2c
 105 0045 03       		.uleb128 0x3
 106 0046 6E0F0000 		.4byte	.LASF4
 107 004a 02       		.byte	0x2
 108 004b 2B       		.byte	0x2b
 109 004c 50000000 		.4byte	0x50
 110 0050 02       		.uleb128 0x2
 111 0051 02       		.byte	0x2
 112 0052 07       		.byte	0x7
 113 0053 D2070000 		.4byte	.LASF5
 114 0057 02       		.uleb128 0x2
 115 0058 04       		.byte	0x4
 116 0059 05       		.byte	0x5
 117 005a A1030000 		.4byte	.LASF6
 118 005e 03       		.uleb128 0x3
 119 005f 49100000 		.4byte	.LASF7
 120 0063 02       		.byte	0x2
 121 0064 41       		.byte	0x41
 122 0065 69000000 		.4byte	0x69
 123 0069 02       		.uleb128 0x2
 124 006a 04       		.byte	0x4
 125 006b 07       		.byte	0x7
 126 006c 1E070000 		.4byte	.LASF8
 127 0070 02       		.uleb128 0x2
 128 0071 08       		.byte	0x8
 129 0072 05       		.byte	0x5
 130 0073 05020000 		.4byte	.LASF9
 131 0077 02       		.uleb128 0x2
 132 0078 08       		.byte	0x8
 133 0079 07       		.byte	0x7
 134 007a 15010000 		.4byte	.LASF10
 135 007e 04       		.uleb128 0x4
 136 007f 04       		.byte	0x4
 137 0080 05       		.byte	0x5
 138 0081 696E7400 		.ascii	"int\000"
 139 0085 02       		.uleb128 0x2
 140 0086 04       		.byte	0x4
 141 0087 07       		.byte	0x7
 142 0088 5E060000 		.4byte	.LASF11
 143 008c 03       		.uleb128 0x3
ARM GAS  C:\Users\Brian\AppData\Local\Temp\cc2e0MW5.s 			page 4


 144 008d F8120000 		.4byte	.LASF12
 145 0091 03       		.byte	0x3
 146 0092 18       		.byte	0x18
 147 0093 3A000000 		.4byte	0x3a
 148 0097 03       		.uleb128 0x3
 149 0098 CE040000 		.4byte	.LASF13
 150 009c 03       		.byte	0x3
 151 009d 24       		.byte	0x24
 152 009e 45000000 		.4byte	0x45
 153 00a2 03       		.uleb128 0x3
 154 00a3 DA0E0000 		.4byte	.LASF14
 155 00a7 03       		.byte	0x3
 156 00a8 30       		.byte	0x30
 157 00a9 5E000000 		.4byte	0x5e
 158 00ad 02       		.uleb128 0x2
 159 00ae 04       		.byte	0x4
 160 00af 07       		.byte	0x7
 161 00b0 2E0A0000 		.4byte	.LASF15
 162 00b4 05       		.uleb128 0x5
 163 00b5 A2000000 		.4byte	0xa2
 164 00b9 02       		.uleb128 0x2
 165 00ba 08       		.byte	0x8
 166 00bb 04       		.byte	0x4
 167 00bc 410F0000 		.4byte	.LASF16
 168 00c0 02       		.uleb128 0x2
 169 00c1 01       		.byte	0x1
 170 00c2 08       		.byte	0x8
 171 00c3 4D0F0000 		.4byte	.LASF17
 172 00c7 02       		.uleb128 0x2
 173 00c8 04       		.byte	0x4
 174 00c9 04       		.byte	0x4
 175 00ca 660C0000 		.4byte	.LASF18
 176 00ce 02       		.uleb128 0x2
 177 00cf 08       		.byte	0x8
 178 00d0 04       		.byte	0x4
 179 00d1 D7040000 		.4byte	.LASF19
 180 00d5 06       		.uleb128 0x6
 181 00d6 04       		.byte	0x4
 182 00d7 02       		.uleb128 0x2
 183 00d8 01       		.byte	0x1
 184 00d9 02       		.byte	0x2
 185 00da 380D0000 		.4byte	.LASF20
 186 00de 07       		.uleb128 0x7
 187 00df 04       		.byte	0x4
 188 00e0 E4000000 		.4byte	0xe4
 189 00e4 08       		.uleb128 0x8
 190 00e5 EF000000 		.4byte	0xef
 191 00e9 09       		.uleb128 0x9
 192 00ea A2000000 		.4byte	0xa2
 193 00ee 00       		.byte	0
 194 00ef 05       		.uleb128 0x5
 195 00f0 D7000000 		.4byte	0xd7
 196 00f4 0A       		.uleb128 0xa
 197 00f5 F4100000 		.4byte	.LASF21
 198 00f9 04       		.byte	0x4
 199 00fa AB01     		.2byte	0x1ab
 200 00fc DE000000 		.4byte	0xde
ARM GAS  C:\Users\Brian\AppData\Local\Temp\cc2e0MW5.s 			page 5


 201 0100 0B       		.uleb128 0xb
 202 0101 20140000 		.4byte	.LASF185
 203 0105 38       		.byte	0x38
 204 0106 04       		.byte	0x4
 205 0107 4702     		.2byte	0x247
 206 0109 C4010000 		.4byte	0x1c4
 207 010d 0C       		.uleb128 0xc
 208 010e FE130000 		.4byte	.LASF22
 209 0112 04       		.byte	0x4
 210 0113 4A02     		.2byte	0x24a
 211 0115 B4000000 		.4byte	0xb4
 212 0119 00       		.byte	0
 213 011a 0C       		.uleb128 0xc
 214 011b 24130000 		.4byte	.LASF23
 215 011f 04       		.byte	0x4
 216 0120 4B02     		.2byte	0x24b
 217 0122 B4000000 		.4byte	0xb4
 218 0126 04       		.byte	0x4
 219 0127 0C       		.uleb128 0xc
 220 0128 2C010000 		.4byte	.LASF24
 221 012c 04       		.byte	0x4
 222 012d 4D02     		.2byte	0x24d
 223 012f D5000000 		.4byte	0xd5
 224 0133 08       		.byte	0x8
 225 0134 0C       		.uleb128 0xc
 226 0135 9D100000 		.4byte	.LASF25
 227 0139 04       		.byte	0x4
 228 013a 4E02     		.2byte	0x24e
 229 013c A2000000 		.4byte	0xa2
 230 0140 0C       		.byte	0xc
 231 0141 0C       		.uleb128 0xc
 232 0142 8E090000 		.4byte	.LASF26
 233 0146 04       		.byte	0x4
 234 0147 4F02     		.2byte	0x24f
 235 0149 B4000000 		.4byte	0xb4
 236 014d 10       		.byte	0x10
 237 014e 0C       		.uleb128 0xc
 238 014f 6B130000 		.4byte	.LASF27
 239 0153 04       		.byte	0x4
 240 0154 5002     		.2byte	0x250
 241 0156 B4000000 		.4byte	0xb4
 242 015a 14       		.byte	0x14
 243 015b 0C       		.uleb128 0xc
 244 015c C8110000 		.4byte	.LASF28
 245 0160 04       		.byte	0x4
 246 0161 5202     		.2byte	0x252
 247 0163 D5000000 		.4byte	0xd5
 248 0167 18       		.byte	0x18
 249 0168 0C       		.uleb128 0xc
 250 0169 6D000000 		.4byte	.LASF29
 251 016d 04       		.byte	0x4
 252 016e 5302     		.2byte	0x253
 253 0170 A2000000 		.4byte	0xa2
 254 0174 1C       		.byte	0x1c
 255 0175 0C       		.uleb128 0xc
 256 0176 CF050000 		.4byte	.LASF30
 257 017a 04       		.byte	0x4
ARM GAS  C:\Users\Brian\AppData\Local\Temp\cc2e0MW5.s 			page 6


 258 017b 5402     		.2byte	0x254
 259 017d B4000000 		.4byte	0xb4
 260 0181 20       		.byte	0x20
 261 0182 0C       		.uleb128 0xc
 262 0183 7D010000 		.4byte	.LASF31
 263 0187 04       		.byte	0x4
 264 0188 5602     		.2byte	0x256
 265 018a D5000000 		.4byte	0xd5
 266 018e 24       		.byte	0x24
 267 018f 0C       		.uleb128 0xc
 268 0190 0C060000 		.4byte	.LASF32
 269 0194 04       		.byte	0x4
 270 0195 5702     		.2byte	0x257
 271 0197 A2000000 		.4byte	0xa2
 272 019b 28       		.byte	0x28
 273 019c 0C       		.uleb128 0xc
 274 019d FD0C0000 		.4byte	.LASF33
 275 01a1 04       		.byte	0x4
 276 01a2 5802     		.2byte	0x258
 277 01a4 B4000000 		.4byte	0xb4
 278 01a8 2C       		.byte	0x2c
 279 01a9 0C       		.uleb128 0xc
 280 01aa 250B0000 		.4byte	.LASF34
 281 01ae 04       		.byte	0x4
 282 01af 5D02     		.2byte	0x25d
 283 01b1 F4000000 		.4byte	0xf4
 284 01b5 30       		.byte	0x30
 285 01b6 0C       		.uleb128 0xc
 286 01b7 C0110000 		.4byte	.LASF35
 287 01bb 04       		.byte	0x4
 288 01bc 6002     		.2byte	0x260
 289 01be A2000000 		.4byte	0xa2
 290 01c2 34       		.byte	0x34
 291 01c3 00       		.byte	0
 292 01c4 0A       		.uleb128 0xa
 293 01c5 46020000 		.4byte	.LASF36
 294 01c9 04       		.byte	0x4
 295 01ca 6302     		.2byte	0x263
 296 01cc 00010000 		.4byte	0x100
 297 01d0 0D       		.uleb128 0xd
 298 01d1 02       		.byte	0x2
 299 01d2 50000000 		.4byte	0x50
 300 01d6 06       		.byte	0x6
 301 01d7 4201     		.2byte	0x142
 302 01d9 09050000 		.4byte	0x509
 303 01dd 0E       		.uleb128 0xe
 304 01de 5C080000 		.4byte	.LASF37
 305 01e2 00       		.byte	0
 306 01e3 0F       		.uleb128 0xf
 307 01e4 13110000 		.4byte	.LASF38
 308 01e8 0010     		.2byte	0x1000
 309 01ea 0F       		.uleb128 0xf
 310 01eb A6020000 		.4byte	.LASF39
 311 01ef 0110     		.2byte	0x1001
 312 01f1 0F       		.uleb128 0xf
 313 01f2 080F0000 		.4byte	.LASF40
 314 01f6 0210     		.2byte	0x1002
ARM GAS  C:\Users\Brian\AppData\Local\Temp\cc2e0MW5.s 			page 7


 315 01f8 0F       		.uleb128 0xf
 316 01f9 18080000 		.4byte	.LASF41
 317 01fd 0310     		.2byte	0x1003
 318 01ff 0F       		.uleb128 0xf
 319 0200 20090000 		.4byte	.LASF42
 320 0204 0410     		.2byte	0x1004
 321 0206 0F       		.uleb128 0xf
 322 0207 07140000 		.4byte	.LASF43
 323 020b 0510     		.2byte	0x1005
 324 020d 0F       		.uleb128 0xf
 325 020e 3F110000 		.4byte	.LASF44
 326 0212 0020     		.2byte	0x2000
 327 0214 0F       		.uleb128 0xf
 328 0215 32080000 		.4byte	.LASF45
 329 0219 0120     		.2byte	0x2001
 330 021b 0F       		.uleb128 0xf
 331 021c 45050000 		.4byte	.LASF46
 332 0220 0220     		.2byte	0x2002
 333 0222 0F       		.uleb128 0xf
 334 0223 F1000000 		.4byte	.LASF47
 335 0227 0320     		.2byte	0x2003
 336 0229 0F       		.uleb128 0xf
 337 022a 38060000 		.4byte	.LASF48
 338 022e 0420     		.2byte	0x2004
 339 0230 0F       		.uleb128 0xf
 340 0231 BB140000 		.4byte	.LASF49
 341 0235 0520     		.2byte	0x2005
 342 0237 0F       		.uleb128 0xf
 343 0238 1E0C0000 		.4byte	.LASF50
 344 023c 0620     		.2byte	0x2006
 345 023e 0F       		.uleb128 0xf
 346 023f 48030000 		.4byte	.LASF51
 347 0243 0720     		.2byte	0x2007
 348 0245 0F       		.uleb128 0xf
 349 0246 03100000 		.4byte	.LASF52
 350 024a 0820     		.2byte	0x2008
 351 024c 0F       		.uleb128 0xf
 352 024d FD040000 		.4byte	.LASF53
 353 0251 0920     		.2byte	0x2009
 354 0253 0F       		.uleb128 0xf
 355 0254 6C0C0000 		.4byte	.LASF54
 356 0258 0A20     		.2byte	0x200a
 357 025a 0F       		.uleb128 0xf
 358 025b 83010000 		.4byte	.LASF55
 359 025f 0B20     		.2byte	0x200b
 360 0261 0F       		.uleb128 0xf
 361 0262 A1110000 		.4byte	.LASF56
 362 0266 0C20     		.2byte	0x200c
 363 0268 0F       		.uleb128 0xf
 364 0269 7F0A0000 		.4byte	.LASF57
 365 026d 0D20     		.2byte	0x200d
 366 026f 0F       		.uleb128 0xf
 367 0270 910B0000 		.4byte	.LASF58
 368 0274 0E20     		.2byte	0x200e
 369 0276 0F       		.uleb128 0xf
 370 0277 CF0B0000 		.4byte	.LASF59
 371 027b 0F20     		.2byte	0x200f
ARM GAS  C:\Users\Brian\AppData\Local\Temp\cc2e0MW5.s 			page 8


 372 027d 0F       		.uleb128 0xf
 373 027e 9D060000 		.4byte	.LASF60
 374 0282 1020     		.2byte	0x2010
 375 0284 0F       		.uleb128 0xf
 376 0285 8E140000 		.4byte	.LASF61
 377 0289 1120     		.2byte	0x2011
 378 028b 0F       		.uleb128 0xf
 379 028c 6B060000 		.4byte	.LASF62
 380 0290 1220     		.2byte	0x2012
 381 0292 0F       		.uleb128 0xf
 382 0293 250F0000 		.4byte	.LASF63
 383 0297 1320     		.2byte	0x2013
 384 0299 0F       		.uleb128 0xf
 385 029a 080E0000 		.4byte	.LASF64
 386 029e 1420     		.2byte	0x2014
 387 02a0 0F       		.uleb128 0xf
 388 02a1 B2040000 		.4byte	.LASF65
 389 02a5 1520     		.2byte	0x2015
 390 02a7 0F       		.uleb128 0xf
 391 02a8 AE070000 		.4byte	.LASF66
 392 02ac 1620     		.2byte	0x2016
 393 02ae 0F       		.uleb128 0xf
 394 02af 6E050000 		.4byte	.LASF67
 395 02b3 1720     		.2byte	0x2017
 396 02b5 0F       		.uleb128 0xf
 397 02b6 13040000 		.4byte	.LASF68
 398 02ba 0030     		.2byte	0x3000
 399 02bc 0F       		.uleb128 0xf
 400 02bd 6F090000 		.4byte	.LASF69
 401 02c1 0130     		.2byte	0x3001
 402 02c3 0F       		.uleb128 0xf
 403 02c4 FA0B0000 		.4byte	.LASF70
 404 02c8 0230     		.2byte	0x3002
 405 02ca 0F       		.uleb128 0xf
 406 02cb C60F0000 		.4byte	.LASF71
 407 02cf 0330     		.2byte	0x3003
 408 02d1 0F       		.uleb128 0xf
 409 02d2 95040000 		.4byte	.LASF72
 410 02d6 0430     		.2byte	0x3004
 411 02d8 0F       		.uleb128 0xf
 412 02d9 6F080000 		.4byte	.LASF73
 413 02dd 0530     		.2byte	0x3005
 414 02df 0F       		.uleb128 0xf
 415 02e0 6A020000 		.4byte	.LASF74
 416 02e4 0630     		.2byte	0x3006
 417 02e6 0F       		.uleb128 0xf
 418 02e7 5C0A0000 		.4byte	.LASF75
 419 02eb 0730     		.2byte	0x3007
 420 02ed 0F       		.uleb128 0xf
 421 02ee 5A010000 		.4byte	.LASF76
 422 02f2 0830     		.2byte	0x3008
 423 02f4 0F       		.uleb128 0xf
 424 02f5 77000000 		.4byte	.LASF77
 425 02f9 0930     		.2byte	0x3009
 426 02fb 0F       		.uleb128 0xf
 427 02fc 81110000 		.4byte	.LASF78
 428 0300 0A30     		.2byte	0x300a
ARM GAS  C:\Users\Brian\AppData\Local\Temp\cc2e0MW5.s 			page 9


 429 0302 0F       		.uleb128 0xf
 430 0303 6C0E0000 		.4byte	.LASF79
 431 0307 0B30     		.2byte	0x300b
 432 0309 0F       		.uleb128 0xf
 433 030a B00C0000 		.4byte	.LASF80
 434 030e 0C30     		.2byte	0x300c
 435 0310 0F       		.uleb128 0xf
 436 0311 790F0000 		.4byte	.LASF81
 437 0315 1130     		.2byte	0x3011
 438 0317 0F       		.uleb128 0xf
 439 0318 C60D0000 		.4byte	.LASF82
 440 031c 1230     		.2byte	0x3012
 441 031e 0F       		.uleb128 0xf
 442 031f 89020000 		.4byte	.LASF83
 443 0323 1330     		.2byte	0x3013
 444 0325 0F       		.uleb128 0xf
 445 0326 060B0000 		.4byte	.LASF84
 446 032a 1430     		.2byte	0x3014
 447 032c 0F       		.uleb128 0xf
 448 032d C9010000 		.4byte	.LASF85
 449 0331 1530     		.2byte	0x3015
 450 0333 0F       		.uleb128 0xf
 451 0334 8D0C0000 		.4byte	.LASF86
 452 0338 1630     		.2byte	0x3016
 453 033a 0F       		.uleb128 0xf
 454 033b 4A070000 		.4byte	.LASF87
 455 033f 1730     		.2byte	0x3017
 456 0341 0F       		.uleb128 0xf
 457 0342 49090000 		.4byte	.LASF88
 458 0346 1830     		.2byte	0x3018
 459 0348 0F       		.uleb128 0xf
 460 0349 E30E0000 		.4byte	.LASF89
 461 034d 0040     		.2byte	0x4000
 462 034f 0F       		.uleb128 0xf
 463 0350 27110000 		.4byte	.LASF90
 464 0354 0140     		.2byte	0x4001
 465 0356 0F       		.uleb128 0xf
 466 0357 69140000 		.4byte	.LASF91
 467 035b 0240     		.2byte	0x4002
 468 035d 0F       		.uleb128 0xf
 469 035e EC030000 		.4byte	.LASF92
 470 0362 0340     		.2byte	0x4003
 471 0364 0F       		.uleb128 0xf
 472 0365 00000000 		.4byte	.LASF93
 473 0369 0440     		.2byte	0x4004
 474 036b 0F       		.uleb128 0xf
 475 036c AE010000 		.4byte	.LASF94
 476 0370 0540     		.2byte	0x4005
 477 0372 0F       		.uleb128 0xf
 478 0373 D40C0000 		.4byte	.LASF95
 479 0377 0640     		.2byte	0x4006
 480 0379 0F       		.uleb128 0xf
 481 037a C10A0000 		.4byte	.LASF96
 482 037e 0740     		.2byte	0x4007
 483 0380 0F       		.uleb128 0xf
 484 0381 8B070000 		.4byte	.LASF97
 485 0385 0840     		.2byte	0x4008
ARM GAS  C:\Users\Brian\AppData\Local\Temp\cc2e0MW5.s 			page 10


 486 0387 0F       		.uleb128 0xf
 487 0388 A4120000 		.4byte	.LASF98
 488 038c 0940     		.2byte	0x4009
 489 038e 0F       		.uleb128 0xf
 490 038f 73100000 		.4byte	.LASF99
 491 0393 0A40     		.2byte	0x400a
 492 0395 0F       		.uleb128 0xf
 493 0396 93050000 		.4byte	.LASF100
 494 039a 0B40     		.2byte	0x400b
 495 039c 0F       		.uleb128 0xf
 496 039d 370A0000 		.4byte	.LASF101
 497 03a1 0C40     		.2byte	0x400c
 498 03a3 0F       		.uleb128 0xf
 499 03a4 9C0D0000 		.4byte	.LASF102
 500 03a8 0D40     		.2byte	0x400d
 501 03aa 0F       		.uleb128 0xf
 502 03ab 70040000 		.4byte	.LASF103
 503 03af 0E40     		.2byte	0x400e
 504 03b1 0F       		.uleb128 0xf
 505 03b2 AB100000 		.4byte	.LASF104
 506 03b6 0F40     		.2byte	0x400f
 507 03b8 0F       		.uleb128 0xf
 508 03b9 E10A0000 		.4byte	.LASF105
 509 03bd 1040     		.2byte	0x4010
 510 03bf 0F       		.uleb128 0xf
 511 03c0 EA090000 		.4byte	.LASF106
 512 03c4 1140     		.2byte	0x4011
 513 03c6 0F       		.uleb128 0xf
 514 03c7 4C0D0000 		.4byte	.LASF107
 515 03cb 1240     		.2byte	0x4012
 516 03cd 0F       		.uleb128 0xf
 517 03ce 59110000 		.4byte	.LASF108
 518 03d2 1340     		.2byte	0x4013
 519 03d4 0F       		.uleb128 0xf
 520 03d5 4B0E0000 		.4byte	.LASF109
 521 03d9 1440     		.2byte	0x4014
 522 03db 0F       		.uleb128 0xf
 523 03dc 1F020000 		.4byte	.LASF110
 524 03e0 1540     		.2byte	0x4015
 525 03e2 0F       		.uleb128 0xf
 526 03e3 1D000000 		.4byte	.LASF111
 527 03e7 1640     		.2byte	0x4016
 528 03e9 0F       		.uleb128 0xf
 529 03ea 76030000 		.4byte	.LASF112
 530 03ee 1740     		.2byte	0x4017
 531 03f0 0F       		.uleb128 0xf
 532 03f1 B60B0000 		.4byte	.LASF113
 533 03f5 1840     		.2byte	0x4018
 534 03f7 0F       		.uleb128 0xf
 535 03f8 44120000 		.4byte	.LASF114
 536 03fc 1940     		.2byte	0x4019
 537 03fe 0F       		.uleb128 0xf
 538 03ff 08070000 		.4byte	.LASF115
 539 0403 1A40     		.2byte	0x401a
 540 0405 0F       		.uleb128 0xf
 541 0406 ED060000 		.4byte	.LASF116
 542 040a 0050     		.2byte	0x5000
ARM GAS  C:\Users\Brian\AppData\Local\Temp\cc2e0MW5.s 			page 11


 543 040c 0F       		.uleb128 0xf
 544 040d B3050000 		.4byte	.LASF117
 545 0411 0150     		.2byte	0x5001
 546 0413 0F       		.uleb128 0xf
 547 0414 740D0000 		.4byte	.LASF118
 548 0418 0250     		.2byte	0x5002
 549 041a 0F       		.uleb128 0xf
 550 041b E90D0000 		.4byte	.LASF119
 551 041f 0350     		.2byte	0x5003
 552 0421 0F       		.uleb128 0xf
 553 0422 2C0E0000 		.4byte	.LASF120
 554 0426 0450     		.2byte	0x5004
 555 0428 0F       		.uleb128 0xf
 556 0429 C4030000 		.4byte	.LASF121
 557 042d 0550     		.2byte	0x5005
 558 042f 0F       		.uleb128 0xf
 559 0430 16060000 		.4byte	.LASF122
 560 0434 0650     		.2byte	0x5006
 561 0436 0F       		.uleb128 0xf
 562 0437 BB0E0000 		.4byte	.LASF123
 563 043b 0750     		.2byte	0x5007
 564 043d 0F       		.uleb128 0xf
 565 043e B9020000 		.4byte	.LASF124
 566 0442 0850     		.2byte	0x5008
 567 0444 0F       		.uleb128 0xf
 568 0445 AA030000 		.4byte	.LASF125
 569 0449 0950     		.2byte	0x5009
 570 044b 0F       		.uleb128 0xf
 571 044c 6C070000 		.4byte	.LASF126
 572 0450 0A50     		.2byte	0x500a
 573 0452 0F       		.uleb128 0xf
 574 0453 84120000 		.4byte	.LASF127
 575 0457 0B50     		.2byte	0x500b
 576 0459 0F       		.uleb128 0xf
 577 045a A5090000 		.4byte	.LASF128
 578 045e 0C50     		.2byte	0x500c
 579 0460 0F       		.uleb128 0xf
 580 0461 EA010000 		.4byte	.LASF129
 581 0465 0D50     		.2byte	0x500d
 582 0467 0F       		.uleb128 0xf
 583 0468 2D130000 		.4byte	.LASF130
 584 046c 0E50     		.2byte	0x500e
 585 046e 0F       		.uleb128 0xf
 586 046f 4D000000 		.4byte	.LASF131
 587 0473 0F50     		.2byte	0x500f
 588 0475 0F       		.uleb128 0xf
 589 0476 E1020000 		.4byte	.LASF132
 590 047a 1050     		.2byte	0x5010
 591 047c 0F       		.uleb128 0xf
 592 047d CD060000 		.4byte	.LASF133
 593 0481 1150     		.2byte	0x5011
 594 0483 0F       		.uleb128 0xf
 595 0484 E5070000 		.4byte	.LASF134
 596 0488 1250     		.2byte	0x5012
 597 048a 0F       		.uleb128 0xf
 598 048b 0C0A0000 		.4byte	.LASF135
 599 048f 1350     		.2byte	0x5013
ARM GAS  C:\Users\Brian\AppData\Local\Temp\cc2e0MW5.s 			page 12


 600 0491 0F       		.uleb128 0xf
 601 0492 580B0000 		.4byte	.LASF136
 602 0496 1450     		.2byte	0x5014
 603 0498 0F       		.uleb128 0xf
 604 0499 BC130000 		.4byte	.LASF137
 605 049d 1550     		.2byte	0x5015
 606 049f 0F       		.uleb128 0xf
 607 04a0 79130000 		.4byte	.LASF138
 608 04a4 1650     		.2byte	0x5016
 609 04a6 0F       		.uleb128 0xf
 610 04a7 2E0B0000 		.4byte	.LASF139
 611 04ab 1750     		.2byte	0x5017
 612 04ad 0F       		.uleb128 0xf
 613 04ae C6090000 		.4byte	.LASF140
 614 04b2 1850     		.2byte	0x5018
 615 04b4 0F       		.uleb128 0xf
 616 04b5 21030000 		.4byte	.LASF141
 617 04b9 0060     		.2byte	0x6000
 618 04bb 0F       		.uleb128 0xf
 619 04bc 9A000000 		.4byte	.LASF142
 620 04c0 0160     		.2byte	0x6001
 621 04c2 0F       		.uleb128 0xf
 622 04c3 3D040000 		.4byte	.LASF143
 623 04c7 0260     		.2byte	0x6002
 624 04c9 0F       		.uleb128 0xf
 625 04ca D5100000 		.4byte	.LASF144
 626 04ce 0360     		.2byte	0x6003
 627 04d0 0F       		.uleb128 0xf
 628 04d1 4C130000 		.4byte	.LASF145
 629 04d5 0460     		.2byte	0x6004
 630 04d7 0F       		.uleb128 0xf
 631 04d8 A40F0000 		.4byte	.LASF146
 632 04dc 0560     		.2byte	0x6005
 633 04de 0F       		.uleb128 0xf
 634 04df 27100000 		.4byte	.LASF147
 635 04e3 0660     		.2byte	0x6006
 636 04e5 0F       		.uleb128 0xf
 637 04e6 9C130000 		.4byte	.LASF148
 638 04ea 0760     		.2byte	0x6007
 639 04ec 0F       		.uleb128 0xf
 640 04ed 36010000 		.4byte	.LASF149
 641 04f1 0860     		.2byte	0x6008
 642 04f3 0F       		.uleb128 0xf
 643 04f4 00130000 		.4byte	.LASF150
 644 04f8 0960     		.2byte	0x6009
 645 04fa 0F       		.uleb128 0xf
 646 04fb 1F120000 		.4byte	.LASF151
 647 04ff 0A60     		.2byte	0x600a
 648 0501 0F       		.uleb128 0xf
 649 0502 64100000 		.4byte	.LASF152
 650 0506 FFFF     		.2byte	0xffff
 651 0508 00       		.byte	0
 652 0509 10       		.uleb128 0x10
 653 050a 02       		.byte	0x2
 654 050b 05       		.byte	0x5
 655 050c 5B01     		.2byte	0x15b
 656 050e 2D050000 		.4byte	0x52d
ARM GAS  C:\Users\Brian\AppData\Local\Temp\cc2e0MW5.s 			page 13


 657 0512 0C       		.uleb128 0xc
 658 0513 F5130000 		.4byte	.LASF153
 659 0517 05       		.byte	0x5
 660 0518 6501     		.2byte	0x165
 661 051a 8C000000 		.4byte	0x8c
 662 051e 00       		.byte	0
 663 051f 0C       		.uleb128 0xc
 664 0520 C0090000 		.4byte	.LASF154
 665 0524 05       		.byte	0x5
 666 0525 6901     		.2byte	0x169
 667 0527 8C000000 		.4byte	0x8c
 668 052b 01       		.byte	0x1
 669 052c 00       		.byte	0
 670 052d 0A       		.uleb128 0xa
 671 052e D8000000 		.4byte	.LASF155
 672 0532 05       		.byte	0x5
 673 0533 6B01     		.2byte	0x16b
 674 0535 09050000 		.4byte	0x509
 675 0539 11       		.uleb128 0x11
 676 053a 01       		.byte	0x1
 677 053b 2C000000 		.4byte	0x2c
 678 053f 07       		.byte	0x7
 679 0540 7E       		.byte	0x7e
 680 0541 5E050000 		.4byte	0x55e
 681 0545 0E       		.uleb128 0xe
 682 0546 DF120000 		.4byte	.LASF156
 683 054a 00       		.byte	0
 684 054b 0E       		.uleb128 0xe
 685 054c A20A0000 		.4byte	.LASF157
 686 0550 01       		.byte	0x1
 687 0551 0E       		.uleb128 0xe
 688 0552 C2120000 		.4byte	.LASF158
 689 0556 02       		.byte	0x2
 690 0557 0E       		.uleb128 0xe
 691 0558 01030000 		.4byte	.LASF159
 692 055c 03       		.byte	0x3
 693 055d 00       		.byte	0
 694 055e 03       		.uleb128 0x3
 695 055f 5A040000 		.4byte	.LASF160
 696 0563 07       		.byte	0x7
 697 0564 83       		.byte	0x83
 698 0565 39050000 		.4byte	0x539
 699 0569 11       		.uleb128 0x11
 700 056a 01       		.byte	0x1
 701 056b 2C000000 		.4byte	0x2c
 702 056f 07       		.byte	0x7
 703 0570 87       		.byte	0x87
 704 0571 A6050000 		.4byte	0x5a6
 705 0575 0E       		.uleb128 0xe
 706 0576 DE040000 		.4byte	.LASF161
 707 057a 00       		.byte	0
 708 057b 0E       		.uleb128 0xe
 709 057c 38140000 		.4byte	.LASF162
 710 0580 01       		.byte	0x1
 711 0581 0E       		.uleb128 0xe
 712 0582 520F0000 		.4byte	.LASF163
 713 0586 02       		.byte	0x2
ARM GAS  C:\Users\Brian\AppData\Local\Temp\cc2e0MW5.s 			page 14


 714 0587 0E       		.uleb128 0xe
 715 0588 E2050000 		.4byte	.LASF164
 716 058c 03       		.byte	0x3
 717 058d 0E       		.uleb128 0xe
 718 058e 1B050000 		.4byte	.LASF165
 719 0592 04       		.byte	0x4
 720 0593 0E       		.uleb128 0xe
 721 0594 0E0D0000 		.4byte	.LASF166
 722 0598 05       		.byte	0x5
 723 0599 0E       		.uleb128 0xe
 724 059a 900E0000 		.4byte	.LASF167
 725 059e 06       		.byte	0x6
 726 059f 0E       		.uleb128 0xe
 727 05a0 420C0000 		.4byte	.LASF168
 728 05a4 07       		.byte	0x7
 729 05a5 00       		.byte	0
 730 05a6 03       		.uleb128 0x3
 731 05a7 7A0B0000 		.4byte	.LASF169
 732 05ab 07       		.byte	0x7
 733 05ac 90       		.byte	0x90
 734 05ad 69050000 		.4byte	0x569
 735 05b1 12       		.uleb128 0x12
 736 05b2 08       		.byte	0x8
 737 05b3 08       		.byte	0x8
 738 05b4 14       		.byte	0x14
 739 05b5 EA050000 		.4byte	0x5ea
 740 05b9 13       		.uleb128 0x13
 741 05ba A5010000 		.4byte	.LASF170
 742 05be 08       		.byte	0x8
 743 05bf 16       		.byte	0x16
 744 05c0 8C000000 		.4byte	0x8c
 745 05c4 00       		.byte	0
 746 05c5 13       		.uleb128 0x13
 747 05c6 9C090000 		.4byte	.LASF171
 748 05ca 08       		.byte	0x8
 749 05cb 17       		.byte	0x17
 750 05cc 8C000000 		.4byte	0x8c
 751 05d0 01       		.byte	0x1
 752 05d1 13       		.uleb128 0x13
 753 05d2 930D0000 		.4byte	.LASF172
 754 05d6 08       		.byte	0x8
 755 05d7 18       		.byte	0x18
 756 05d8 97000000 		.4byte	0x97
 757 05dc 02       		.byte	0x2
 758 05dd 13       		.uleb128 0x13
 759 05de CD070000 		.4byte	.LASF173
 760 05e2 08       		.byte	0x8
 761 05e3 19       		.byte	0x19
 762 05e4 A2000000 		.4byte	0xa2
 763 05e8 04       		.byte	0x4
 764 05e9 00       		.byte	0
 765 05ea 03       		.uleb128 0x3
 766 05eb D8050000 		.4byte	.LASF174
 767 05ef 08       		.byte	0x8
 768 05f0 1A       		.byte	0x1a
 769 05f1 B1050000 		.4byte	0x5b1
 770 05f5 14       		.uleb128 0x14
ARM GAS  C:\Users\Brian\AppData\Local\Temp\cc2e0MW5.s 			page 15


 771 05f6 E1130000 		.4byte	.LASF186
 772 05fa 01       		.byte	0x1
 773 05fb 18       		.byte	0x18
 774 05fc 00000000 		.4byte	.LFB388
 775 0600 0C000000 		.4byte	.LFE388-.LFB388
 776 0604 01       		.uleb128 0x1
 777 0605 9C       		.byte	0x9c
 778 0606 15       		.uleb128 0x15
 779 0607 54100000 		.4byte	.LASF175
 780 060b 07       		.byte	0x7
 781 060c 2202     		.2byte	0x222
 782 060e 5E050000 		.4byte	0x55e
 783 0612 16       		.uleb128 0x16
 784 0613 2D050000 		.4byte	0x52d
 785 0617 22060000 		.4byte	0x622
 786 061b 17       		.uleb128 0x17
 787 061c AD000000 		.4byte	0xad
 788 0620 00       		.byte	0
 789 0621 00       		.byte	0
 790 0622 15       		.uleb128 0x15
 791 0623 72120000 		.4byte	.LASF176
 792 0627 07       		.byte	0x7
 793 0628 2C02     		.2byte	0x22c
 794 062a 12060000 		.4byte	0x612
 795 062e 16       		.uleb128 0x16
 796 062f A6050000 		.4byte	0x5a6
 797 0633 3E060000 		.4byte	0x63e
 798 0637 17       		.uleb128 0x17
 799 0638 AD000000 		.4byte	0xad
 800 063c 00       		.byte	0
 801 063d 00       		.byte	0
 802 063e 15       		.uleb128 0x15
 803 063f 07080000 		.4byte	.LASF177
 804 0643 07       		.byte	0x7
 805 0644 2D02     		.2byte	0x22d
 806 0646 2E060000 		.4byte	0x62e
 807 064a 15       		.uleb128 0x15
 808 064b EA0F0000 		.4byte	.LASF178
 809 064f 07       		.byte	0x7
 810 0650 5202     		.2byte	0x252
 811 0652 8C000000 		.4byte	0x8c
 812 0656 18       		.uleb128 0x18
 813 0657 3D070000 		.4byte	.LASF179
 814 065b 09       		.byte	0x9
 815 065c 87       		.byte	0x87
 816 065d C4010000 		.4byte	0x1c4
 817 0661 19       		.uleb128 0x19
 818 0662 C1000000 		.4byte	.LASF180
 819 0666 01       		.byte	0x1
 820 0667 0F       		.byte	0xf
 821 0668 EF000000 		.4byte	0xef
 822 066c 05       		.uleb128 0x5
 823 066d 03       		.byte	0x3
 824 066e 00000000 		.4byte	rdyToRecvMsg
 825 0672 19       		.uleb128 0x19
 826 0673 30070000 		.4byte	.LASF181
 827 0677 01       		.byte	0x1
ARM GAS  C:\Users\Brian\AppData\Local\Temp\cc2e0MW5.s 			page 16


 828 0678 11       		.byte	0x11
 829 0679 EA050000 		.4byte	0x5ea
 830 067d 05       		.uleb128 0x5
 831 067e 03       		.byte	0x3
 832 067f 00000000 		.4byte	ipcMsgForCM4
 833 0683 00       		.byte	0
 834              		.section	.debug_abbrev,"",%progbits
 835              	.Ldebug_abbrev0:
 836 0000 01       		.uleb128 0x1
 837 0001 11       		.uleb128 0x11
 838 0002 01       		.byte	0x1
 839 0003 25       		.uleb128 0x25
 840 0004 0E       		.uleb128 0xe
 841 0005 13       		.uleb128 0x13
 842 0006 0B       		.uleb128 0xb
 843 0007 03       		.uleb128 0x3
 844 0008 0E       		.uleb128 0xe
 845 0009 1B       		.uleb128 0x1b
 846 000a 0E       		.uleb128 0xe
 847 000b 55       		.uleb128 0x55
 848 000c 17       		.uleb128 0x17
 849 000d 11       		.uleb128 0x11
 850 000e 01       		.uleb128 0x1
 851 000f 10       		.uleb128 0x10
 852 0010 17       		.uleb128 0x17
 853 0011 00       		.byte	0
 854 0012 00       		.byte	0
 855 0013 02       		.uleb128 0x2
 856 0014 24       		.uleb128 0x24
 857 0015 00       		.byte	0
 858 0016 0B       		.uleb128 0xb
 859 0017 0B       		.uleb128 0xb
 860 0018 3E       		.uleb128 0x3e
 861 0019 0B       		.uleb128 0xb
 862 001a 03       		.uleb128 0x3
 863 001b 0E       		.uleb128 0xe
 864 001c 00       		.byte	0
 865 001d 00       		.byte	0
 866 001e 03       		.uleb128 0x3
 867 001f 16       		.uleb128 0x16
 868 0020 00       		.byte	0
 869 0021 03       		.uleb128 0x3
 870 0022 0E       		.uleb128 0xe
 871 0023 3A       		.uleb128 0x3a
 872 0024 0B       		.uleb128 0xb
 873 0025 3B       		.uleb128 0x3b
 874 0026 0B       		.uleb128 0xb
 875 0027 49       		.uleb128 0x49
 876 0028 13       		.uleb128 0x13
 877 0029 00       		.byte	0
 878 002a 00       		.byte	0
 879 002b 04       		.uleb128 0x4
 880 002c 24       		.uleb128 0x24
 881 002d 00       		.byte	0
 882 002e 0B       		.uleb128 0xb
 883 002f 0B       		.uleb128 0xb
 884 0030 3E       		.uleb128 0x3e
ARM GAS  C:\Users\Brian\AppData\Local\Temp\cc2e0MW5.s 			page 17


 885 0031 0B       		.uleb128 0xb
 886 0032 03       		.uleb128 0x3
 887 0033 08       		.uleb128 0x8
 888 0034 00       		.byte	0
 889 0035 00       		.byte	0
 890 0036 05       		.uleb128 0x5
 891 0037 35       		.uleb128 0x35
 892 0038 00       		.byte	0
 893 0039 49       		.uleb128 0x49
 894 003a 13       		.uleb128 0x13
 895 003b 00       		.byte	0
 896 003c 00       		.byte	0
 897 003d 06       		.uleb128 0x6
 898 003e 0F       		.uleb128 0xf
 899 003f 00       		.byte	0
 900 0040 0B       		.uleb128 0xb
 901 0041 0B       		.uleb128 0xb
 902 0042 00       		.byte	0
 903 0043 00       		.byte	0
 904 0044 07       		.uleb128 0x7
 905 0045 0F       		.uleb128 0xf
 906 0046 00       		.byte	0
 907 0047 0B       		.uleb128 0xb
 908 0048 0B       		.uleb128 0xb
 909 0049 49       		.uleb128 0x49
 910 004a 13       		.uleb128 0x13
 911 004b 00       		.byte	0
 912 004c 00       		.byte	0
 913 004d 08       		.uleb128 0x8
 914 004e 15       		.uleb128 0x15
 915 004f 01       		.byte	0x1
 916 0050 27       		.uleb128 0x27
 917 0051 19       		.uleb128 0x19
 918 0052 01       		.uleb128 0x1
 919 0053 13       		.uleb128 0x13
 920 0054 00       		.byte	0
 921 0055 00       		.byte	0
 922 0056 09       		.uleb128 0x9
 923 0057 05       		.uleb128 0x5
 924 0058 00       		.byte	0
 925 0059 49       		.uleb128 0x49
 926 005a 13       		.uleb128 0x13
 927 005b 00       		.byte	0
 928 005c 00       		.byte	0
 929 005d 0A       		.uleb128 0xa
 930 005e 16       		.uleb128 0x16
 931 005f 00       		.byte	0
 932 0060 03       		.uleb128 0x3
 933 0061 0E       		.uleb128 0xe
 934 0062 3A       		.uleb128 0x3a
 935 0063 0B       		.uleb128 0xb
 936 0064 3B       		.uleb128 0x3b
 937 0065 05       		.uleb128 0x5
 938 0066 49       		.uleb128 0x49
 939 0067 13       		.uleb128 0x13
 940 0068 00       		.byte	0
 941 0069 00       		.byte	0
ARM GAS  C:\Users\Brian\AppData\Local\Temp\cc2e0MW5.s 			page 18


 942 006a 0B       		.uleb128 0xb
 943 006b 13       		.uleb128 0x13
 944 006c 01       		.byte	0x1
 945 006d 03       		.uleb128 0x3
 946 006e 0E       		.uleb128 0xe
 947 006f 0B       		.uleb128 0xb
 948 0070 0B       		.uleb128 0xb
 949 0071 3A       		.uleb128 0x3a
 950 0072 0B       		.uleb128 0xb
 951 0073 3B       		.uleb128 0x3b
 952 0074 05       		.uleb128 0x5
 953 0075 01       		.uleb128 0x1
 954 0076 13       		.uleb128 0x13
 955 0077 00       		.byte	0
 956 0078 00       		.byte	0
 957 0079 0C       		.uleb128 0xc
 958 007a 0D       		.uleb128 0xd
 959 007b 00       		.byte	0
 960 007c 03       		.uleb128 0x3
 961 007d 0E       		.uleb128 0xe
 962 007e 3A       		.uleb128 0x3a
 963 007f 0B       		.uleb128 0xb
 964 0080 3B       		.uleb128 0x3b
 965 0081 05       		.uleb128 0x5
 966 0082 49       		.uleb128 0x49
 967 0083 13       		.uleb128 0x13
 968 0084 38       		.uleb128 0x38
 969 0085 0B       		.uleb128 0xb
 970 0086 00       		.byte	0
 971 0087 00       		.byte	0
 972 0088 0D       		.uleb128 0xd
 973 0089 04       		.uleb128 0x4
 974 008a 01       		.byte	0x1
 975 008b 0B       		.uleb128 0xb
 976 008c 0B       		.uleb128 0xb
 977 008d 49       		.uleb128 0x49
 978 008e 13       		.uleb128 0x13
 979 008f 3A       		.uleb128 0x3a
 980 0090 0B       		.uleb128 0xb
 981 0091 3B       		.uleb128 0x3b
 982 0092 05       		.uleb128 0x5
 983 0093 01       		.uleb128 0x1
 984 0094 13       		.uleb128 0x13
 985 0095 00       		.byte	0
 986 0096 00       		.byte	0
 987 0097 0E       		.uleb128 0xe
 988 0098 28       		.uleb128 0x28
 989 0099 00       		.byte	0
 990 009a 03       		.uleb128 0x3
 991 009b 0E       		.uleb128 0xe
 992 009c 1C       		.uleb128 0x1c
 993 009d 0B       		.uleb128 0xb
 994 009e 00       		.byte	0
 995 009f 00       		.byte	0
 996 00a0 0F       		.uleb128 0xf
 997 00a1 28       		.uleb128 0x28
 998 00a2 00       		.byte	0
ARM GAS  C:\Users\Brian\AppData\Local\Temp\cc2e0MW5.s 			page 19


 999 00a3 03       		.uleb128 0x3
 1000 00a4 0E       		.uleb128 0xe
 1001 00a5 1C       		.uleb128 0x1c
 1002 00a6 05       		.uleb128 0x5
 1003 00a7 00       		.byte	0
 1004 00a8 00       		.byte	0
 1005 00a9 10       		.uleb128 0x10
 1006 00aa 13       		.uleb128 0x13
 1007 00ab 01       		.byte	0x1
 1008 00ac 0B       		.uleb128 0xb
 1009 00ad 0B       		.uleb128 0xb
 1010 00ae 3A       		.uleb128 0x3a
 1011 00af 0B       		.uleb128 0xb
 1012 00b0 3B       		.uleb128 0x3b
 1013 00b1 05       		.uleb128 0x5
 1014 00b2 01       		.uleb128 0x1
 1015 00b3 13       		.uleb128 0x13
 1016 00b4 00       		.byte	0
 1017 00b5 00       		.byte	0
 1018 00b6 11       		.uleb128 0x11
 1019 00b7 04       		.uleb128 0x4
 1020 00b8 01       		.byte	0x1
 1021 00b9 0B       		.uleb128 0xb
 1022 00ba 0B       		.uleb128 0xb
 1023 00bb 49       		.uleb128 0x49
 1024 00bc 13       		.uleb128 0x13
 1025 00bd 3A       		.uleb128 0x3a
 1026 00be 0B       		.uleb128 0xb
 1027 00bf 3B       		.uleb128 0x3b
 1028 00c0 0B       		.uleb128 0xb
 1029 00c1 01       		.uleb128 0x1
 1030 00c2 13       		.uleb128 0x13
 1031 00c3 00       		.byte	0
 1032 00c4 00       		.byte	0
 1033 00c5 12       		.uleb128 0x12
 1034 00c6 13       		.uleb128 0x13
 1035 00c7 01       		.byte	0x1
 1036 00c8 0B       		.uleb128 0xb
 1037 00c9 0B       		.uleb128 0xb
 1038 00ca 3A       		.uleb128 0x3a
 1039 00cb 0B       		.uleb128 0xb
 1040 00cc 3B       		.uleb128 0x3b
 1041 00cd 0B       		.uleb128 0xb
 1042 00ce 01       		.uleb128 0x1
 1043 00cf 13       		.uleb128 0x13
 1044 00d0 00       		.byte	0
 1045 00d1 00       		.byte	0
 1046 00d2 13       		.uleb128 0x13
 1047 00d3 0D       		.uleb128 0xd
 1048 00d4 00       		.byte	0
 1049 00d5 03       		.uleb128 0x3
 1050 00d6 0E       		.uleb128 0xe
 1051 00d7 3A       		.uleb128 0x3a
 1052 00d8 0B       		.uleb128 0xb
 1053 00d9 3B       		.uleb128 0x3b
 1054 00da 0B       		.uleb128 0xb
 1055 00db 49       		.uleb128 0x49
ARM GAS  C:\Users\Brian\AppData\Local\Temp\cc2e0MW5.s 			page 20


 1056 00dc 13       		.uleb128 0x13
 1057 00dd 38       		.uleb128 0x38
 1058 00de 0B       		.uleb128 0xb
 1059 00df 00       		.byte	0
 1060 00e0 00       		.byte	0
 1061 00e1 14       		.uleb128 0x14
 1062 00e2 2E       		.uleb128 0x2e
 1063 00e3 00       		.byte	0
 1064 00e4 3F       		.uleb128 0x3f
 1065 00e5 19       		.uleb128 0x19
 1066 00e6 03       		.uleb128 0x3
 1067 00e7 0E       		.uleb128 0xe
 1068 00e8 3A       		.uleb128 0x3a
 1069 00e9 0B       		.uleb128 0xb
 1070 00ea 3B       		.uleb128 0x3b
 1071 00eb 0B       		.uleb128 0xb
 1072 00ec 27       		.uleb128 0x27
 1073 00ed 19       		.uleb128 0x19
 1074 00ee 11       		.uleb128 0x11
 1075 00ef 01       		.uleb128 0x1
 1076 00f0 12       		.uleb128 0x12
 1077 00f1 06       		.uleb128 0x6
 1078 00f2 40       		.uleb128 0x40
 1079 00f3 18       		.uleb128 0x18
 1080 00f4 9742     		.uleb128 0x2117
 1081 00f6 19       		.uleb128 0x19
 1082 00f7 00       		.byte	0
 1083 00f8 00       		.byte	0
 1084 00f9 15       		.uleb128 0x15
 1085 00fa 34       		.uleb128 0x34
 1086 00fb 00       		.byte	0
 1087 00fc 03       		.uleb128 0x3
 1088 00fd 0E       		.uleb128 0xe
 1089 00fe 3A       		.uleb128 0x3a
 1090 00ff 0B       		.uleb128 0xb
 1091 0100 3B       		.uleb128 0x3b
 1092 0101 05       		.uleb128 0x5
 1093 0102 49       		.uleb128 0x49
 1094 0103 13       		.uleb128 0x13
 1095 0104 3F       		.uleb128 0x3f
 1096 0105 19       		.uleb128 0x19
 1097 0106 3C       		.uleb128 0x3c
 1098 0107 19       		.uleb128 0x19
 1099 0108 00       		.byte	0
 1100 0109 00       		.byte	0
 1101 010a 16       		.uleb128 0x16
 1102 010b 01       		.uleb128 0x1
 1103 010c 01       		.byte	0x1
 1104 010d 49       		.uleb128 0x49
 1105 010e 13       		.uleb128 0x13
 1106 010f 01       		.uleb128 0x1
 1107 0110 13       		.uleb128 0x13
 1108 0111 00       		.byte	0
 1109 0112 00       		.byte	0
 1110 0113 17       		.uleb128 0x17
 1111 0114 21       		.uleb128 0x21
 1112 0115 00       		.byte	0
ARM GAS  C:\Users\Brian\AppData\Local\Temp\cc2e0MW5.s 			page 21


 1113 0116 49       		.uleb128 0x49
 1114 0117 13       		.uleb128 0x13
 1115 0118 2F       		.uleb128 0x2f
 1116 0119 0B       		.uleb128 0xb
 1117 011a 00       		.byte	0
 1118 011b 00       		.byte	0
 1119 011c 18       		.uleb128 0x18
 1120 011d 34       		.uleb128 0x34
 1121 011e 00       		.byte	0
 1122 011f 03       		.uleb128 0x3
 1123 0120 0E       		.uleb128 0xe
 1124 0121 3A       		.uleb128 0x3a
 1125 0122 0B       		.uleb128 0xb
 1126 0123 3B       		.uleb128 0x3b
 1127 0124 0B       		.uleb128 0xb
 1128 0125 49       		.uleb128 0x49
 1129 0126 13       		.uleb128 0x13
 1130 0127 3F       		.uleb128 0x3f
 1131 0128 19       		.uleb128 0x19
 1132 0129 3C       		.uleb128 0x3c
 1133 012a 19       		.uleb128 0x19
 1134 012b 00       		.byte	0
 1135 012c 00       		.byte	0
 1136 012d 19       		.uleb128 0x19
 1137 012e 34       		.uleb128 0x34
 1138 012f 00       		.byte	0
 1139 0130 03       		.uleb128 0x3
 1140 0131 0E       		.uleb128 0xe
 1141 0132 3A       		.uleb128 0x3a
 1142 0133 0B       		.uleb128 0xb
 1143 0134 3B       		.uleb128 0x3b
 1144 0135 0B       		.uleb128 0xb
 1145 0136 49       		.uleb128 0x49
 1146 0137 13       		.uleb128 0x13
 1147 0138 3F       		.uleb128 0x3f
 1148 0139 19       		.uleb128 0x19
 1149 013a 02       		.uleb128 0x2
 1150 013b 18       		.uleb128 0x18
 1151 013c 00       		.byte	0
 1152 013d 00       		.byte	0
 1153 013e 00       		.byte	0
 1154              		.section	.debug_aranges,"",%progbits
 1155 0000 1C000000 		.4byte	0x1c
 1156 0004 0200     		.2byte	0x2
 1157 0006 00000000 		.4byte	.Ldebug_info0
 1158 000a 04       		.byte	0x4
 1159 000b 00       		.byte	0
 1160 000c 0000     		.2byte	0
 1161 000e 0000     		.2byte	0
 1162 0010 00000000 		.4byte	.LFB388
 1163 0014 0C000000 		.4byte	.LFE388-.LFB388
 1164 0018 00000000 		.4byte	0
 1165 001c 00000000 		.4byte	0
 1166              		.section	.debug_ranges,"",%progbits
 1167              	.Ldebug_ranges0:
 1168 0000 00000000 		.4byte	.LFB388
 1169 0004 0C000000 		.4byte	.LFE388
ARM GAS  C:\Users\Brian\AppData\Local\Temp\cc2e0MW5.s 			page 22


 1170 0008 00000000 		.4byte	0
 1171 000c 00000000 		.4byte	0
 1172              		.section	.debug_line,"",%progbits
 1173              	.Ldebug_line0:
 1174 0000 10020000 		.section	.debug_str,"MS",%progbits,1
 1174      0200F901 
 1174      00000201 
 1174      FB0E0D00 
 1174      01010101 
 1175              	.LASF93:
 1176 0000 43595F42 		.ascii	"CY_BLE_EVT_GAP_AUTH_COMPLETE\000"
 1176      4C455F45 
 1176      56545F47 
 1176      41505F41 
 1176      5554485F 
 1177              	.LASF111:
 1178 001d 43595F42 		.ascii	"CY_BLE_EVT_GAP_GEN_SET_LOCAL_P256_KEYS_COMPLETE\000"
 1178      4C455F45 
 1178      56545F47 
 1178      41505F47 
 1178      454E5F53 
 1179              	.LASF131:
 1180 004d 43595F42 		.ascii	"CY_BLE_EVT_GATTS_PREP_WRITE_REQ\000"
 1180      4C455F45 
 1180      56545F47 
 1180      41545453 
 1180      5F505245 
 1181              	.LASF29:
 1182 006d 72784275 		.ascii	"rxBufSize\000"
 1182      6653697A 
 1182      6500
 1183              	.LASF77:
 1184 0077 43595F42 		.ascii	"CY_BLE_EVT_RANDOM_NUM_GEN_COMPLETE\000"
 1184      4C455F45 
 1184      56545F52 
 1184      414E444F 
 1184      4D5F4E55 
 1185              	.LASF142:
 1186 009a 43595F42 		.ascii	"CY_BLE_EVT_L2CAP_CONN_PARAM_UPDATE_RSP\000"
 1186      4C455F45 
 1186      56545F4C 
 1186      32434150 
 1186      5F434F4E 
 1187              	.LASF180:
 1188 00c1 72647954 		.ascii	"rdyToRecvMsg\000"
 1188      6F526563 
 1188      764D7367 
 1188      00
 1189              	.LASF3:
 1190 00ce 5F5F7569 		.ascii	"__uint8_t\000"
 1190      6E74385F 
 1190      7400
 1191              	.LASF155:
 1192 00d8 63795F73 		.ascii	"cy_stc_ble_conn_handle_t\000"
 1192      74635F62 
 1192      6C655F63 
 1192      6F6E6E5F 
ARM GAS  C:\Users\Brian\AppData\Local\Temp\cc2e0MW5.s 			page 23


 1192      68616E64 
 1193              	.LASF47:
 1194 00f1 43595F42 		.ascii	"CY_BLE_EVT_GET_CHANNEL_MAP_COMPLETE\000"
 1194      4C455F45 
 1194      56545F47 
 1194      45545F43 
 1194      48414E4E 
 1195              	.LASF10:
 1196 0115 6C6F6E67 		.ascii	"long long unsigned int\000"
 1196      206C6F6E 
 1196      6720756E 
 1196      7369676E 
 1196      65642069 
 1197              	.LASF24:
 1198 012c 72785269 		.ascii	"rxRingBuf\000"
 1198      6E674275 
 1198      6600
 1199              	.LASF149:
 1200 0136 43595F42 		.ascii	"CY_BLE_EVT_L2CAP_CBFC_RX_CREDIT_IND\000"
 1200      4C455F45 
 1200      56545F4C 
 1200      32434150 
 1200      5F434246 
 1201              	.LASF76:
 1202 015a 43595F42 		.ascii	"CY_BLE_EVT_SET_CLK_CONFIG_COMPLETE\000"
 1202      4C455F45 
 1202      56545F53 
 1202      45545F43 
 1202      4C4B5F43 
 1203              	.LASF31:
 1204 017d 74784275 		.ascii	"txBuf\000"
 1204      6600
 1205              	.LASF55:
 1206 0183 43595F42 		.ascii	"CY_BLE_EVT_GET_LOCAL_RPA_COMPLETE\000"
 1206      4C455F45 
 1206      56545F47 
 1206      45545F4C 
 1206      4F43414C 
 1207              	.LASF170:
 1208 01a5 636C6965 		.ascii	"clientId\000"
 1208      6E744964 
 1208      00
 1209              	.LASF94:
 1210 01ae 43595F42 		.ascii	"CY_BLE_EVT_GAP_AUTH_FAILED\000"
 1210      4C455F45 
 1210      56545F47 
 1210      41505F41 
 1210      5554485F 
 1211              	.LASF85:
 1212 01c9 43595F42 		.ascii	"CY_BLE_EVT_AES_CMAC_GEN_COMPLETE\000"
 1212      4C455F45 
 1212      56545F41 
 1212      45535F43 
 1212      4D41435F 
 1213              	.LASF129:
 1214 01ea 43595F42 		.ascii	"CY_BLE_EVT_GATTC_WRITE_RSP\000"
 1214      4C455F45 
ARM GAS  C:\Users\Brian\AppData\Local\Temp\cc2e0MW5.s 			page 24


 1214      56545F47 
 1214      41545443 
 1214      5F575249 
 1215              	.LASF9:
 1216 0205 6C6F6E67 		.ascii	"long long int\000"
 1216      206C6F6E 
 1216      6720696E 
 1216      7400
 1217              	.LASF2:
 1218 0213 7369676E 		.ascii	"signed char\000"
 1218      65642063 
 1218      68617200 
 1219              	.LASF110:
 1220 021f 43595F42 		.ascii	"CY_BLE_EVT_GAP_RESOLVE_DEVICE_COMPLETE\000"
 1220      4C455F45 
 1220      56545F47 
 1220      41505F52 
 1220      45534F4C 
 1221              	.LASF36:
 1222 0246 63795F73 		.ascii	"cy_stc_scb_uart_context_t\000"
 1222      74635F73 
 1222      63625F75 
 1222      6172745F 
 1222      636F6E74 
 1223              	.LASF183:
 1224 0260 4950435F 		.ascii	"IPC_CM0.c\000"
 1224      434D302E 
 1224      6300
 1225              	.LASF74:
 1226 026a 43595F42 		.ascii	"CY_BLE_EVT_SET_TX_PWR_COMPLETE\000"
 1226      4C455F45 
 1226      56545F53 
 1226      45545F54 
 1226      585F5057 
 1227              	.LASF83:
 1228 0289 43595F42 		.ascii	"CY_BLE_EVT_RADIO_TEMPERATURE\000"
 1228      4C455F45 
 1228      56545F52 
 1228      4144494F 
 1228      5F54454D 
 1229              	.LASF39:
 1230 02a6 43595F42 		.ascii	"CY_BLE_EVT_TIMEOUT\000"
 1230      4C455F45 
 1230      56545F54 
 1230      494D454F 
 1230      555400
 1231              	.LASF124:
 1232 02b9 43595F42 		.ascii	"CY_BLE_EVT_GATTC_FIND_BY_TYPE_VALUE_RSP\000"
 1232      4C455F45 
 1232      56545F47 
 1232      41545443 
 1232      5F46494E 
 1233              	.LASF132:
 1234 02e1 43595F42 		.ascii	"CY_BLE_EVT_GATTS_EXEC_WRITE_REQ\000"
 1234      4C455F45 
 1234      56545F47 
 1234      41545453 
ARM GAS  C:\Users\Brian\AppData\Local\Temp\cc2e0MW5.s 			page 25


 1234      5F455845 
 1235              	.LASF159:
 1236 0301 43595F42 		.ascii	"CY_BLE_ADV_STATE_STOP_INITIATED\000"
 1236      4C455F41 
 1236      44565F53 
 1236      54415445 
 1236      5F53544F 
 1237              	.LASF141:
 1238 0321 43595F42 		.ascii	"CY_BLE_EVT_L2CAP_CONN_PARAM_UPDATE_REQ\000"
 1238      4C455F45 
 1238      56545F4C 
 1238      32434150 
 1238      5F434F4E 
 1239              	.LASF51:
 1240 0348 43595F42 		.ascii	"CY_BLE_EVT_SET_SUGGESTED_DATA_LENGTH_COMPLETE\000"
 1240      4C455F45 
 1240      56545F53 
 1240      45545F53 
 1240      55474745 
 1241              	.LASF112:
 1242 0376 43595F42 		.ascii	"CY_BLE_EVT_GAP_CREATE_CONN_CANCEL_COMPLETE\000"
 1242      4C455F45 
 1242      56545F47 
 1242      41505F43 
 1242      52454154 
 1243              	.LASF6:
 1244 03a1 6C6F6E67 		.ascii	"long int\000"
 1244      20696E74 
 1244      00
 1245              	.LASF125:
 1246 03aa 43595F42 		.ascii	"CY_BLE_EVT_GATTC_READ_RSP\000"
 1246      4C455F45 
 1246      56545F47 
 1246      41545443 
 1246      5F524541 
 1247              	.LASF121:
 1248 03c4 43595F42 		.ascii	"CY_BLE_EVT_GATTC_READ_BY_GROUP_TYPE_RSP\000"
 1248      4C455F45 
 1248      56545F47 
 1248      41545443 
 1248      5F524541 
 1249              	.LASF92:
 1250 03ec 43595F42 		.ascii	"CY_BLE_EVT_GAP_PASSKEY_DISPLAY_REQUEST\000"
 1250      4C455F45 
 1250      56545F47 
 1250      41505F50 
 1250      4153534B 
 1251              	.LASF68:
 1252 0413 43595F42 		.ascii	"CY_BLE_EVT_LL_CNTRL_PROC_PENDING_COMPLETE\000"
 1252      4C455F45 
 1252      56545F4C 
 1252      4C5F434E 
 1252      54524C5F 
 1253              	.LASF143:
 1254 043d 43595F42 		.ascii	"CY_BLE_EVT_L2CAP_COMMAND_REJ\000"
 1254      4C455F45 
 1254      56545F4C 
ARM GAS  C:\Users\Brian\AppData\Local\Temp\cc2e0MW5.s 			page 26


 1254      32434150 
 1254      5F434F4D 
 1255              	.LASF160:
 1256 045a 63795F65 		.ascii	"cy_en_ble_adv_state_t\000"
 1256      6E5F626C 
 1256      655F6164 
 1256      765F7374 
 1256      6174655F 
 1257              	.LASF103:
 1258 0470 43595F42 		.ascii	"CY_BLE_EVT_GAP_KEYPRESS_NOTIFICATION\000"
 1258      4C455F45 
 1258      56545F47 
 1258      41505F4B 
 1258      45595052 
 1259              	.LASF72:
 1260 0495 43595F42 		.ascii	"CY_BLE_EVT_GET_RSSI_COMPLETE\000"
 1260      4C455F45 
 1260      56545F47 
 1260      45545F52 
 1260      5353495F 
 1261              	.LASF65:
 1262 04b2 43595F42 		.ascii	"CY_BLE_EVT_SET_PHY_COMPLETE\000"
 1262      4C455F45 
 1262      56545F53 
 1262      45545F50 
 1262      48595F43 
 1263              	.LASF13:
 1264 04ce 75696E74 		.ascii	"uint16_t\000"
 1264      31365F74 
 1264      00
 1265              	.LASF19:
 1266 04d7 646F7562 		.ascii	"double\000"
 1266      6C6500
 1267              	.LASF161:
 1268 04de 43595F42 		.ascii	"CY_BLE_CONN_STATE_DISCONNECTED\000"
 1268      4C455F43 
 1268      4F4E4E5F 
 1268      53544154 
 1268      455F4449 
 1269              	.LASF53:
 1270 04fd 43595F42 		.ascii	"CY_BLE_EVT_DATA_LENGTH_CHANGE\000"
 1270      4C455F45 
 1270      56545F44 
 1270      4154415F 
 1270      4C454E47 
 1271              	.LASF165:
 1272 051b 43595F42 		.ascii	"CY_BLE_CONN_STATE_CLIENT_INCL_DISCOVERING\000"
 1272      4C455F43 
 1272      4F4E4E5F 
 1272      53544154 
 1272      455F434C 
 1273              	.LASF46:
 1274 0545 43595F42 		.ascii	"CY_BLE_EVT_READ_AUTH_PAYLOAD_TO_COMPLETE\000"
 1274      4C455F45 
 1274      56545F52 
 1274      4541445F 
 1274      41555448 
ARM GAS  C:\Users\Brian\AppData\Local\Temp\cc2e0MW5.s 			page 27


 1275              	.LASF67:
 1276 056e 43595F42 		.ascii	"CY_BLE_EVT_SET_PRIVACY_MODE_COMPLETE\000"
 1276      4C455F45 
 1276      56545F53 
 1276      45545F50 
 1276      52495641 
 1277              	.LASF100:
 1278 0593 43595F42 		.ascii	"CY_BLE_EVT_GAPC_SCAN_START_STOP\000"
 1278      4C455F45 
 1278      56545F47 
 1278      4150435F 
 1278      5343414E 
 1279              	.LASF117:
 1280 05b3 43595F42 		.ascii	"CY_BLE_EVT_GATT_CONNECT_IND\000"
 1280      4C455F45 
 1280      56545F47 
 1280      4154545F 
 1280      434F4E4E 
 1281              	.LASF30:
 1282 05cf 72784275 		.ascii	"rxBufIdx\000"
 1282      66496478 
 1282      00
 1283              	.LASF174:
 1284 05d8 6970635F 		.ascii	"ipc_msg_t\000"
 1284      6D73675F 
 1284      7400
 1285              	.LASF164:
 1286 05e2 43595F42 		.ascii	"CY_BLE_CONN_STATE_CLIENT_SRVC_DISCOVERING\000"
 1286      4C455F43 
 1286      4F4E4E5F 
 1286      53544154 
 1286      455F434C 
 1287              	.LASF32:
 1288 060c 74784275 		.ascii	"txBufSize\000"
 1288      6653697A 
 1288      6500
 1289              	.LASF122:
 1290 0616 43595F42 		.ascii	"CY_BLE_EVT_GATTC_READ_BY_TYPE_RSP\000"
 1290      4C455F45 
 1290      56545F47 
 1290      41545443 
 1290      5F524541 
 1291              	.LASF48:
 1292 0638 43595F42 		.ascii	"CY_BLE_EVT_LE_SET_EVENT_MASK_COMPLETE\000"
 1292      4C455F45 
 1292      56545F4C 
 1292      455F5345 
 1292      545F4556 
 1293              	.LASF11:
 1294 065e 756E7369 		.ascii	"unsigned int\000"
 1294      676E6564 
 1294      20696E74 
 1294      00
 1295              	.LASF62:
 1296 066b 43595F42 		.ascii	"CY_BLE_EVT_REMOVE_DEVICE_FROM_WHITE_LIST_COMPLETE\000"
 1296      4C455F45 
 1296      56545F52 
ARM GAS  C:\Users\Brian\AppData\Local\Temp\cc2e0MW5.s 			page 28


 1296      454D4F56 
 1296      455F4445 
 1297              	.LASF60:
 1298 069d 43595F42 		.ascii	"CY_BLE_EVT_REMOVE_DEVICE_FROM_RPA_LIST_COMPLETE\000"
 1298      4C455F45 
 1298      56545F52 
 1298      454D4F56 
 1298      455F4445 
 1299              	.LASF133:
 1300 06cd 43595F42 		.ascii	"CY_BLE_EVT_GATTC_EXEC_WRITE_RSP\000"
 1300      4C455F45 
 1300      56545F47 
 1300      41545443 
 1300      5F455845 
 1301              	.LASF116:
 1302 06ed 43595F42 		.ascii	"CY_BLE_EVT_GATTC_ERROR_RSP\000"
 1302      4C455F45 
 1302      56545F47 
 1302      41545443 
 1302      5F455252 
 1303              	.LASF115:
 1304 0708 43595F42 		.ascii	"CY_BLE_EVT_GAP_ADV_TX\000"
 1304      4C455F45 
 1304      56545F47 
 1304      41505F41 
 1304      44565F54 
 1305              	.LASF8:
 1306 071e 6C6F6E67 		.ascii	"long unsigned int\000"
 1306      20756E73 
 1306      69676E65 
 1306      6420696E 
 1306      7400
 1307              	.LASF181:
 1308 0730 6970634D 		.ascii	"ipcMsgForCM4\000"
 1308      7367466F 
 1308      72434D34 
 1308      00
 1309              	.LASF179:
 1310 073d 55415254 		.ascii	"UART_context\000"
 1310      5F636F6E 
 1310      74657874 
 1310      00
 1311              	.LASF87:
 1312 074a 43595F42 		.ascii	"CY_BLE_EVT_SET_CE_LENGTH_COMPLETE\000"
 1312      4C455F45 
 1312      56545F53 
 1312      45545F43 
 1312      455F4C45 
 1313              	.LASF126:
 1314 076c 43595F42 		.ascii	"CY_BLE_EVT_GATTC_READ_BLOB_RSP\000"
 1314      4C455F45 
 1314      56545F47 
 1314      41545443 
 1314      5F524541 
 1315              	.LASF97:
 1316 078b 43595F42 		.ascii	"CY_BLE_EVT_GAP_DEVICE_DISCONNECTED\000"
 1316      4C455F45 
ARM GAS  C:\Users\Brian\AppData\Local\Temp\cc2e0MW5.s 			page 29


 1316      56545F47 
 1316      41505F44 
 1316      45564943 
 1317              	.LASF66:
 1318 07ae 43595F42 		.ascii	"CY_BLE_EVT_PHY_UPDATE_COMPLETE\000"
 1318      4C455F45 
 1318      56545F50 
 1318      48595F55 
 1318      50444154 
 1319              	.LASF173:
 1320 07cd 64617461 		.ascii	"data\000"
 1320      00
 1321              	.LASF5:
 1322 07d2 73686F72 		.ascii	"short unsigned int\000"
 1322      7420756E 
 1322      7369676E 
 1322      65642069 
 1322      6E7400
 1323              	.LASF134:
 1324 07e5 43595F42 		.ascii	"CY_BLE_EVT_GATTC_HANDLE_VALUE_NTF\000"
 1324      4C455F45 
 1324      56545F47 
 1324      41545443 
 1324      5F48414E 
 1325              	.LASF177:
 1326 0807 63795F62 		.ascii	"cy_ble_connState\000"
 1326      6C655F63 
 1326      6F6E6E53 
 1326      74617465 
 1326      00
 1327              	.LASF41:
 1328 0818 43595F42 		.ascii	"CY_BLE_EVT_MEMORY_REQUEST\000"
 1328      4C455F45 
 1328      56545F4D 
 1328      454D4F52 
 1328      595F5245 
 1329              	.LASF45:
 1330 0832 43595F42 		.ascii	"CY_BLE_EVT_WRITE_AUTH_PAYLOAD_TO_COMPLETE\000"
 1330      4C455F45 
 1330      56545F57 
 1330      52495445 
 1330      5F415554 
 1331              	.LASF37:
 1332 085c 43595F42 		.ascii	"CY_BLE_EVT_INVALID\000"
 1332      4C455F45 
 1332      56545F49 
 1332      4E56414C 
 1332      494400
 1333              	.LASF73:
 1334 086f 43595F42 		.ascii	"CY_BLE_EVT_GET_TX_PWR_COMPLETE\000"
 1334      4C455F45 
 1334      56545F47 
 1334      45545F54 
 1334      585F5057 
 1335              	.LASF182:
 1336 088e 474E5520 		.ascii	"GNU C11 5.4.1 20160609 (release) [ARM/embedded-5-br"
 1336      43313120 
ARM GAS  C:\Users\Brian\AppData\Local\Temp\cc2e0MW5.s 			page 30


 1336      352E342E 
 1336      31203230 
 1336      31363036 
 1337 08c1 616E6368 		.ascii	"anch revision 237715] -mcpu=cortex-m0plus -mthumb -"
 1337      20726576 
 1337      6973696F 
 1337      6E203233 
 1337      37373135 
 1338 08f4 67202D4F 		.ascii	"g -Og -ffunction-sections -ffat-lto-objects\000"
 1338      67202D66 
 1338      66756E63 
 1338      74696F6E 
 1338      2D736563 
 1339              	.LASF42:
 1340 0920 43595F42 		.ascii	"CY_BLE_EVT_PENDING_FLASH_WRITE\000"
 1340      4C455F45 
 1340      56545F50 
 1340      454E4449 
 1340      4E475F46 
 1341              	.LASF0:
 1342 093f 73686F72 		.ascii	"short int\000"
 1342      7420696E 
 1342      7400
 1343              	.LASF88:
 1344 0949 43595F42 		.ascii	"CY_BLE_EVT_SET_CONN_PRIORITY_COMPLETE\000"
 1344      4C455F45 
 1344      56545F53 
 1344      45545F43 
 1344      4F4E4E5F 
 1345              	.LASF69:
 1346 096f 43595F42 		.ascii	"CY_BLE_EVT_SOFT_RESET_COMPLETE\000"
 1346      4C455F45 
 1346      56545F53 
 1346      4F46545F 
 1346      52455345 
 1347              	.LASF26:
 1348 098e 72785269 		.ascii	"rxRingBufHead\000"
 1348      6E674275 
 1348      66486561 
 1348      6400
 1349              	.LASF171:
 1350 099c 75736572 		.ascii	"userCode\000"
 1350      436F6465 
 1350      00
 1351              	.LASF128:
 1352 09a5 43595F42 		.ascii	"CY_BLE_EVT_GATTS_WRITE_REQ\000"
 1352      4C455F45 
 1352      56545F47 
 1352      41545453 
 1352      5F575249 
 1353              	.LASF154:
 1354 09c0 61747449 		.ascii	"attId\000"
 1354      6400
 1355              	.LASF140:
 1356 09c6 43595F42 		.ascii	"CY_BLE_EVT_GATTC_LONG_PROCEDURE_END\000"
 1356      4C455F45 
 1356      56545F47 
ARM GAS  C:\Users\Brian\AppData\Local\Temp\cc2e0MW5.s 			page 31


 1356      41545443 
 1356      5F4C4F4E 
 1357              	.LASF106:
 1358 09ea 43595F42 		.ascii	"CY_BLE_EVT_GAPC_DIRECT_ADV_REPORT\000"
 1358      4C455F45 
 1358      56545F47 
 1358      4150435F 
 1358      44495245 
 1359              	.LASF135:
 1360 0a0c 43595F42 		.ascii	"CY_BLE_EVT_GATTC_HANDLE_VALUE_IND\000"
 1360      4C455F45 
 1360      56545F47 
 1360      41545443 
 1360      5F48414E 
 1361              	.LASF15:
 1362 0a2e 73697A65 		.ascii	"sizetype\000"
 1362      74797065 
 1362      00
 1363              	.LASF101:
 1364 0a37 43595F42 		.ascii	"CY_BLE_EVT_GAP_KEYINFO_EXCHNGE_CMPLT\000"
 1364      4C455F45 
 1364      56545F47 
 1364      41505F4B 
 1364      4559494E 
 1365              	.LASF75:
 1366 0a5c 43595F42 		.ascii	"CY_BLE_EVT_GET_CLK_CONFIG_COMPLETE\000"
 1366      4C455F45 
 1366      56545F47 
 1366      45545F43 
 1366      4C4B5F43 
 1367              	.LASF57:
 1368 0a7f 43595F42 		.ascii	"CY_BLE_EVT_SET_RPA_ENABLE_COMPLETE\000"
 1368      4C455F45 
 1368      56545F53 
 1368      45545F52 
 1368      50415F45 
 1369              	.LASF157:
 1370 0aa2 43595F42 		.ascii	"CY_BLE_ADV_STATE_ADV_INITIATED\000"
 1370      4C455F41 
 1370      44565F53 
 1370      54415445 
 1370      5F414456 
 1371              	.LASF96:
 1372 0ac1 43595F42 		.ascii	"CY_BLE_EVT_GAP_DEVICE_CONNECTED\000"
 1372      4C455F45 
 1372      56545F47 
 1372      41505F44 
 1372      45564943 
 1373              	.LASF105:
 1374 0ae1 43595F42 		.ascii	"CY_BLE_EVT_GAP_ENHANCE_CONN_COMPLETE\000"
 1374      4C455F45 
 1374      56545F47 
 1374      41505F45 
 1374      4E48414E 
 1375              	.LASF84:
 1376 0b06 43595F42 		.ascii	"CY_BLE_EVT_RADIO_VOLTAGE_LEVEL\000"
 1376      4C455F45 
ARM GAS  C:\Users\Brian\AppData\Local\Temp\cc2e0MW5.s 			page 32


 1376      56545F52 
 1376      4144494F 
 1376      5F564F4C 
 1377              	.LASF34:
 1378 0b25 63624576 		.ascii	"cbEvents\000"
 1378      656E7473 
 1378      00
 1379              	.LASF139:
 1380 0b2e 43595F42 		.ascii	"CY_BLE_EVT_GATTS_READ_CHAR_VAL_ACCESS_REQ\000"
 1380      4C455F45 
 1380      56545F47 
 1380      41545453 
 1380      5F524541 
 1381              	.LASF136:
 1382 0b58 43595F42 		.ascii	"CY_BLE_EVT_GATTS_HANDLE_VALUE_CNF\000"
 1382      4C455F45 
 1382      56545F47 
 1382      41545453 
 1382      5F48414E 
 1383              	.LASF169:
 1384 0b7a 63795F65 		.ascii	"cy_en_ble_conn_state_t\000"
 1384      6E5F626C 
 1384      655F636F 
 1384      6E6E5F73 
 1384      74617465 
 1385              	.LASF58:
 1386 0b91 43595F42 		.ascii	"CY_BLE_EVT_SET_HOST_CHANNEL_COMPLETE\000"
 1386      4C455F45 
 1386      56545F53 
 1386      45545F48 
 1386      4F53545F 
 1387              	.LASF113:
 1388 0bb6 43595F42 		.ascii	"CY_BLE_EVT_GAP_CONN_ESTB\000"
 1388      4C455F45 
 1388      56545F47 
 1388      41505F43 
 1388      4F4E4E5F 
 1389              	.LASF59:
 1390 0bcf 43595F42 		.ascii	"CY_BLE_EVT_ADD_DEVICE_TO_RPA_LIST_COMPLETE\000"
 1390      4C455F45 
 1390      56545F41 
 1390      44445F44 
 1390      45564943 
 1391              	.LASF70:
 1392 0bfa 43595F42 		.ascii	"CY_BLE_EVT_SET_DEVICE_ADDR_COMPLETE\000"
 1392      4C455F45 
 1392      56545F53 
 1392      45545F44 
 1392      45564943 
 1393              	.LASF50:
 1394 0c1e 43595F42 		.ascii	"CY_BLE_EVT_SET_DATA_LENGTH_COMPLETE\000"
 1394      4C455F45 
 1394      56545F53 
 1394      45545F44 
 1394      4154415F 
 1395              	.LASF168:
 1396 0c42 43595F42 		.ascii	"CY_BLE_CONN_STATE_CLIENT_DISCOVERED\000"
ARM GAS  C:\Users\Brian\AppData\Local\Temp\cc2e0MW5.s 			page 33


 1396      4C455F43 
 1396      4F4E4E5F 
 1396      53544154 
 1396      455F434C 
 1397              	.LASF18:
 1398 0c66 666C6F61 		.ascii	"float\000"
 1398      7400
 1399              	.LASF54:
 1400 0c6c 43595F42 		.ascii	"CY_BLE_EVT_GET_PEER_RPA_COMPLETE\000"
 1400      4C455F45 
 1400      56545F47 
 1400      45545F50 
 1400      4545525F 
 1401              	.LASF86:
 1402 0c8d 43595F42 		.ascii	"CY_BLE_EVT_SET_EVENT_MASK_COMPLETE\000"
 1402      4C455F45 
 1402      56545F53 
 1402      45545F45 
 1402      56454E54 
 1403              	.LASF80:
 1404 0cb0 43595F42 		.ascii	"CY_BLE_EVT_AES_CCM_DECRYPT_COMPLETE\000"
 1404      4C455F45 
 1404      56545F41 
 1404      45535F43 
 1404      434D5F44 
 1405              	.LASF95:
 1406 0cd4 43595F42 		.ascii	"CY_BLE_EVT_GAPP_ADVERTISEMENT_START_STOP\000"
 1406      4C455F45 
 1406      56545F47 
 1406      4150505F 
 1406      41445645 
 1407              	.LASF33:
 1408 0cfd 74784C65 		.ascii	"txLeftToTransmit\000"
 1408      6674546F 
 1408      5472616E 
 1408      736D6974 
 1408      00
 1409              	.LASF166:
 1410 0d0e 43595F42 		.ascii	"CY_BLE_CONN_STATE_CLIENT_CHAR_DISCOVERING\000"
 1410      4C455F43 
 1410      4F4E4E5F 
 1410      53544154 
 1410      455F434C 
 1411              	.LASF20:
 1412 0d38 5F426F6F 		.ascii	"_Bool\000"
 1412      6C00
 1413              	.LASF1:
 1414 0d3e 756E7369 		.ascii	"unsigned char\000"
 1414      676E6564 
 1414      20636861 
 1414      7200
 1415              	.LASF107:
 1416 0d4c 43595F42 		.ascii	"CY_BLE_EVT_GAP_SMP_NEGOTIATED_AUTH_INFO\000"
 1416      4C455F45 
 1416      56545F47 
 1416      41505F53 
 1416      4D505F4E 
ARM GAS  C:\Users\Brian\AppData\Local\Temp\cc2e0MW5.s 			page 34


 1417              	.LASF118:
 1418 0d74 43595F42 		.ascii	"CY_BLE_EVT_GATT_DISCONNECT_IND\000"
 1418      4C455F45 
 1418      56545F47 
 1418      4154545F 
 1418      44495343 
 1419              	.LASF172:
 1420 0d93 696E7472 		.ascii	"intrMask\000"
 1420      4D61736B 
 1420      00
 1421              	.LASF102:
 1422 0d9c 43595F42 		.ascii	"CY_BLE_EVT_GAP_NUMERIC_COMPARISON_REQUEST\000"
 1422      4C455F45 
 1422      56545F47 
 1422      41505F4E 
 1422      554D4552 
 1423              	.LASF82:
 1424 0dc6 43595F42 		.ascii	"CY_BLE_EVT_STACK_SHUTDOWN_COMPLETE\000"
 1424      4C455F45 
 1424      56545F53 
 1424      5441434B 
 1424      5F534855 
 1425              	.LASF119:
 1426 0de9 43595F42 		.ascii	"CY_BLE_EVT_GATTS_XCNHG_MTU_REQ\000"
 1426      4C455F45 
 1426      56545F47 
 1426      41545453 
 1426      5F58434E 
 1427              	.LASF64:
 1428 0e08 43595F42 		.ascii	"CY_BLE_EVT_SET_DEFAULT_PHY_COMPLETE\000"
 1428      4C455F45 
 1428      56545F53 
 1428      45545F44 
 1428      45464155 
 1429              	.LASF120:
 1430 0e2c 43595F42 		.ascii	"CY_BLE_EVT_GATTC_XCHNG_MTU_RSP\000"
 1430      4C455F45 
 1430      56545F47 
 1430      41545443 
 1430      5F584348 
 1431              	.LASF109:
 1432 0e4b 43595F42 		.ascii	"CY_BLE_EVT_GAP_KEYS_GEN_COMPLETE\000"
 1432      4C455F45 
 1432      56545F47 
 1432      41505F4B 
 1432      4559535F 
 1433              	.LASF79:
 1434 0e6c 43595F42 		.ascii	"CY_BLE_EVT_AES_CCM_ENCRYPT_COMPLETE\000"
 1434      4C455F45 
 1434      56545F41 
 1434      45535F43 
 1434      434D5F45 
 1435              	.LASF167:
 1436 0e90 43595F42 		.ascii	"CY_BLE_CONN_STATE_CLIENT_DESCR_DISCOVERING\000"
 1436      4C455F43 
 1436      4F4E4E5F 
 1436      53544154 
ARM GAS  C:\Users\Brian\AppData\Local\Temp\cc2e0MW5.s 			page 35


 1436      455F434C 
 1437              	.LASF123:
 1438 0ebb 43595F42 		.ascii	"CY_BLE_EVT_GATTC_FIND_INFO_RSP\000"
 1438      4C455F45 
 1438      56545F47 
 1438      41545443 
 1438      5F46494E 
 1439              	.LASF14:
 1440 0eda 75696E74 		.ascii	"uint32_t\000"
 1440      33325F74 
 1440      00
 1441              	.LASF89:
 1442 0ee3 43595F42 		.ascii	"CY_BLE_EVT_GAPC_SCAN_PROGRESS_RESULT\000"
 1442      4C455F45 
 1442      56545F47 
 1442      4150435F 
 1442      5343414E 
 1443              	.LASF40:
 1444 0f08 43595F42 		.ascii	"CY_BLE_EVT_STACK_BUSY_STATUS\000"
 1444      4C455F45 
 1444      56545F53 
 1444      5441434B 
 1444      5F425553 
 1445              	.LASF63:
 1446 0f25 43595F42 		.ascii	"CY_BLE_EVT_GET_PHY_COMPLETE\000"
 1446      4C455F45 
 1446      56545F47 
 1446      45545F50 
 1446      48595F43 
 1447              	.LASF16:
 1448 0f41 6C6F6E67 		.ascii	"long double\000"
 1448      20646F75 
 1448      626C6500 
 1449              	.LASF17:
 1450 0f4d 63686172 		.ascii	"char\000"
 1450      00
 1451              	.LASF163:
 1452 0f52 43595F42 		.ascii	"CY_BLE_CONN_STATE_CONNECTED\000"
 1452      4C455F43 
 1452      4F4E4E5F 
 1452      53544154 
 1452      455F434F 
 1453              	.LASF4:
 1454 0f6e 5F5F7569 		.ascii	"__uint16_t\000"
 1454      6E743136 
 1454      5F7400
 1455              	.LASF81:
 1456 0f79 43595F42 		.ascii	"CY_BLE_EVT_SET_SLAVE_LATENCY_MODE_COMPLETE\000"
 1456      4C455F45 
 1456      56545F53 
 1456      45545F53 
 1456      4C415645 
 1457              	.LASF146:
 1458 0fa4 43595F42 		.ascii	"CY_BLE_EVT_L2CAP_CBFC_DISCONN_IND\000"
 1458      4C455F45 
 1458      56545F4C 
 1458      32434150 
ARM GAS  C:\Users\Brian\AppData\Local\Temp\cc2e0MW5.s 			page 36


 1458      5F434246 
 1459              	.LASF71:
 1460 0fc6 43595F42 		.ascii	"CY_BLE_EVT_GET_DEVICE_ADDR_COMPLETE\000"
 1460      4C455F45 
 1460      56545F47 
 1460      45545F44 
 1460      45564943 
 1461              	.LASF178:
 1462 0fea 63795F62 		.ascii	"cy_ble_pendingFlashWrite\000"
 1462      6C655F70 
 1462      656E6469 
 1462      6E67466C 
 1462      61736857 
 1463              	.LASF52:
 1464 1003 43595F42 		.ascii	"CY_BLE_EVT_GET_DATA_LENGTH_COMPLETE\000"
 1464      4C455F45 
 1464      56545F47 
 1464      45545F44 
 1464      4154415F 
 1465              	.LASF147:
 1466 1027 43595F42 		.ascii	"CY_BLE_EVT_L2CAP_CBFC_DISCONN_CNF\000"
 1466      4C455F45 
 1466      56545F4C 
 1466      32434150 
 1466      5F434246 
 1467              	.LASF7:
 1468 1049 5F5F7569 		.ascii	"__uint32_t\000"
 1468      6E743332 
 1468      5F7400
 1469              	.LASF175:
 1470 1054 63795F62 		.ascii	"cy_ble_advState\000"
 1470      6C655F61 
 1470      64765374 
 1470      61746500 
 1471              	.LASF152:
 1472 1064 43595F42 		.ascii	"CY_BLE_EVT_MAX\000"
 1472      4C455F45 
 1472      56545F4D 
 1472      415800
 1473              	.LASF99:
 1474 1073 43595F42 		.ascii	"CY_BLE_EVT_GAP_CONNECTION_UPDATE_COMPLETE\000"
 1474      4C455F45 
 1474      56545F47 
 1474      41505F43 
 1474      4F4E4E45 
 1475              	.LASF25:
 1476 109d 72785269 		.ascii	"rxRingBufSize\000"
 1476      6E674275 
 1476      6653697A 
 1476      6500
 1477              	.LASF104:
 1478 10ab 43595F42 		.ascii	"CY_BLE_EVT_GAP_OOB_GENERATED_NOTIFICATION\000"
 1478      4C455F45 
 1478      56545F47 
 1478      41505F4F 
 1478      4F425F47 
 1479              	.LASF144:
ARM GAS  C:\Users\Brian\AppData\Local\Temp\cc2e0MW5.s 			page 37


 1480 10d5 43595F42 		.ascii	"CY_BLE_EVT_L2CAP_CBFC_CONN_IND\000"
 1480      4C455F45 
 1480      56545F4C 
 1480      32434150 
 1480      5F434246 
 1481              	.LASF21:
 1482 10f4 63795F63 		.ascii	"cy_cb_scb_uart_handle_events_t\000"
 1482      625F7363 
 1482      625F7561 
 1482      72745F68 
 1482      616E646C 
 1483              	.LASF38:
 1484 1113 43595F42 		.ascii	"CY_BLE_EVT_STACK_ON\000"
 1484      4C455F45 
 1484      56545F53 
 1484      5441434B 
 1484      5F4F4E00 
 1485              	.LASF90:
 1486 1127 43595F42 		.ascii	"CY_BLE_EVT_GAP_AUTH_REQ\000"
 1486      4C455F45 
 1486      56545F47 
 1486      41505F41 
 1486      5554485F 
 1487              	.LASF44:
 1488 113f 43595F42 		.ascii	"CY_BLE_EVT_HARDWARE_ERROR\000"
 1488      4C455F45 
 1488      56545F48 
 1488      41524457 
 1488      4152455F 
 1489              	.LASF108:
 1490 1159 43595F42 		.ascii	"CY_BLE_EVT_GAP_DEVICE_ADDR_GEN_COMPLETE\000"
 1490      4C455F45 
 1490      56545F47 
 1490      41505F44 
 1490      45564943 
 1491              	.LASF78:
 1492 1181 43595F42 		.ascii	"CY_BLE_EVT_AES_ENCRYPT_COMPLETE\000"
 1492      4C455F45 
 1492      56545F41 
 1492      45535F45 
 1492      4E435259 
 1493              	.LASF56:
 1494 11a1 43595F42 		.ascii	"CY_BLE_EVT_SET_RPA_TO_COMPLETE\000"
 1494      4C455F45 
 1494      56545F53 
 1494      45545F52 
 1494      50415F54 
 1495              	.LASF35:
 1496 11c0 696E6974 		.ascii	"initKey\000"
 1496      4B657900 
 1497              	.LASF28:
 1498 11c8 72784275 		.ascii	"rxBuf\000"
 1498      6600
 1499              	.LASF184:
 1500 11ce 433A5C50 		.ascii	"C:\\PSoC 6 Projects\\sel_voltage_monitor\\SELVoltag"
 1500      536F4320 
 1500      36205072 
ARM GAS  C:\Users\Brian\AppData\Local\Temp\cc2e0MW5.s 			page 38


 1500      6F6A6563 
 1500      74735C73 
 1501 11fe 654D6F6E 		.ascii	"eMonitor\\SELVoltageMonitor.cydsn\000"
 1501      69746F72 
 1501      5C53454C 
 1501      566F6C74 
 1501      6167654D 
 1502              	.LASF151:
 1503 121f 43595F42 		.ascii	"CY_BLE_EVT_L2CAP_CBFC_DATA_WRITE_IND\000"
 1503      4C455F45 
 1503      56545F4C 
 1503      32434150 
 1503      5F434246 
 1504              	.LASF114:
 1505 1244 43595F42 		.ascii	"CY_BLE_EVT_GAPP_UPDATE_ADV_SCAN_DATA_COMPLETE\000"
 1505      4C455F45 
 1505      56545F47 
 1505      4150505F 
 1505      55504441 
 1506              	.LASF176:
 1507 1272 63795F62 		.ascii	"cy_ble_connHandle\000"
 1507      6C655F63 
 1507      6F6E6E48 
 1507      616E646C 
 1507      6500
 1508              	.LASF127:
 1509 1284 43595F42 		.ascii	"CY_BLE_EVT_GATTC_READ_MULTI_RSP\000"
 1509      4C455F45 
 1509      56545F47 
 1509      41545443 
 1509      5F524541 
 1510              	.LASF98:
 1511 12a4 43595F42 		.ascii	"CY_BLE_EVT_GAP_ENCRYPT_CHANGE\000"
 1511      4C455F45 
 1511      56545F47 
 1511      41505F45 
 1511      4E435259 
 1512              	.LASF158:
 1513 12c2 43595F42 		.ascii	"CY_BLE_ADV_STATE_ADVERTISING\000"
 1513      4C455F41 
 1513      44565F53 
 1513      54415445 
 1513      5F414456 
 1514              	.LASF156:
 1515 12df 43595F42 		.ascii	"CY_BLE_ADV_STATE_STOPPED\000"
 1515      4C455F41 
 1515      44565F53 
 1515      54415445 
 1515      5F53544F 
 1516              	.LASF12:
 1517 12f8 75696E74 		.ascii	"uint8_t\000"
 1517      385F7400 
 1518              	.LASF150:
 1519 1300 43595F42 		.ascii	"CY_BLE_EVT_L2CAP_CBFC_TX_CREDIT_IND\000"
 1519      4C455F45 
 1519      56545F4C 
 1519      32434150 
ARM GAS  C:\Users\Brian\AppData\Local\Temp\cc2e0MW5.s 			page 39


 1519      5F434246 
 1520              	.LASF23:
 1521 1324 72785374 		.ascii	"rxStatus\000"
 1521      61747573 
 1521      00
 1522              	.LASF130:
 1523 132d 43595F42 		.ascii	"CY_BLE_EVT_GATTS_WRITE_CMD_REQ\000"
 1523      4C455F45 
 1523      56545F47 
 1523      41545453 
 1523      5F575249 
 1524              	.LASF145:
 1525 134c 43595F42 		.ascii	"CY_BLE_EVT_L2CAP_CBFC_CONN_CNF\000"
 1525      4C455F45 
 1525      56545F4C 
 1525      32434150 
 1525      5F434246 
 1526              	.LASF27:
 1527 136b 72785269 		.ascii	"rxRingBufTail\000"
 1527      6E674275 
 1527      66546169 
 1527      6C00
 1528              	.LASF138:
 1529 1379 43595F42 		.ascii	"CY_BLE_EVT_GATTC_STOP_CMD_COMPLETE\000"
 1529      4C455F45 
 1529      56545F47 
 1529      41545443 
 1529      5F53544F 
 1530              	.LASF148:
 1531 139c 43595F42 		.ascii	"CY_BLE_EVT_L2CAP_CBFC_DATA_READ\000"
 1531      4C455F45 
 1531      56545F4C 
 1531      32434150 
 1531      5F434246 
 1532              	.LASF137:
 1533 13bc 43595F42 		.ascii	"CY_BLE_EVT_GATTS_DATA_SIGNED_CMD_REQ\000"
 1533      4C455F45 
 1533      56545F47 
 1533      41545453 
 1533      5F444154 
 1534              	.LASF186:
 1535 13e1 434D305F 		.ascii	"CM0_ReleaseCallback\000"
 1535      52656C65 
 1535      61736543 
 1535      616C6C62 
 1535      61636B00 
 1536              	.LASF153:
 1537 13f5 62644861 		.ascii	"bdHandle\000"
 1537      6E646C65 
 1537      00
 1538              	.LASF22:
 1539 13fe 74785374 		.ascii	"txStatus\000"
 1539      61747573 
 1539      00
 1540              	.LASF43:
 1541 1407 43595F42 		.ascii	"CY_BLE_EVT_FLASH_CORRUPT\000"
 1541      4C455F45 
ARM GAS  C:\Users\Brian\AppData\Local\Temp\cc2e0MW5.s 			page 40


 1541      56545F46 
 1541      4C415348 
 1541      5F434F52 
 1542              	.LASF185:
 1543 1420 63795F73 		.ascii	"cy_stc_scb_uart_context\000"
 1543      74635F73 
 1543      63625F75 
 1543      6172745F 
 1543      636F6E74 
 1544              	.LASF162:
 1545 1438 43595F42 		.ascii	"CY_BLE_CONN_STATE_CLIENT_DISCONNECTED_DISCOVERED\000"
 1545      4C455F43 
 1545      4F4E4E5F 
 1545      53544154 
 1545      455F434C 
 1546              	.LASF91:
 1547 1469 43595F42 		.ascii	"CY_BLE_EVT_GAP_PASSKEY_ENTRY_REQUEST\000"
 1547      4C455F45 
 1547      56545F47 
 1547      41505F50 
 1547      4153534B 
 1548              	.LASF61:
 1549 148e 43595F42 		.ascii	"CY_BLE_EVT_ADD_DEVICE_TO_WHITE_LIST_COMPLETE\000"
 1549      4C455F45 
 1549      56545F41 
 1549      44445F44 
 1549      45564943 
 1550              	.LASF49:
 1551 14bb 43595F42 		.ascii	"CY_BLE_EVT_LE_PING_AUTH_TIMEOUT\000"
 1551      4C455F45 
 1551      56545F4C 
 1551      455F5049 
 1551      4E475F41 
 1552              		.ident	"GCC: (GNU Tools for ARM Embedded Processors) 5.4.1 20160609 (release) [ARM/embedded-5-bran
