ARM GAS  C:\Users\Brian\AppData\Local\Temp\ccNqKVZa.s 			page 1


   1              		.syntax unified
   2              		.cpu cortex-m0plus
   3              		.fpu softvfp
   4              		.eabi_attribute 20, 1
   5              		.eabi_attribute 21, 1
   6              		.eabi_attribute 23, 3
   7              		.eabi_attribute 24, 1
   8              		.eabi_attribute 25, 1
   9              		.eabi_attribute 26, 1
  10              		.eabi_attribute 30, 1
  11              		.eabi_attribute 34, 0
  12              		.eabi_attribute 18, 4
  13              		.thumb
  14              		.syntax unified
  15              		.file	"ipc_cm0p.c"
  16              		.text
  17              	.Ltext0:
  18              		.cfi_sections	.debug_frame
  19              		.section	.text.CM0_ReleaseCallback,"ax",%progbits
  20              		.align	2
  21              		.global	CM0_ReleaseCallback
  22              		.code	16
  23              		.thumb_func
  24              		.type	CM0_ReleaseCallback, %function
  25              	CM0_ReleaseCallback:
  26              	.LFB436:
  27              		.file 1 "ipc_cm0p.c"
   1:ipc_cm0p.c    **** /* ========================================
   2:ipc_cm0p.c    ****  *
   3:ipc_cm0p.c    ****  * SEL VOLTAGE MONITOR
   4:ipc_cm0p.c    ****  * TEAM REMBRANDT
   5:ipc_cm0p.c    ****  * 
   6:ipc_cm0p.c    ****  * ipc_cm0p.c
   7:ipc_cm0p.c    ****  * 
   8:ipc_cm0p.c    ****  * This file initilizes the varaibles and defines the functions
   9:ipc_cm0p.c    ****  * needed for the CM0+ processor to communicate with the CMO4.
  10:ipc_cm0p.c    ****  *
  11:ipc_cm0p.c    ****  * ========================================
  12:ipc_cm0p.c    **** */
  13:ipc_cm0p.c    **** #include "ipc_cm0p.h"
  14:ipc_cm0p.c    **** 
  15:ipc_cm0p.c    **** volatile bool rdyToRecvMsg = true;
  16:ipc_cm0p.c    **** 
  17:ipc_cm0p.c    **** ipc_msg_t ipcMsgForCM4 = {              /* IPC structure to be sent to CM4  */
  18:ipc_cm0p.c    ****     .clientId = IPC_CM0_TO_CM4_CLIENT_ID,
  19:ipc_cm0p.c    ****     .userCode = 0,
  20:ipc_cm0p.c    ****     .intrMask = CY_IPC_CYPIPE_INTR_MASK,
  21:ipc_cm0p.c    ****     .data   = 0
  22:ipc_cm0p.c    **** };
  23:ipc_cm0p.c    **** 
  24:ipc_cm0p.c    **** void CM0_ReleaseCallback(void)
  25:ipc_cm0p.c    **** {
  28              		.loc 1 25 0
  29              		.cfi_startproc
  30              		@ args = 0, pretend = 0, frame = 0
  31              		@ frame_needed = 0, uses_anonymous_args = 0
  32              		@ link register save eliminated.
ARM GAS  C:\Users\Brian\AppData\Local\Temp\ccNqKVZa.s 			page 2


  26:ipc_cm0p.c    ****     /* Message processed by CM4. Ready to receive a new message */
  27:ipc_cm0p.c    ****     rdyToRecvMsg = true;
  33              		.loc 1 27 0
  34 0000 0122     		movs	r2, #1
  35 0002 014B     		ldr	r3, .L2
  36 0004 1A70     		strb	r2, [r3]
  28:ipc_cm0p.c    **** }
  37              		.loc 1 28 0
  38              		@ sp needed
  39 0006 7047     		bx	lr
  40              	.L3:
  41              		.align	2
  42              	.L2:
  43 0008 00000000 		.word	.LANCHOR0
  44              		.cfi_endproc
  45              	.LFE436:
  46              		.size	CM0_ReleaseCallback, .-CM0_ReleaseCallback
  47              		.global	ipcMsgForCM4
  48              		.global	rdyToRecvMsg
  49              		.data
  50              		.align	2
  51              		.set	.LANCHOR0,. + 0
  52              		.type	rdyToRecvMsg, %object
  53              		.size	rdyToRecvMsg, 1
  54              	rdyToRecvMsg:
  55 0000 01       		.byte	1
  56 0001 000000   		.space	3
  57              		.type	ipcMsgForCM4, %object
  58              		.size	ipcMsgForCM4, 8
  59              	ipcMsgForCM4:
  60 0004 00       		.byte	0
  61 0005 00       		.byte	0
  62 0006 6000     		.short	96
  63 0008 00000000 		.word	0
  64              		.text
  65              	.Letext0:
  66              		.file 2 "c:\\program files (x86)\\cypress\\psoc creator\\4.2\\psoc creator\\import\\gnu\\arm\\5.4.
  67              		.file 3 "c:\\program files (x86)\\cypress\\psoc creator\\4.2\\psoc creator\\import\\gnu\\arm\\5.4.
  68              		.file 4 "Generated_Source\\PSoC6\\pdl\\drivers/peripheral/scb/cy_scb_uart.h"
  69              		.file 5 "Generated_Source\\PSoC6\\pdl\\drivers/peripheral/sar/cy_sar.h"
  70              		.file 6 "Generated_Source\\PSoC6\\pdl\\middleware/ble/cy_ble_stack.h"
  71              		.file 7 "Generated_Source\\PSoC6\\pdl\\middleware/ble/cy_ble_stack_host_main.h"
  72              		.file 8 "Generated_Source\\PSoC6\\pdl\\middleware/ble/cy_ble_gap.h"
  73              		.file 9 "Generated_Source\\PSoC6/ADC_1.h"
  74              		.file 10 "ipc_shared.h"
  75              		.file 11 "Generated_Source\\PSoC6/UART.h"
  76              		.section	.debug_info,"",%progbits
  77              	.Ldebug_info0:
  78 0000 28080000 		.4byte	0x828
  79 0004 0400     		.2byte	0x4
  80 0006 00000000 		.4byte	.Ldebug_abbrev0
  81 000a 04       		.byte	0x4
  82 000b 01       		.uleb128 0x1
  83 000c ED010000 		.4byte	.LASF210
  84 0010 0C       		.byte	0xc
  85 0011 42150000 		.4byte	.LASF211
  86 0015 39130000 		.4byte	.LASF212
ARM GAS  C:\Users\Brian\AppData\Local\Temp\ccNqKVZa.s 			page 3


  87 0019 00000000 		.4byte	.Ldebug_ranges0+0
  88 001d 00000000 		.4byte	0
  89 0021 00000000 		.4byte	.Ldebug_line0
  90 0025 02       		.uleb128 0x2
  91 0026 02       		.byte	0x2
  92 0027 05       		.byte	0x5
  93 0028 220A0000 		.4byte	.LASF0
  94 002c 02       		.uleb128 0x2
  95 002d 01       		.byte	0x1
  96 002e 08       		.byte	0x8
  97 002f A10E0000 		.4byte	.LASF1
  98 0033 02       		.uleb128 0x2
  99 0034 01       		.byte	0x1
 100 0035 06       		.byte	0x6
 101 0036 DD020000 		.4byte	.LASF2
 102 003a 03       		.uleb128 0x3
 103 003b DA000000 		.4byte	.LASF3
 104 003f 02       		.byte	0x2
 105 0040 1D       		.byte	0x1d
 106 0041 2C000000 		.4byte	0x2c
 107 0045 03       		.uleb128 0x3
 108 0046 FD100000 		.4byte	.LASF4
 109 004a 02       		.byte	0x2
 110 004b 2B       		.byte	0x2b
 111 004c 50000000 		.4byte	0x50
 112 0050 02       		.uleb128 0x2
 113 0051 02       		.byte	0x2
 114 0052 07       		.byte	0x7
 115 0053 14090000 		.4byte	.LASF5
 116 0057 02       		.uleb128 0x2
 117 0058 04       		.byte	0x4
 118 0059 05       		.byte	0x5
 119 005a 5D040000 		.4byte	.LASF6
 120 005e 03       		.uleb128 0x3
 121 005f C3110000 		.4byte	.LASF7
 122 0063 02       		.byte	0x2
 123 0064 41       		.byte	0x41
 124 0065 69000000 		.4byte	0x69
 125 0069 02       		.uleb128 0x2
 126 006a 04       		.byte	0x4
 127 006b 07       		.byte	0x7
 128 006c 36080000 		.4byte	.LASF8
 129 0070 02       		.uleb128 0x2
 130 0071 08       		.byte	0x8
 131 0072 05       		.byte	0x5
 132 0073 CF020000 		.4byte	.LASF9
 133 0077 02       		.uleb128 0x2
 134 0078 08       		.byte	0x8
 135 0079 07       		.byte	0x7
 136 007a 21010000 		.4byte	.LASF10
 137 007e 04       		.uleb128 0x4
 138 007f 04       		.byte	0x4
 139 0080 05       		.byte	0x5
 140 0081 696E7400 		.ascii	"int\000"
 141 0085 02       		.uleb128 0x2
 142 0086 04       		.byte	0x4
 143 0087 07       		.byte	0x7
ARM GAS  C:\Users\Brian\AppData\Local\Temp\ccNqKVZa.s 			page 4


 144 0088 76070000 		.4byte	.LASF11
 145 008c 03       		.uleb128 0x3
 146 008d BB110000 		.4byte	.LASF12
 147 0091 03       		.byte	0x3
 148 0092 18       		.byte	0x18
 149 0093 3A000000 		.4byte	0x3a
 150 0097 03       		.uleb128 0x3
 151 0098 CD050000 		.4byte	.LASF13
 152 009c 03       		.byte	0x3
 153 009d 24       		.byte	0x24
 154 009e 45000000 		.4byte	0x45
 155 00a2 03       		.uleb128 0x3
 156 00a3 5A100000 		.4byte	.LASF14
 157 00a7 03       		.byte	0x3
 158 00a8 30       		.byte	0x30
 159 00a9 5E000000 		.4byte	0x5e
 160 00ad 02       		.uleb128 0x2
 161 00ae 04       		.byte	0x4
 162 00af 07       		.byte	0x7
 163 00b0 290B0000 		.4byte	.LASF15
 164 00b4 05       		.uleb128 0x5
 165 00b5 A2000000 		.4byte	0xa2
 166 00b9 02       		.uleb128 0x2
 167 00ba 08       		.byte	0x8
 168 00bb 04       		.byte	0x4
 169 00bc D0100000 		.4byte	.LASF16
 170 00c0 02       		.uleb128 0x2
 171 00c1 01       		.byte	0x1
 172 00c2 08       		.byte	0x8
 173 00c3 DC100000 		.4byte	.LASF17
 174 00c7 02       		.uleb128 0x2
 175 00c8 04       		.byte	0x4
 176 00c9 04       		.byte	0x4
 177 00ca D30D0000 		.4byte	.LASF18
 178 00ce 02       		.uleb128 0x2
 179 00cf 08       		.byte	0x8
 180 00d0 04       		.byte	0x4
 181 00d1 D6050000 		.4byte	.LASF19
 182 00d5 06       		.uleb128 0x6
 183 00d6 04       		.byte	0x4
 184 00d7 02       		.uleb128 0x2
 185 00d8 01       		.byte	0x1
 186 00d9 02       		.byte	0x2
 187 00da 9B0E0000 		.4byte	.LASF20
 188 00de 07       		.uleb128 0x7
 189 00df 04       		.byte	0x4
 190 00e0 E4000000 		.4byte	0xe4
 191 00e4 08       		.uleb128 0x8
 192 00e5 EF000000 		.4byte	0xef
 193 00e9 09       		.uleb128 0x9
 194 00ea A2000000 		.4byte	0xa2
 195 00ee 00       		.byte	0
 196 00ef 05       		.uleb128 0x5
 197 00f0 D7000000 		.4byte	0xd7
 198 00f4 0A       		.uleb128 0xa
 199 00f5 5F120000 		.4byte	.LASF21
 200 00f9 04       		.byte	0x4
ARM GAS  C:\Users\Brian\AppData\Local\Temp\ccNqKVZa.s 			page 5


 201 00fa AB01     		.2byte	0x1ab
 202 00fc DE000000 		.4byte	0xde
 203 0100 0B       		.uleb128 0xb
 204 0101 CD150000 		.4byte	.LASF213
 205 0105 38       		.byte	0x38
 206 0106 04       		.byte	0x4
 207 0107 4702     		.2byte	0x247
 208 0109 C4010000 		.4byte	0x1c4
 209 010d 0C       		.uleb128 0xc
 210 010e 9B150000 		.4byte	.LASF22
 211 0112 04       		.byte	0x4
 212 0113 4A02     		.2byte	0x24a
 213 0115 B4000000 		.4byte	0xb4
 214 0119 00       		.byte	0
 215 011a 0C       		.uleb128 0xc
 216 011b B0140000 		.4byte	.LASF23
 217 011f 04       		.byte	0x4
 218 0120 4B02     		.2byte	0x24b
 219 0122 B4000000 		.4byte	0xb4
 220 0126 04       		.byte	0x4
 221 0127 0C       		.uleb128 0xc
 222 0128 38010000 		.4byte	.LASF24
 223 012c 04       		.byte	0x4
 224 012d 4D02     		.2byte	0x24d
 225 012f D5000000 		.4byte	0xd5
 226 0133 08       		.byte	0x8
 227 0134 0C       		.uleb128 0xc
 228 0135 1C120000 		.4byte	.LASF25
 229 0139 04       		.byte	0x4
 230 013a 4E02     		.2byte	0x24e
 231 013c A2000000 		.4byte	0xa2
 232 0140 0C       		.byte	0xc
 233 0141 0C       		.uleb128 0xc
 234 0142 710A0000 		.4byte	.LASF26
 235 0146 04       		.byte	0x4
 236 0147 4F02     		.2byte	0x24f
 237 0149 B4000000 		.4byte	0xb4
 238 014d 10       		.byte	0x10
 239 014e 0C       		.uleb128 0xc
 240 014f 11150000 		.4byte	.LASF27
 241 0153 04       		.byte	0x4
 242 0154 5002     		.2byte	0x250
 243 0156 B4000000 		.4byte	0xb4
 244 015a 14       		.byte	0x14
 245 015b 0C       		.uleb128 0xc
 246 015c 33130000 		.4byte	.LASF28
 247 0160 04       		.byte	0x4
 248 0161 5202     		.2byte	0x252
 249 0163 D5000000 		.4byte	0xd5
 250 0167 18       		.byte	0x18
 251 0168 0C       		.uleb128 0xc
 252 0169 6D000000 		.4byte	.LASF29
 253 016d 04       		.byte	0x4
 254 016e 5302     		.2byte	0x253
 255 0170 A2000000 		.4byte	0xa2
 256 0174 1C       		.byte	0x1c
 257 0175 0C       		.uleb128 0xc
ARM GAS  C:\Users\Brian\AppData\Local\Temp\ccNqKVZa.s 			page 6


 258 0176 E7060000 		.4byte	.LASF30
 259 017a 04       		.byte	0x4
 260 017b 5402     		.2byte	0x254
 261 017d B4000000 		.4byte	0xb4
 262 0181 20       		.byte	0x20
 263 0182 0C       		.uleb128 0xc
 264 0183 89010000 		.4byte	.LASF31
 265 0187 04       		.byte	0x4
 266 0188 5602     		.2byte	0x256
 267 018a D5000000 		.4byte	0xd5
 268 018e 24       		.byte	0x24
 269 018f 0C       		.uleb128 0xc
 270 0190 24070000 		.4byte	.LASF32
 271 0194 04       		.byte	0x4
 272 0195 5702     		.2byte	0x257
 273 0197 A2000000 		.4byte	0xa2
 274 019b 28       		.byte	0x28
 275 019c 0C       		.uleb128 0xc
 276 019d 6A0E0000 		.4byte	.LASF33
 277 01a1 04       		.byte	0x4
 278 01a2 5802     		.2byte	0x258
 279 01a4 B4000000 		.4byte	0xb4
 280 01a8 2C       		.byte	0x2c
 281 01a9 0C       		.uleb128 0xc
 282 01aa 770C0000 		.4byte	.LASF34
 283 01ae 04       		.byte	0x4
 284 01af 5D02     		.2byte	0x25d
 285 01b1 F4000000 		.4byte	0xf4
 286 01b5 30       		.byte	0x30
 287 01b6 0C       		.uleb128 0xc
 288 01b7 2B130000 		.4byte	.LASF35
 289 01bb 04       		.byte	0x4
 290 01bc 6002     		.2byte	0x260
 291 01be A2000000 		.4byte	0xa2
 292 01c2 34       		.byte	0x34
 293 01c3 00       		.byte	0
 294 01c4 0A       		.uleb128 0xa
 295 01c5 10030000 		.4byte	.LASF36
 296 01c9 04       		.byte	0x4
 297 01ca 6302     		.2byte	0x263
 298 01cc 00010000 		.4byte	0x100
 299 01d0 0D       		.uleb128 0xd
 300 01d1 01       		.byte	0x1
 301 01d2 2C000000 		.4byte	0x2c
 302 01d6 05       		.byte	0x5
 303 01d7 0504     		.2byte	0x405
 304 01d9 F6010000 		.4byte	0x1f6
 305 01dd 0E       		.uleb128 0xe
 306 01de CD0A0000 		.4byte	.LASF37
 307 01e2 00       		.byte	0
 308 01e3 0E       		.uleb128 0xe
 309 01e4 820E0000 		.4byte	.LASF38
 310 01e8 01       		.byte	0x1
 311 01e9 0E       		.uleb128 0xe
 312 01ea B5050000 		.4byte	.LASF39
 313 01ee 02       		.byte	0x2
 314 01ef 0E       		.uleb128 0xe
ARM GAS  C:\Users\Brian\AppData\Local\Temp\ccNqKVZa.s 			page 7


 315 01f0 F7140000 		.4byte	.LASF40
 316 01f4 03       		.byte	0x3
 317 01f5 00       		.byte	0
 318 01f6 0A       		.uleb128 0xa
 319 01f7 2A030000 		.4byte	.LASF41
 320 01fb 05       		.byte	0x5
 321 01fc 0A04     		.2byte	0x40a
 322 01fe D0010000 		.4byte	0x1d0
 323 0202 0F       		.uleb128 0xf
 324 0203 78       		.byte	0x78
 325 0204 05       		.byte	0x5
 326 0205 F404     		.2byte	0x4f4
 327 0207 CF020000 		.4byte	0x2cf
 328 020b 0C       		.uleb128 0xc
 329 020c 17120000 		.4byte	.LASF42
 330 0210 05       		.byte	0x5
 331 0211 F604     		.2byte	0x4f6
 332 0213 A2000000 		.4byte	0xa2
 333 0217 00       		.byte	0
 334 0218 0C       		.uleb128 0xc
 335 0219 54140000 		.4byte	.LASF43
 336 021d 05       		.byte	0x5
 337 021e F704     		.2byte	0x4f7
 338 0220 A2000000 		.4byte	0xa2
 339 0224 04       		.byte	0x4
 340 0225 0C       		.uleb128 0xc
 341 0226 1A060000 		.4byte	.LASF44
 342 022a 05       		.byte	0x5
 343 022b F804     		.2byte	0x4f8
 344 022d A2000000 		.4byte	0xa2
 345 0231 08       		.byte	0x8
 346 0232 0C       		.uleb128 0xc
 347 0233 BC0B0000 		.4byte	.LASF45
 348 0237 05       		.byte	0x5
 349 0238 F904     		.2byte	0x4f9
 350 023a A2000000 		.4byte	0xa2
 351 023e 0C       		.byte	0xc
 352 023f 0C       		.uleb128 0xc
 353 0240 5A090000 		.4byte	.LASF46
 354 0244 05       		.byte	0x5
 355 0245 FA04     		.2byte	0x4fa
 356 0247 A2000000 		.4byte	0xa2
 357 024b 10       		.byte	0x10
 358 024c 0C       		.uleb128 0xc
 359 024d DD130000 		.4byte	.LASF47
 360 0251 05       		.byte	0x5
 361 0252 FB04     		.2byte	0x4fb
 362 0254 F6010000 		.4byte	0x1f6
 363 0258 14       		.byte	0x14
 364 0259 0C       		.uleb128 0xc
 365 025a 7B0E0000 		.4byte	.LASF48
 366 025e 05       		.byte	0x5
 367 025f FC04     		.2byte	0x4fc
 368 0261 A2000000 		.4byte	0xa2
 369 0265 18       		.byte	0x18
 370 0266 0C       		.uleb128 0xc
 371 0267 F8090000 		.4byte	.LASF49
ARM GAS  C:\Users\Brian\AppData\Local\Temp\ccNqKVZa.s 			page 8


 372 026b 05       		.byte	0x5
 373 026c FD04     		.2byte	0x4fd
 374 026e CF020000 		.4byte	0x2cf
 375 0272 1C       		.byte	0x1c
 376 0273 0C       		.uleb128 0xc
 377 0274 130F0000 		.4byte	.LASF50
 378 0278 05       		.byte	0x5
 379 0279 FE04     		.2byte	0x4fe
 380 027b A2000000 		.4byte	0xa2
 381 027f 5C       		.byte	0x5c
 382 0280 0C       		.uleb128 0xc
 383 0281 C1000000 		.4byte	.LASF51
 384 0285 05       		.byte	0x5
 385 0286 FF04     		.2byte	0x4ff
 386 0288 A2000000 		.4byte	0xa2
 387 028c 60       		.byte	0x60
 388 028d 0C       		.uleb128 0xc
 389 028e 08110000 		.4byte	.LASF52
 390 0292 05       		.byte	0x5
 391 0293 0005     		.2byte	0x500
 392 0295 A2000000 		.4byte	0xa2
 393 0299 64       		.byte	0x64
 394 029a 0C       		.uleb128 0xc
 395 029b 090F0000 		.4byte	.LASF53
 396 029f 05       		.byte	0x5
 397 02a0 0105     		.2byte	0x501
 398 02a2 A2000000 		.4byte	0xa2
 399 02a6 68       		.byte	0x68
 400 02a7 0C       		.uleb128 0xc
 401 02a8 A4150000 		.4byte	.LASF54
 402 02ac 05       		.byte	0x5
 403 02ad 0205     		.2byte	0x502
 404 02af A2000000 		.4byte	0xa2
 405 02b3 6C       		.byte	0x6c
 406 02b4 0C       		.uleb128 0xc
 407 02b5 250C0000 		.4byte	.LASF55
 408 02b9 05       		.byte	0x5
 409 02ba 0305     		.2byte	0x503
 410 02bc D7000000 		.4byte	0xd7
 411 02c0 70       		.byte	0x70
 412 02c1 0C       		.uleb128 0xc
 413 02c2 A8100000 		.4byte	.LASF56
 414 02c6 05       		.byte	0x5
 415 02c7 0405     		.2byte	0x504
 416 02c9 A2000000 		.4byte	0xa2
 417 02cd 74       		.byte	0x74
 418 02ce 00       		.byte	0
 419 02cf 10       		.uleb128 0x10
 420 02d0 A2000000 		.4byte	0xa2
 421 02d4 DF020000 		.4byte	0x2df
 422 02d8 11       		.uleb128 0x11
 423 02d9 AD000000 		.4byte	0xad
 424 02dd 0F       		.byte	0xf
 425 02de 00       		.byte	0
 426 02df 0A       		.uleb128 0xa
 427 02e0 BB020000 		.4byte	.LASF57
 428 02e4 05       		.byte	0x5
ARM GAS  C:\Users\Brian\AppData\Local\Temp\ccNqKVZa.s 			page 9


 429 02e5 0505     		.2byte	0x505
 430 02e7 02020000 		.4byte	0x202
 431 02eb 0D       		.uleb128 0xd
 432 02ec 02       		.byte	0x2
 433 02ed 50000000 		.4byte	0x50
 434 02f1 06       		.byte	0x6
 435 02f2 4201     		.2byte	0x142
 436 02f4 24060000 		.4byte	0x624
 437 02f8 0E       		.uleb128 0xe
 438 02f9 C6090000 		.4byte	.LASF58
 439 02fd 00       		.byte	0
 440 02fe 12       		.uleb128 0x12
 441 02ff 7E120000 		.4byte	.LASF59
 442 0303 0010     		.2byte	0x1000
 443 0305 12       		.uleb128 0x12
 444 0306 D70E0000 		.4byte	.LASF60
 445 030a 0110     		.2byte	0x1001
 446 030c 12       		.uleb128 0x12
 447 030d 080C0000 		.4byte	.LASF61
 448 0311 0210     		.2byte	0x1002
 449 0313 12       		.uleb128 0x12
 450 0314 76090000 		.4byte	.LASF62
 451 0318 0310     		.2byte	0x1003
 452 031a 12       		.uleb128 0x12
 453 031b 320B0000 		.4byte	.LASF63
 454 031f 0410     		.2byte	0x1004
 455 0321 12       		.uleb128 0x12
 456 0322 B4150000 		.4byte	.LASF64
 457 0326 0510     		.2byte	0x1005
 458 0328 12       		.uleb128 0x12
 459 0329 AA120000 		.4byte	.LASF65
 460 032d 0020     		.2byte	0x2000
 461 032f 12       		.uleb128 0x12
 462 0330 90090000 		.4byte	.LASF66
 463 0334 0120     		.2byte	0x2001
 464 0336 12       		.uleb128 0x12
 465 0337 51060000 		.4byte	.LASF67
 466 033b 0220     		.2byte	0x2002
 467 033d 12       		.uleb128 0x12
 468 033e FD000000 		.4byte	.LASF68
 469 0342 0320     		.2byte	0x2003
 470 0344 12       		.uleb128 0x12
 471 0345 50070000 		.4byte	.LASF69
 472 0349 0420     		.2byte	0x2004
 473 034b 12       		.uleb128 0x12
 474 034c 68160000 		.4byte	.LASF70
 475 0350 0520     		.2byte	0x2005
 476 0352 12       		.uleb128 0x12
 477 0353 8B0D0000 		.4byte	.LASF71
 478 0357 0620     		.2byte	0x2006
 479 0359 12       		.uleb128 0x12
 480 035a 04040000 		.4byte	.LASF72
 481 035e 0720     		.2byte	0x2007
 482 0360 12       		.uleb128 0x12
 483 0361 75110000 		.4byte	.LASF73
 484 0365 0820     		.2byte	0x2008
 485 0367 12       		.uleb128 0x12
ARM GAS  C:\Users\Brian\AppData\Local\Temp\ccNqKVZa.s 			page 10


 486 0368 FC050000 		.4byte	.LASF74
 487 036c 0920     		.2byte	0x2009
 488 036e 12       		.uleb128 0x12
 489 036f D90D0000 		.4byte	.LASF75
 490 0373 0A20     		.2byte	0x200a
 491 0375 12       		.uleb128 0x12
 492 0376 A3010000 		.4byte	.LASF76
 493 037a 0B20     		.2byte	0x200b
 494 037c 12       		.uleb128 0x12
 495 037d 0C130000 		.4byte	.LASF77
 496 0381 0C20     		.2byte	0x200c
 497 0383 12       		.uleb128 0x12
 498 0384 990B0000 		.4byte	.LASF78
 499 0388 0D20     		.2byte	0x200d
 500 038a 12       		.uleb128 0x12
 501 038b E30C0000 		.4byte	.LASF79
 502 038f 0E20     		.2byte	0x200e
 503 0391 12       		.uleb128 0x12
 504 0392 210D0000 		.4byte	.LASF80
 505 0396 0F20     		.2byte	0x200f
 506 0398 12       		.uleb128 0x12
 507 0399 B5070000 		.4byte	.LASF81
 508 039d 1020     		.2byte	0x2010
 509 039f 12       		.uleb128 0x12
 510 03a0 3B160000 		.4byte	.LASF82
 511 03a4 1120     		.2byte	0x2011
 512 03a6 12       		.uleb128 0x12
 513 03a7 83070000 		.4byte	.LASF83
 514 03ab 1220     		.2byte	0x2012
 515 03ad 12       		.uleb128 0x12
 516 03ae B4100000 		.4byte	.LASF84
 517 03b2 1320     		.2byte	0x2013
 518 03b4 12       		.uleb128 0x12
 519 03b5 880F0000 		.4byte	.LASF85
 520 03b9 1420     		.2byte	0x2014
 521 03bb 12       		.uleb128 0x12
 522 03bc 99050000 		.4byte	.LASF86
 523 03c0 1520     		.2byte	0x2015
 524 03c2 12       		.uleb128 0x12
 525 03c3 F0080000 		.4byte	.LASF87
 526 03c7 1620     		.2byte	0x2016
 527 03c9 12       		.uleb128 0x12
 528 03ca 7A060000 		.4byte	.LASF88
 529 03ce 1720     		.2byte	0x2017
 530 03d0 12       		.uleb128 0x12
 531 03d1 CF040000 		.4byte	.LASF89
 532 03d5 0030     		.2byte	0x3000
 533 03d7 12       		.uleb128 0x12
 534 03d8 520A0000 		.4byte	.LASF90
 535 03dc 0130     		.2byte	0x3001
 536 03de 12       		.uleb128 0x12
 537 03df 4C0D0000 		.4byte	.LASF91
 538 03e3 0230     		.2byte	0x3002
 539 03e5 12       		.uleb128 0x12
 540 03e6 38110000 		.4byte	.LASF92
 541 03ea 0330     		.2byte	0x3003
 542 03ec 12       		.uleb128 0x12
ARM GAS  C:\Users\Brian\AppData\Local\Temp\ccNqKVZa.s 			page 11


 543 03ed 7C050000 		.4byte	.LASF93
 544 03f1 0430     		.2byte	0x3004
 545 03f3 12       		.uleb128 0x12
 546 03f4 D9090000 		.4byte	.LASF94
 547 03f8 0530     		.2byte	0x3005
 548 03fa 12       		.uleb128 0x12
 549 03fb 030A0000 		.4byte	.LASF95
 550 03ff 0630     		.2byte	0x3006
 551 0401 12       		.uleb128 0x12
 552 0402 760B0000 		.4byte	.LASF96
 553 0406 0730     		.2byte	0x3007
 554 0408 12       		.uleb128 0x12
 555 0409 66010000 		.4byte	.LASF97
 556 040d 0830     		.2byte	0x3008
 557 040f 12       		.uleb128 0x12
 558 0410 77000000 		.4byte	.LASF98
 559 0414 0930     		.2byte	0x3009
 560 0416 12       		.uleb128 0x12
 561 0417 EC120000 		.4byte	.LASF99
 562 041b 0A30     		.2byte	0x300a
 563 041d 12       		.uleb128 0x12
 564 041e EC0F0000 		.4byte	.LASF100
 565 0422 0B30     		.2byte	0x300b
 566 0424 12       		.uleb128 0x12
 567 0425 1D0E0000 		.4byte	.LASF101
 568 0429 0C30     		.2byte	0x300c
 569 042b 12       		.uleb128 0x12
 570 042c 51050000 		.4byte	.LASF102
 571 0430 1130     		.2byte	0x3011
 572 0432 12       		.uleb128 0x12
 573 0433 460F0000 		.4byte	.LASF103
 574 0437 1230     		.2byte	0x3012
 575 0439 12       		.uleb128 0x12
 576 043a 4D030000 		.4byte	.LASF104
 577 043e 1330     		.2byte	0x3013
 578 0440 12       		.uleb128 0x12
 579 0441 580C0000 		.4byte	.LASF105
 580 0445 1430     		.2byte	0x3014
 581 0447 12       		.uleb128 0x12
 582 0448 9A020000 		.4byte	.LASF106
 583 044c 1530     		.2byte	0x3015
 584 044e 12       		.uleb128 0x12
 585 044f FA0D0000 		.4byte	.LASF107
 586 0453 1630     		.2byte	0x3016
 587 0455 12       		.uleb128 0x12
 588 0456 8C080000 		.4byte	.LASF108
 589 045a 1730     		.2byte	0x3017
 590 045c 12       		.uleb128 0x12
 591 045d 2C0A0000 		.4byte	.LASF109
 592 0461 1830     		.2byte	0x3018
 593 0463 12       		.uleb128 0x12
 594 0464 63100000 		.4byte	.LASF110
 595 0468 0040     		.2byte	0x4000
 596 046a 12       		.uleb128 0x12
 597 046b 92120000 		.4byte	.LASF111
 598 046f 0140     		.2byte	0x4001
 599 0471 12       		.uleb128 0x12
ARM GAS  C:\Users\Brian\AppData\Local\Temp\ccNqKVZa.s 			page 12


 600 0472 16160000 		.4byte	.LASF112
 601 0476 0240     		.2byte	0x4002
 602 0478 12       		.uleb128 0x12
 603 0479 A8040000 		.4byte	.LASF113
 604 047d 0340     		.2byte	0x4003
 605 047f 12       		.uleb128 0x12
 606 0480 00000000 		.4byte	.LASF114
 607 0484 0440     		.2byte	0x4004
 608 0486 12       		.uleb128 0x12
 609 0487 7F020000 		.4byte	.LASF115
 610 048b 0540     		.2byte	0x4005
 611 048d 12       		.uleb128 0x12
 612 048e 410E0000 		.4byte	.LASF116
 613 0492 0640     		.2byte	0x4006
 614 0494 12       		.uleb128 0x12
 615 0495 E80B0000 		.4byte	.LASF117
 616 0499 0740     		.2byte	0x4007
 617 049b 12       		.uleb128 0x12
 618 049c CD080000 		.4byte	.LASF118
 619 04a0 0840     		.2byte	0x4008
 620 04a2 12       		.uleb128 0x12
 621 04a3 19140000 		.4byte	.LASF119
 622 04a7 0940     		.2byte	0x4009
 623 04a9 12       		.uleb128 0x12
 624 04aa ED110000 		.4byte	.LASF120
 625 04ae 0A40     		.2byte	0x400a
 626 04b0 12       		.uleb128 0x12
 627 04b1 9F060000 		.4byte	.LASF121
 628 04b5 0B40     		.2byte	0x400b
 629 04b7 12       		.uleb128 0x12
 630 04b8 510B0000 		.4byte	.LASF122
 631 04bc 0C40     		.2byte	0x400c
 632 04be 12       		.uleb128 0x12
 633 04bf 1C0F0000 		.4byte	.LASF123
 634 04c3 0D40     		.2byte	0x400d
 635 04c5 12       		.uleb128 0x12
 636 04c6 2C050000 		.4byte	.LASF124
 637 04ca 0E40     		.2byte	0x400e
 638 04cc 12       		.uleb128 0x12
 639 04cd 2A120000 		.4byte	.LASF125
 640 04d1 0F40     		.2byte	0x400f
 641 04d3 12       		.uleb128 0x12
 642 04d4 330C0000 		.4byte	.LASF126
 643 04d8 1040     		.2byte	0x4010
 644 04da 12       		.uleb128 0x12
 645 04db E50A0000 		.4byte	.LASF127
 646 04df 1140     		.2byte	0x4011
 647 04e1 12       		.uleb128 0x12
 648 04e2 AF0E0000 		.4byte	.LASF128
 649 04e6 1240     		.2byte	0x4012
 650 04e8 12       		.uleb128 0x12
 651 04e9 C4120000 		.4byte	.LASF129
 652 04ed 1340     		.2byte	0x4013
 653 04ef 12       		.uleb128 0x12
 654 04f0 CB0F0000 		.4byte	.LASF130
 655 04f4 1440     		.2byte	0x4014
 656 04f6 12       		.uleb128 0x12
ARM GAS  C:\Users\Brian\AppData\Local\Temp\ccNqKVZa.s 			page 13


 657 04f7 E9020000 		.4byte	.LASF131
 658 04fb 1540     		.2byte	0x4015
 659 04fd 12       		.uleb128 0x12
 660 04fe 1D000000 		.4byte	.LASF132
 661 0502 1640     		.2byte	0x4016
 662 0504 12       		.uleb128 0x12
 663 0505 32040000 		.4byte	.LASF133
 664 0509 1740     		.2byte	0x4017
 665 050b 12       		.uleb128 0x12
 666 050c 080D0000 		.4byte	.LASF134
 667 0510 1840     		.2byte	0x4018
 668 0512 12       		.uleb128 0x12
 669 0513 AF130000 		.4byte	.LASF135
 670 0517 1940     		.2byte	0x4019
 671 0519 12       		.uleb128 0x12
 672 051a 20080000 		.4byte	.LASF136
 673 051e 1A40     		.2byte	0x401a
 674 0520 12       		.uleb128 0x12
 675 0521 05080000 		.4byte	.LASF137
 676 0525 0050     		.2byte	0x5000
 677 0527 12       		.uleb128 0x12
 678 0528 CB060000 		.4byte	.LASF138
 679 052c 0150     		.2byte	0x5001
 680 052e 12       		.uleb128 0x12
 681 052f EA0E0000 		.4byte	.LASF139
 682 0533 0250     		.2byte	0x5002
 683 0535 12       		.uleb128 0x12
 684 0536 690F0000 		.4byte	.LASF140
 685 053a 0350     		.2byte	0x5003
 686 053c 12       		.uleb128 0x12
 687 053d AC0F0000 		.4byte	.LASF141
 688 0541 0450     		.2byte	0x5004
 689 0543 12       		.uleb128 0x12
 690 0544 80040000 		.4byte	.LASF142
 691 0548 0550     		.2byte	0x5005
 692 054a 12       		.uleb128 0x12
 693 054b 2E070000 		.4byte	.LASF143
 694 054f 0650     		.2byte	0x5006
 695 0551 12       		.uleb128 0x12
 696 0552 3B100000 		.4byte	.LASF144
 697 0556 0750     		.2byte	0x5007
 698 0558 12       		.uleb128 0x12
 699 0559 75030000 		.4byte	.LASF145
 700 055d 0850     		.2byte	0x5008
 701 055f 12       		.uleb128 0x12
 702 0560 66040000 		.4byte	.LASF146
 703 0564 0950     		.2byte	0x5009
 704 0566 12       		.uleb128 0x12
 705 0567 AE080000 		.4byte	.LASF147
 706 056b 0A50     		.2byte	0x500a
 707 056d 12       		.uleb128 0x12
 708 056e F9130000 		.4byte	.LASF148
 709 0572 0B50     		.2byte	0x500b
 710 0574 12       		.uleb128 0x12
 711 0575 880A0000 		.4byte	.LASF149
 712 0579 0C50     		.2byte	0x500c
 713 057b 12       		.uleb128 0x12
ARM GAS  C:\Users\Brian\AppData\Local\Temp\ccNqKVZa.s 			page 14


 714 057c 700D0000 		.4byte	.LASF150
 715 0580 0D50     		.2byte	0x500d
 716 0582 12       		.uleb128 0x12
 717 0583 B9140000 		.4byte	.LASF151
 718 0587 0E50     		.2byte	0x500e
 719 0589 12       		.uleb128 0x12
 720 058a 4D000000 		.4byte	.LASF152
 721 058e 0F50     		.2byte	0x500f
 722 0590 12       		.uleb128 0x12
 723 0591 9D030000 		.4byte	.LASF153
 724 0595 1050     		.2byte	0x5010
 725 0597 12       		.uleb128 0x12
 726 0598 E5070000 		.4byte	.LASF154
 727 059c 1150     		.2byte	0x5011
 728 059e 12       		.uleb128 0x12
 729 059f 27090000 		.4byte	.LASF155
 730 05a3 1250     		.2byte	0x5012
 731 05a5 12       		.uleb128 0x12
 732 05a6 070B0000 		.4byte	.LASF156
 733 05aa 1350     		.2byte	0x5013
 734 05ac 12       		.uleb128 0x12
 735 05ad AA0C0000 		.4byte	.LASF157
 736 05b1 1450     		.2byte	0x5014
 737 05b3 12       		.uleb128 0x12
 738 05b4 4D150000 		.4byte	.LASF158
 739 05b8 1550     		.2byte	0x5015
 740 05ba 12       		.uleb128 0x12
 741 05bb 1F150000 		.4byte	.LASF159
 742 05bf 1650     		.2byte	0x5016
 743 05c1 12       		.uleb128 0x12
 744 05c2 800C0000 		.4byte	.LASF160
 745 05c6 1750     		.2byte	0x5017
 746 05c8 12       		.uleb128 0x12
 747 05c9 A90A0000 		.4byte	.LASF161
 748 05cd 1850     		.2byte	0x5018
 749 05cf 12       		.uleb128 0x12
 750 05d0 DD030000 		.4byte	.LASF162
 751 05d4 0060     		.2byte	0x6000
 752 05d6 12       		.uleb128 0x12
 753 05d7 9A000000 		.4byte	.LASF163
 754 05db 0160     		.2byte	0x6001
 755 05dd 12       		.uleb128 0x12
 756 05de F9040000 		.4byte	.LASF164
 757 05e2 0260     		.2byte	0x6002
 758 05e4 12       		.uleb128 0x12
 759 05e5 C90B0000 		.4byte	.LASF165
 760 05e9 0360     		.2byte	0x6003
 761 05eb 12       		.uleb128 0x12
 762 05ec D8140000 		.4byte	.LASF166
 763 05f0 0460     		.2byte	0x6004
 764 05f2 12       		.uleb128 0x12
 765 05f3 16110000 		.4byte	.LASF167
 766 05f7 0560     		.2byte	0x6005
 767 05f9 12       		.uleb128 0x12
 768 05fa 99110000 		.4byte	.LASF168
 769 05fe 0660     		.2byte	0x6006
 770 0600 12       		.uleb128 0x12
ARM GAS  C:\Users\Brian\AppData\Local\Temp\ccNqKVZa.s 			page 15


 771 0601 88100000 		.4byte	.LASF169
 772 0605 0760     		.2byte	0x6007
 773 0607 12       		.uleb128 0x12
 774 0608 42010000 		.4byte	.LASF170
 775 060c 0860     		.2byte	0x6008
 776 060e 12       		.uleb128 0x12
 777 060f 8C140000 		.4byte	.LASF171
 778 0613 0960     		.2byte	0x6009
 779 0615 12       		.uleb128 0x12
 780 0616 8A130000 		.4byte	.LASF172
 781 061a 0A60     		.2byte	0x600a
 782 061c 12       		.uleb128 0x12
 783 061d DE110000 		.4byte	.LASF173
 784 0621 FFFF     		.2byte	0xffff
 785 0623 00       		.byte	0
 786 0624 0F       		.uleb128 0xf
 787 0625 02       		.byte	0x2
 788 0626 07       		.byte	0x7
 789 0627 5B01     		.2byte	0x15b
 790 0629 48060000 		.4byte	0x648
 791 062d 0C       		.uleb128 0xc
 792 062e 92150000 		.4byte	.LASF174
 793 0632 07       		.byte	0x7
 794 0633 6501     		.2byte	0x165
 795 0635 8C000000 		.4byte	0x8c
 796 0639 00       		.byte	0
 797 063a 0C       		.uleb128 0xc
 798 063b A30A0000 		.4byte	.LASF175
 799 063f 07       		.byte	0x7
 800 0640 6901     		.2byte	0x169
 801 0642 8C000000 		.4byte	0x8c
 802 0646 01       		.byte	0x1
 803 0647 00       		.byte	0
 804 0648 0A       		.uleb128 0xa
 805 0649 E4000000 		.4byte	.LASF176
 806 064d 07       		.byte	0x7
 807 064e 6B01     		.2byte	0x16b
 808 0650 24060000 		.4byte	0x624
 809 0654 13       		.uleb128 0x13
 810 0655 01       		.byte	0x1
 811 0656 2C000000 		.4byte	0x2c
 812 065a 08       		.byte	0x8
 813 065b 7E       		.byte	0x7e
 814 065c 79060000 		.4byte	0x679
 815 0660 0E       		.uleb128 0xe
 816 0661 5F140000 		.4byte	.LASF177
 817 0665 00       		.byte	0
 818 0666 0E       		.uleb128 0xe
 819 0667 CE010000 		.4byte	.LASF178
 820 066b 01       		.byte	0x1
 821 066c 0E       		.uleb128 0xe
 822 066d 37140000 		.4byte	.LASF179
 823 0671 02       		.byte	0x2
 824 0672 0E       		.uleb128 0xe
 825 0673 BD030000 		.4byte	.LASF180
 826 0677 03       		.byte	0x3
 827 0678 00       		.byte	0
ARM GAS  C:\Users\Brian\AppData\Local\Temp\ccNqKVZa.s 			page 16


 828 0679 03       		.uleb128 0x3
 829 067a 16050000 		.4byte	.LASF181
 830 067e 08       		.byte	0x8
 831 067f 83       		.byte	0x83
 832 0680 54060000 		.4byte	0x654
 833 0684 13       		.uleb128 0x13
 834 0685 01       		.byte	0x1
 835 0686 2C000000 		.4byte	0x2c
 836 068a 08       		.byte	0x8
 837 068b 87       		.byte	0x87
 838 068c C1060000 		.4byte	0x6c1
 839 0690 0E       		.uleb128 0xe
 840 0691 DD050000 		.4byte	.LASF182
 841 0695 00       		.byte	0
 842 0696 0E       		.uleb128 0xe
 843 0697 E5150000 		.4byte	.LASF183
 844 069b 01       		.byte	0x1
 845 069c 0E       		.uleb128 0xe
 846 069d E1100000 		.4byte	.LASF184
 847 06a1 02       		.byte	0x2
 848 06a2 0E       		.uleb128 0xe
 849 06a3 FA060000 		.4byte	.LASF185
 850 06a7 03       		.byte	0x3
 851 06a8 0E       		.uleb128 0xe
 852 06a9 27060000 		.4byte	.LASF186
 853 06ad 04       		.byte	0x4
 854 06ae 0E       		.uleb128 0xe
 855 06af 48080000 		.4byte	.LASF187
 856 06b3 05       		.byte	0x5
 857 06b4 0E       		.uleb128 0xe
 858 06b5 10100000 		.4byte	.LASF188
 859 06b9 06       		.byte	0x6
 860 06ba 0E       		.uleb128 0xe
 861 06bb AF0D0000 		.4byte	.LASF189
 862 06bf 07       		.byte	0x7
 863 06c0 00       		.byte	0
 864 06c1 03       		.uleb128 0x3
 865 06c2 CC0C0000 		.4byte	.LASF190
 866 06c6 08       		.byte	0x8
 867 06c7 90       		.byte	0x90
 868 06c8 84060000 		.4byte	0x684
 869 06cc 14       		.uleb128 0x14
 870 06cd 14       		.byte	0x14
 871 06ce 09       		.byte	0x9
 872 06cf 3B       		.byte	0x3b
 873 06d0 11070000 		.4byte	0x711
 874 06d4 15       		.uleb128 0x15
 875 06d5 72150000 		.4byte	.LASF191
 876 06d9 09       		.byte	0x9
 877 06da 3D       		.byte	0x3d
 878 06db A2000000 		.4byte	0xa2
 879 06df 00       		.byte	0
 880 06e0 15       		.uleb128 0x15
 881 06e1 BA090000 		.4byte	.LASF192
 882 06e5 09       		.byte	0x9
 883 06e6 3E       		.byte	0x3e
 884 06e7 A2000000 		.4byte	0xa2
ARM GAS  C:\Users\Brian\AppData\Local\Temp\ccNqKVZa.s 			page 17


 885 06eb 04       		.byte	0x4
 886 06ec 15       		.uleb128 0x15
 887 06ed BF060000 		.4byte	.LASF193
 888 06f1 09       		.byte	0x9
 889 06f2 3F       		.byte	0x3f
 890 06f3 11070000 		.4byte	0x711
 891 06f7 08       		.byte	0x8
 892 06f8 15       		.uleb128 0x15
 893 06f9 54120000 		.4byte	.LASF194
 894 06fd 09       		.byte	0x9
 895 06fe 40       		.byte	0x40
 896 06ff A2000000 		.4byte	0xa2
 897 0703 0C       		.byte	0xc
 898 0704 15       		.uleb128 0x15
 899 0705 6A030000 		.4byte	.LASF195
 900 0709 09       		.byte	0x9
 901 070a 45       		.byte	0x45
 902 070b A2000000 		.4byte	0xa2
 903 070f 10       		.byte	0x10
 904 0710 00       		.byte	0
 905 0711 07       		.uleb128 0x7
 906 0712 04       		.byte	0x4
 907 0713 17070000 		.4byte	0x717
 908 0717 16       		.uleb128 0x16
 909 0718 DF020000 		.4byte	0x2df
 910 071c 03       		.uleb128 0x3
 911 071d 78140000 		.4byte	.LASF196
 912 0721 09       		.byte	0x9
 913 0722 48       		.byte	0x48
 914 0723 CC060000 		.4byte	0x6cc
 915 0727 14       		.uleb128 0x14
 916 0728 08       		.byte	0x8
 917 0729 0A       		.byte	0xa
 918 072a 15       		.byte	0x15
 919 072b 60070000 		.4byte	0x760
 920 072f 15       		.uleb128 0x15
 921 0730 C5010000 		.4byte	.LASF197
 922 0734 0A       		.byte	0xa
 923 0735 17       		.byte	0x17
 924 0736 8C000000 		.4byte	0x8c
 925 073a 00       		.byte	0
 926 073b 15       		.uleb128 0x15
 927 073c 7F0A0000 		.4byte	.LASF198
 928 0740 0A       		.byte	0xa
 929 0741 18       		.byte	0x18
 930 0742 8C000000 		.4byte	0x8c
 931 0746 01       		.byte	0x1
 932 0747 15       		.uleb128 0x15
 933 0748 130F0000 		.4byte	.LASF50
 934 074c 0A       		.byte	0xa
 935 074d 19       		.byte	0x19
 936 074e 97000000 		.4byte	0x97
 937 0752 02       		.byte	0x2
 938 0753 15       		.uleb128 0x15
 939 0754 0F090000 		.4byte	.LASF199
 940 0758 0A       		.byte	0xa
 941 0759 1A       		.byte	0x1a
ARM GAS  C:\Users\Brian\AppData\Local\Temp\ccNqKVZa.s 			page 18


 942 075a A2000000 		.4byte	0xa2
 943 075e 04       		.byte	0x4
 944 075f 00       		.byte	0
 945 0760 03       		.uleb128 0x3
 946 0761 F0060000 		.4byte	.LASF200
 947 0765 0A       		.byte	0xa
 948 0766 1B       		.byte	0x1b
 949 0767 27070000 		.4byte	0x727
 950 076b 17       		.uleb128 0x17
 951 076c 7E150000 		.4byte	.LASF214
 952 0770 01       		.byte	0x1
 953 0771 18       		.byte	0x18
 954 0772 00000000 		.4byte	.LFB436
 955 0776 0C000000 		.4byte	.LFE436-.LFB436
 956 077a 01       		.uleb128 0x1
 957 077b 9C       		.byte	0x9c
 958 077c 18       		.uleb128 0x18
 959 077d CE110000 		.4byte	.LASF201
 960 0781 08       		.byte	0x8
 961 0782 2202     		.2byte	0x222
 962 0784 79060000 		.4byte	0x679
 963 0788 10       		.uleb128 0x10
 964 0789 48060000 		.4byte	0x648
 965 078d 98070000 		.4byte	0x798
 966 0791 11       		.uleb128 0x11
 967 0792 AD000000 		.4byte	0xad
 968 0796 00       		.byte	0
 969 0797 00       		.byte	0
 970 0798 18       		.uleb128 0x18
 971 0799 E7130000 		.4byte	.LASF202
 972 079d 08       		.byte	0x8
 973 079e 2C02     		.2byte	0x22c
 974 07a0 88070000 		.4byte	0x788
 975 07a4 10       		.uleb128 0x10
 976 07a5 C1060000 		.4byte	0x6c1
 977 07a9 B4070000 		.4byte	0x7b4
 978 07ad 11       		.uleb128 0x11
 979 07ae AD000000 		.4byte	0xad
 980 07b2 00       		.byte	0
 981 07b3 00       		.byte	0
 982 07b4 18       		.uleb128 0x18
 983 07b5 65090000 		.4byte	.LASF203
 984 07b9 08       		.byte	0x8
 985 07ba 2D02     		.2byte	0x22d
 986 07bc A4070000 		.4byte	0x7a4
 987 07c0 18       		.uleb128 0x18
 988 07c1 5C110000 		.4byte	.LASF204
 989 07c5 08       		.byte	0x8
 990 07c6 5202     		.2byte	0x252
 991 07c8 8C000000 		.4byte	0x8c
 992 07cc 19       		.uleb128 0x19
 993 07cd 7F080000 		.4byte	.LASF205
 994 07d1 0B       		.byte	0xb
 995 07d2 87       		.byte	0x87
 996 07d3 C4010000 		.4byte	0x1c4
 997 07d7 18       		.uleb128 0x18
 998 07d8 8F010000 		.4byte	.LASF206
ARM GAS  C:\Users\Brian\AppData\Local\Temp\ccNqKVZa.s 			page 19


 999 07dc 09       		.byte	0x9
 1000 07dd 6001     		.2byte	0x160
 1001 07df A2000000 		.4byte	0xa2
 1002 07e3 10       		.uleb128 0x10
 1003 07e4 F3070000 		.4byte	0x7f3
 1004 07e8 F3070000 		.4byte	0x7f3
 1005 07ec 11       		.uleb128 0x11
 1006 07ed AD000000 		.4byte	0xad
 1007 07f1 00       		.byte	0
 1008 07f2 00       		.byte	0
 1009 07f3 16       		.uleb128 0x16
 1010 07f4 1C070000 		.4byte	0x71c
 1011 07f8 18       		.uleb128 0x18
 1012 07f9 49090000 		.4byte	.LASF207
 1013 07fd 09       		.byte	0x9
 1014 07fe 6401     		.2byte	0x164
 1015 0800 04080000 		.4byte	0x804
 1016 0804 16       		.uleb128 0x16
 1017 0805 E3070000 		.4byte	0x7e3
 1018 0809 1A       		.uleb128 0x1a
 1019 080a CD000000 		.4byte	.LASF208
 1020 080e 01       		.byte	0x1
 1021 080f 0F       		.byte	0xf
 1022 0810 EF000000 		.4byte	0xef
 1023 0814 05       		.uleb128 0x5
 1024 0815 03       		.byte	0x3
 1025 0816 00000000 		.4byte	rdyToRecvMsg
 1026 081a 1A       		.uleb128 0x1a
 1027 081b 72080000 		.4byte	.LASF209
 1028 081f 01       		.byte	0x1
 1029 0820 11       		.byte	0x11
 1030 0821 60070000 		.4byte	0x760
 1031 0825 05       		.uleb128 0x5
 1032 0826 03       		.byte	0x3
 1033 0827 00000000 		.4byte	ipcMsgForCM4
 1034 082b 00       		.byte	0
 1035              		.section	.debug_abbrev,"",%progbits
 1036              	.Ldebug_abbrev0:
 1037 0000 01       		.uleb128 0x1
 1038 0001 11       		.uleb128 0x11
 1039 0002 01       		.byte	0x1
 1040 0003 25       		.uleb128 0x25
 1041 0004 0E       		.uleb128 0xe
 1042 0005 13       		.uleb128 0x13
 1043 0006 0B       		.uleb128 0xb
 1044 0007 03       		.uleb128 0x3
 1045 0008 0E       		.uleb128 0xe
 1046 0009 1B       		.uleb128 0x1b
 1047 000a 0E       		.uleb128 0xe
 1048 000b 55       		.uleb128 0x55
 1049 000c 17       		.uleb128 0x17
 1050 000d 11       		.uleb128 0x11
 1051 000e 01       		.uleb128 0x1
 1052 000f 10       		.uleb128 0x10
 1053 0010 17       		.uleb128 0x17
 1054 0011 00       		.byte	0
 1055 0012 00       		.byte	0
ARM GAS  C:\Users\Brian\AppData\Local\Temp\ccNqKVZa.s 			page 20


 1056 0013 02       		.uleb128 0x2
 1057 0014 24       		.uleb128 0x24
 1058 0015 00       		.byte	0
 1059 0016 0B       		.uleb128 0xb
 1060 0017 0B       		.uleb128 0xb
 1061 0018 3E       		.uleb128 0x3e
 1062 0019 0B       		.uleb128 0xb
 1063 001a 03       		.uleb128 0x3
 1064 001b 0E       		.uleb128 0xe
 1065 001c 00       		.byte	0
 1066 001d 00       		.byte	0
 1067 001e 03       		.uleb128 0x3
 1068 001f 16       		.uleb128 0x16
 1069 0020 00       		.byte	0
 1070 0021 03       		.uleb128 0x3
 1071 0022 0E       		.uleb128 0xe
 1072 0023 3A       		.uleb128 0x3a
 1073 0024 0B       		.uleb128 0xb
 1074 0025 3B       		.uleb128 0x3b
 1075 0026 0B       		.uleb128 0xb
 1076 0027 49       		.uleb128 0x49
 1077 0028 13       		.uleb128 0x13
 1078 0029 00       		.byte	0
 1079 002a 00       		.byte	0
 1080 002b 04       		.uleb128 0x4
 1081 002c 24       		.uleb128 0x24
 1082 002d 00       		.byte	0
 1083 002e 0B       		.uleb128 0xb
 1084 002f 0B       		.uleb128 0xb
 1085 0030 3E       		.uleb128 0x3e
 1086 0031 0B       		.uleb128 0xb
 1087 0032 03       		.uleb128 0x3
 1088 0033 08       		.uleb128 0x8
 1089 0034 00       		.byte	0
 1090 0035 00       		.byte	0
 1091 0036 05       		.uleb128 0x5
 1092 0037 35       		.uleb128 0x35
 1093 0038 00       		.byte	0
 1094 0039 49       		.uleb128 0x49
 1095 003a 13       		.uleb128 0x13
 1096 003b 00       		.byte	0
 1097 003c 00       		.byte	0
 1098 003d 06       		.uleb128 0x6
 1099 003e 0F       		.uleb128 0xf
 1100 003f 00       		.byte	0
 1101 0040 0B       		.uleb128 0xb
 1102 0041 0B       		.uleb128 0xb
 1103 0042 00       		.byte	0
 1104 0043 00       		.byte	0
 1105 0044 07       		.uleb128 0x7
 1106 0045 0F       		.uleb128 0xf
 1107 0046 00       		.byte	0
 1108 0047 0B       		.uleb128 0xb
 1109 0048 0B       		.uleb128 0xb
 1110 0049 49       		.uleb128 0x49
 1111 004a 13       		.uleb128 0x13
 1112 004b 00       		.byte	0
ARM GAS  C:\Users\Brian\AppData\Local\Temp\ccNqKVZa.s 			page 21


 1113 004c 00       		.byte	0
 1114 004d 08       		.uleb128 0x8
 1115 004e 15       		.uleb128 0x15
 1116 004f 01       		.byte	0x1
 1117 0050 27       		.uleb128 0x27
 1118 0051 19       		.uleb128 0x19
 1119 0052 01       		.uleb128 0x1
 1120 0053 13       		.uleb128 0x13
 1121 0054 00       		.byte	0
 1122 0055 00       		.byte	0
 1123 0056 09       		.uleb128 0x9
 1124 0057 05       		.uleb128 0x5
 1125 0058 00       		.byte	0
 1126 0059 49       		.uleb128 0x49
 1127 005a 13       		.uleb128 0x13
 1128 005b 00       		.byte	0
 1129 005c 00       		.byte	0
 1130 005d 0A       		.uleb128 0xa
 1131 005e 16       		.uleb128 0x16
 1132 005f 00       		.byte	0
 1133 0060 03       		.uleb128 0x3
 1134 0061 0E       		.uleb128 0xe
 1135 0062 3A       		.uleb128 0x3a
 1136 0063 0B       		.uleb128 0xb
 1137 0064 3B       		.uleb128 0x3b
 1138 0065 05       		.uleb128 0x5
 1139 0066 49       		.uleb128 0x49
 1140 0067 13       		.uleb128 0x13
 1141 0068 00       		.byte	0
 1142 0069 00       		.byte	0
 1143 006a 0B       		.uleb128 0xb
 1144 006b 13       		.uleb128 0x13
 1145 006c 01       		.byte	0x1
 1146 006d 03       		.uleb128 0x3
 1147 006e 0E       		.uleb128 0xe
 1148 006f 0B       		.uleb128 0xb
 1149 0070 0B       		.uleb128 0xb
 1150 0071 3A       		.uleb128 0x3a
 1151 0072 0B       		.uleb128 0xb
 1152 0073 3B       		.uleb128 0x3b
 1153 0074 05       		.uleb128 0x5
 1154 0075 01       		.uleb128 0x1
 1155 0076 13       		.uleb128 0x13
 1156 0077 00       		.byte	0
 1157 0078 00       		.byte	0
 1158 0079 0C       		.uleb128 0xc
 1159 007a 0D       		.uleb128 0xd
 1160 007b 00       		.byte	0
 1161 007c 03       		.uleb128 0x3
 1162 007d 0E       		.uleb128 0xe
 1163 007e 3A       		.uleb128 0x3a
 1164 007f 0B       		.uleb128 0xb
 1165 0080 3B       		.uleb128 0x3b
 1166 0081 05       		.uleb128 0x5
 1167 0082 49       		.uleb128 0x49
 1168 0083 13       		.uleb128 0x13
 1169 0084 38       		.uleb128 0x38
ARM GAS  C:\Users\Brian\AppData\Local\Temp\ccNqKVZa.s 			page 22


 1170 0085 0B       		.uleb128 0xb
 1171 0086 00       		.byte	0
 1172 0087 00       		.byte	0
 1173 0088 0D       		.uleb128 0xd
 1174 0089 04       		.uleb128 0x4
 1175 008a 01       		.byte	0x1
 1176 008b 0B       		.uleb128 0xb
 1177 008c 0B       		.uleb128 0xb
 1178 008d 49       		.uleb128 0x49
 1179 008e 13       		.uleb128 0x13
 1180 008f 3A       		.uleb128 0x3a
 1181 0090 0B       		.uleb128 0xb
 1182 0091 3B       		.uleb128 0x3b
 1183 0092 05       		.uleb128 0x5
 1184 0093 01       		.uleb128 0x1
 1185 0094 13       		.uleb128 0x13
 1186 0095 00       		.byte	0
 1187 0096 00       		.byte	0
 1188 0097 0E       		.uleb128 0xe
 1189 0098 28       		.uleb128 0x28
 1190 0099 00       		.byte	0
 1191 009a 03       		.uleb128 0x3
 1192 009b 0E       		.uleb128 0xe
 1193 009c 1C       		.uleb128 0x1c
 1194 009d 0B       		.uleb128 0xb
 1195 009e 00       		.byte	0
 1196 009f 00       		.byte	0
 1197 00a0 0F       		.uleb128 0xf
 1198 00a1 13       		.uleb128 0x13
 1199 00a2 01       		.byte	0x1
 1200 00a3 0B       		.uleb128 0xb
 1201 00a4 0B       		.uleb128 0xb
 1202 00a5 3A       		.uleb128 0x3a
 1203 00a6 0B       		.uleb128 0xb
 1204 00a7 3B       		.uleb128 0x3b
 1205 00a8 05       		.uleb128 0x5
 1206 00a9 01       		.uleb128 0x1
 1207 00aa 13       		.uleb128 0x13
 1208 00ab 00       		.byte	0
 1209 00ac 00       		.byte	0
 1210 00ad 10       		.uleb128 0x10
 1211 00ae 01       		.uleb128 0x1
 1212 00af 01       		.byte	0x1
 1213 00b0 49       		.uleb128 0x49
 1214 00b1 13       		.uleb128 0x13
 1215 00b2 01       		.uleb128 0x1
 1216 00b3 13       		.uleb128 0x13
 1217 00b4 00       		.byte	0
 1218 00b5 00       		.byte	0
 1219 00b6 11       		.uleb128 0x11
 1220 00b7 21       		.uleb128 0x21
 1221 00b8 00       		.byte	0
 1222 00b9 49       		.uleb128 0x49
 1223 00ba 13       		.uleb128 0x13
 1224 00bb 2F       		.uleb128 0x2f
 1225 00bc 0B       		.uleb128 0xb
 1226 00bd 00       		.byte	0
ARM GAS  C:\Users\Brian\AppData\Local\Temp\ccNqKVZa.s 			page 23


 1227 00be 00       		.byte	0
 1228 00bf 12       		.uleb128 0x12
 1229 00c0 28       		.uleb128 0x28
 1230 00c1 00       		.byte	0
 1231 00c2 03       		.uleb128 0x3
 1232 00c3 0E       		.uleb128 0xe
 1233 00c4 1C       		.uleb128 0x1c
 1234 00c5 05       		.uleb128 0x5
 1235 00c6 00       		.byte	0
 1236 00c7 00       		.byte	0
 1237 00c8 13       		.uleb128 0x13
 1238 00c9 04       		.uleb128 0x4
 1239 00ca 01       		.byte	0x1
 1240 00cb 0B       		.uleb128 0xb
 1241 00cc 0B       		.uleb128 0xb
 1242 00cd 49       		.uleb128 0x49
 1243 00ce 13       		.uleb128 0x13
 1244 00cf 3A       		.uleb128 0x3a
 1245 00d0 0B       		.uleb128 0xb
 1246 00d1 3B       		.uleb128 0x3b
 1247 00d2 0B       		.uleb128 0xb
 1248 00d3 01       		.uleb128 0x1
 1249 00d4 13       		.uleb128 0x13
 1250 00d5 00       		.byte	0
 1251 00d6 00       		.byte	0
 1252 00d7 14       		.uleb128 0x14
 1253 00d8 13       		.uleb128 0x13
 1254 00d9 01       		.byte	0x1
 1255 00da 0B       		.uleb128 0xb
 1256 00db 0B       		.uleb128 0xb
 1257 00dc 3A       		.uleb128 0x3a
 1258 00dd 0B       		.uleb128 0xb
 1259 00de 3B       		.uleb128 0x3b
 1260 00df 0B       		.uleb128 0xb
 1261 00e0 01       		.uleb128 0x1
 1262 00e1 13       		.uleb128 0x13
 1263 00e2 00       		.byte	0
 1264 00e3 00       		.byte	0
 1265 00e4 15       		.uleb128 0x15
 1266 00e5 0D       		.uleb128 0xd
 1267 00e6 00       		.byte	0
 1268 00e7 03       		.uleb128 0x3
 1269 00e8 0E       		.uleb128 0xe
 1270 00e9 3A       		.uleb128 0x3a
 1271 00ea 0B       		.uleb128 0xb
 1272 00eb 3B       		.uleb128 0x3b
 1273 00ec 0B       		.uleb128 0xb
 1274 00ed 49       		.uleb128 0x49
 1275 00ee 13       		.uleb128 0x13
 1276 00ef 38       		.uleb128 0x38
 1277 00f0 0B       		.uleb128 0xb
 1278 00f1 00       		.byte	0
 1279 00f2 00       		.byte	0
 1280 00f3 16       		.uleb128 0x16
 1281 00f4 26       		.uleb128 0x26
 1282 00f5 00       		.byte	0
 1283 00f6 49       		.uleb128 0x49
ARM GAS  C:\Users\Brian\AppData\Local\Temp\ccNqKVZa.s 			page 24


 1284 00f7 13       		.uleb128 0x13
 1285 00f8 00       		.byte	0
 1286 00f9 00       		.byte	0
 1287 00fa 17       		.uleb128 0x17
 1288 00fb 2E       		.uleb128 0x2e
 1289 00fc 00       		.byte	0
 1290 00fd 3F       		.uleb128 0x3f
 1291 00fe 19       		.uleb128 0x19
 1292 00ff 03       		.uleb128 0x3
 1293 0100 0E       		.uleb128 0xe
 1294 0101 3A       		.uleb128 0x3a
 1295 0102 0B       		.uleb128 0xb
 1296 0103 3B       		.uleb128 0x3b
 1297 0104 0B       		.uleb128 0xb
 1298 0105 27       		.uleb128 0x27
 1299 0106 19       		.uleb128 0x19
 1300 0107 11       		.uleb128 0x11
 1301 0108 01       		.uleb128 0x1
 1302 0109 12       		.uleb128 0x12
 1303 010a 06       		.uleb128 0x6
 1304 010b 40       		.uleb128 0x40
 1305 010c 18       		.uleb128 0x18
 1306 010d 9742     		.uleb128 0x2117
 1307 010f 19       		.uleb128 0x19
 1308 0110 00       		.byte	0
 1309 0111 00       		.byte	0
 1310 0112 18       		.uleb128 0x18
 1311 0113 34       		.uleb128 0x34
 1312 0114 00       		.byte	0
 1313 0115 03       		.uleb128 0x3
 1314 0116 0E       		.uleb128 0xe
 1315 0117 3A       		.uleb128 0x3a
 1316 0118 0B       		.uleb128 0xb
 1317 0119 3B       		.uleb128 0x3b
 1318 011a 05       		.uleb128 0x5
 1319 011b 49       		.uleb128 0x49
 1320 011c 13       		.uleb128 0x13
 1321 011d 3F       		.uleb128 0x3f
 1322 011e 19       		.uleb128 0x19
 1323 011f 3C       		.uleb128 0x3c
 1324 0120 19       		.uleb128 0x19
 1325 0121 00       		.byte	0
 1326 0122 00       		.byte	0
 1327 0123 19       		.uleb128 0x19
 1328 0124 34       		.uleb128 0x34
 1329 0125 00       		.byte	0
 1330 0126 03       		.uleb128 0x3
 1331 0127 0E       		.uleb128 0xe
 1332 0128 3A       		.uleb128 0x3a
 1333 0129 0B       		.uleb128 0xb
 1334 012a 3B       		.uleb128 0x3b
 1335 012b 0B       		.uleb128 0xb
 1336 012c 49       		.uleb128 0x49
 1337 012d 13       		.uleb128 0x13
 1338 012e 3F       		.uleb128 0x3f
 1339 012f 19       		.uleb128 0x19
 1340 0130 3C       		.uleb128 0x3c
ARM GAS  C:\Users\Brian\AppData\Local\Temp\ccNqKVZa.s 			page 25


 1341 0131 19       		.uleb128 0x19
 1342 0132 00       		.byte	0
 1343 0133 00       		.byte	0
 1344 0134 1A       		.uleb128 0x1a
 1345 0135 34       		.uleb128 0x34
 1346 0136 00       		.byte	0
 1347 0137 03       		.uleb128 0x3
 1348 0138 0E       		.uleb128 0xe
 1349 0139 3A       		.uleb128 0x3a
 1350 013a 0B       		.uleb128 0xb
 1351 013b 3B       		.uleb128 0x3b
 1352 013c 0B       		.uleb128 0xb
 1353 013d 49       		.uleb128 0x49
 1354 013e 13       		.uleb128 0x13
 1355 013f 3F       		.uleb128 0x3f
 1356 0140 19       		.uleb128 0x19
 1357 0141 02       		.uleb128 0x2
 1358 0142 18       		.uleb128 0x18
 1359 0143 00       		.byte	0
 1360 0144 00       		.byte	0
 1361 0145 00       		.byte	0
 1362              		.section	.debug_aranges,"",%progbits
 1363 0000 1C000000 		.4byte	0x1c
 1364 0004 0200     		.2byte	0x2
 1365 0006 00000000 		.4byte	.Ldebug_info0
 1366 000a 04       		.byte	0x4
 1367 000b 00       		.byte	0
 1368 000c 0000     		.2byte	0
 1369 000e 0000     		.2byte	0
 1370 0010 00000000 		.4byte	.LFB436
 1371 0014 0C000000 		.4byte	.LFE436-.LFB436
 1372 0018 00000000 		.4byte	0
 1373 001c 00000000 		.4byte	0
 1374              		.section	.debug_ranges,"",%progbits
 1375              	.Ldebug_ranges0:
 1376 0000 00000000 		.4byte	.LFB436
 1377 0004 0C000000 		.4byte	.LFE436
 1378 0008 00000000 		.4byte	0
 1379 000c 00000000 		.4byte	0
 1380              		.section	.debug_line,"",%progbits
 1381              	.Ldebug_line0:
 1382 0000 5A020000 		.section	.debug_str,"MS",%progbits,1
 1382      02004302 
 1382      00000201 
 1382      FB0E0D00 
 1382      01010101 
 1383              	.LASF114:
 1384 0000 43595F42 		.ascii	"CY_BLE_EVT_GAP_AUTH_COMPLETE\000"
 1384      4C455F45 
 1384      56545F47 
 1384      41505F41 
 1384      5554485F 
 1385              	.LASF132:
 1386 001d 43595F42 		.ascii	"CY_BLE_EVT_GAP_GEN_SET_LOCAL_P256_KEYS_COMPLETE\000"
 1386      4C455F45 
 1386      56545F47 
 1386      41505F47 
ARM GAS  C:\Users\Brian\AppData\Local\Temp\ccNqKVZa.s 			page 26


 1386      454E5F53 
 1387              	.LASF152:
 1388 004d 43595F42 		.ascii	"CY_BLE_EVT_GATTS_PREP_WRITE_REQ\000"
 1388      4C455F45 
 1388      56545F47 
 1388      41545453 
 1388      5F505245 
 1389              	.LASF29:
 1390 006d 72784275 		.ascii	"rxBufSize\000"
 1390      6653697A 
 1390      6500
 1391              	.LASF98:
 1392 0077 43595F42 		.ascii	"CY_BLE_EVT_RANDOM_NUM_GEN_COMPLETE\000"
 1392      4C455F45 
 1392      56545F52 
 1392      414E444F 
 1392      4D5F4E55 
 1393              	.LASF163:
 1394 009a 43595F42 		.ascii	"CY_BLE_EVT_L2CAP_CONN_PARAM_UPDATE_RSP\000"
 1394      4C455F45 
 1394      56545F4C 
 1394      32434150 
 1394      5F434F4E 
 1395              	.LASF51:
 1396 00c1 73617449 		.ascii	"satIntrMask\000"
 1396      6E74724D 
 1396      61736B00 
 1397              	.LASF208:
 1398 00cd 72647954 		.ascii	"rdyToRecvMsg\000"
 1398      6F526563 
 1398      764D7367 
 1398      00
 1399              	.LASF3:
 1400 00da 5F5F7569 		.ascii	"__uint8_t\000"
 1400      6E74385F 
 1400      7400
 1401              	.LASF176:
 1402 00e4 63795F73 		.ascii	"cy_stc_ble_conn_handle_t\000"
 1402      74635F62 
 1402      6C655F63 
 1402      6F6E6E5F 
 1402      68616E64 
 1403              	.LASF68:
 1404 00fd 43595F42 		.ascii	"CY_BLE_EVT_GET_CHANNEL_MAP_COMPLETE\000"
 1404      4C455F45 
 1404      56545F47 
 1404      45545F43 
 1404      48414E4E 
 1405              	.LASF10:
 1406 0121 6C6F6E67 		.ascii	"long long unsigned int\000"
 1406      206C6F6E 
 1406      6720756E 
 1406      7369676E 
 1406      65642069 
 1407              	.LASF24:
 1408 0138 72785269 		.ascii	"rxRingBuf\000"
 1408      6E674275 
ARM GAS  C:\Users\Brian\AppData\Local\Temp\ccNqKVZa.s 			page 27


 1408      6600
 1409              	.LASF170:
 1410 0142 43595F42 		.ascii	"CY_BLE_EVT_L2CAP_CBFC_RX_CREDIT_IND\000"
 1410      4C455F45 
 1410      56545F4C 
 1410      32434150 
 1410      5F434246 
 1411              	.LASF97:
 1412 0166 43595F42 		.ascii	"CY_BLE_EVT_SET_CLK_CONFIG_COMPLETE\000"
 1412      4C455F45 
 1412      56545F53 
 1412      45545F43 
 1412      4C4B5F43 
 1413              	.LASF31:
 1414 0189 74784275 		.ascii	"txBuf\000"
 1414      6600
 1415              	.LASF206:
 1416 018f 4144435F 		.ascii	"ADC_1_currentConfig\000"
 1416      315F6375 
 1416      7272656E 
 1416      74436F6E 
 1416      66696700 
 1417              	.LASF76:
 1418 01a3 43595F42 		.ascii	"CY_BLE_EVT_GET_LOCAL_RPA_COMPLETE\000"
 1418      4C455F45 
 1418      56545F47 
 1418      45545F4C 
 1418      4F43414C 
 1419              	.LASF197:
 1420 01c5 636C6965 		.ascii	"clientId\000"
 1420      6E744964 
 1420      00
 1421              	.LASF178:
 1422 01ce 43595F42 		.ascii	"CY_BLE_ADV_STATE_ADV_INITIATED\000"
 1422      4C455F41 
 1422      44565F53 
 1422      54415445 
 1422      5F414456 
 1423              	.LASF210:
 1424 01ed 474E5520 		.ascii	"GNU C11 5.4.1 20160609 (release) [ARM/embedded-5-br"
 1424      43313120 
 1424      352E342E 
 1424      31203230 
 1424      31363036 
 1425 0220 616E6368 		.ascii	"anch revision 237715] -mcpu=cortex-m0plus -mthumb -"
 1425      20726576 
 1425      6973696F 
 1425      6E203233 
 1425      37373135 
 1426 0253 67202D4F 		.ascii	"g -Og -ffunction-sections -ffat-lto-objects\000"
 1426      67202D66 
 1426      66756E63 
 1426      74696F6E 
 1426      2D736563 
 1427              	.LASF115:
 1428 027f 43595F42 		.ascii	"CY_BLE_EVT_GAP_AUTH_FAILED\000"
 1428      4C455F45 
ARM GAS  C:\Users\Brian\AppData\Local\Temp\ccNqKVZa.s 			page 28


 1428      56545F47 
 1428      41505F41 
 1428      5554485F 
 1429              	.LASF106:
 1430 029a 43595F42 		.ascii	"CY_BLE_EVT_AES_CMAC_GEN_COMPLETE\000"
 1430      4C455F45 
 1430      56545F41 
 1430      45535F43 
 1430      4D41435F 
 1431              	.LASF57:
 1432 02bb 63795F73 		.ascii	"cy_stc_sar_config_t\000"
 1432      74635F73 
 1432      61725F63 
 1432      6F6E6669 
 1432      675F7400 
 1433              	.LASF9:
 1434 02cf 6C6F6E67 		.ascii	"long long int\000"
 1434      206C6F6E 
 1434      6720696E 
 1434      7400
 1435              	.LASF2:
 1436 02dd 7369676E 		.ascii	"signed char\000"
 1436      65642063 
 1436      68617200 
 1437              	.LASF131:
 1438 02e9 43595F42 		.ascii	"CY_BLE_EVT_GAP_RESOLVE_DEVICE_COMPLETE\000"
 1438      4C455F45 
 1438      56545F47 
 1438      41505F52 
 1438      45534F4C 
 1439              	.LASF36:
 1440 0310 63795F73 		.ascii	"cy_stc_scb_uart_context_t\000"
 1440      74635F73 
 1440      63625F75 
 1440      6172745F 
 1440      636F6E74 
 1441              	.LASF41:
 1442 032a 63795F65 		.ascii	"cy_en_sar_range_detect_condition_t\000"
 1442      6E5F7361 
 1442      725F7261 
 1442      6E67655F 
 1442      64657465 
 1443              	.LASF104:
 1444 034d 43595F42 		.ascii	"CY_BLE_EVT_RADIO_TEMPERATURE\000"
 1444      4C455F45 
 1444      56545F52 
 1444      4144494F 
 1444      5F54454D 
 1445              	.LASF195:
 1446 036a 636C6B44 		.ascii	"clkDivider\000"
 1446      69766964 
 1446      657200
 1447              	.LASF145:
 1448 0375 43595F42 		.ascii	"CY_BLE_EVT_GATTC_FIND_BY_TYPE_VALUE_RSP\000"
 1448      4C455F45 
 1448      56545F47 
 1448      41545443 
ARM GAS  C:\Users\Brian\AppData\Local\Temp\ccNqKVZa.s 			page 29


 1448      5F46494E 
 1449              	.LASF153:
 1450 039d 43595F42 		.ascii	"CY_BLE_EVT_GATTS_EXEC_WRITE_REQ\000"
 1450      4C455F45 
 1450      56545F47 
 1450      41545453 
 1450      5F455845 
 1451              	.LASF180:
 1452 03bd 43595F42 		.ascii	"CY_BLE_ADV_STATE_STOP_INITIATED\000"
 1452      4C455F41 
 1452      44565F53 
 1452      54415445 
 1452      5F53544F 
 1453              	.LASF162:
 1454 03dd 43595F42 		.ascii	"CY_BLE_EVT_L2CAP_CONN_PARAM_UPDATE_REQ\000"
 1454      4C455F45 
 1454      56545F4C 
 1454      32434150 
 1454      5F434F4E 
 1455              	.LASF72:
 1456 0404 43595F42 		.ascii	"CY_BLE_EVT_SET_SUGGESTED_DATA_LENGTH_COMPLETE\000"
 1456      4C455F45 
 1456      56545F53 
 1456      45545F53 
 1456      55474745 
 1457              	.LASF133:
 1458 0432 43595F42 		.ascii	"CY_BLE_EVT_GAP_CREATE_CONN_CANCEL_COMPLETE\000"
 1458      4C455F45 
 1458      56545F47 
 1458      41505F43 
 1458      52454154 
 1459              	.LASF6:
 1460 045d 6C6F6E67 		.ascii	"long int\000"
 1460      20696E74 
 1460      00
 1461              	.LASF146:
 1462 0466 43595F42 		.ascii	"CY_BLE_EVT_GATTC_READ_RSP\000"
 1462      4C455F45 
 1462      56545F47 
 1462      41545443 
 1462      5F524541 
 1463              	.LASF142:
 1464 0480 43595F42 		.ascii	"CY_BLE_EVT_GATTC_READ_BY_GROUP_TYPE_RSP\000"
 1464      4C455F45 
 1464      56545F47 
 1464      41545443 
 1464      5F524541 
 1465              	.LASF113:
 1466 04a8 43595F42 		.ascii	"CY_BLE_EVT_GAP_PASSKEY_DISPLAY_REQUEST\000"
 1466      4C455F45 
 1466      56545F47 
 1466      41505F50 
 1466      4153534B 
 1467              	.LASF89:
 1468 04cf 43595F42 		.ascii	"CY_BLE_EVT_LL_CNTRL_PROC_PENDING_COMPLETE\000"
 1468      4C455F45 
 1468      56545F4C 
ARM GAS  C:\Users\Brian\AppData\Local\Temp\ccNqKVZa.s 			page 30


 1468      4C5F434E 
 1468      54524C5F 
 1469              	.LASF164:
 1470 04f9 43595F42 		.ascii	"CY_BLE_EVT_L2CAP_COMMAND_REJ\000"
 1470      4C455F45 
 1470      56545F4C 
 1470      32434150 
 1470      5F434F4D 
 1471              	.LASF181:
 1472 0516 63795F65 		.ascii	"cy_en_ble_adv_state_t\000"
 1472      6E5F626C 
 1472      655F6164 
 1472      765F7374 
 1472      6174655F 
 1473              	.LASF124:
 1474 052c 43595F42 		.ascii	"CY_BLE_EVT_GAP_KEYPRESS_NOTIFICATION\000"
 1474      4C455F45 
 1474      56545F47 
 1474      41505F4B 
 1474      45595052 
 1475              	.LASF102:
 1476 0551 43595F42 		.ascii	"CY_BLE_EVT_SET_SLAVE_LATENCY_MODE_COMPLETE\000"
 1476      4C455F45 
 1476      56545F53 
 1476      45545F53 
 1476      4C415645 
 1477              	.LASF93:
 1478 057c 43595F42 		.ascii	"CY_BLE_EVT_GET_RSSI_COMPLETE\000"
 1478      4C455F45 
 1478      56545F47 
 1478      45545F52 
 1478      5353495F 
 1479              	.LASF86:
 1480 0599 43595F42 		.ascii	"CY_BLE_EVT_SET_PHY_COMPLETE\000"
 1480      4C455F45 
 1480      56545F53 
 1480      45545F50 
 1480      48595F43 
 1481              	.LASF39:
 1482 05b5 43595F53 		.ascii	"CY_SAR_RANGE_COND_ABOVE\000"
 1482      41525F52 
 1482      414E4745 
 1482      5F434F4E 
 1482      445F4142 
 1483              	.LASF13:
 1484 05cd 75696E74 		.ascii	"uint16_t\000"
 1484      31365F74 
 1484      00
 1485              	.LASF19:
 1486 05d6 646F7562 		.ascii	"double\000"
 1486      6C6500
 1487              	.LASF182:
 1488 05dd 43595F42 		.ascii	"CY_BLE_CONN_STATE_DISCONNECTED\000"
 1488      4C455F43 
 1488      4F4E4E5F 
 1488      53544154 
 1488      455F4449 
ARM GAS  C:\Users\Brian\AppData\Local\Temp\ccNqKVZa.s 			page 31


 1489              	.LASF74:
 1490 05fc 43595F42 		.ascii	"CY_BLE_EVT_DATA_LENGTH_CHANGE\000"
 1490      4C455F45 
 1490      56545F44 
 1490      4154415F 
 1490      4C454E47 
 1491              	.LASF44:
 1492 061a 73616D70 		.ascii	"sampleTime01\000"
 1492      6C655469 
 1492      6D653031 
 1492      00
 1493              	.LASF186:
 1494 0627 43595F42 		.ascii	"CY_BLE_CONN_STATE_CLIENT_INCL_DISCOVERING\000"
 1494      4C455F43 
 1494      4F4E4E5F 
 1494      53544154 
 1494      455F434C 
 1495              	.LASF67:
 1496 0651 43595F42 		.ascii	"CY_BLE_EVT_READ_AUTH_PAYLOAD_TO_COMPLETE\000"
 1496      4C455F45 
 1496      56545F52 
 1496      4541445F 
 1496      41555448 
 1497              	.LASF88:
 1498 067a 43595F42 		.ascii	"CY_BLE_EVT_SET_PRIVACY_MODE_COMPLETE\000"
 1498      4C455F45 
 1498      56545F53 
 1498      45545F50 
 1498      52495641 
 1499              	.LASF121:
 1500 069f 43595F42 		.ascii	"CY_BLE_EVT_GAPC_SCAN_START_STOP\000"
 1500      4C455F45 
 1500      56545F47 
 1500      4150435F 
 1500      5343414E 
 1501              	.LASF193:
 1502 06bf 6877436F 		.ascii	"hwConfigStc\000"
 1502      6E666967 
 1502      53746300 
 1503              	.LASF138:
 1504 06cb 43595F42 		.ascii	"CY_BLE_EVT_GATT_CONNECT_IND\000"
 1504      4C455F45 
 1504      56545F47 
 1504      4154545F 
 1504      434F4E4E 
 1505              	.LASF30:
 1506 06e7 72784275 		.ascii	"rxBufIdx\000"
 1506      66496478 
 1506      00
 1507              	.LASF200:
 1508 06f0 6970635F 		.ascii	"ipc_msg_t\000"
 1508      6D73675F 
 1508      7400
 1509              	.LASF185:
 1510 06fa 43595F42 		.ascii	"CY_BLE_CONN_STATE_CLIENT_SRVC_DISCOVERING\000"
 1510      4C455F43 
 1510      4F4E4E5F 
ARM GAS  C:\Users\Brian\AppData\Local\Temp\ccNqKVZa.s 			page 32


 1510      53544154 
 1510      455F434C 
 1511              	.LASF32:
 1512 0724 74784275 		.ascii	"txBufSize\000"
 1512      6653697A 
 1512      6500
 1513              	.LASF143:
 1514 072e 43595F42 		.ascii	"CY_BLE_EVT_GATTC_READ_BY_TYPE_RSP\000"
 1514      4C455F45 
 1514      56545F47 
 1514      41545443 
 1514      5F524541 
 1515              	.LASF69:
 1516 0750 43595F42 		.ascii	"CY_BLE_EVT_LE_SET_EVENT_MASK_COMPLETE\000"
 1516      4C455F45 
 1516      56545F4C 
 1516      455F5345 
 1516      545F4556 
 1517              	.LASF11:
 1518 0776 756E7369 		.ascii	"unsigned int\000"
 1518      676E6564 
 1518      20696E74 
 1518      00
 1519              	.LASF83:
 1520 0783 43595F42 		.ascii	"CY_BLE_EVT_REMOVE_DEVICE_FROM_WHITE_LIST_COMPLETE\000"
 1520      4C455F45 
 1520      56545F52 
 1520      454D4F56 
 1520      455F4445 
 1521              	.LASF81:
 1522 07b5 43595F42 		.ascii	"CY_BLE_EVT_REMOVE_DEVICE_FROM_RPA_LIST_COMPLETE\000"
 1522      4C455F45 
 1522      56545F52 
 1522      454D4F56 
 1522      455F4445 
 1523              	.LASF154:
 1524 07e5 43595F42 		.ascii	"CY_BLE_EVT_GATTC_EXEC_WRITE_RSP\000"
 1524      4C455F45 
 1524      56545F47 
 1524      41545443 
 1524      5F455845 
 1525              	.LASF137:
 1526 0805 43595F42 		.ascii	"CY_BLE_EVT_GATTC_ERROR_RSP\000"
 1526      4C455F45 
 1526      56545F47 
 1526      41545443 
 1526      5F455252 
 1527              	.LASF136:
 1528 0820 43595F42 		.ascii	"CY_BLE_EVT_GAP_ADV_TX\000"
 1528      4C455F45 
 1528      56545F47 
 1528      41505F41 
 1528      44565F54 
 1529              	.LASF8:
 1530 0836 6C6F6E67 		.ascii	"long unsigned int\000"
 1530      20756E73 
 1530      69676E65 
ARM GAS  C:\Users\Brian\AppData\Local\Temp\ccNqKVZa.s 			page 33


 1530      6420696E 
 1530      7400
 1531              	.LASF187:
 1532 0848 43595F42 		.ascii	"CY_BLE_CONN_STATE_CLIENT_CHAR_DISCOVERING\000"
 1532      4C455F43 
 1532      4F4E4E5F 
 1532      53544154 
 1532      455F434C 
 1533              	.LASF209:
 1534 0872 6970634D 		.ascii	"ipcMsgForCM4\000"
 1534      7367466F 
 1534      72434D34 
 1534      00
 1535              	.LASF205:
 1536 087f 55415254 		.ascii	"UART_context\000"
 1536      5F636F6E 
 1536      74657874 
 1536      00
 1537              	.LASF108:
 1538 088c 43595F42 		.ascii	"CY_BLE_EVT_SET_CE_LENGTH_COMPLETE\000"
 1538      4C455F45 
 1538      56545F53 
 1538      45545F43 
 1538      455F4C45 
 1539              	.LASF147:
 1540 08ae 43595F42 		.ascii	"CY_BLE_EVT_GATTC_READ_BLOB_RSP\000"
 1540      4C455F45 
 1540      56545F47 
 1540      41545443 
 1540      5F524541 
 1541              	.LASF118:
 1542 08cd 43595F42 		.ascii	"CY_BLE_EVT_GAP_DEVICE_DISCONNECTED\000"
 1542      4C455F45 
 1542      56545F47 
 1542      41505F44 
 1542      45564943 
 1543              	.LASF87:
 1544 08f0 43595F42 		.ascii	"CY_BLE_EVT_PHY_UPDATE_COMPLETE\000"
 1544      4C455F45 
 1544      56545F50 
 1544      48595F55 
 1544      50444154 
 1545              	.LASF199:
 1546 090f 64617461 		.ascii	"data\000"
 1546      00
 1547              	.LASF5:
 1548 0914 73686F72 		.ascii	"short unsigned int\000"
 1548      7420756E 
 1548      7369676E 
 1548      65642069 
 1548      6E7400
 1549              	.LASF155:
 1550 0927 43595F42 		.ascii	"CY_BLE_EVT_GATTC_HANDLE_VALUE_NTF\000"
 1550      4C455F45 
 1550      56545F47 
 1550      41545443 
 1550      5F48414E 
ARM GAS  C:\Users\Brian\AppData\Local\Temp\ccNqKVZa.s 			page 34


 1551              	.LASF207:
 1552 0949 4144435F 		.ascii	"ADC_1_allConfigs\000"
 1552      315F616C 
 1552      6C436F6E 
 1552      66696773 
 1552      00
 1553              	.LASF46:
 1554 095a 72616E67 		.ascii	"rangeThres\000"
 1554      65546872 
 1554      657300
 1555              	.LASF203:
 1556 0965 63795F62 		.ascii	"cy_ble_connState\000"
 1556      6C655F63 
 1556      6F6E6E53 
 1556      74617465 
 1556      00
 1557              	.LASF62:
 1558 0976 43595F42 		.ascii	"CY_BLE_EVT_MEMORY_REQUEST\000"
 1558      4C455F45 
 1558      56545F4D 
 1558      454D4F52 
 1558      595F5245 
 1559              	.LASF66:
 1560 0990 43595F42 		.ascii	"CY_BLE_EVT_WRITE_AUTH_PAYLOAD_TO_COMPLETE\000"
 1560      4C455F45 
 1560      56545F57 
 1560      52495445 
 1560      5F415554 
 1561              	.LASF192:
 1562 09ba 6E756D43 		.ascii	"numChannels\000"
 1562      68616E6E 
 1562      656C7300 
 1563              	.LASF58:
 1564 09c6 43595F42 		.ascii	"CY_BLE_EVT_INVALID\000"
 1564      4C455F45 
 1564      56545F49 
 1564      4E56414C 
 1564      494400
 1565              	.LASF94:
 1566 09d9 43595F42 		.ascii	"CY_BLE_EVT_GET_TX_PWR_COMPLETE\000"
 1566      4C455F45 
 1566      56545F47 
 1566      45545F54 
 1566      585F5057 
 1567              	.LASF49:
 1568 09f8 6368616E 		.ascii	"chanConfig\000"
 1568      436F6E66 
 1568      696700
 1569              	.LASF95:
 1570 0a03 43595F42 		.ascii	"CY_BLE_EVT_SET_TX_PWR_COMPLETE\000"
 1570      4C455F45 
 1570      56545F53 
 1570      45545F54 
 1570      585F5057 
 1571              	.LASF0:
 1572 0a22 73686F72 		.ascii	"short int\000"
 1572      7420696E 
ARM GAS  C:\Users\Brian\AppData\Local\Temp\ccNqKVZa.s 			page 35


 1572      7400
 1573              	.LASF109:
 1574 0a2c 43595F42 		.ascii	"CY_BLE_EVT_SET_CONN_PRIORITY_COMPLETE\000"
 1574      4C455F45 
 1574      56545F53 
 1574      45545F43 
 1574      4F4E4E5F 
 1575              	.LASF90:
 1576 0a52 43595F42 		.ascii	"CY_BLE_EVT_SOFT_RESET_COMPLETE\000"
 1576      4C455F45 
 1576      56545F53 
 1576      4F46545F 
 1576      52455345 
 1577              	.LASF26:
 1578 0a71 72785269 		.ascii	"rxRingBufHead\000"
 1578      6E674275 
 1578      66486561 
 1578      6400
 1579              	.LASF198:
 1580 0a7f 75736572 		.ascii	"userCode\000"
 1580      436F6465 
 1580      00
 1581              	.LASF149:
 1582 0a88 43595F42 		.ascii	"CY_BLE_EVT_GATTS_WRITE_REQ\000"
 1582      4C455F45 
 1582      56545F47 
 1582      41545453 
 1582      5F575249 
 1583              	.LASF175:
 1584 0aa3 61747449 		.ascii	"attId\000"
 1584      6400
 1585              	.LASF161:
 1586 0aa9 43595F42 		.ascii	"CY_BLE_EVT_GATTC_LONG_PROCEDURE_END\000"
 1586      4C455F45 
 1586      56545F47 
 1586      41545443 
 1586      5F4C4F4E 
 1587              	.LASF37:
 1588 0acd 43595F53 		.ascii	"CY_SAR_RANGE_COND_BELOW\000"
 1588      41525F52 
 1588      414E4745 
 1588      5F434F4E 
 1588      445F4245 
 1589              	.LASF127:
 1590 0ae5 43595F42 		.ascii	"CY_BLE_EVT_GAPC_DIRECT_ADV_REPORT\000"
 1590      4C455F45 
 1590      56545F47 
 1590      4150435F 
 1590      44495245 
 1591              	.LASF156:
 1592 0b07 43595F42 		.ascii	"CY_BLE_EVT_GATTC_HANDLE_VALUE_IND\000"
 1592      4C455F45 
 1592      56545F47 
 1592      41545443 
 1592      5F48414E 
 1593              	.LASF15:
 1594 0b29 73697A65 		.ascii	"sizetype\000"
ARM GAS  C:\Users\Brian\AppData\Local\Temp\ccNqKVZa.s 			page 36


 1594      74797065 
 1594      00
 1595              	.LASF63:
 1596 0b32 43595F42 		.ascii	"CY_BLE_EVT_PENDING_FLASH_WRITE\000"
 1596      4C455F45 
 1596      56545F50 
 1596      454E4449 
 1596      4E475F46 
 1597              	.LASF122:
 1598 0b51 43595F42 		.ascii	"CY_BLE_EVT_GAP_KEYINFO_EXCHNGE_CMPLT\000"
 1598      4C455F45 
 1598      56545F47 
 1598      41505F4B 
 1598      4559494E 
 1599              	.LASF96:
 1600 0b76 43595F42 		.ascii	"CY_BLE_EVT_GET_CLK_CONFIG_COMPLETE\000"
 1600      4C455F45 
 1600      56545F47 
 1600      45545F43 
 1600      4C4B5F43 
 1601              	.LASF78:
 1602 0b99 43595F42 		.ascii	"CY_BLE_EVT_SET_RPA_ENABLE_COMPLETE\000"
 1602      4C455F45 
 1602      56545F53 
 1602      45545F52 
 1602      50415F45 
 1603              	.LASF45:
 1604 0bbc 73616D70 		.ascii	"sampleTime23\000"
 1604      6C655469 
 1604      6D653233 
 1604      00
 1605              	.LASF165:
 1606 0bc9 43595F42 		.ascii	"CY_BLE_EVT_L2CAP_CBFC_CONN_IND\000"
 1606      4C455F45 
 1606      56545F4C 
 1606      32434150 
 1606      5F434246 
 1607              	.LASF117:
 1608 0be8 43595F42 		.ascii	"CY_BLE_EVT_GAP_DEVICE_CONNECTED\000"
 1608      4C455F45 
 1608      56545F47 
 1608      41505F44 
 1608      45564943 
 1609              	.LASF61:
 1610 0c08 43595F42 		.ascii	"CY_BLE_EVT_STACK_BUSY_STATUS\000"
 1610      4C455F45 
 1610      56545F53 
 1610      5441434B 
 1610      5F425553 
 1611              	.LASF55:
 1612 0c25 636F6E66 		.ascii	"configRouting\000"
 1612      6967526F 
 1612      7574696E 
 1612      6700
 1613              	.LASF126:
 1614 0c33 43595F42 		.ascii	"CY_BLE_EVT_GAP_ENHANCE_CONN_COMPLETE\000"
 1614      4C455F45 
ARM GAS  C:\Users\Brian\AppData\Local\Temp\ccNqKVZa.s 			page 37


 1614      56545F47 
 1614      41505F45 
 1614      4E48414E 
 1615              	.LASF105:
 1616 0c58 43595F42 		.ascii	"CY_BLE_EVT_RADIO_VOLTAGE_LEVEL\000"
 1616      4C455F45 
 1616      56545F52 
 1616      4144494F 
 1616      5F564F4C 
 1617              	.LASF34:
 1618 0c77 63624576 		.ascii	"cbEvents\000"
 1618      656E7473 
 1618      00
 1619              	.LASF160:
 1620 0c80 43595F42 		.ascii	"CY_BLE_EVT_GATTS_READ_CHAR_VAL_ACCESS_REQ\000"
 1620      4C455F45 
 1620      56545F47 
 1620      41545453 
 1620      5F524541 
 1621              	.LASF157:
 1622 0caa 43595F42 		.ascii	"CY_BLE_EVT_GATTS_HANDLE_VALUE_CNF\000"
 1622      4C455F45 
 1622      56545F47 
 1622      41545453 
 1622      5F48414E 
 1623              	.LASF190:
 1624 0ccc 63795F65 		.ascii	"cy_en_ble_conn_state_t\000"
 1624      6E5F626C 
 1624      655F636F 
 1624      6E6E5F73 
 1624      74617465 
 1625              	.LASF79:
 1626 0ce3 43595F42 		.ascii	"CY_BLE_EVT_SET_HOST_CHANNEL_COMPLETE\000"
 1626      4C455F45 
 1626      56545F53 
 1626      45545F48 
 1626      4F53545F 
 1627              	.LASF134:
 1628 0d08 43595F42 		.ascii	"CY_BLE_EVT_GAP_CONN_ESTB\000"
 1628      4C455F45 
 1628      56545F47 
 1628      41505F43 
 1628      4F4E4E5F 
 1629              	.LASF80:
 1630 0d21 43595F42 		.ascii	"CY_BLE_EVT_ADD_DEVICE_TO_RPA_LIST_COMPLETE\000"
 1630      4C455F45 
 1630      56545F41 
 1630      44445F44 
 1630      45564943 
 1631              	.LASF91:
 1632 0d4c 43595F42 		.ascii	"CY_BLE_EVT_SET_DEVICE_ADDR_COMPLETE\000"
 1632      4C455F45 
 1632      56545F53 
 1632      45545F44 
 1632      45564943 
 1633              	.LASF150:
 1634 0d70 43595F42 		.ascii	"CY_BLE_EVT_GATTC_WRITE_RSP\000"
ARM GAS  C:\Users\Brian\AppData\Local\Temp\ccNqKVZa.s 			page 38


 1634      4C455F45 
 1634      56545F47 
 1634      41545443 
 1634      5F575249 
 1635              	.LASF71:
 1636 0d8b 43595F42 		.ascii	"CY_BLE_EVT_SET_DATA_LENGTH_COMPLETE\000"
 1636      4C455F45 
 1636      56545F53 
 1636      45545F44 
 1636      4154415F 
 1637              	.LASF189:
 1638 0daf 43595F42 		.ascii	"CY_BLE_CONN_STATE_CLIENT_DISCOVERED\000"
 1638      4C455F43 
 1638      4F4E4E5F 
 1638      53544154 
 1638      455F434C 
 1639              	.LASF18:
 1640 0dd3 666C6F61 		.ascii	"float\000"
 1640      7400
 1641              	.LASF75:
 1642 0dd9 43595F42 		.ascii	"CY_BLE_EVT_GET_PEER_RPA_COMPLETE\000"
 1642      4C455F45 
 1642      56545F47 
 1642      45545F50 
 1642      4545525F 
 1643              	.LASF107:
 1644 0dfa 43595F42 		.ascii	"CY_BLE_EVT_SET_EVENT_MASK_COMPLETE\000"
 1644      4C455F45 
 1644      56545F53 
 1644      45545F45 
 1644      56454E54 
 1645              	.LASF101:
 1646 0e1d 43595F42 		.ascii	"CY_BLE_EVT_AES_CCM_DECRYPT_COMPLETE\000"
 1646      4C455F45 
 1646      56545F41 
 1646      45535F43 
 1646      434D5F44 
 1647              	.LASF116:
 1648 0e41 43595F42 		.ascii	"CY_BLE_EVT_GAPP_ADVERTISEMENT_START_STOP\000"
 1648      4C455F45 
 1648      56545F47 
 1648      4150505F 
 1648      41445645 
 1649              	.LASF33:
 1650 0e6a 74784C65 		.ascii	"txLeftToTransmit\000"
 1650      6674546F 
 1650      5472616E 
 1650      736D6974 
 1650      00
 1651              	.LASF48:
 1652 0e7b 6368616E 		.ascii	"chanEn\000"
 1652      456E00
 1653              	.LASF38:
 1654 0e82 43595F53 		.ascii	"CY_SAR_RANGE_COND_INSIDE\000"
 1654      41525F52 
 1654      414E4745 
 1654      5F434F4E 
ARM GAS  C:\Users\Brian\AppData\Local\Temp\ccNqKVZa.s 			page 39


 1654      445F494E 
 1655              	.LASF20:
 1656 0e9b 5F426F6F 		.ascii	"_Bool\000"
 1656      6C00
 1657              	.LASF1:
 1658 0ea1 756E7369 		.ascii	"unsigned char\000"
 1658      676E6564 
 1658      20636861 
 1658      7200
 1659              	.LASF128:
 1660 0eaf 43595F42 		.ascii	"CY_BLE_EVT_GAP_SMP_NEGOTIATED_AUTH_INFO\000"
 1660      4C455F45 
 1660      56545F47 
 1660      41505F53 
 1660      4D505F4E 
 1661              	.LASF60:
 1662 0ed7 43595F42 		.ascii	"CY_BLE_EVT_TIMEOUT\000"
 1662      4C455F45 
 1662      56545F54 
 1662      494D454F 
 1662      555400
 1663              	.LASF139:
 1664 0eea 43595F42 		.ascii	"CY_BLE_EVT_GATT_DISCONNECT_IND\000"
 1664      4C455F45 
 1664      56545F47 
 1664      4154545F 
 1664      44495343 
 1665              	.LASF53:
 1666 0f09 6D757853 		.ascii	"muxSwitch\000"
 1666      77697463 
 1666      6800
 1667              	.LASF50:
 1668 0f13 696E7472 		.ascii	"intrMask\000"
 1668      4D61736B 
 1668      00
 1669              	.LASF123:
 1670 0f1c 43595F42 		.ascii	"CY_BLE_EVT_GAP_NUMERIC_COMPARISON_REQUEST\000"
 1670      4C455F45 
 1670      56545F47 
 1670      41505F4E 
 1670      554D4552 
 1671              	.LASF103:
 1672 0f46 43595F42 		.ascii	"CY_BLE_EVT_STACK_SHUTDOWN_COMPLETE\000"
 1672      4C455F45 
 1672      56545F53 
 1672      5441434B 
 1672      5F534855 
 1673              	.LASF140:
 1674 0f69 43595F42 		.ascii	"CY_BLE_EVT_GATTS_XCNHG_MTU_REQ\000"
 1674      4C455F45 
 1674      56545F47 
 1674      41545453 
 1674      5F58434E 
 1675              	.LASF85:
 1676 0f88 43595F42 		.ascii	"CY_BLE_EVT_SET_DEFAULT_PHY_COMPLETE\000"
 1676      4C455F45 
 1676      56545F53 
ARM GAS  C:\Users\Brian\AppData\Local\Temp\ccNqKVZa.s 			page 40


 1676      45545F44 
 1676      45464155 
 1677              	.LASF141:
 1678 0fac 43595F42 		.ascii	"CY_BLE_EVT_GATTC_XCHNG_MTU_RSP\000"
 1678      4C455F45 
 1678      56545F47 
 1678      41545443 
 1678      5F584348 
 1679              	.LASF130:
 1680 0fcb 43595F42 		.ascii	"CY_BLE_EVT_GAP_KEYS_GEN_COMPLETE\000"
 1680      4C455F45 
 1680      56545F47 
 1680      41505F4B 
 1680      4559535F 
 1681              	.LASF100:
 1682 0fec 43595F42 		.ascii	"CY_BLE_EVT_AES_CCM_ENCRYPT_COMPLETE\000"
 1682      4C455F45 
 1682      56545F41 
 1682      45535F43 
 1682      434D5F45 
 1683              	.LASF188:
 1684 1010 43595F42 		.ascii	"CY_BLE_CONN_STATE_CLIENT_DESCR_DISCOVERING\000"
 1684      4C455F43 
 1684      4F4E4E5F 
 1684      53544154 
 1684      455F434C 
 1685              	.LASF144:
 1686 103b 43595F42 		.ascii	"CY_BLE_EVT_GATTC_FIND_INFO_RSP\000"
 1686      4C455F45 
 1686      56545F47 
 1686      41545443 
 1686      5F46494E 
 1687              	.LASF14:
 1688 105a 75696E74 		.ascii	"uint32_t\000"
 1688      33325F74 
 1688      00
 1689              	.LASF110:
 1690 1063 43595F42 		.ascii	"CY_BLE_EVT_GAPC_SCAN_PROGRESS_RESULT\000"
 1690      4C455F45 
 1690      56545F47 
 1690      4150435F 
 1690      5343414E 
 1691              	.LASF169:
 1692 1088 43595F42 		.ascii	"CY_BLE_EVT_L2CAP_CBFC_DATA_READ\000"
 1692      4C455F45 
 1692      56545F4C 
 1692      32434150 
 1692      5F434246 
 1693              	.LASF56:
 1694 10a8 76726566 		.ascii	"vrefMvValue\000"
 1694      4D765661 
 1694      6C756500 
 1695              	.LASF84:
 1696 10b4 43595F42 		.ascii	"CY_BLE_EVT_GET_PHY_COMPLETE\000"
 1696      4C455F45 
 1696      56545F47 
 1696      45545F50 
ARM GAS  C:\Users\Brian\AppData\Local\Temp\ccNqKVZa.s 			page 41


 1696      48595F43 
 1697              	.LASF16:
 1698 10d0 6C6F6E67 		.ascii	"long double\000"
 1698      20646F75 
 1698      626C6500 
 1699              	.LASF17:
 1700 10dc 63686172 		.ascii	"char\000"
 1700      00
 1701              	.LASF184:
 1702 10e1 43595F42 		.ascii	"CY_BLE_CONN_STATE_CONNECTED\000"
 1702      4C455F43 
 1702      4F4E4E5F 
 1702      53544154 
 1702      455F434F 
 1703              	.LASF4:
 1704 10fd 5F5F7569 		.ascii	"__uint16_t\000"
 1704      6E743136 
 1704      5F7400
 1705              	.LASF52:
 1706 1108 72616E67 		.ascii	"rangeIntrMask\000"
 1706      65496E74 
 1706      724D6173 
 1706      6B00
 1707              	.LASF167:
 1708 1116 43595F42 		.ascii	"CY_BLE_EVT_L2CAP_CBFC_DISCONN_IND\000"
 1708      4C455F45 
 1708      56545F4C 
 1708      32434150 
 1708      5F434246 
 1709              	.LASF92:
 1710 1138 43595F42 		.ascii	"CY_BLE_EVT_GET_DEVICE_ADDR_COMPLETE\000"
 1710      4C455F45 
 1710      56545F47 
 1710      45545F44 
 1710      45564943 
 1711              	.LASF204:
 1712 115c 63795F62 		.ascii	"cy_ble_pendingFlashWrite\000"
 1712      6C655F70 
 1712      656E6469 
 1712      6E67466C 
 1712      61736857 
 1713              	.LASF73:
 1714 1175 43595F42 		.ascii	"CY_BLE_EVT_GET_DATA_LENGTH_COMPLETE\000"
 1714      4C455F45 
 1714      56545F47 
 1714      45545F44 
 1714      4154415F 
 1715              	.LASF168:
 1716 1199 43595F42 		.ascii	"CY_BLE_EVT_L2CAP_CBFC_DISCONN_CNF\000"
 1716      4C455F45 
 1716      56545F4C 
 1716      32434150 
 1716      5F434246 
 1717              	.LASF12:
 1718 11bb 75696E74 		.ascii	"uint8_t\000"
 1718      385F7400 
 1719              	.LASF7:
ARM GAS  C:\Users\Brian\AppData\Local\Temp\ccNqKVZa.s 			page 42


 1720 11c3 5F5F7569 		.ascii	"__uint32_t\000"
 1720      6E743332 
 1720      5F7400
 1721              	.LASF201:
 1722 11ce 63795F62 		.ascii	"cy_ble_advState\000"
 1722      6C655F61 
 1722      64765374 
 1722      61746500 
 1723              	.LASF173:
 1724 11de 43595F42 		.ascii	"CY_BLE_EVT_MAX\000"
 1724      4C455F45 
 1724      56545F4D 
 1724      415800
 1725              	.LASF120:
 1726 11ed 43595F42 		.ascii	"CY_BLE_EVT_GAP_CONNECTION_UPDATE_COMPLETE\000"
 1726      4C455F45 
 1726      56545F47 
 1726      41505F43 
 1726      4F4E4E45 
 1727              	.LASF42:
 1728 1217 6374726C 		.ascii	"ctrl\000"
 1728      00
 1729              	.LASF25:
 1730 121c 72785269 		.ascii	"rxRingBufSize\000"
 1730      6E674275 
 1730      6653697A 
 1730      6500
 1731              	.LASF125:
 1732 122a 43595F42 		.ascii	"CY_BLE_EVT_GAP_OOB_GENERATED_NOTIFICATION\000"
 1732      4C455F45 
 1732      56545F47 
 1732      41505F4F 
 1732      4F425F47 
 1733              	.LASF194:
 1734 1254 6D697363 		.ascii	"miscConfig\000"
 1734      436F6E66 
 1734      696700
 1735              	.LASF21:
 1736 125f 63795F63 		.ascii	"cy_cb_scb_uart_handle_events_t\000"
 1736      625F7363 
 1736      625F7561 
 1736      72745F68 
 1736      616E646C 
 1737              	.LASF59:
 1738 127e 43595F42 		.ascii	"CY_BLE_EVT_STACK_ON\000"
 1738      4C455F45 
 1738      56545F53 
 1738      5441434B 
 1738      5F4F4E00 
 1739              	.LASF111:
 1740 1292 43595F42 		.ascii	"CY_BLE_EVT_GAP_AUTH_REQ\000"
 1740      4C455F45 
 1740      56545F47 
 1740      41505F41 
 1740      5554485F 
 1741              	.LASF65:
 1742 12aa 43595F42 		.ascii	"CY_BLE_EVT_HARDWARE_ERROR\000"
ARM GAS  C:\Users\Brian\AppData\Local\Temp\ccNqKVZa.s 			page 43


 1742      4C455F45 
 1742      56545F48 
 1742      41524457 
 1742      4152455F 
 1743              	.LASF129:
 1744 12c4 43595F42 		.ascii	"CY_BLE_EVT_GAP_DEVICE_ADDR_GEN_COMPLETE\000"
 1744      4C455F45 
 1744      56545F47 
 1744      41505F44 
 1744      45564943 
 1745              	.LASF99:
 1746 12ec 43595F42 		.ascii	"CY_BLE_EVT_AES_ENCRYPT_COMPLETE\000"
 1746      4C455F45 
 1746      56545F41 
 1746      45535F45 
 1746      4E435259 
 1747              	.LASF77:
 1748 130c 43595F42 		.ascii	"CY_BLE_EVT_SET_RPA_TO_COMPLETE\000"
 1748      4C455F45 
 1748      56545F53 
 1748      45545F52 
 1748      50415F54 
 1749              	.LASF35:
 1750 132b 696E6974 		.ascii	"initKey\000"
 1750      4B657900 
 1751              	.LASF28:
 1752 1333 72784275 		.ascii	"rxBuf\000"
 1752      6600
 1753              	.LASF212:
 1754 1339 433A5C50 		.ascii	"C:\\PSoC 6 Projects\\sel_voltage_monitor\\SELVoltag"
 1754      536F4320 
 1754      36205072 
 1754      6F6A6563 
 1754      74735C73 
 1755 1369 654D6F6E 		.ascii	"eMonitor\\SELVoltageMonitor.cydsn\000"
 1755      69746F72 
 1755      5C53454C 
 1755      566F6C74 
 1755      6167654D 
 1756              	.LASF172:
 1757 138a 43595F42 		.ascii	"CY_BLE_EVT_L2CAP_CBFC_DATA_WRITE_IND\000"
 1757      4C455F45 
 1757      56545F4C 
 1757      32434150 
 1757      5F434246 
 1758              	.LASF135:
 1759 13af 43595F42 		.ascii	"CY_BLE_EVT_GAPP_UPDATE_ADV_SCAN_DATA_COMPLETE\000"
 1759      4C455F45 
 1759      56545F47 
 1759      4150505F 
 1759      55504441 
 1760              	.LASF47:
 1761 13dd 72616E67 		.ascii	"rangeCond\000"
 1761      65436F6E 
 1761      6400
 1762              	.LASF202:
 1763 13e7 63795F62 		.ascii	"cy_ble_connHandle\000"
ARM GAS  C:\Users\Brian\AppData\Local\Temp\ccNqKVZa.s 			page 44


 1763      6C655F63 
 1763      6F6E6E48 
 1763      616E646C 
 1763      6500
 1764              	.LASF148:
 1765 13f9 43595F42 		.ascii	"CY_BLE_EVT_GATTC_READ_MULTI_RSP\000"
 1765      4C455F45 
 1765      56545F47 
 1765      41545443 
 1765      5F524541 
 1766              	.LASF119:
 1767 1419 43595F42 		.ascii	"CY_BLE_EVT_GAP_ENCRYPT_CHANGE\000"
 1767      4C455F45 
 1767      56545F47 
 1767      41505F45 
 1767      4E435259 
 1768              	.LASF179:
 1769 1437 43595F42 		.ascii	"CY_BLE_ADV_STATE_ADVERTISING\000"
 1769      4C455F41 
 1769      44565F53 
 1769      54415445 
 1769      5F414456 
 1770              	.LASF43:
 1771 1454 73616D70 		.ascii	"sampleCtrl\000"
 1771      6C654374 
 1771      726C00
 1772              	.LASF177:
 1773 145f 43595F42 		.ascii	"CY_BLE_ADV_STATE_STOPPED\000"
 1773      4C455F41 
 1773      44565F53 
 1773      54415445 
 1773      5F53544F 
 1774              	.LASF196:
 1775 1478 4144435F 		.ascii	"ADC_1_CONFIG_STRUCT\000"
 1775      315F434F 
 1775      4E464947 
 1775      5F535452 
 1775      55435400 
 1776              	.LASF171:
 1777 148c 43595F42 		.ascii	"CY_BLE_EVT_L2CAP_CBFC_TX_CREDIT_IND\000"
 1777      4C455F45 
 1777      56545F4C 
 1777      32434150 
 1777      5F434246 
 1778              	.LASF23:
 1779 14b0 72785374 		.ascii	"rxStatus\000"
 1779      61747573 
 1779      00
 1780              	.LASF151:
 1781 14b9 43595F42 		.ascii	"CY_BLE_EVT_GATTS_WRITE_CMD_REQ\000"
 1781      4C455F45 
 1781      56545F47 
 1781      41545453 
 1781      5F575249 
 1782              	.LASF166:
 1783 14d8 43595F42 		.ascii	"CY_BLE_EVT_L2CAP_CBFC_CONN_CNF\000"
 1783      4C455F45 
ARM GAS  C:\Users\Brian\AppData\Local\Temp\ccNqKVZa.s 			page 45


 1783      56545F4C 
 1783      32434150 
 1783      5F434246 
 1784              	.LASF40:
 1785 14f7 43595F53 		.ascii	"CY_SAR_RANGE_COND_OUTSIDE\000"
 1785      41525F52 
 1785      414E4745 
 1785      5F434F4E 
 1785      445F4F55 
 1786              	.LASF27:
 1787 1511 72785269 		.ascii	"rxRingBufTail\000"
 1787      6E674275 
 1787      66546169 
 1787      6C00
 1788              	.LASF159:
 1789 151f 43595F42 		.ascii	"CY_BLE_EVT_GATTC_STOP_CMD_COMPLETE\000"
 1789      4C455F45 
 1789      56545F47 
 1789      41545443 
 1789      5F53544F 
 1790              	.LASF211:
 1791 1542 6970635F 		.ascii	"ipc_cm0p.c\000"
 1791      636D3070 
 1791      2E6300
 1792              	.LASF158:
 1793 154d 43595F42 		.ascii	"CY_BLE_EVT_GATTS_DATA_SIGNED_CMD_REQ\000"
 1793      4C455F45 
 1793      56545F47 
 1793      41545453 
 1793      5F444154 
 1794              	.LASF191:
 1795 1572 6368616E 		.ascii	"channelBase\000"
 1795      6E656C42 
 1795      61736500 
 1796              	.LASF214:
 1797 157e 434D305F 		.ascii	"CM0_ReleaseCallback\000"
 1797      52656C65 
 1797      61736543 
 1797      616C6C62 
 1797      61636B00 
 1798              	.LASF174:
 1799 1592 62644861 		.ascii	"bdHandle\000"
 1799      6E646C65 
 1799      00
 1800              	.LASF22:
 1801 159b 74785374 		.ascii	"txStatus\000"
 1801      61747573 
 1801      00
 1802              	.LASF54:
 1803 15a4 6D757853 		.ascii	"muxSwitchSqCtrl\000"
 1803      77697463 
 1803      68537143 
 1803      74726C00 
 1804              	.LASF64:
 1805 15b4 43595F42 		.ascii	"CY_BLE_EVT_FLASH_CORRUPT\000"
 1805      4C455F45 
 1805      56545F46 
ARM GAS  C:\Users\Brian\AppData\Local\Temp\ccNqKVZa.s 			page 46


 1805      4C415348 
 1805      5F434F52 
 1806              	.LASF213:
 1807 15cd 63795F73 		.ascii	"cy_stc_scb_uart_context\000"
 1807      74635F73 
 1807      63625F75 
 1807      6172745F 
 1807      636F6E74 
 1808              	.LASF183:
 1809 15e5 43595F42 		.ascii	"CY_BLE_CONN_STATE_CLIENT_DISCONNECTED_DISCOVERED\000"
 1809      4C455F43 
 1809      4F4E4E5F 
 1809      53544154 
 1809      455F434C 
 1810              	.LASF112:
 1811 1616 43595F42 		.ascii	"CY_BLE_EVT_GAP_PASSKEY_ENTRY_REQUEST\000"
 1811      4C455F45 
 1811      56545F47 
 1811      41505F50 
 1811      4153534B 
 1812              	.LASF82:
 1813 163b 43595F42 		.ascii	"CY_BLE_EVT_ADD_DEVICE_TO_WHITE_LIST_COMPLETE\000"
 1813      4C455F45 
 1813      56545F41 
 1813      44445F44 
 1813      45564943 
 1814              	.LASF70:
 1815 1668 43595F42 		.ascii	"CY_BLE_EVT_LE_PING_AUTH_TIMEOUT\000"
 1815      4C455F45 
 1815      56545F4C 
 1815      455F5049 
 1815      4E475F41 
 1816              		.ident	"GCC: (GNU Tools for ARM Embedded Processors) 5.4.1 20160609 (release) [ARM/embedded-5-bran
