ARM GAS  C:\Users\Brian\AppData\Local\Temp\ccGGxsWS.s 			page 1


   1              		.syntax unified
   2              		.cpu cortex-m4
   3              		.eabi_attribute 27, 1
   4              		.fpu fpv4-sp-d16
   5              		.eabi_attribute 20, 1
   6              		.eabi_attribute 21, 1
   7              		.eabi_attribute 23, 3
   8              		.eabi_attribute 24, 1
   9              		.eabi_attribute 25, 1
  10              		.eabi_attribute 26, 1
  11              		.eabi_attribute 30, 1
  12              		.eabi_attribute 34, 1
  13              		.eabi_attribute 18, 4
  14              		.thumb
  15              		.syntax unified
  16              		.file	"cyfitter_sysint_cfg.c"
  17              		.text
  18              	.Ltext0:
  19              		.cfi_sections	.debug_frame
  20              		.global	ADC_IRQ_cfg
  21              		.global	SCAN_INT_cfg
  22              		.global	ADC_INT_cfg
  23              		.global	UART_SCB_IRQ_cfg
  24              		.section	.rodata
  25              		.align	2
  26              		.type	ADC_IRQ_cfg, %object
  27              		.size	ADC_IRQ_cfg, 8
  28              	ADC_IRQ_cfg:
  29 0000 8A00     		.short	138
  30 0002 0000     		.space	2
  31 0004 07000000 		.word	7
  32              		.type	SCAN_INT_cfg, %object
  33              		.size	SCAN_INT_cfg, 8
  34              	SCAN_INT_cfg:
  35 0008 7B00     		.short	123
  36 000a 0000     		.space	2
  37 000c 07000000 		.word	7
  38              		.type	ADC_INT_cfg, %object
  39              		.size	ADC_INT_cfg, 8
  40              	ADC_INT_cfg:
  41 0010 7A00     		.short	122
  42 0012 0000     		.space	2
  43 0014 07000000 		.word	7
  44              		.type	UART_SCB_IRQ_cfg, %object
  45              		.size	UART_SCB_IRQ_cfg, 8
  46              	UART_SCB_IRQ_cfg:
  47 0018 2E00     		.short	46
  48 001a 0000     		.space	2
  49 001c 07000000 		.word	7
  50              		.text
  51              	.Letext0:
  52              		.file 1 "Generated_Source\\PSoC6\\pdl\\devices/psoc6/psoc63/include/cyble_416045_02.h"
  53              		.file 2 "c:\\program files (x86)\\cypress\\psoc creator\\4.2\\psoc creator\\import\\gnu\\arm\\5.4.
  54              		.file 3 "c:\\program files (x86)\\cypress\\psoc creator\\4.2\\psoc creator\\import\\gnu\\arm\\5.4.
  55              		.file 4 "Generated_Source\\PSoC6\\pdl\\drivers/peripheral/sysint/cy_sysint.h"
  56              		.file 5 "Generated_Source\\PSoC6\\pdl\\cmsis/include/core_cm4.h"
  57              		.file 6 "Generated_Source\\PSoC6\\cyfitter_sysint_cfg.c"
ARM GAS  C:\Users\Brian\AppData\Local\Temp\ccGGxsWS.s 			page 2


  58              		.section	.debug_info,"",%progbits
  59              	.Ldebug_info0:
  60 0000 01050000 		.4byte	0x501
  61 0004 0400     		.2byte	0x4
  62 0006 00000000 		.4byte	.Ldebug_abbrev0
  63 000a 04       		.byte	0x4
  64 000b 01       		.uleb128 0x1
  65 000c 59090000 		.4byte	.LASF185
  66 0010 0C       		.byte	0xc
  67 0011 990D0000 		.4byte	.LASF186
  68 0015 590F0000 		.4byte	.LASF187
  69 0019 00000000 		.4byte	.Ldebug_line0
  70 001d 02       		.uleb128 0x2
  71 001e 02       		.byte	0x2
  72 001f DE030000 		.4byte	0x3de
  73 0023 01       		.byte	0x1
  74 0024 24       		.byte	0x24
  75 0025 DE030000 		.4byte	0x3de
  76 0029 03       		.uleb128 0x3
  77 002a 3A020000 		.4byte	.LASF0
  78 002e 71       		.sleb128 -15
  79 002f 03       		.uleb128 0x3
  80 0030 4E0E0000 		.4byte	.LASF1
  81 0034 72       		.sleb128 -14
  82 0035 03       		.uleb128 0x3
  83 0036 B80E0000 		.4byte	.LASF2
  84 003a 73       		.sleb128 -13
  85 003b 03       		.uleb128 0x3
  86 003c 7E0A0000 		.4byte	.LASF3
  87 0040 74       		.sleb128 -12
  88 0041 03       		.uleb128 0x3
  89 0042 E0040000 		.4byte	.LASF4
  90 0046 75       		.sleb128 -11
  91 0047 03       		.uleb128 0x3
  92 0048 FC0C0000 		.4byte	.LASF5
  93 004c 76       		.sleb128 -10
  94 004d 03       		.uleb128 0x3
  95 004e 92060000 		.4byte	.LASF6
  96 0052 7B       		.sleb128 -5
  97 0053 03       		.uleb128 0x3
  98 0054 E30E0000 		.4byte	.LASF7
  99 0058 7C       		.sleb128 -4
 100 0059 03       		.uleb128 0x3
 101 005a 170E0000 		.4byte	.LASF8
 102 005e 7E       		.sleb128 -2
 103 005f 03       		.uleb128 0x3
 104 0060 87070000 		.4byte	.LASF9
 105 0064 7F       		.sleb128 -1
 106 0065 04       		.uleb128 0x4
 107 0066 B3010000 		.4byte	.LASF10
 108 006a 00       		.byte	0
 109 006b 04       		.uleb128 0x4
 110 006c 9C0E0000 		.4byte	.LASF11
 111 0070 01       		.byte	0x1
 112 0071 04       		.uleb128 0x4
 113 0072 1B000000 		.4byte	.LASF12
 114 0076 02       		.byte	0x2
ARM GAS  C:\Users\Brian\AppData\Local\Temp\ccGGxsWS.s 			page 3


 115 0077 04       		.uleb128 0x4
 116 0078 E30D0000 		.4byte	.LASF13
 117 007c 03       		.byte	0x3
 118 007d 04       		.uleb128 0x4
 119 007e 30100000 		.4byte	.LASF14
 120 0082 04       		.byte	0x4
 121 0083 04       		.uleb128 0x4
 122 0084 65050000 		.4byte	.LASF15
 123 0088 05       		.byte	0x5
 124 0089 04       		.uleb128 0x4
 125 008a 38070000 		.4byte	.LASF16
 126 008e 06       		.byte	0x6
 127 008f 04       		.uleb128 0x4
 128 0090 20090000 		.4byte	.LASF17
 129 0094 07       		.byte	0x7
 130 0095 04       		.uleb128 0x4
 131 0096 D3110000 		.4byte	.LASF18
 132 009a 08       		.byte	0x8
 133 009b 04       		.uleb128 0x4
 134 009c EF010000 		.4byte	.LASF19
 135 00a0 09       		.byte	0x9
 136 00a1 04       		.uleb128 0x4
 137 00a2 B50B0000 		.4byte	.LASF20
 138 00a6 0A       		.byte	0xa
 139 00a7 04       		.uleb128 0x4
 140 00a8 610A0000 		.4byte	.LASF21
 141 00ac 0B       		.byte	0xb
 142 00ad 04       		.uleb128 0x4
 143 00ae 60100000 		.4byte	.LASF22
 144 00b2 0C       		.byte	0xc
 145 00b3 04       		.uleb128 0x4
 146 00b4 B3050000 		.4byte	.LASF23
 147 00b8 0D       		.byte	0xd
 148 00b9 04       		.uleb128 0x4
 149 00ba 6A070000 		.4byte	.LASF24
 150 00be 0E       		.byte	0xe
 151 00bf 04       		.uleb128 0x4
 152 00c0 02040000 		.4byte	.LASF25
 153 00c4 0F       		.byte	0xf
 154 00c5 04       		.uleb128 0x4
 155 00c6 CD100000 		.4byte	.LASF26
 156 00ca 10       		.byte	0x10
 157 00cb 04       		.uleb128 0x4
 158 00cc FF020000 		.4byte	.LASF27
 159 00d0 11       		.byte	0x11
 160 00d1 04       		.uleb128 0x4
 161 00d2 7A000000 		.4byte	.LASF28
 162 00d6 12       		.byte	0x12
 163 00d7 04       		.uleb128 0x4
 164 00d8 1B040000 		.4byte	.LASF29
 165 00dc 13       		.byte	0x13
 166 00dd 04       		.uleb128 0x4
 167 00de 1A060000 		.4byte	.LASF30
 168 00e2 14       		.byte	0x14
 169 00e3 04       		.uleb128 0x4
 170 00e4 1C110000 		.4byte	.LASF31
 171 00e8 15       		.byte	0x15
ARM GAS  C:\Users\Brian\AppData\Local\Temp\ccGGxsWS.s 			page 4


 172 00e9 04       		.uleb128 0x4
 173 00ea 66000000 		.4byte	.LASF32
 174 00ee 16       		.byte	0x16
 175 00ef 04       		.uleb128 0x4
 176 00f0 1A050000 		.4byte	.LASF33
 177 00f4 17       		.byte	0x17
 178 00f5 04       		.uleb128 0x4
 179 00f6 C2000000 		.4byte	.LASF34
 180 00fa 18       		.byte	0x18
 181 00fb 04       		.uleb128 0x4
 182 00fc 080F0000 		.4byte	.LASF35
 183 0100 19       		.byte	0x19
 184 0101 04       		.uleb128 0x4
 185 0102 CB060000 		.4byte	.LASF36
 186 0106 1A       		.byte	0x1a
 187 0107 04       		.uleb128 0x4
 188 0108 A2080000 		.4byte	.LASF37
 189 010c 1B       		.byte	0x1b
 190 010d 04       		.uleb128 0x4
 191 010e 7F0B0000 		.4byte	.LASF38
 192 0112 1C       		.byte	0x1c
 193 0113 04       		.uleb128 0x4
 194 0114 1C010000 		.4byte	.LASF39
 195 0118 1D       		.byte	0x1d
 196 0119 04       		.uleb128 0x4
 197 011a 52030000 		.4byte	.LASF40
 198 011e 1E       		.byte	0x1e
 199 011f 04       		.uleb128 0x4
 200 0120 81050000 		.4byte	.LASF41
 201 0124 1F       		.byte	0x1f
 202 0125 04       		.uleb128 0x4
 203 0126 0C0D0000 		.4byte	.LASF42
 204 012a 20       		.byte	0x20
 205 012b 04       		.uleb128 0x4
 206 012c AA0F0000 		.4byte	.LASF43
 207 0130 21       		.byte	0x21
 208 0131 04       		.uleb128 0x4
 209 0132 EF110000 		.4byte	.LASF44
 210 0136 22       		.byte	0x22
 211 0137 04       		.uleb128 0x4
 212 0138 37110000 		.4byte	.LASF45
 213 013c 23       		.byte	0x23
 214 013d 04       		.uleb128 0x4
 215 013e 38010000 		.4byte	.LASF46
 216 0142 24       		.byte	0x24
 217 0143 04       		.uleb128 0x4
 218 0144 8A030000 		.4byte	.LASF47
 219 0148 25       		.byte	0x25
 220 0149 04       		.uleb128 0x4
 221 014a 21120000 		.4byte	.LASF48
 222 014e 26       		.byte	0x26
 223 014f 04       		.uleb128 0x4
 224 0150 440D0000 		.4byte	.LASF49
 225 0154 27       		.byte	0x27
 226 0155 04       		.uleb128 0x4
 227 0156 E20F0000 		.4byte	.LASF50
 228 015a 28       		.byte	0x28
ARM GAS  C:\Users\Brian\AppData\Local\Temp\ccGGxsWS.s 			page 5


 229 015b 04       		.uleb128 0x4
 230 015c ED000000 		.4byte	.LASF51
 231 0160 29       		.byte	0x29
 232 0161 04       		.uleb128 0x4
 233 0162 EE040000 		.4byte	.LASF52
 234 0166 2A       		.byte	0x2a
 235 0167 04       		.uleb128 0x4
 236 0168 33050000 		.4byte	.LASF53
 237 016c 2B       		.byte	0x2b
 238 016d 04       		.uleb128 0x4
 239 016e 230E0000 		.4byte	.LASF54
 240 0172 2C       		.byte	0x2c
 241 0173 04       		.uleb128 0x4
 242 0174 0B090000 		.4byte	.LASF55
 243 0178 2D       		.byte	0x2d
 244 0179 04       		.uleb128 0x4
 245 017a 37000000 		.4byte	.LASF56
 246 017e 2E       		.byte	0x2e
 247 017f 04       		.uleb128 0x4
 248 0180 870E0000 		.4byte	.LASF57
 249 0184 2F       		.byte	0x2f
 250 0185 04       		.uleb128 0x4
 251 0186 A6040000 		.4byte	.LASF58
 252 018a 30       		.byte	0x30
 253 018b 04       		.uleb128 0x4
 254 018c F50E0000 		.4byte	.LASF59
 255 0190 31       		.byte	0x31
 256 0191 04       		.uleb128 0x4
 257 0192 B1100000 		.4byte	.LASF60
 258 0196 32       		.byte	0x32
 259 0197 04       		.uleb128 0x4
 260 0198 8F000000 		.4byte	.LASF61
 261 019c 33       		.byte	0x33
 262 019d 04       		.uleb128 0x4
 263 019e CC020000 		.4byte	.LASF62
 264 01a2 34       		.byte	0x34
 265 01a3 04       		.uleb128 0x4
 266 01a4 450A0000 		.4byte	.LASF63
 267 01a8 35       		.byte	0x35
 268 01a9 04       		.uleb128 0x4
 269 01aa E6030000 		.4byte	.LASF64
 270 01ae 36       		.byte	0x36
 271 01af 04       		.uleb128 0x4
 272 01b0 C70E0000 		.4byte	.LASF65
 273 01b4 37       		.byte	0x37
 274 01b5 04       		.uleb128 0x4
 275 01b6 59040000 		.4byte	.LASF66
 276 01ba 38       		.byte	0x38
 277 01bb 04       		.uleb128 0x4
 278 01bc 70110000 		.4byte	.LASF67
 279 01c0 39       		.byte	0x39
 280 01c1 04       		.uleb128 0x4
 281 01c2 3F080000 		.4byte	.LASF68
 282 01c6 3A       		.byte	0x3a
 283 01c7 04       		.uleb128 0x4
 284 01c8 160B0000 		.4byte	.LASF69
 285 01cc 3B       		.byte	0x3b
ARM GAS  C:\Users\Brian\AppData\Local\Temp\ccGGxsWS.s 			page 6


 286 01cd 04       		.uleb128 0x4
 287 01ce 6B080000 		.4byte	.LASF70
 288 01d2 3C       		.byte	0x3c
 289 01d3 04       		.uleb128 0x4
 290 01d4 480B0000 		.4byte	.LASF71
 291 01d8 3D       		.byte	0x3d
 292 01d9 04       		.uleb128 0x4
 293 01da C60D0000 		.4byte	.LASF72
 294 01de 3E       		.byte	0x3e
 295 01df 04       		.uleb128 0x4
 296 01e0 3C090000 		.4byte	.LASF73
 297 01e4 3F       		.byte	0x3f
 298 01e5 04       		.uleb128 0x4
 299 01e6 48050000 		.4byte	.LASF74
 300 01ea 40       		.byte	0x40
 301 01eb 04       		.uleb128 0x4
 302 01ec 1B070000 		.4byte	.LASF75
 303 01f0 41       		.byte	0x41
 304 01f1 04       		.uleb128 0x4
 305 01f2 E30A0000 		.4byte	.LASF76
 306 01f6 42       		.byte	0x42
 307 01f7 04       		.uleb128 0x4
 308 01f8 280D0000 		.4byte	.LASF77
 309 01fc 43       		.byte	0x43
 310 01fd 04       		.uleb128 0x4
 311 01fe C60F0000 		.4byte	.LASF78
 312 0202 44       		.byte	0x44
 313 0203 04       		.uleb128 0x4
 314 0204 3E0C0000 		.4byte	.LASF79
 315 0208 45       		.byte	0x45
 316 0209 04       		.uleb128 0x4
 317 020a E7060000 		.4byte	.LASF80
 318 020e 46       		.byte	0x46
 319 020f 04       		.uleb128 0x4
 320 0210 BE080000 		.4byte	.LASF81
 321 0214 47       		.byte	0x47
 322 0215 04       		.uleb128 0x4
 323 0216 54110000 		.4byte	.LASF82
 324 021a 48       		.byte	0x48
 325 021b 04       		.uleb128 0x4
 326 021c 6E030000 		.4byte	.LASF83
 327 0220 49       		.byte	0x49
 328 0221 04       		.uleb128 0x4
 329 0222 A7030000 		.4byte	.LASF84
 330 0226 4A       		.byte	0x4a
 331 0227 04       		.uleb128 0x4
 332 0228 B0020000 		.4byte	.LASF85
 333 022c 4B       		.byte	0x4b
 334 022d 04       		.uleb128 0x4
 335 022e FF100000 		.4byte	.LASF86
 336 0232 4C       		.byte	0x4c
 337 0233 04       		.uleb128 0x4
 338 0234 800C0000 		.4byte	.LASF87
 339 0238 4D       		.byte	0x4d
 340 0239 04       		.uleb128 0x4
 341 023a 94100000 		.4byte	.LASF88
 342 023e 4E       		.byte	0x4e
ARM GAS  C:\Users\Brian\AppData\Local\Temp\ccGGxsWS.s 			page 7


 343 023f 04       		.uleb128 0x4
 344 0240 EB050000 		.4byte	.LASF89
 345 0244 4F       		.byte	0x4f
 346 0245 04       		.uleb128 0x4
 347 0246 94070000 		.4byte	.LASF90
 348 024a 50       		.byte	0x50
 349 024b 04       		.uleb128 0x4
 350 024c 0C0A0000 		.4byte	.LASF91
 351 0250 51       		.byte	0x51
 352 0251 04       		.uleb128 0x4
 353 0252 74060000 		.4byte	.LASF92
 354 0256 52       		.byte	0x52
 355 0257 04       		.uleb128 0x4
 356 0258 01080000 		.4byte	.LASF93
 357 025c 53       		.byte	0x53
 358 025d 04       		.uleb128 0x4
 359 025e 60020000 		.4byte	.LASF94
 360 0262 54       		.byte	0x54
 361 0263 04       		.uleb128 0x4
 362 0264 03070000 		.4byte	.LASF95
 363 0268 55       		.byte	0x55
 364 0269 04       		.uleb128 0x4
 365 026a B3110000 		.4byte	.LASF96
 366 026e 56       		.byte	0x56
 367 026f 04       		.uleb128 0x4
 368 0270 CF010000 		.4byte	.LASF97
 369 0274 57       		.byte	0x57
 370 0275 04       		.uleb128 0x4
 371 0276 030C0000 		.4byte	.LASF98
 372 027a 58       		.byte	0x58
 373 027b 04       		.uleb128 0x4
 374 027c 75040000 		.4byte	.LASF99
 375 0280 59       		.byte	0x59
 376 0281 04       		.uleb128 0x4
 377 0282 E5100000 		.4byte	.LASF100
 378 0286 5A       		.byte	0x5a
 379 0287 04       		.uleb128 0x4
 380 0288 36060000 		.4byte	.LASF101
 381 028c 5B       		.byte	0x5b
 382 028d 04       		.uleb128 0x4
 383 028e CC070000 		.4byte	.LASF102
 384 0292 5C       		.byte	0x5c
 385 0293 04       		.uleb128 0x4
 386 0294 940A0000 		.4byte	.LASF103
 387 0298 5D       		.byte	0x5d
 388 0299 04       		.uleb128 0x4
 389 029a 4C000000 		.4byte	.LASF104
 390 029e 5E       		.byte	0x5e
 391 029f 04       		.uleb128 0x4
 392 02a0 96020000 		.4byte	.LASF105
 393 02a4 5F       		.byte	0x5f
 394 02a5 04       		.uleb128 0x4
 395 02a6 BB040000 		.4byte	.LASF106
 396 02aa 60       		.byte	0x60
 397 02ab 04       		.uleb128 0x4
 398 02ac 660C0000 		.4byte	.LASF107
 399 02b0 61       		.byte	0x61
ARM GAS  C:\Users\Brian\AppData\Local\Temp\ccGGxsWS.s 			page 8


 400 02b1 04       		.uleb128 0x4
 401 02b2 15030000 		.4byte	.LASF108
 402 02b6 62       		.byte	0x62
 403 02b7 04       		.uleb128 0x4
 404 02b8 C90A0000 		.4byte	.LASF109
 405 02bc 63       		.byte	0x63
 406 02bd 04       		.uleb128 0x4
 407 02be E20C0000 		.4byte	.LASF110
 408 02c2 64       		.byte	0x64
 409 02c3 04       		.uleb128 0x4
 410 02c4 3F0F0000 		.4byte	.LASF111
 411 02c8 65       		.byte	0x65
 412 02c9 04       		.uleb128 0x4
 413 02ca 99110000 		.4byte	.LASF112
 414 02ce 66       		.byte	0x66
 415 02cf 04       		.uleb128 0x4
 416 02d0 B1060000 		.4byte	.LASF113
 417 02d4 67       		.byte	0x67
 418 02d5 04       		.uleb128 0x4
 419 02d6 88080000 		.4byte	.LASF114
 420 02da 68       		.byte	0x68
 421 02db 04       		.uleb128 0x4
 422 02dc 650B0000 		.4byte	.LASF115
 423 02e0 69       		.byte	0x69
 424 02e1 04       		.uleb128 0x4
 425 02e2 02010000 		.4byte	.LASF116
 426 02e6 6A       		.byte	0x6a
 427 02e7 04       		.uleb128 0x4
 428 02e8 38030000 		.4byte	.LASF117
 429 02ec 6B       		.byte	0x6b
 430 02ed 04       		.uleb128 0x4
 431 02ee 98010000 		.4byte	.LASF118
 432 02f2 6C       		.byte	0x6c
 433 02f3 04       		.uleb128 0x4
 434 02f4 CB030000 		.4byte	.LASF119
 435 02f8 6D       		.byte	0x6d
 436 02f9 04       		.uleb128 0x4
 437 02fa D0050000 		.4byte	.LASF120
 438 02fe 6E       		.byte	0x6e
 439 02ff 04       		.uleb128 0x4
 440 0300 E6070000 		.4byte	.LASF121
 441 0304 6F       		.byte	0x6f
 442 0305 04       		.uleb128 0x4
 443 0306 15100000 		.4byte	.LASF122
 444 030a 70       		.byte	0x70
 445 030b 04       		.uleb128 0x4
 446 030c 00000000 		.4byte	.LASF123
 447 0310 71       		.byte	0x71
 448 0311 04       		.uleb128 0x4
 449 0312 45020000 		.4byte	.LASF124
 450 0316 72       		.byte	0x72
 451 0317 04       		.uleb128 0x4
 452 0318 F0080000 		.4byte	.LASF125
 453 031c 73       		.byte	0x73
 454 031d 04       		.uleb128 0x4
 455 031e 230C0000 		.4byte	.LASF126
 456 0322 74       		.byte	0x74
ARM GAS  C:\Users\Brian\AppData\Local\Temp\ccGGxsWS.s 			page 9


 457 0323 04       		.uleb128 0x4
 458 0324 6C0E0000 		.4byte	.LASF127
 459 0328 75       		.byte	0x75
 460 0329 04       		.uleb128 0x4
 461 032a AE0A0000 		.4byte	.LASF128
 462 032e 76       		.byte	0x76
 463 032f 04       		.uleb128 0x4
 464 0330 BE0C0000 		.4byte	.LASF129
 465 0334 77       		.byte	0x77
 466 0335 04       		.uleb128 0x4
 467 0336 240F0000 		.4byte	.LASF130
 468 033a 78       		.byte	0x78
 469 033b 04       		.uleb128 0x4
 470 033c B1070000 		.4byte	.LASF131
 471 0340 79       		.byte	0x79
 472 0341 04       		.uleb128 0x4
 473 0342 55010000 		.4byte	.LASF132
 474 0346 7A       		.byte	0x7a
 475 0347 04       		.uleb128 0x4
 476 0348 D7000000 		.4byte	.LASF133
 477 034c 7B       		.byte	0x7b
 478 034d 04       		.uleb128 0x4
 479 034e 9D050000 		.4byte	.LASF134
 480 0352 7C       		.byte	0x7c
 481 0353 04       		.uleb128 0x4
 482 0354 54070000 		.4byte	.LASF135
 483 0358 7D       		.byte	0x7d
 484 0359 04       		.uleb128 0x4
 485 035a FF0F0000 		.4byte	.LASF136
 486 035e 7E       		.byte	0x7e
 487 035f 04       		.uleb128 0x4
 488 0360 0B120000 		.4byte	.LASF137
 489 0364 7F       		.byte	0x7f
 490 0365 04       		.uleb128 0x4
 491 0366 24020000 		.4byte	.LASF138
 492 036a 80       		.byte	0x80
 493 036b 04       		.uleb128 0x4
 494 036c DA080000 		.4byte	.LASF139
 495 0370 81       		.byte	0x81
 496 0371 04       		.uleb128 0x4
 497 0372 D20B0000 		.4byte	.LASF140
 498 0376 82       		.byte	0x82
 499 0377 04       		.uleb128 0x4
 500 0378 380E0000 		.4byte	.LASF141
 501 037c 83       		.byte	0x83
 502 037d 04       		.uleb128 0x4
 503 037e 28080000 		.4byte	.LASF142
 504 0382 84       		.byte	0x84
 505 0383 04       		.uleb128 0x4
 506 0384 FF0A0000 		.4byte	.LASF143
 507 0388 85       		.byte	0x85
 508 0389 04       		.uleb128 0x4
 509 038a AB000000 		.4byte	.LASF144
 510 038e 86       		.byte	0x86
 511 038f 04       		.uleb128 0x4
 512 0390 E8020000 		.4byte	.LASF145
 513 0394 87       		.byte	0x87
ARM GAS  C:\Users\Brian\AppData\Local\Temp\ccGGxsWS.s 			page 10


 514 0395 04       		.uleb128 0x4
 515 0396 03050000 		.4byte	.LASF146
 516 039a 88       		.byte	0x88
 517 039b 04       		.uleb128 0x4
 518 039c 9D0C0000 		.4byte	.LASF147
 519 03a0 89       		.byte	0x89
 520 03a1 04       		.uleb128 0x4
 521 03a2 FF0D0000 		.4byte	.LASF148
 522 03a6 8A       		.byte	0x8a
 523 03a7 04       		.uleb128 0x4
 524 03a8 3E040000 		.4byte	.LASF149
 525 03ac 8B       		.byte	0x8b
 526 03ad 04       		.uleb128 0x4
 527 03ae 610D0000 		.4byte	.LASF150
 528 03b2 8C       		.byte	0x8c
 529 03b3 04       		.uleb128 0x4
 530 03b4 7D100000 		.4byte	.LASF151
 531 03b8 8D       		.byte	0x8d
 532 03b9 04       		.uleb128 0x4
 533 03ba 4C100000 		.4byte	.LASF152
 534 03be 8E       		.byte	0x8e
 535 03bf 04       		.uleb128 0x4
 536 03c0 290A0000 		.4byte	.LASF153
 537 03c4 8F       		.byte	0x8f
 538 03c5 04       		.uleb128 0x4
 539 03c6 5D060000 		.4byte	.LASF154
 540 03ca 90       		.byte	0x90
 541 03cb 04       		.uleb128 0x4
 542 03cc 82010000 		.4byte	.LASF155
 543 03d0 91       		.byte	0x91
 544 03d1 04       		.uleb128 0x4
 545 03d2 0B020000 		.4byte	.LASF156
 546 03d6 92       		.byte	0x92
 547 03d7 04       		.uleb128 0x4
 548 03d8 E80B0000 		.4byte	.LASF157
 549 03dc F0       		.byte	0xf0
 550 03dd 00       		.byte	0
 551 03de 05       		.uleb128 0x5
 552 03df 02       		.byte	0x2
 553 03e0 05       		.byte	0x5
 554 03e1 F90B0000 		.4byte	.LASF158
 555 03e5 06       		.uleb128 0x6
 556 03e6 B40C0000 		.4byte	.LASF162
 557 03ea 01       		.byte	0x1
 558 03eb F4       		.byte	0xf4
 559 03ec 1D000000 		.4byte	0x1d
 560 03f0 05       		.uleb128 0x5
 561 03f1 01       		.byte	0x1
 562 03f2 06       		.byte	0x6
 563 03f3 8A020000 		.4byte	.LASF159
 564 03f7 05       		.uleb128 0x5
 565 03f8 01       		.byte	0x1
 566 03f9 08       		.byte	0x8
 567 03fa 3A0B0000 		.4byte	.LASF160
 568 03fe 05       		.uleb128 0x5
 569 03ff 02       		.byte	0x2
 570 0400 07       		.byte	0x7
ARM GAS  C:\Users\Brian\AppData\Local\Temp\ccGGxsWS.s 			page 11


 571 0401 9E060000 		.4byte	.LASF161
 572 0405 06       		.uleb128 0x6
 573 0406 620E0000 		.4byte	.LASF163
 574 040a 02       		.byte	0x2
 575 040b 3F       		.byte	0x3f
 576 040c 10040000 		.4byte	0x410
 577 0410 05       		.uleb128 0x5
 578 0411 04       		.byte	0x4
 579 0412 05       		.byte	0x5
 580 0413 2F030000 		.4byte	.LASF164
 581 0417 06       		.uleb128 0x6
 582 0418 D5040000 		.4byte	.LASF165
 583 041c 02       		.byte	0x2
 584 041d 41       		.byte	0x41
 585 041e 22040000 		.4byte	0x422
 586 0422 05       		.uleb128 0x5
 587 0423 04       		.byte	0x4
 588 0424 07       		.byte	0x7
 589 0425 08060000 		.4byte	.LASF166
 590 0429 05       		.uleb128 0x5
 591 042a 08       		.byte	0x8
 592 042b 05       		.byte	0x5
 593 042c 7C020000 		.4byte	.LASF167
 594 0430 05       		.uleb128 0x5
 595 0431 08       		.byte	0x8
 596 0432 07       		.byte	0x7
 597 0433 6B010000 		.4byte	.LASF168
 598 0437 07       		.uleb128 0x7
 599 0438 04       		.byte	0x4
 600 0439 05       		.byte	0x5
 601 043a 696E7400 		.ascii	"int\000"
 602 043e 05       		.uleb128 0x5
 603 043f 04       		.byte	0x4
 604 0440 07       		.byte	0x7
 605 0441 A80B0000 		.4byte	.LASF169
 606 0445 06       		.uleb128 0x6
 607 0446 320B0000 		.4byte	.LASF170
 608 044a 03       		.byte	0x3
 609 044b 2C       		.byte	0x2c
 610 044c 05040000 		.4byte	0x405
 611 0450 06       		.uleb128 0x6
 612 0451 D90C0000 		.4byte	.LASF171
 613 0455 03       		.byte	0x3
 614 0456 30       		.byte	0x30
 615 0457 17040000 		.4byte	0x417
 616 045b 05       		.uleb128 0x5
 617 045c 04       		.byte	0x4
 618 045d 07       		.byte	0x7
 619 045e 1F080000 		.4byte	.LASF172
 620 0462 05       		.uleb128 0x5
 621 0463 08       		.byte	0x8
 622 0464 04       		.byte	0x4
 623 0465 7C0D0000 		.4byte	.LASF173
 624 0469 05       		.uleb128 0x5
 625 046a 01       		.byte	0x1
 626 046b 08       		.byte	0x8
 627 046c 940D0000 		.4byte	.LASF174
ARM GAS  C:\Users\Brian\AppData\Local\Temp\ccGGxsWS.s 			page 12


 628 0470 05       		.uleb128 0x5
 629 0471 04       		.byte	0x4
 630 0472 04       		.byte	0x4
 631 0473 3F0A0000 		.4byte	.LASF175
 632 0477 05       		.uleb128 0x5
 633 0478 08       		.byte	0x8
 634 0479 04       		.byte	0x4
 635 047a 37040000 		.4byte	.LASF176
 636 047e 08       		.uleb128 0x8
 637 047f 08       		.byte	0x8
 638 0480 04       		.byte	0x4
 639 0481 EB       		.byte	0xeb
 640 0482 9F040000 		.4byte	0x49f
 641 0486 09       		.uleb128 0x9
 642 0487 C3030000 		.4byte	.LASF177
 643 048b 04       		.byte	0x4
 644 048c EC       		.byte	0xec
 645 048d E5030000 		.4byte	0x3e5
 646 0491 00       		.byte	0
 647 0492 09       		.uleb128 0x9
 648 0493 8C110000 		.4byte	.LASF178
 649 0497 04       		.byte	0x4
 650 0498 F0       		.byte	0xf0
 651 0499 50040000 		.4byte	0x450
 652 049d 04       		.byte	0x4
 653 049e 00       		.byte	0
 654 049f 06       		.uleb128 0x6
 655 04a0 5B080000 		.4byte	.LASF179
 656 04a4 04       		.byte	0x4
 657 04a5 F1       		.byte	0xf1
 658 04a6 7E040000 		.4byte	0x47e
 659 04aa 0A       		.uleb128 0xa
 660 04ab 9B0B0000 		.4byte	.LASF180
 661 04af 05       		.byte	0x5
 662 04b0 EA07     		.2byte	0x7ea
 663 04b2 B6040000 		.4byte	0x4b6
 664 04b6 0B       		.uleb128 0xb
 665 04b7 45040000 		.4byte	0x445
 666 04bb 0C       		.uleb128 0xc
 667 04bc 95040000 		.4byte	.LASF181
 668 04c0 06       		.byte	0x6
 669 04c1 24       		.byte	0x24
 670 04c2 CC040000 		.4byte	0x4cc
 671 04c6 05       		.uleb128 0x5
 672 04c7 03       		.byte	0x3
 673 04c8 00000000 		.4byte	UART_SCB_IRQ_cfg
 674 04cc 0D       		.uleb128 0xd
 675 04cd 9F040000 		.4byte	0x49f
 676 04d1 0C       		.uleb128 0xc
 677 04d2 5A0C0000 		.4byte	.LASF182
 678 04d6 06       		.byte	0x6
 679 04d7 2A       		.byte	0x2a
 680 04d8 CC040000 		.4byte	0x4cc
 681 04dc 05       		.uleb128 0x5
 682 04dd 03       		.byte	0x3
 683 04de 00000000 		.4byte	ADC_INT_cfg
 684 04e2 0C       		.uleb128 0xc
ARM GAS  C:\Users\Brian\AppData\Local\Temp\ccGGxsWS.s 			page 13


 685 04e3 50060000 		.4byte	.LASF183
 686 04e7 06       		.byte	0x6
 687 04e8 30       		.byte	0x30
 688 04e9 CC040000 		.4byte	0x4cc
 689 04ed 05       		.uleb128 0x5
 690 04ee 03       		.byte	0x3
 691 04ef 00000000 		.4byte	SCAN_INT_cfg
 692 04f3 0C       		.uleb128 0xc
 693 04f4 880D0000 		.4byte	.LASF184
 694 04f8 06       		.byte	0x6
 695 04f9 36       		.byte	0x36
 696 04fa CC040000 		.4byte	0x4cc
 697 04fe 05       		.uleb128 0x5
 698 04ff 03       		.byte	0x3
 699 0500 00000000 		.4byte	ADC_IRQ_cfg
 700 0504 00       		.byte	0
 701              		.section	.debug_abbrev,"",%progbits
 702              	.Ldebug_abbrev0:
 703 0000 01       		.uleb128 0x1
 704 0001 11       		.uleb128 0x11
 705 0002 01       		.byte	0x1
 706 0003 25       		.uleb128 0x25
 707 0004 0E       		.uleb128 0xe
 708 0005 13       		.uleb128 0x13
 709 0006 0B       		.uleb128 0xb
 710 0007 03       		.uleb128 0x3
 711 0008 0E       		.uleb128 0xe
 712 0009 1B       		.uleb128 0x1b
 713 000a 0E       		.uleb128 0xe
 714 000b 10       		.uleb128 0x10
 715 000c 17       		.uleb128 0x17
 716 000d 00       		.byte	0
 717 000e 00       		.byte	0
 718 000f 02       		.uleb128 0x2
 719 0010 04       		.uleb128 0x4
 720 0011 01       		.byte	0x1
 721 0012 0B       		.uleb128 0xb
 722 0013 0B       		.uleb128 0xb
 723 0014 49       		.uleb128 0x49
 724 0015 13       		.uleb128 0x13
 725 0016 3A       		.uleb128 0x3a
 726 0017 0B       		.uleb128 0xb
 727 0018 3B       		.uleb128 0x3b
 728 0019 0B       		.uleb128 0xb
 729 001a 01       		.uleb128 0x1
 730 001b 13       		.uleb128 0x13
 731 001c 00       		.byte	0
 732 001d 00       		.byte	0
 733 001e 03       		.uleb128 0x3
 734 001f 28       		.uleb128 0x28
 735 0020 00       		.byte	0
 736 0021 03       		.uleb128 0x3
 737 0022 0E       		.uleb128 0xe
 738 0023 1C       		.uleb128 0x1c
 739 0024 0D       		.uleb128 0xd
 740 0025 00       		.byte	0
 741 0026 00       		.byte	0
ARM GAS  C:\Users\Brian\AppData\Local\Temp\ccGGxsWS.s 			page 14


 742 0027 04       		.uleb128 0x4
 743 0028 28       		.uleb128 0x28
 744 0029 00       		.byte	0
 745 002a 03       		.uleb128 0x3
 746 002b 0E       		.uleb128 0xe
 747 002c 1C       		.uleb128 0x1c
 748 002d 0B       		.uleb128 0xb
 749 002e 00       		.byte	0
 750 002f 00       		.byte	0
 751 0030 05       		.uleb128 0x5
 752 0031 24       		.uleb128 0x24
 753 0032 00       		.byte	0
 754 0033 0B       		.uleb128 0xb
 755 0034 0B       		.uleb128 0xb
 756 0035 3E       		.uleb128 0x3e
 757 0036 0B       		.uleb128 0xb
 758 0037 03       		.uleb128 0x3
 759 0038 0E       		.uleb128 0xe
 760 0039 00       		.byte	0
 761 003a 00       		.byte	0
 762 003b 06       		.uleb128 0x6
 763 003c 16       		.uleb128 0x16
 764 003d 00       		.byte	0
 765 003e 03       		.uleb128 0x3
 766 003f 0E       		.uleb128 0xe
 767 0040 3A       		.uleb128 0x3a
 768 0041 0B       		.uleb128 0xb
 769 0042 3B       		.uleb128 0x3b
 770 0043 0B       		.uleb128 0xb
 771 0044 49       		.uleb128 0x49
 772 0045 13       		.uleb128 0x13
 773 0046 00       		.byte	0
 774 0047 00       		.byte	0
 775 0048 07       		.uleb128 0x7
 776 0049 24       		.uleb128 0x24
 777 004a 00       		.byte	0
 778 004b 0B       		.uleb128 0xb
 779 004c 0B       		.uleb128 0xb
 780 004d 3E       		.uleb128 0x3e
 781 004e 0B       		.uleb128 0xb
 782 004f 03       		.uleb128 0x3
 783 0050 08       		.uleb128 0x8
 784 0051 00       		.byte	0
 785 0052 00       		.byte	0
 786 0053 08       		.uleb128 0x8
 787 0054 13       		.uleb128 0x13
 788 0055 01       		.byte	0x1
 789 0056 0B       		.uleb128 0xb
 790 0057 0B       		.uleb128 0xb
 791 0058 3A       		.uleb128 0x3a
 792 0059 0B       		.uleb128 0xb
 793 005a 3B       		.uleb128 0x3b
 794 005b 0B       		.uleb128 0xb
 795 005c 01       		.uleb128 0x1
 796 005d 13       		.uleb128 0x13
 797 005e 00       		.byte	0
 798 005f 00       		.byte	0
ARM GAS  C:\Users\Brian\AppData\Local\Temp\ccGGxsWS.s 			page 15


 799 0060 09       		.uleb128 0x9
 800 0061 0D       		.uleb128 0xd
 801 0062 00       		.byte	0
 802 0063 03       		.uleb128 0x3
 803 0064 0E       		.uleb128 0xe
 804 0065 3A       		.uleb128 0x3a
 805 0066 0B       		.uleb128 0xb
 806 0067 3B       		.uleb128 0x3b
 807 0068 0B       		.uleb128 0xb
 808 0069 49       		.uleb128 0x49
 809 006a 13       		.uleb128 0x13
 810 006b 38       		.uleb128 0x38
 811 006c 0B       		.uleb128 0xb
 812 006d 00       		.byte	0
 813 006e 00       		.byte	0
 814 006f 0A       		.uleb128 0xa
 815 0070 34       		.uleb128 0x34
 816 0071 00       		.byte	0
 817 0072 03       		.uleb128 0x3
 818 0073 0E       		.uleb128 0xe
 819 0074 3A       		.uleb128 0x3a
 820 0075 0B       		.uleb128 0xb
 821 0076 3B       		.uleb128 0x3b
 822 0077 05       		.uleb128 0x5
 823 0078 49       		.uleb128 0x49
 824 0079 13       		.uleb128 0x13
 825 007a 3F       		.uleb128 0x3f
 826 007b 19       		.uleb128 0x19
 827 007c 3C       		.uleb128 0x3c
 828 007d 19       		.uleb128 0x19
 829 007e 00       		.byte	0
 830 007f 00       		.byte	0
 831 0080 0B       		.uleb128 0xb
 832 0081 35       		.uleb128 0x35
 833 0082 00       		.byte	0
 834 0083 49       		.uleb128 0x49
 835 0084 13       		.uleb128 0x13
 836 0085 00       		.byte	0
 837 0086 00       		.byte	0
 838 0087 0C       		.uleb128 0xc
 839 0088 34       		.uleb128 0x34
 840 0089 00       		.byte	0
 841 008a 03       		.uleb128 0x3
 842 008b 0E       		.uleb128 0xe
 843 008c 3A       		.uleb128 0x3a
 844 008d 0B       		.uleb128 0xb
 845 008e 3B       		.uleb128 0x3b
 846 008f 0B       		.uleb128 0xb
 847 0090 49       		.uleb128 0x49
 848 0091 13       		.uleb128 0x13
 849 0092 3F       		.uleb128 0x3f
 850 0093 19       		.uleb128 0x19
 851 0094 02       		.uleb128 0x2
 852 0095 18       		.uleb128 0x18
 853 0096 00       		.byte	0
 854 0097 00       		.byte	0
 855 0098 0D       		.uleb128 0xd
ARM GAS  C:\Users\Brian\AppData\Local\Temp\ccGGxsWS.s 			page 16


 856 0099 26       		.uleb128 0x26
 857 009a 00       		.byte	0
 858 009b 49       		.uleb128 0x49
 859 009c 13       		.uleb128 0x13
 860 009d 00       		.byte	0
 861 009e 00       		.byte	0
 862 009f 00       		.byte	0
 863              		.section	.debug_aranges,"",%progbits
 864 0000 14000000 		.4byte	0x14
 865 0004 0200     		.2byte	0x2
 866 0006 00000000 		.4byte	.Ldebug_info0
 867 000a 04       		.byte	0x4
 868 000b 00       		.byte	0
 869 000c 0000     		.2byte	0
 870 000e 0000     		.2byte	0
 871 0010 00000000 		.4byte	0
 872 0014 00000000 		.4byte	0
 873              		.section	.debug_line,"",%progbits
 874              	.Ldebug_line0:
 875 0000 0E020000 		.section	.debug_str,"MS",%progbits,1
 875      02000802 
 875      00000201 
 875      FB0E0D00 
 875      01010101 
 876              	.LASF123:
 877 0000 74637077 		.ascii	"tcpwm_1_interrupts_15_IRQn\000"
 877      6D5F315F 
 877      696E7465 
 877      72727570 
 877      74735F31 
 878              	.LASF12:
 879 001b 696F7373 		.ascii	"ioss_interrupts_gpio_2_IRQn\000"
 879      5F696E74 
 879      65727275 
 879      7074735F 
 879      6770696F 
 880              	.LASF56:
 881 0037 7363625F 		.ascii	"scb_5_interrupt_IRQn\000"
 881      355F696E 
 881      74657272 
 881      7570745F 
 881      4952516E 
 882              	.LASF104:
 883 004c 74637077 		.ascii	"tcpwm_0_interrupts_4_IRQn\000"
 883      6D5F305F 
 883      696E7465 
 883      72727570 
 883      74735F34 
 884              	.LASF32:
 885 0066 73727373 		.ascii	"srss_interrupt_IRQn\000"
 885      5F696E74 
 885      65727275 
 885      70745F49 
 885      52516E00 
 886              	.LASF28:
 887 007a 7363625F 		.ascii	"scb_8_interrupt_IRQn\000"
 887      385F696E 
ARM GAS  C:\Users\Brian\AppData\Local\Temp\ccGGxsWS.s 			page 17


 887      74657272 
 887      7570745F 
 887      4952516E 
 888              	.LASF61:
 889 008f 63707573 		.ascii	"cpuss_interrupts_dw0_1_IRQn\000"
 889      735F696E 
 889      74657272 
 889      75707473 
 889      5F647730 
 890              	.LASF144:
 891 00ab 7564625F 		.ascii	"udb_interrupts_12_IRQn\000"
 891      696E7465 
 891      72727570 
 891      74735F31 
 891      325F4952 
 892              	.LASF34:
 893 00c2 626C6573 		.ascii	"bless_interrupt_IRQn\000"
 893      735F696E 
 893      74657272 
 893      7570745F 
 893      4952516E 
 894              	.LASF133:
 895 00d7 7564625F 		.ascii	"udb_interrupts_1_IRQn\000"
 895      696E7465 
 895      72727570 
 895      74735F31 
 895      5F495251 
 896              	.LASF51:
 897 00ed 7363625F 		.ascii	"scb_0_interrupt_IRQn\000"
 897      305F696E 
 897      74657272 
 897      7570745F 
 897      4952516E 
 898              	.LASF116:
 899 0102 74637077 		.ascii	"tcpwm_1_interrupts_8_IRQn\000"
 899      6D5F315F 
 899      696E7465 
 899      72727570 
 899      74735F38 
 900              	.LASF39:
 901 011c 63707573 		.ascii	"cpuss_interrupts_ipc_4_IRQn\000"
 901      735F696E 
 901      74657272 
 901      75707473 
 901      5F697063 
 902              	.LASF46:
 903 0138 63707573 		.ascii	"cpuss_interrupts_ipc_11_IRQn\000"
 903      735F696E 
 903      74657272 
 903      75707473 
 903      5F697063 
 904              	.LASF132:
 905 0155 7564625F 		.ascii	"udb_interrupts_0_IRQn\000"
 905      696E7465 
 905      72727570 
 905      74735F30 
 905      5F495251 
ARM GAS  C:\Users\Brian\AppData\Local\Temp\ccGGxsWS.s 			page 18


 906              	.LASF168:
 907 016b 6C6F6E67 		.ascii	"long long unsigned int\000"
 907      206C6F6E 
 907      6720756E 
 907      7369676E 
 907      65642069 
 908              	.LASF155:
 909 0182 7573625F 		.ascii	"usb_interrupt_lo_IRQn\000"
 909      696E7465 
 909      72727570 
 909      745F6C6F 
 909      5F495251 
 910              	.LASF118:
 911 0198 74637077 		.ascii	"tcpwm_1_interrupts_10_IRQn\000"
 911      6D5F315F 
 911      696E7465 
 911      72727570 
 911      74735F31 
 912              	.LASF10:
 913 01b3 696F7373 		.ascii	"ioss_interrupts_gpio_0_IRQn\000"
 913      5F696E74 
 913      65727275 
 913      7074735F 
 913      6770696F 
 914              	.LASF97:
 915 01cf 63707573 		.ascii	"cpuss_interrupts_cm0_cti_1_IRQn\000"
 915      735F696E 
 915      74657272 
 915      75707473 
 915      5F636D30 
 916              	.LASF19:
 917 01ef 696F7373 		.ascii	"ioss_interrupts_gpio_9_IRQn\000"
 917      5F696E74 
 917      65727275 
 917      7074735F 
 917      6770696F 
 918              	.LASF156:
 919 020b 70617373 		.ascii	"pass_interrupt_dacs_IRQn\000"
 919      5F696E74 
 919      65727275 
 919      70745F64 
 919      6163735F 
 920              	.LASF138:
 921 0224 7564625F 		.ascii	"udb_interrupts_6_IRQn\000"
 921      696E7465 
 921      72727570 
 921      74735F36 
 921      5F495251 
 922              	.LASF0:
 923 023a 52657365 		.ascii	"Reset_IRQn\000"
 923      745F4952 
 923      516E00
 924              	.LASF124:
 925 0245 74637077 		.ascii	"tcpwm_1_interrupts_16_IRQn\000"
 925      6D5F315F 
 925      696E7465 
 925      72727570 
ARM GAS  C:\Users\Brian\AppData\Local\Temp\ccGGxsWS.s 			page 19


 925      74735F31 
 926              	.LASF94:
 927 0260 63707573 		.ascii	"cpuss_interrupt_crypto_IRQn\000"
 927      735F696E 
 927      74657272 
 927      7570745F 
 927      63727970 
 928              	.LASF167:
 929 027c 6C6F6E67 		.ascii	"long long int\000"
 929      206C6F6E 
 929      6720696E 
 929      7400
 930              	.LASF159:
 931 028a 7369676E 		.ascii	"signed char\000"
 931      65642063 
 931      68617200 
 932              	.LASF105:
 933 0296 74637077 		.ascii	"tcpwm_0_interrupts_5_IRQn\000"
 933      6D5F305F 
 933      696E7465 
 933      72727570 
 933      74735F35 
 934              	.LASF85:
 935 02b0 63707573 		.ascii	"cpuss_interrupts_dw1_9_IRQn\000"
 935      735F696E 
 935      74657272 
 935      75707473 
 935      5F647731 
 936              	.LASF62:
 937 02cc 63707573 		.ascii	"cpuss_interrupts_dw0_2_IRQn\000"
 937      735F696E 
 937      74657272 
 937      75707473 
 937      5F647730 
 938              	.LASF145:
 939 02e8 7564625F 		.ascii	"udb_interrupts_13_IRQn\000"
 939      696E7465 
 939      72727570 
 939      74735F31 
 939      335F4952 
 940              	.LASF27:
 941 02ff 6C70636F 		.ascii	"lpcomp_interrupt_IRQn\000"
 941      6D705F69 
 941      6E746572 
 941      72757074 
 941      5F495251 
 942              	.LASF108:
 943 0315 74637077 		.ascii	"tcpwm_1_interrupts_0_IRQn\000"
 943      6D5F315F 
 943      696E7465 
 943      72727570 
 943      74735F30 
 944              	.LASF164:
 945 032f 6C6F6E67 		.ascii	"long int\000"
 945      20696E74 
 945      00
 946              	.LASF117:
ARM GAS  C:\Users\Brian\AppData\Local\Temp\ccGGxsWS.s 			page 20


 947 0338 74637077 		.ascii	"tcpwm_1_interrupts_9_IRQn\000"
 947      6D5F315F 
 947      696E7465 
 947      72727570 
 947      74735F39 
 948              	.LASF40:
 949 0352 63707573 		.ascii	"cpuss_interrupts_ipc_5_IRQn\000"
 949      735F696E 
 949      74657272 
 949      75707473 
 949      5F697063 
 950              	.LASF83:
 951 036e 63707573 		.ascii	"cpuss_interrupts_dw1_7_IRQn\000"
 951      735F696E 
 951      74657272 
 951      75707473 
 951      5F647731 
 952              	.LASF47:
 953 038a 63707573 		.ascii	"cpuss_interrupts_ipc_12_IRQn\000"
 953      735F696E 
 953      74657272 
 953      75707473 
 953      5F697063 
 954              	.LASF84:
 955 03a7 63707573 		.ascii	"cpuss_interrupts_dw1_8_IRQn\000"
 955      735F696E 
 955      74657272 
 955      75707473 
 955      5F647731 
 956              	.LASF177:
 957 03c3 696E7472 		.ascii	"intrSrc\000"
 957      53726300 
 958              	.LASF119:
 959 03cb 74637077 		.ascii	"tcpwm_1_interrupts_11_IRQn\000"
 959      6D5F315F 
 959      696E7465 
 959      72727570 
 959      74735F31 
 960              	.LASF64:
 961 03e6 63707573 		.ascii	"cpuss_interrupts_dw0_4_IRQn\000"
 961      735F696E 
 961      74657272 
 961      75707473 
 961      5F647730 
 962              	.LASF25:
 963 0402 696F7373 		.ascii	"ioss_interrupt_gpio_IRQn\000"
 963      5F696E74 
 963      65727275 
 963      70745F67 
 963      70696F5F 
 964              	.LASF29:
 965 041b 73727373 		.ascii	"srss_interrupt_mcwdt_0_IRQn\000"
 965      5F696E74 
 965      65727275 
 965      70745F6D 
 965      63776474 
 966              	.LASF176:
ARM GAS  C:\Users\Brian\AppData\Local\Temp\ccGGxsWS.s 			page 21


 967 0437 646F7562 		.ascii	"double\000"
 967      6C6500
 968              	.LASF149:
 969 043e 61756469 		.ascii	"audioss_interrupt_i2s_IRQn\000"
 969      6F73735F 
 969      696E7465 
 969      72727570 
 969      745F6932 
 970              	.LASF66:
 971 0459 63707573 		.ascii	"cpuss_interrupts_dw0_6_IRQn\000"
 971      735F696E 
 971      74657272 
 971      75707473 
 971      5F647730 
 972              	.LASF99:
 973 0475 63707573 		.ascii	"cpuss_interrupts_cm4_cti_1_IRQn\000"
 973      735F696E 
 973      74657272 
 973      75707473 
 973      5F636D34 
 974              	.LASF181:
 975 0495 55415254 		.ascii	"UART_SCB_IRQ_cfg\000"
 975      5F534342 
 975      5F495251 
 975      5F636667 
 975      00
 976              	.LASF58:
 977 04a6 7363625F 		.ascii	"scb_7_interrupt_IRQn\000"
 977      375F696E 
 977      74657272 
 977      7570745F 
 977      4952516E 
 978              	.LASF106:
 979 04bb 74637077 		.ascii	"tcpwm_0_interrupts_6_IRQn\000"
 979      6D5F305F 
 979      696E7465 
 979      72727570 
 979      74735F36 
 980              	.LASF165:
 981 04d5 5F5F7569 		.ascii	"__uint32_t\000"
 981      6E743332 
 981      5F7400
 982              	.LASF4:
 983 04e0 42757346 		.ascii	"BusFault_IRQn\000"
 983      61756C74 
 983      5F495251 
 983      6E00
 984              	.LASF52:
 985 04ee 7363625F 		.ascii	"scb_1_interrupt_IRQn\000"
 985      315F696E 
 985      74657272 
 985      7570745F 
 985      4952516E 
 986              	.LASF146:
 987 0503 7564625F 		.ascii	"udb_interrupts_14_IRQn\000"
 987      696E7465 
 987      72727570 
ARM GAS  C:\Users\Brian\AppData\Local\Temp\ccGGxsWS.s 			page 22


 987      74735F31 
 987      345F4952 
 988              	.LASF33:
 989 051a 70617373 		.ascii	"pass_interrupt_ctbs_IRQn\000"
 989      5F696E74 
 989      65727275 
 989      70745F63 
 989      7462735F 
 990              	.LASF53:
 991 0533 7363625F 		.ascii	"scb_2_interrupt_IRQn\000"
 991      325F696E 
 991      74657272 
 991      7570745F 
 991      4952516E 
 992              	.LASF74:
 993 0548 63707573 		.ascii	"cpuss_interrupts_dw0_14_IRQn\000"
 993      735F696E 
 993      74657272 
 993      75707473 
 993      5F647730 
 994              	.LASF15:
 995 0565 696F7373 		.ascii	"ioss_interrupts_gpio_5_IRQn\000"
 995      5F696E74 
 995      65727275 
 995      7074735F 
 995      6770696F 
 996              	.LASF41:
 997 0581 63707573 		.ascii	"cpuss_interrupts_ipc_6_IRQn\000"
 997      735F696E 
 997      74657272 
 997      75707473 
 997      5F697063 
 998              	.LASF134:
 999 059d 7564625F 		.ascii	"udb_interrupts_2_IRQn\000"
 999      696E7465 
 999      72727570 
 999      74735F32 
 999      5F495251 
 1000              	.LASF23:
 1001 05b3 696F7373 		.ascii	"ioss_interrupts_gpio_13_IRQn\000"
 1001      5F696E74 
 1001      65727275 
 1001      7074735F 
 1001      6770696F 
 1002              	.LASF120:
 1003 05d0 74637077 		.ascii	"tcpwm_1_interrupts_12_IRQn\000"
 1003      6D5F315F 
 1003      696E7465 
 1003      72727570 
 1003      74735F31 
 1004              	.LASF89:
 1005 05eb 63707573 		.ascii	"cpuss_interrupts_dw1_13_IRQn\000"
 1005      735F696E 
 1005      74657272 
 1005      75707473 
 1005      5F647731 
 1006              	.LASF166:
ARM GAS  C:\Users\Brian\AppData\Local\Temp\ccGGxsWS.s 			page 23


 1007 0608 6C6F6E67 		.ascii	"long unsigned int\000"
 1007      20756E73 
 1007      69676E65 
 1007      6420696E 
 1007      7400
 1008              	.LASF30:
 1009 061a 73727373 		.ascii	"srss_interrupt_mcwdt_1_IRQn\000"
 1009      5F696E74 
 1009      65727275 
 1009      70745F6D 
 1009      63776474 
 1010              	.LASF101:
 1011 0636 74637077 		.ascii	"tcpwm_0_interrupts_1_IRQn\000"
 1011      6D5F305F 
 1011      696E7465 
 1011      72727570 
 1011      74735F31 
 1012              	.LASF183:
 1013 0650 5343414E 		.ascii	"SCAN_INT_cfg\000"
 1013      5F494E54 
 1013      5F636667 
 1013      00
 1014              	.LASF154:
 1015 065d 7573625F 		.ascii	"usb_interrupt_med_IRQn\000"
 1015      696E7465 
 1015      72727570 
 1015      745F6D65 
 1015      645F4952 
 1016              	.LASF92:
 1017 0674 63707573 		.ascii	"cpuss_interrupts_fault_0_IRQn\000"
 1017      735F696E 
 1017      74657272 
 1017      75707473 
 1017      5F666175 
 1018              	.LASF6:
 1019 0692 53564361 		.ascii	"SVCall_IRQn\000"
 1019      6C6C5F49 
 1019      52516E00 
 1020              	.LASF161:
 1021 069e 73686F72 		.ascii	"short unsigned int\000"
 1021      7420756E 
 1021      7369676E 
 1021      65642069 
 1021      6E7400
 1022              	.LASF113:
 1023 06b1 74637077 		.ascii	"tcpwm_1_interrupts_5_IRQn\000"
 1023      6D5F315F 
 1023      696E7465 
 1023      72727570 
 1023      74735F35 
 1024              	.LASF36:
 1025 06cb 63707573 		.ascii	"cpuss_interrupts_ipc_1_IRQn\000"
 1025      735F696E 
 1025      74657272 
 1025      75707473 
 1025      5F697063 
 1026              	.LASF80:
ARM GAS  C:\Users\Brian\AppData\Local\Temp\ccGGxsWS.s 			page 24


 1027 06e7 63707573 		.ascii	"cpuss_interrupts_dw1_4_IRQn\000"
 1027      735F696E 
 1027      74657272 
 1027      75707473 
 1027      5F647731 
 1028              	.LASF95:
 1029 0703 63707573 		.ascii	"cpuss_interrupt_fm_IRQn\000"
 1029      735F696E 
 1029      74657272 
 1029      7570745F 
 1029      666D5F49 
 1030              	.LASF75:
 1031 071b 63707573 		.ascii	"cpuss_interrupts_dw0_15_IRQn\000"
 1031      735F696E 
 1031      74657272 
 1031      75707473 
 1031      5F647730 
 1032              	.LASF16:
 1033 0738 696F7373 		.ascii	"ioss_interrupts_gpio_6_IRQn\000"
 1033      5F696E74 
 1033      65727275 
 1033      7074735F 
 1033      6770696F 
 1034              	.LASF135:
 1035 0754 7564625F 		.ascii	"udb_interrupts_3_IRQn\000"
 1035      696E7465 
 1035      72727570 
 1035      74735F33 
 1035      5F495251 
 1036              	.LASF24:
 1037 076a 696F7373 		.ascii	"ioss_interrupts_gpio_14_IRQn\000"
 1037      5F696E74 
 1037      65727275 
 1037      7074735F 
 1037      6770696F 
 1038              	.LASF9:
 1039 0787 53797354 		.ascii	"SysTick_IRQn\000"
 1039      69636B5F 
 1039      4952516E 
 1039      00
 1040              	.LASF90:
 1041 0794 63707573 		.ascii	"cpuss_interrupts_dw1_14_IRQn\000"
 1041      735F696E 
 1041      74657272 
 1041      75707473 
 1041      5F647731 
 1042              	.LASF131:
 1043 07b1 74637077 		.ascii	"tcpwm_1_interrupts_23_IRQn\000"
 1043      6D5F315F 
 1043      696E7465 
 1043      72727570 
 1043      74735F32 
 1044              	.LASF102:
 1045 07cc 74637077 		.ascii	"tcpwm_0_interrupts_2_IRQn\000"
 1045      6D5F305F 
 1045      696E7465 
 1045      72727570 
ARM GAS  C:\Users\Brian\AppData\Local\Temp\ccGGxsWS.s 			page 25


 1045      74735F32 
 1046              	.LASF121:
 1047 07e6 74637077 		.ascii	"tcpwm_1_interrupts_13_IRQn\000"
 1047      6D5F315F 
 1047      696E7465 
 1047      72727570 
 1047      74735F31 
 1048              	.LASF93:
 1049 0801 63707573 		.ascii	"cpuss_interrupts_fault_1_IRQn\000"
 1049      735F696E 
 1049      74657272 
 1049      75707473 
 1049      5F666175 
 1050              	.LASF172:
 1051 081f 73697A65 		.ascii	"sizetype\000"
 1051      74797065 
 1051      00
 1052              	.LASF142:
 1053 0828 7564625F 		.ascii	"udb_interrupts_10_IRQn\000"
 1053      696E7465 
 1053      72727570 
 1053      74735F31 
 1053      305F4952 
 1054              	.LASF68:
 1055 083f 63707573 		.ascii	"cpuss_interrupts_dw0_8_IRQn\000"
 1055      735F696E 
 1055      74657272 
 1055      75707473 
 1055      5F647730 
 1056              	.LASF179:
 1057 085b 63795F73 		.ascii	"cy_stc_sysint_t\000"
 1057      74635F73 
 1057      7973696E 
 1057      745F7400 
 1058              	.LASF70:
 1059 086b 63707573 		.ascii	"cpuss_interrupts_dw0_10_IRQn\000"
 1059      735F696E 
 1059      74657272 
 1059      75707473 
 1059      5F647730 
 1060              	.LASF114:
 1061 0888 74637077 		.ascii	"tcpwm_1_interrupts_6_IRQn\000"
 1061      6D5F315F 
 1061      696E7465 
 1061      72727570 
 1061      74735F36 
 1062              	.LASF37:
 1063 08a2 63707573 		.ascii	"cpuss_interrupts_ipc_2_IRQn\000"
 1063      735F696E 
 1063      74657272 
 1063      75707473 
 1063      5F697063 
 1064              	.LASF81:
 1065 08be 63707573 		.ascii	"cpuss_interrupts_dw1_5_IRQn\000"
 1065      735F696E 
 1065      74657272 
 1065      75707473 
ARM GAS  C:\Users\Brian\AppData\Local\Temp\ccGGxsWS.s 			page 26


 1065      5F647731 
 1066              	.LASF139:
 1067 08da 7564625F 		.ascii	"udb_interrupts_7_IRQn\000"
 1067      696E7465 
 1067      72727570 
 1067      74735F37 
 1067      5F495251 
 1068              	.LASF125:
 1069 08f0 74637077 		.ascii	"tcpwm_1_interrupts_17_IRQn\000"
 1069      6D5F315F 
 1069      696E7465 
 1069      72727570 
 1069      74735F31 
 1070              	.LASF55:
 1071 090b 7363625F 		.ascii	"scb_4_interrupt_IRQn\000"
 1071      345F696E 
 1071      74657272 
 1071      7570745F 
 1071      4952516E 
 1072              	.LASF17:
 1073 0920 696F7373 		.ascii	"ioss_interrupts_gpio_7_IRQn\000"
 1073      5F696E74 
 1073      65727275 
 1073      7074735F 
 1073      6770696F 
 1074              	.LASF73:
 1075 093c 63707573 		.ascii	"cpuss_interrupts_dw0_13_IRQn\000"
 1075      735F696E 
 1075      74657272 
 1075      75707473 
 1075      5F647730 
 1076              	.LASF185:
 1077 0959 474E5520 		.ascii	"GNU C11 5.4.1 20160609 (release) [ARM/embedded-5-br"
 1077      43313120 
 1077      352E342E 
 1077      31203230 
 1077      31363036 
 1078 098c 616E6368 		.ascii	"anch revision 237715] -mcpu=cortex-m4 -mfloat-abi=s"
 1078      20726576 
 1078      6973696F 
 1078      6E203233 
 1078      37373135 
 1079 09bf 6F667466 		.ascii	"oftfp -mfpu=fpv4-sp-d16 -mthumb -g -Og -ffunction-s"
 1079      70202D6D 
 1079      6670753D 
 1079      66707634 
 1079      2D73702D 
 1080 09f2 65637469 		.ascii	"ections -ffat-lto-objects\000"
 1080      6F6E7320 
 1080      2D666661 
 1080      742D6C74 
 1080      6F2D6F62 
 1081              	.LASF91:
 1082 0a0c 63707573 		.ascii	"cpuss_interrupts_dw1_15_IRQn\000"
 1082      735F696E 
 1082      74657272 
 1082      75707473 
ARM GAS  C:\Users\Brian\AppData\Local\Temp\ccGGxsWS.s 			page 27


 1082      5F647731 
 1083              	.LASF153:
 1084 0a29 7573625F 		.ascii	"usb_interrupt_hi_IRQn\000"
 1084      696E7465 
 1084      72727570 
 1084      745F6869 
 1084      5F495251 
 1085              	.LASF175:
 1086 0a3f 666C6F61 		.ascii	"float\000"
 1086      7400
 1087              	.LASF63:
 1088 0a45 63707573 		.ascii	"cpuss_interrupts_dw0_3_IRQn\000"
 1088      735F696E 
 1088      74657272 
 1088      75707473 
 1088      5F647730 
 1089              	.LASF21:
 1090 0a61 696F7373 		.ascii	"ioss_interrupts_gpio_11_IRQn\000"
 1090      5F696E74 
 1090      65727275 
 1090      7074735F 
 1090      6770696F 
 1091              	.LASF3:
 1092 0a7e 4D656D6F 		.ascii	"MemoryManagement_IRQn\000"
 1092      72794D61 
 1092      6E616765 
 1092      6D656E74 
 1092      5F495251 
 1093              	.LASF103:
 1094 0a94 74637077 		.ascii	"tcpwm_0_interrupts_3_IRQn\000"
 1094      6D5F305F 
 1094      696E7465 
 1094      72727570 
 1094      74735F33 
 1095              	.LASF128:
 1096 0aae 74637077 		.ascii	"tcpwm_1_interrupts_20_IRQn\000"
 1096      6D5F315F 
 1096      696E7465 
 1096      72727570 
 1096      74735F32 
 1097              	.LASF109:
 1098 0ac9 74637077 		.ascii	"tcpwm_1_interrupts_1_IRQn\000"
 1098      6D5F315F 
 1098      696E7465 
 1098      72727570 
 1098      74735F31 
 1099              	.LASF76:
 1100 0ae3 63707573 		.ascii	"cpuss_interrupts_dw1_0_IRQn\000"
 1100      735F696E 
 1100      74657272 
 1100      75707473 
 1100      5F647731 
 1101              	.LASF143:
 1102 0aff 7564625F 		.ascii	"udb_interrupts_11_IRQn\000"
 1102      696E7465 
 1102      72727570 
 1102      74735F31 
ARM GAS  C:\Users\Brian\AppData\Local\Temp\ccGGxsWS.s 			page 28


 1102      315F4952 
 1103              	.LASF69:
 1104 0b16 63707573 		.ascii	"cpuss_interrupts_dw0_9_IRQn\000"
 1104      735F696E 
 1104      74657272 
 1104      75707473 
 1104      5F647730 
 1105              	.LASF170:
 1106 0b32 696E7433 		.ascii	"int32_t\000"
 1106      325F7400 
 1107              	.LASF160:
 1108 0b3a 756E7369 		.ascii	"unsigned char\000"
 1108      676E6564 
 1108      20636861 
 1108      7200
 1109              	.LASF71:
 1110 0b48 63707573 		.ascii	"cpuss_interrupts_dw0_11_IRQn\000"
 1110      735F696E 
 1110      74657272 
 1110      75707473 
 1110      5F647730 
 1111              	.LASF115:
 1112 0b65 74637077 		.ascii	"tcpwm_1_interrupts_7_IRQn\000"
 1112      6D5F315F 
 1112      696E7465 
 1112      72727570 
 1112      74735F37 
 1113              	.LASF38:
 1114 0b7f 63707573 		.ascii	"cpuss_interrupts_ipc_3_IRQn\000"
 1114      735F696E 
 1114      74657272 
 1114      75707473 
 1114      5F697063 
 1115              	.LASF180:
 1116 0b9b 49544D5F 		.ascii	"ITM_RxBuffer\000"
 1116      52784275 
 1116      66666572 
 1116      00
 1117              	.LASF169:
 1118 0ba8 756E7369 		.ascii	"unsigned int\000"
 1118      676E6564 
 1118      20696E74 
 1118      00
 1119              	.LASF20:
 1120 0bb5 696F7373 		.ascii	"ioss_interrupts_gpio_10_IRQn\000"
 1120      5F696E74 
 1120      65727275 
 1120      7074735F 
 1120      6770696F 
 1121              	.LASF140:
 1122 0bd2 7564625F 		.ascii	"udb_interrupts_8_IRQn\000"
 1122      696E7465 
 1122      72727570 
 1122      74735F38 
 1122      5F495251 
 1123              	.LASF157:
 1124 0be8 756E636F 		.ascii	"unconnected_IRQn\000"
ARM GAS  C:\Users\Brian\AppData\Local\Temp\ccGGxsWS.s 			page 29


 1124      6E6E6563 
 1124      7465645F 
 1124      4952516E 
 1124      00
 1125              	.LASF158:
 1126 0bf9 73686F72 		.ascii	"short int\000"
 1126      7420696E 
 1126      7400
 1127              	.LASF98:
 1128 0c03 63707573 		.ascii	"cpuss_interrupts_cm4_cti_0_IRQn\000"
 1128      735F696E 
 1128      74657272 
 1128      75707473 
 1128      5F636D34 
 1129              	.LASF126:
 1130 0c23 74637077 		.ascii	"tcpwm_1_interrupts_18_IRQn\000"
 1130      6D5F315F 
 1130      696E7465 
 1130      72727570 
 1130      74735F31 
 1131              	.LASF79:
 1132 0c3e 63707573 		.ascii	"cpuss_interrupts_dw1_3_IRQn\000"
 1132      735F696E 
 1132      74657272 
 1132      75707473 
 1132      5F647731 
 1133              	.LASF182:
 1134 0c5a 4144435F 		.ascii	"ADC_INT_cfg\000"
 1134      494E545F 
 1134      63666700 
 1135              	.LASF107:
 1136 0c66 74637077 		.ascii	"tcpwm_0_interrupts_7_IRQn\000"
 1136      6D5F305F 
 1136      696E7465 
 1136      72727570 
 1136      74735F37 
 1137              	.LASF87:
 1138 0c80 63707573 		.ascii	"cpuss_interrupts_dw1_11_IRQn\000"
 1138      735F696E 
 1138      74657272 
 1138      75707473 
 1138      5F647731 
 1139              	.LASF147:
 1140 0c9d 7564625F 		.ascii	"udb_interrupts_15_IRQn\000"
 1140      696E7465 
 1140      72727570 
 1140      74735F31 
 1140      355F4952 
 1141              	.LASF162:
 1142 0cb4 4952516E 		.ascii	"IRQn_Type\000"
 1142      5F547970 
 1142      6500
 1143              	.LASF129:
 1144 0cbe 74637077 		.ascii	"tcpwm_1_interrupts_21_IRQn\000"
 1144      6D5F315F 
 1144      696E7465 
 1144      72727570 
ARM GAS  C:\Users\Brian\AppData\Local\Temp\ccGGxsWS.s 			page 30


 1144      74735F32 
 1145              	.LASF171:
 1146 0cd9 75696E74 		.ascii	"uint32_t\000"
 1146      33325F74 
 1146      00
 1147              	.LASF110:
 1148 0ce2 74637077 		.ascii	"tcpwm_1_interrupts_2_IRQn\000"
 1148      6D5F315F 
 1148      696E7465 
 1148      72727570 
 1148      74735F32 
 1149              	.LASF5:
 1150 0cfc 55736167 		.ascii	"UsageFault_IRQn\000"
 1150      65466175 
 1150      6C745F49 
 1150      52516E00 
 1151              	.LASF42:
 1152 0d0c 63707573 		.ascii	"cpuss_interrupts_ipc_7_IRQn\000"
 1152      735F696E 
 1152      74657272 
 1152      75707473 
 1152      5F697063 
 1153              	.LASF77:
 1154 0d28 63707573 		.ascii	"cpuss_interrupts_dw1_1_IRQn\000"
 1154      735F696E 
 1154      74657272 
 1154      75707473 
 1154      5F647731 
 1155              	.LASF49:
 1156 0d44 63707573 		.ascii	"cpuss_interrupts_ipc_14_IRQn\000"
 1156      735F696E 
 1156      74657272 
 1156      75707473 
 1156      5F697063 
 1157              	.LASF150:
 1158 0d61 61756469 		.ascii	"audioss_interrupt_pdm_IRQn\000"
 1158      6F73735F 
 1158      696E7465 
 1158      72727570 
 1158      745F7064 
 1159              	.LASF173:
 1160 0d7c 6C6F6E67 		.ascii	"long double\000"
 1160      20646F75 
 1160      626C6500 
 1161              	.LASF184:
 1162 0d88 4144435F 		.ascii	"ADC_IRQ_cfg\000"
 1162      4952515F 
 1162      63666700 
 1163              	.LASF174:
 1164 0d94 63686172 		.ascii	"char\000"
 1164      00
 1165              	.LASF186:
 1166 0d99 47656E65 		.ascii	"Generated_Source\\PSoC6\\cyfitter_sysint_cfg.c\000"
 1166      72617465 
 1166      645F536F 
 1166      75726365 
 1166      5C50536F 
ARM GAS  C:\Users\Brian\AppData\Local\Temp\ccGGxsWS.s 			page 31


 1167              	.LASF72:
 1168 0dc6 63707573 		.ascii	"cpuss_interrupts_dw0_12_IRQn\000"
 1168      735F696E 
 1168      74657272 
 1168      75707473 
 1168      5F647730 
 1169              	.LASF13:
 1170 0de3 696F7373 		.ascii	"ioss_interrupts_gpio_3_IRQn\000"
 1170      5F696E74 
 1170      65727275 
 1170      7074735F 
 1170      6770696F 
 1171              	.LASF148:
 1172 0dff 70617373 		.ascii	"pass_interrupt_sar_IRQn\000"
 1172      5F696E74 
 1172      65727275 
 1172      70745F73 
 1172      61725F49 
 1173              	.LASF8:
 1174 0e17 50656E64 		.ascii	"PendSV_IRQn\000"
 1174      53565F49 
 1174      52516E00 
 1175              	.LASF54:
 1176 0e23 7363625F 		.ascii	"scb_3_interrupt_IRQn\000"
 1176      335F696E 
 1176      74657272 
 1176      7570745F 
 1176      4952516E 
 1177              	.LASF141:
 1178 0e38 7564625F 		.ascii	"udb_interrupts_9_IRQn\000"
 1178      696E7465 
 1178      72727570 
 1178      74735F39 
 1178      5F495251 
 1179              	.LASF1:
 1180 0e4e 4E6F6E4D 		.ascii	"NonMaskableInt_IRQn\000"
 1180      61736B61 
 1180      626C6549 
 1180      6E745F49 
 1180      52516E00 
 1181              	.LASF163:
 1182 0e62 5F5F696E 		.ascii	"__int32_t\000"
 1182      7433325F 
 1182      7400
 1183              	.LASF127:
 1184 0e6c 74637077 		.ascii	"tcpwm_1_interrupts_19_IRQn\000"
 1184      6D5F315F 
 1184      696E7465 
 1184      72727570 
 1184      74735F31 
 1185              	.LASF57:
 1186 0e87 7363625F 		.ascii	"scb_6_interrupt_IRQn\000"
 1186      365F696E 
 1186      74657272 
 1186      7570745F 
 1186      4952516E 
 1187              	.LASF11:
ARM GAS  C:\Users\Brian\AppData\Local\Temp\ccGGxsWS.s 			page 32


 1188 0e9c 696F7373 		.ascii	"ioss_interrupts_gpio_1_IRQn\000"
 1188      5F696E74 
 1188      65727275 
 1188      7074735F 
 1188      6770696F 
 1189              	.LASF2:
 1190 0eb8 48617264 		.ascii	"HardFault_IRQn\000"
 1190      4661756C 
 1190      745F4952 
 1190      516E00
 1191              	.LASF65:
 1192 0ec7 63707573 		.ascii	"cpuss_interrupts_dw0_5_IRQn\000"
 1192      735F696E 
 1192      74657272 
 1192      75707473 
 1192      5F647730 
 1193              	.LASF7:
 1194 0ee3 44656275 		.ascii	"DebugMonitor_IRQn\000"
 1194      674D6F6E 
 1194      69746F72 
 1194      5F495251 
 1194      6E00
 1195              	.LASF59:
 1196 0ef5 6373645F 		.ascii	"csd_interrupt_IRQn\000"
 1196      696E7465 
 1196      72727570 
 1196      745F4952 
 1196      516E00
 1197              	.LASF35:
 1198 0f08 63707573 		.ascii	"cpuss_interrupts_ipc_0_IRQn\000"
 1198      735F696E 
 1198      74657272 
 1198      75707473 
 1198      5F697063 
 1199              	.LASF130:
 1200 0f24 74637077 		.ascii	"tcpwm_1_interrupts_22_IRQn\000"
 1200      6D5F315F 
 1200      696E7465 
 1200      72727570 
 1200      74735F32 
 1201              	.LASF111:
 1202 0f3f 74637077 		.ascii	"tcpwm_1_interrupts_3_IRQn\000"
 1202      6D5F315F 
 1202      696E7465 
 1202      72727570 
 1202      74735F33 
 1203              	.LASF187:
 1204 0f59 433A5C50 		.ascii	"C:\\PSoC 6 Projects\\sel_voltage_monitor\\SELVoltag"
 1204      536F4320 
 1204      36205072 
 1204      6F6A6563 
 1204      74735C73 
 1205 0f89 654D6F6E 		.ascii	"eMonitor\\SELVoltageMonitor.cydsn\000"
 1205      69746F72 
 1205      5C53454C 
 1205      566F6C74 
 1205      6167654D 
ARM GAS  C:\Users\Brian\AppData\Local\Temp\ccGGxsWS.s 			page 33


 1206              	.LASF43:
 1207 0faa 63707573 		.ascii	"cpuss_interrupts_ipc_8_IRQn\000"
 1207      735F696E 
 1207      74657272 
 1207      75707473 
 1207      5F697063 
 1208              	.LASF78:
 1209 0fc6 63707573 		.ascii	"cpuss_interrupts_dw1_2_IRQn\000"
 1209      735F696E 
 1209      74657272 
 1209      75707473 
 1209      5F647731 
 1210              	.LASF50:
 1211 0fe2 63707573 		.ascii	"cpuss_interrupts_ipc_15_IRQn\000"
 1211      735F696E 
 1211      74657272 
 1211      75707473 
 1211      5F697063 
 1212              	.LASF136:
 1213 0fff 7564625F 		.ascii	"udb_interrupts_4_IRQn\000"
 1213      696E7465 
 1213      72727570 
 1213      74735F34 
 1213      5F495251 
 1214              	.LASF122:
 1215 1015 74637077 		.ascii	"tcpwm_1_interrupts_14_IRQn\000"
 1215      6D5F315F 
 1215      696E7465 
 1215      72727570 
 1215      74735F31 
 1216              	.LASF14:
 1217 1030 696F7373 		.ascii	"ioss_interrupts_gpio_4_IRQn\000"
 1217      5F696E74 
 1217      65727275 
 1217      7074735F 
 1217      6770696F 
 1218              	.LASF152:
 1219 104c 736D6966 		.ascii	"smif_interrupt_IRQn\000"
 1219      5F696E74 
 1219      65727275 
 1219      70745F49 
 1219      52516E00 
 1220              	.LASF22:
 1221 1060 696F7373 		.ascii	"ioss_interrupts_gpio_12_IRQn\000"
 1221      5F696E74 
 1221      65727275 
 1221      7074735F 
 1221      6770696F 
 1222              	.LASF151:
 1223 107d 70726F66 		.ascii	"profile_interrupt_IRQn\000"
 1223      696C655F 
 1223      696E7465 
 1223      72727570 
 1223      745F4952 
 1224              	.LASF88:
 1225 1094 63707573 		.ascii	"cpuss_interrupts_dw1_12_IRQn\000"
 1225      735F696E 
ARM GAS  C:\Users\Brian\AppData\Local\Temp\ccGGxsWS.s 			page 34


 1225      74657272 
 1225      75707473 
 1225      5F647731 
 1226              	.LASF60:
 1227 10b1 63707573 		.ascii	"cpuss_interrupts_dw0_0_IRQn\000"
 1227      735F696E 
 1227      74657272 
 1227      75707473 
 1227      5F647730 
 1228              	.LASF26:
 1229 10cd 696F7373 		.ascii	"ioss_interrupt_vdd_IRQn\000"
 1229      5F696E74 
 1229      65727275 
 1229      70745F76 
 1229      64645F49 
 1230              	.LASF100:
 1231 10e5 74637077 		.ascii	"tcpwm_0_interrupts_0_IRQn\000"
 1231      6D5F305F 
 1231      696E7465 
 1231      72727570 
 1231      74735F30 
 1232              	.LASF86:
 1233 10ff 63707573 		.ascii	"cpuss_interrupts_dw1_10_IRQn\000"
 1233      735F696E 
 1233      74657272 
 1233      75707473 
 1233      5F647731 
 1234              	.LASF31:
 1235 111c 73727373 		.ascii	"srss_interrupt_backup_IRQn\000"
 1235      5F696E74 
 1235      65727275 
 1235      70745F62 
 1235      61636B75 
 1236              	.LASF45:
 1237 1137 63707573 		.ascii	"cpuss_interrupts_ipc_10_IRQn\000"
 1237      735F696E 
 1237      74657272 
 1237      75707473 
 1237      5F697063 
 1238              	.LASF82:
 1239 1154 63707573 		.ascii	"cpuss_interrupts_dw1_6_IRQn\000"
 1239      735F696E 
 1239      74657272 
 1239      75707473 
 1239      5F647731 
 1240              	.LASF67:
 1241 1170 63707573 		.ascii	"cpuss_interrupts_dw0_7_IRQn\000"
 1241      735F696E 
 1241      74657272 
 1241      75707473 
 1241      5F647730 
 1242              	.LASF178:
 1243 118c 696E7472 		.ascii	"intrPriority\000"
 1243      5072696F 
 1243      72697479 
 1243      00
 1244              	.LASF112:
ARM GAS  C:\Users\Brian\AppData\Local\Temp\ccGGxsWS.s 			page 35


 1245 1199 74637077 		.ascii	"tcpwm_1_interrupts_4_IRQn\000"
 1245      6D5F315F 
 1245      696E7465 
 1245      72727570 
 1245      74735F34 
 1246              	.LASF96:
 1247 11b3 63707573 		.ascii	"cpuss_interrupts_cm0_cti_0_IRQn\000"
 1247      735F696E 
 1247      74657272 
 1247      75707473 
 1247      5F636D30 
 1248              	.LASF18:
 1249 11d3 696F7373 		.ascii	"ioss_interrupts_gpio_8_IRQn\000"
 1249      5F696E74 
 1249      65727275 
 1249      7074735F 
 1249      6770696F 
 1250              	.LASF44:
 1251 11ef 63707573 		.ascii	"cpuss_interrupts_ipc_9_IRQn\000"
 1251      735F696E 
 1251      74657272 
 1251      75707473 
 1251      5F697063 
 1252              	.LASF137:
 1253 120b 7564625F 		.ascii	"udb_interrupts_5_IRQn\000"
 1253      696E7465 
 1253      72727570 
 1253      74735F35 
 1253      5F495251 
 1254              	.LASF48:
 1255 1221 63707573 		.ascii	"cpuss_interrupts_ipc_13_IRQn\000"
 1255      735F696E 
 1255      74657272 
 1255      75707473 
 1255      5F697063 
 1256              		.ident	"GCC: (GNU Tools for ARM Embedded Processors) 5.4.1 20160609 (release) [ARM/embedded-5-bran
