ARM GAS  C:\Users\Brian\AppData\Local\Temp\cc5Q7TUH.s 			page 1


   1              		.syntax unified
   2              		.cpu cortex-m4
   3              		.eabi_attribute 27, 1
   4              		.fpu fpv4-sp-d16
   5              		.eabi_attribute 20, 1
   6              		.eabi_attribute 21, 1
   7              		.eabi_attribute 23, 3
   8              		.eabi_attribute 24, 1
   9              		.eabi_attribute 25, 1
  10              		.eabi_attribute 26, 1
  11              		.eabi_attribute 30, 1
  12              		.eabi_attribute 34, 1
  13              		.eabi_attribute 18, 4
  14              		.thumb
  15              		.syntax unified
  16              		.file	"debug.c"
  17              		.text
  18              	.Ltext0:
  19              		.cfi_sections	.debug_frame
  20              	.Letext0:
  21              		.file 1 "c:\\program files (x86)\\cypress\\psoc creator\\4.2\\psoc creator\\import\\gnu\\arm\\5.4.
  22              		.file 2 "c:\\program files (x86)\\cypress\\psoc creator\\4.2\\psoc creator\\import\\gnu\\arm\\5.4.
  23              		.file 3 "Generated_Source\\PSoC6\\pdl\\drivers/peripheral/scb/cy_scb_uart.h"
  24              		.file 4 "Generated_Source\\PSoC6\\pdl\\cmsis/include/core_cm4.h"
  25              		.file 5 "Generated_Source\\PSoC6/UART_DEBUG.h"
  26              		.section	.debug_info,"",%progbits
  27              	.Ldebug_info0:
  28 0000 C6010000 		.4byte	0x1c6
  29 0004 0400     		.2byte	0x4
  30 0006 00000000 		.4byte	.Ldebug_abbrev0
  31 000a 04       		.byte	0x4
  32 000b 01       		.uleb128 0x1
  33 000c 8A010000 		.4byte	.LASF37
  34 0010 0C       		.byte	0xc
  35 0011 38010000 		.4byte	.LASF38
  36 0015 B5000000 		.4byte	.LASF39
  37 0019 00000000 		.4byte	.Ldebug_line0
  38 001d 02       		.uleb128 0x2
  39 001e 02       		.byte	0x2
  40 001f 05       		.byte	0x5
  41 0020 8B020000 		.4byte	.LASF0
  42 0024 02       		.uleb128 0x2
  43 0025 01       		.byte	0x1
  44 0026 06       		.byte	0x6
  45 0027 CD020000 		.4byte	.LASF1
  46 002b 02       		.uleb128 0x2
  47 002c 01       		.byte	0x1
  48 002d 08       		.byte	0x8
  49 002e 40010000 		.4byte	.LASF2
  50 0032 02       		.uleb128 0x2
  51 0033 02       		.byte	0x2
  52 0034 07       		.byte	0x7
  53 0035 18010000 		.4byte	.LASF3
  54 0039 03       		.uleb128 0x3
  55 003a 46000000 		.4byte	.LASF5
  56 003e 01       		.byte	0x1
  57 003f 3F       		.byte	0x3f
ARM GAS  C:\Users\Brian\AppData\Local\Temp\cc5Q7TUH.s 			page 2


  58 0040 44000000 		.4byte	0x44
  59 0044 02       		.uleb128 0x2
  60 0045 04       		.byte	0x4
  61 0046 05       		.byte	0x5
  62 0047 AF020000 		.4byte	.LASF4
  63 004b 03       		.uleb128 0x3
  64 004c 5B010000 		.4byte	.LASF6
  65 0050 01       		.byte	0x1
  66 0051 41       		.byte	0x41
  67 0052 56000000 		.4byte	0x56
  68 0056 02       		.uleb128 0x2
  69 0057 04       		.byte	0x4
  70 0058 07       		.byte	0x7
  71 0059 06010000 		.4byte	.LASF7
  72 005d 02       		.uleb128 0x2
  73 005e 08       		.byte	0x8
  74 005f 05       		.byte	0x5
  75 0060 65020000 		.4byte	.LASF8
  76 0064 02       		.uleb128 0x2
  77 0065 08       		.byte	0x8
  78 0066 07       		.byte	0x7
  79 0067 73010000 		.4byte	.LASF9
  80 006b 04       		.uleb128 0x4
  81 006c 04       		.byte	0x4
  82 006d 05       		.byte	0x5
  83 006e 696E7400 		.ascii	"int\000"
  84 0072 02       		.uleb128 0x2
  85 0073 04       		.byte	0x4
  86 0074 07       		.byte	0x7
  87 0075 66010000 		.4byte	.LASF10
  88 0079 03       		.uleb128 0x3
  89 007a 88000000 		.4byte	.LASF11
  90 007e 02       		.byte	0x2
  91 007f 2C       		.byte	0x2c
  92 0080 39000000 		.4byte	0x39
  93 0084 03       		.uleb128 0x3
  94 0085 A6020000 		.4byte	.LASF12
  95 0089 02       		.byte	0x2
  96 008a 30       		.byte	0x30
  97 008b 4B000000 		.4byte	0x4b
  98 008f 02       		.uleb128 0x2
  99 0090 04       		.byte	0x4
 100 0091 07       		.byte	0x7
 101 0092 53020000 		.4byte	.LASF13
 102 0096 05       		.uleb128 0x5
 103 0097 84000000 		.4byte	0x84
 104 009b 02       		.uleb128 0x2
 105 009c 08       		.byte	0x8
 106 009d 04       		.byte	0x4
 107 009e B8020000 		.4byte	.LASF14
 108 00a2 02       		.uleb128 0x2
 109 00a3 01       		.byte	0x1
 110 00a4 08       		.byte	0x8
 111 00a5 73020000 		.4byte	.LASF15
 112 00a9 02       		.uleb128 0x2
 113 00aa 04       		.byte	0x4
 114 00ab 04       		.byte	0x4
ARM GAS  C:\Users\Brian\AppData\Local\Temp\cc5Q7TUH.s 			page 3


 115 00ac AF000000 		.4byte	.LASF16
 116 00b0 02       		.uleb128 0x2
 117 00b1 08       		.byte	0x8
 118 00b2 04       		.byte	0x4
 119 00b3 4E010000 		.4byte	.LASF17
 120 00b7 06       		.uleb128 0x6
 121 00b8 04       		.byte	0x4
 122 00b9 02       		.uleb128 0x2
 123 00ba 01       		.byte	0x1
 124 00bb 02       		.byte	0x2
 125 00bc D9020000 		.4byte	.LASF18
 126 00c0 07       		.uleb128 0x7
 127 00c1 04       		.byte	0x4
 128 00c2 C6000000 		.4byte	0xc6
 129 00c6 08       		.uleb128 0x8
 130 00c7 D1000000 		.4byte	0xd1
 131 00cb 09       		.uleb128 0x9
 132 00cc 84000000 		.4byte	0x84
 133 00d0 00       		.byte	0
 134 00d1 0A       		.uleb128 0xa
 135 00d2 90000000 		.4byte	.LASF19
 136 00d6 03       		.byte	0x3
 137 00d7 AB01     		.2byte	0x1ab
 138 00d9 C0000000 		.4byte	0xc0
 139 00dd 0B       		.uleb128 0xb
 140 00de 2E000000 		.4byte	.LASF40
 141 00e2 38       		.byte	0x38
 142 00e3 03       		.byte	0x3
 143 00e4 4702     		.2byte	0x247
 144 00e6 A1010000 		.4byte	0x1a1
 145 00ea 0C       		.uleb128 0xc
 146 00eb 50000000 		.4byte	.LASF20
 147 00ef 03       		.byte	0x3
 148 00f0 4A02     		.2byte	0x24a
 149 00f2 96000000 		.4byte	0x96
 150 00f6 00       		.byte	0
 151 00f7 0C       		.uleb128 0xc
 152 00f8 C4020000 		.4byte	.LASF21
 153 00fc 03       		.byte	0x3
 154 00fd 4B02     		.2byte	0x24b
 155 00ff 96000000 		.4byte	0x96
 156 0103 04       		.byte	0x4
 157 0104 0C       		.uleb128 0xc
 158 0105 81020000 		.4byte	.LASF22
 159 0109 03       		.byte	0x3
 160 010a 4D02     		.2byte	0x24d
 161 010c B7000000 		.4byte	0xb7
 162 0110 08       		.byte	0x8
 163 0111 0C       		.uleb128 0xc
 164 0112 59000000 		.4byte	.LASF23
 165 0116 03       		.byte	0x3
 166 0117 4E02     		.2byte	0x24e
 167 0119 84000000 		.4byte	0x84
 168 011d 0C       		.byte	0xc
 169 011e 0C       		.uleb128 0xc
 170 011f 7A000000 		.4byte	.LASF24
 171 0123 03       		.byte	0x3
ARM GAS  C:\Users\Brian\AppData\Local\Temp\cc5Q7TUH.s 			page 4


 172 0124 4F02     		.2byte	0x24f
 173 0126 96000000 		.4byte	0x96
 174 012a 10       		.byte	0x10
 175 012b 0C       		.uleb128 0xc
 176 012c 3D020000 		.4byte	.LASF25
 177 0130 03       		.byte	0x3
 178 0131 5002     		.2byte	0x250
 179 0133 96000000 		.4byte	0x96
 180 0137 14       		.byte	0x14
 181 0138 0C       		.uleb128 0xc
 182 0139 55010000 		.4byte	.LASF26
 183 013d 03       		.byte	0x3
 184 013e 5202     		.2byte	0x252
 185 0140 B7000000 		.4byte	0xb7
 186 0144 18       		.byte	0x18
 187 0145 0C       		.uleb128 0xc
 188 0146 24000000 		.4byte	.LASF27
 189 014a 03       		.byte	0x3
 190 014b 5302     		.2byte	0x253
 191 014d 84000000 		.4byte	0x84
 192 0151 1C       		.byte	0x1c
 193 0152 0C       		.uleb128 0xc
 194 0153 5C020000 		.4byte	.LASF28
 195 0157 03       		.byte	0x3
 196 0158 5402     		.2byte	0x254
 197 015a 96000000 		.4byte	0x96
 198 015e 20       		.byte	0x20
 199 015f 0C       		.uleb128 0xc
 200 0160 DF020000 		.4byte	.LASF29
 201 0164 03       		.byte	0x3
 202 0165 5602     		.2byte	0x256
 203 0167 B7000000 		.4byte	0xb7
 204 016b 24       		.byte	0x24
 205 016c 0C       		.uleb128 0xc
 206 016d 1A000000 		.4byte	.LASF30
 207 0171 03       		.byte	0x3
 208 0172 5702     		.2byte	0x257
 209 0174 84000000 		.4byte	0x84
 210 0178 28       		.byte	0x28
 211 0179 0C       		.uleb128 0xc
 212 017a 95020000 		.4byte	.LASF31
 213 017e 03       		.byte	0x3
 214 017f 5802     		.2byte	0x258
 215 0181 96000000 		.4byte	0x96
 216 0185 2C       		.byte	0x2c
 217 0186 0C       		.uleb128 0xc
 218 0187 78020000 		.4byte	.LASF32
 219 018b 03       		.byte	0x3
 220 018c 5D02     		.2byte	0x25d
 221 018e D1000000 		.4byte	0xd1
 222 0192 30       		.byte	0x30
 223 0193 0C       		.uleb128 0xc
 224 0194 4B020000 		.4byte	.LASF33
 225 0198 03       		.byte	0x3
 226 0199 6002     		.2byte	0x260
 227 019b 84000000 		.4byte	0x84
 228 019f 34       		.byte	0x34
ARM GAS  C:\Users\Brian\AppData\Local\Temp\cc5Q7TUH.s 			page 5


 229 01a0 00       		.byte	0
 230 01a1 0A       		.uleb128 0xa
 231 01a2 00000000 		.4byte	.LASF34
 232 01a6 03       		.byte	0x3
 233 01a7 6302     		.2byte	0x263
 234 01a9 DD000000 		.4byte	0xdd
 235 01ad 0D       		.uleb128 0xd
 236 01ae 2B010000 		.4byte	.LASF35
 237 01b2 04       		.byte	0x4
 238 01b3 EA07     		.2byte	0x7ea
 239 01b5 B9010000 		.4byte	0x1b9
 240 01b9 05       		.uleb128 0x5
 241 01ba 79000000 		.4byte	0x79
 242 01be 0E       		.uleb128 0xe
 243 01bf 67000000 		.4byte	.LASF36
 244 01c3 05       		.byte	0x5
 245 01c4 87       		.byte	0x87
 246 01c5 A1010000 		.4byte	0x1a1
 247 01c9 00       		.byte	0
 248              		.section	.debug_abbrev,"",%progbits
 249              	.Ldebug_abbrev0:
 250 0000 01       		.uleb128 0x1
 251 0001 11       		.uleb128 0x11
 252 0002 01       		.byte	0x1
 253 0003 25       		.uleb128 0x25
 254 0004 0E       		.uleb128 0xe
 255 0005 13       		.uleb128 0x13
 256 0006 0B       		.uleb128 0xb
 257 0007 03       		.uleb128 0x3
 258 0008 0E       		.uleb128 0xe
 259 0009 1B       		.uleb128 0x1b
 260 000a 0E       		.uleb128 0xe
 261 000b 10       		.uleb128 0x10
 262 000c 17       		.uleb128 0x17
 263 000d 00       		.byte	0
 264 000e 00       		.byte	0
 265 000f 02       		.uleb128 0x2
 266 0010 24       		.uleb128 0x24
 267 0011 00       		.byte	0
 268 0012 0B       		.uleb128 0xb
 269 0013 0B       		.uleb128 0xb
 270 0014 3E       		.uleb128 0x3e
 271 0015 0B       		.uleb128 0xb
 272 0016 03       		.uleb128 0x3
 273 0017 0E       		.uleb128 0xe
 274 0018 00       		.byte	0
 275 0019 00       		.byte	0
 276 001a 03       		.uleb128 0x3
 277 001b 16       		.uleb128 0x16
 278 001c 00       		.byte	0
 279 001d 03       		.uleb128 0x3
 280 001e 0E       		.uleb128 0xe
 281 001f 3A       		.uleb128 0x3a
 282 0020 0B       		.uleb128 0xb
 283 0021 3B       		.uleb128 0x3b
 284 0022 0B       		.uleb128 0xb
 285 0023 49       		.uleb128 0x49
ARM GAS  C:\Users\Brian\AppData\Local\Temp\cc5Q7TUH.s 			page 6


 286 0024 13       		.uleb128 0x13
 287 0025 00       		.byte	0
 288 0026 00       		.byte	0
 289 0027 04       		.uleb128 0x4
 290 0028 24       		.uleb128 0x24
 291 0029 00       		.byte	0
 292 002a 0B       		.uleb128 0xb
 293 002b 0B       		.uleb128 0xb
 294 002c 3E       		.uleb128 0x3e
 295 002d 0B       		.uleb128 0xb
 296 002e 03       		.uleb128 0x3
 297 002f 08       		.uleb128 0x8
 298 0030 00       		.byte	0
 299 0031 00       		.byte	0
 300 0032 05       		.uleb128 0x5
 301 0033 35       		.uleb128 0x35
 302 0034 00       		.byte	0
 303 0035 49       		.uleb128 0x49
 304 0036 13       		.uleb128 0x13
 305 0037 00       		.byte	0
 306 0038 00       		.byte	0
 307 0039 06       		.uleb128 0x6
 308 003a 0F       		.uleb128 0xf
 309 003b 00       		.byte	0
 310 003c 0B       		.uleb128 0xb
 311 003d 0B       		.uleb128 0xb
 312 003e 00       		.byte	0
 313 003f 00       		.byte	0
 314 0040 07       		.uleb128 0x7
 315 0041 0F       		.uleb128 0xf
 316 0042 00       		.byte	0
 317 0043 0B       		.uleb128 0xb
 318 0044 0B       		.uleb128 0xb
 319 0045 49       		.uleb128 0x49
 320 0046 13       		.uleb128 0x13
 321 0047 00       		.byte	0
 322 0048 00       		.byte	0
 323 0049 08       		.uleb128 0x8
 324 004a 15       		.uleb128 0x15
 325 004b 01       		.byte	0x1
 326 004c 27       		.uleb128 0x27
 327 004d 19       		.uleb128 0x19
 328 004e 01       		.uleb128 0x1
 329 004f 13       		.uleb128 0x13
 330 0050 00       		.byte	0
 331 0051 00       		.byte	0
 332 0052 09       		.uleb128 0x9
 333 0053 05       		.uleb128 0x5
 334 0054 00       		.byte	0
 335 0055 49       		.uleb128 0x49
 336 0056 13       		.uleb128 0x13
 337 0057 00       		.byte	0
 338 0058 00       		.byte	0
 339 0059 0A       		.uleb128 0xa
 340 005a 16       		.uleb128 0x16
 341 005b 00       		.byte	0
 342 005c 03       		.uleb128 0x3
ARM GAS  C:\Users\Brian\AppData\Local\Temp\cc5Q7TUH.s 			page 7


 343 005d 0E       		.uleb128 0xe
 344 005e 3A       		.uleb128 0x3a
 345 005f 0B       		.uleb128 0xb
 346 0060 3B       		.uleb128 0x3b
 347 0061 05       		.uleb128 0x5
 348 0062 49       		.uleb128 0x49
 349 0063 13       		.uleb128 0x13
 350 0064 00       		.byte	0
 351 0065 00       		.byte	0
 352 0066 0B       		.uleb128 0xb
 353 0067 13       		.uleb128 0x13
 354 0068 01       		.byte	0x1
 355 0069 03       		.uleb128 0x3
 356 006a 0E       		.uleb128 0xe
 357 006b 0B       		.uleb128 0xb
 358 006c 0B       		.uleb128 0xb
 359 006d 3A       		.uleb128 0x3a
 360 006e 0B       		.uleb128 0xb
 361 006f 3B       		.uleb128 0x3b
 362 0070 05       		.uleb128 0x5
 363 0071 01       		.uleb128 0x1
 364 0072 13       		.uleb128 0x13
 365 0073 00       		.byte	0
 366 0074 00       		.byte	0
 367 0075 0C       		.uleb128 0xc
 368 0076 0D       		.uleb128 0xd
 369 0077 00       		.byte	0
 370 0078 03       		.uleb128 0x3
 371 0079 0E       		.uleb128 0xe
 372 007a 3A       		.uleb128 0x3a
 373 007b 0B       		.uleb128 0xb
 374 007c 3B       		.uleb128 0x3b
 375 007d 05       		.uleb128 0x5
 376 007e 49       		.uleb128 0x49
 377 007f 13       		.uleb128 0x13
 378 0080 38       		.uleb128 0x38
 379 0081 0B       		.uleb128 0xb
 380 0082 00       		.byte	0
 381 0083 00       		.byte	0
 382 0084 0D       		.uleb128 0xd
 383 0085 34       		.uleb128 0x34
 384 0086 00       		.byte	0
 385 0087 03       		.uleb128 0x3
 386 0088 0E       		.uleb128 0xe
 387 0089 3A       		.uleb128 0x3a
 388 008a 0B       		.uleb128 0xb
 389 008b 3B       		.uleb128 0x3b
 390 008c 05       		.uleb128 0x5
 391 008d 49       		.uleb128 0x49
 392 008e 13       		.uleb128 0x13
 393 008f 3F       		.uleb128 0x3f
 394 0090 19       		.uleb128 0x19
 395 0091 3C       		.uleb128 0x3c
 396 0092 19       		.uleb128 0x19
 397 0093 00       		.byte	0
 398 0094 00       		.byte	0
 399 0095 0E       		.uleb128 0xe
ARM GAS  C:\Users\Brian\AppData\Local\Temp\cc5Q7TUH.s 			page 8


 400 0096 34       		.uleb128 0x34
 401 0097 00       		.byte	0
 402 0098 03       		.uleb128 0x3
 403 0099 0E       		.uleb128 0xe
 404 009a 3A       		.uleb128 0x3a
 405 009b 0B       		.uleb128 0xb
 406 009c 3B       		.uleb128 0x3b
 407 009d 0B       		.uleb128 0xb
 408 009e 49       		.uleb128 0x49
 409 009f 13       		.uleb128 0x13
 410 00a0 3F       		.uleb128 0x3f
 411 00a1 19       		.uleb128 0x19
 412 00a2 3C       		.uleb128 0x3c
 413 00a3 19       		.uleb128 0x19
 414 00a4 00       		.byte	0
 415 00a5 00       		.byte	0
 416 00a6 00       		.byte	0
 417              		.section	.debug_aranges,"",%progbits
 418 0000 14000000 		.4byte	0x14
 419 0004 0200     		.2byte	0x2
 420 0006 00000000 		.4byte	.Ldebug_info0
 421 000a 04       		.byte	0x4
 422 000b 00       		.byte	0
 423 000c 0000     		.2byte	0
 424 000e 0000     		.2byte	0
 425 0010 00000000 		.4byte	0
 426 0014 00000000 		.4byte	0
 427              		.section	.debug_line,"",%progbits
 428              	.Ldebug_line0:
 429 0000 B7010000 		.section	.debug_str,"MS",%progbits,1
 429      0200B101 
 429      00000201 
 429      FB0E0D00 
 429      01010101 
 430              	.LASF34:
 431 0000 63795F73 		.ascii	"cy_stc_scb_uart_context_t\000"
 431      74635F73 
 431      63625F75 
 431      6172745F 
 431      636F6E74 
 432              	.LASF30:
 433 001a 74784275 		.ascii	"txBufSize\000"
 433      6653697A 
 433      6500
 434              	.LASF27:
 435 0024 72784275 		.ascii	"rxBufSize\000"
 435      6653697A 
 435      6500
 436              	.LASF40:
 437 002e 63795F73 		.ascii	"cy_stc_scb_uart_context\000"
 437      74635F73 
 437      63625F75 
 437      6172745F 
 437      636F6E74 
 438              	.LASF5:
 439 0046 5F5F696E 		.ascii	"__int32_t\000"
 439      7433325F 
ARM GAS  C:\Users\Brian\AppData\Local\Temp\cc5Q7TUH.s 			page 9


 439      7400
 440              	.LASF20:
 441 0050 74785374 		.ascii	"txStatus\000"
 441      61747573 
 441      00
 442              	.LASF23:
 443 0059 72785269 		.ascii	"rxRingBufSize\000"
 443      6E674275 
 443      6653697A 
 443      6500
 444              	.LASF36:
 445 0067 55415254 		.ascii	"UART_DEBUG_context\000"
 445      5F444542 
 445      55475F63 
 445      6F6E7465 
 445      787400
 446              	.LASF24:
 447 007a 72785269 		.ascii	"rxRingBufHead\000"
 447      6E674275 
 447      66486561 
 447      6400
 448              	.LASF11:
 449 0088 696E7433 		.ascii	"int32_t\000"
 449      325F7400 
 450              	.LASF19:
 451 0090 63795F63 		.ascii	"cy_cb_scb_uart_handle_events_t\000"
 451      625F7363 
 451      625F7561 
 451      72745F68 
 451      616E646C 
 452              	.LASF16:
 453 00af 666C6F61 		.ascii	"float\000"
 453      7400
 454              	.LASF39:
 455 00b5 433A5C50 		.ascii	"C:\\PSoC 6 Projects\\sel_voltage_monitor\\SELVoltag"
 455      536F4320 
 455      36205072 
 455      6F6A6563 
 455      74735C73 
 456 00e5 654D6F6E 		.ascii	"eMonitor\\SELVoltageMonitor.cydsn\000"
 456      69746F72 
 456      5C53454C 
 456      566F6C74 
 456      6167654D 
 457              	.LASF7:
 458 0106 6C6F6E67 		.ascii	"long unsigned int\000"
 458      20756E73 
 458      69676E65 
 458      6420696E 
 458      7400
 459              	.LASF3:
 460 0118 73686F72 		.ascii	"short unsigned int\000"
 460      7420756E 
 460      7369676E 
 460      65642069 
 460      6E7400
 461              	.LASF35:
ARM GAS  C:\Users\Brian\AppData\Local\Temp\cc5Q7TUH.s 			page 10


 462 012b 49544D5F 		.ascii	"ITM_RxBuffer\000"
 462      52784275 
 462      66666572 
 462      00
 463              	.LASF38:
 464 0138 64656275 		.ascii	"debug.c\000"
 464      672E6300 
 465              	.LASF2:
 466 0140 756E7369 		.ascii	"unsigned char\000"
 466      676E6564 
 466      20636861 
 466      7200
 467              	.LASF17:
 468 014e 646F7562 		.ascii	"double\000"
 468      6C6500
 469              	.LASF26:
 470 0155 72784275 		.ascii	"rxBuf\000"
 470      6600
 471              	.LASF6:
 472 015b 5F5F7569 		.ascii	"__uint32_t\000"
 472      6E743332 
 472      5F7400
 473              	.LASF10:
 474 0166 756E7369 		.ascii	"unsigned int\000"
 474      676E6564 
 474      20696E74 
 474      00
 475              	.LASF9:
 476 0173 6C6F6E67 		.ascii	"long long unsigned int\000"
 476      206C6F6E 
 476      6720756E 
 476      7369676E 
 476      65642069 
 477              	.LASF37:
 478 018a 474E5520 		.ascii	"GNU C11 5.4.1 20160609 (release) [ARM/embedded-5-br"
 478      43313120 
 478      352E342E 
 478      31203230 
 478      31363036 
 479 01bd 616E6368 		.ascii	"anch revision 237715] -mcpu=cortex-m4 -mfloat-abi=s"
 479      20726576 
 479      6973696F 
 479      6E203233 
 479      37373135 
 480 01f0 6F667466 		.ascii	"oftfp -mfpu=fpv4-sp-d16 -mthumb -g -Og -ffunction-s"
 480      70202D6D 
 480      6670753D 
 480      66707634 
 480      2D73702D 
 481 0223 65637469 		.ascii	"ections -ffat-lto-objects\000"
 481      6F6E7320 
 481      2D666661 
 481      742D6C74 
 481      6F2D6F62 
 482              	.LASF25:
 483 023d 72785269 		.ascii	"rxRingBufTail\000"
 483      6E674275 
ARM GAS  C:\Users\Brian\AppData\Local\Temp\cc5Q7TUH.s 			page 11


 483      66546169 
 483      6C00
 484              	.LASF33:
 485 024b 696E6974 		.ascii	"initKey\000"
 485      4B657900 
 486              	.LASF13:
 487 0253 73697A65 		.ascii	"sizetype\000"
 487      74797065 
 487      00
 488              	.LASF28:
 489 025c 72784275 		.ascii	"rxBufIdx\000"
 489      66496478 
 489      00
 490              	.LASF8:
 491 0265 6C6F6E67 		.ascii	"long long int\000"
 491      206C6F6E 
 491      6720696E 
 491      7400
 492              	.LASF15:
 493 0273 63686172 		.ascii	"char\000"
 493      00
 494              	.LASF32:
 495 0278 63624576 		.ascii	"cbEvents\000"
 495      656E7473 
 495      00
 496              	.LASF22:
 497 0281 72785269 		.ascii	"rxRingBuf\000"
 497      6E674275 
 497      6600
 498              	.LASF0:
 499 028b 73686F72 		.ascii	"short int\000"
 499      7420696E 
 499      7400
 500              	.LASF31:
 501 0295 74784C65 		.ascii	"txLeftToTransmit\000"
 501      6674546F 
 501      5472616E 
 501      736D6974 
 501      00
 502              	.LASF12:
 503 02a6 75696E74 		.ascii	"uint32_t\000"
 503      33325F74 
 503      00
 504              	.LASF4:
 505 02af 6C6F6E67 		.ascii	"long int\000"
 505      20696E74 
 505      00
 506              	.LASF14:
 507 02b8 6C6F6E67 		.ascii	"long double\000"
 507      20646F75 
 507      626C6500 
 508              	.LASF21:
 509 02c4 72785374 		.ascii	"rxStatus\000"
 509      61747573 
 509      00
 510              	.LASF1:
 511 02cd 7369676E 		.ascii	"signed char\000"
ARM GAS  C:\Users\Brian\AppData\Local\Temp\cc5Q7TUH.s 			page 12


 511      65642063 
 511      68617200 
 512              	.LASF18:
 513 02d9 5F426F6F 		.ascii	"_Bool\000"
 513      6C00
 514              	.LASF29:
 515 02df 74784275 		.ascii	"txBuf\000"
 515      6600
 516              		.ident	"GCC: (GNU Tools for ARM Embedded Processors) 5.4.1 20160609 (release) [ARM/embedded-5-bran
