ARM GAS  C:\Users\Brian\AppData\Local\Temp\cc1Pgovt.s 			page 1


   1              		.syntax unified
   2              		.cpu cortex-m4
   3              		.eabi_attribute 27, 1
   4              		.fpu fpv4-sp-d16
   5              		.eabi_attribute 20, 1
   6              		.eabi_attribute 21, 1
   7              		.eabi_attribute 23, 3
   8              		.eabi_attribute 24, 1
   9              		.eabi_attribute 25, 1
  10              		.eabi_attribute 26, 1
  11              		.eabi_attribute 30, 1
  12              		.eabi_attribute 34, 1
  13              		.eabi_attribute 18, 4
  14              		.thumb
  15              		.syntax unified
  16              		.file	"Em_EEPROM_1.c"
  17              		.text
  18              	.Ltext0:
  19              		.cfi_sections	.debug_frame
  20              		.section	.text.Em_EEPROM_1_Init,"ax",%progbits
  21              		.align	2
  22              		.global	Em_EEPROM_1_Init
  23              		.thumb
  24              		.thumb_func
  25              		.type	Em_EEPROM_1_Init, %function
  26              	Em_EEPROM_1_Init:
  27              	.LFB125:
  28              		.file 1 "Generated_Source\\PSoC6\\Em_EEPROM_1.c"
   1:Generated_Source\PSoC6/Em_EEPROM_1.c **** /*******************************************************************************
   2:Generated_Source\PSoC6/Em_EEPROM_1.c **** * File Name: Em_EEPROM_1.c
   3:Generated_Source\PSoC6/Em_EEPROM_1.c **** * Version 2.0
   4:Generated_Source\PSoC6/Em_EEPROM_1.c **** *
   5:Generated_Source\PSoC6/Em_EEPROM_1.c **** * Description:
   6:Generated_Source\PSoC6/Em_EEPROM_1.c **** *  This file provides source code of the API for the Emulated EEPROM
   7:Generated_Source\PSoC6/Em_EEPROM_1.c **** *  Component.
   8:Generated_Source\PSoC6/Em_EEPROM_1.c **** *
   9:Generated_Source\PSoC6/Em_EEPROM_1.c **** ********************************************************************************
  10:Generated_Source\PSoC6/Em_EEPROM_1.c **** * Copyright 2013-2017, Cypress Semiconductor Corporation. All rights reserved.
  11:Generated_Source\PSoC6/Em_EEPROM_1.c **** * You may use this file only in accordance with the license, terms, conditions,
  12:Generated_Source\PSoC6/Em_EEPROM_1.c **** * disclaimers, and limitations in the end user license agreement accompanying
  13:Generated_Source\PSoC6/Em_EEPROM_1.c **** * the software package with which this file was provided.
  14:Generated_Source\PSoC6/Em_EEPROM_1.c **** *******************************************************************************/
  15:Generated_Source\PSoC6/Em_EEPROM_1.c **** 
  16:Generated_Source\PSoC6/Em_EEPROM_1.c **** #include "Em_EEPROM_1.h"
  17:Generated_Source\PSoC6/Em_EEPROM_1.c **** 
  18:Generated_Source\PSoC6/Em_EEPROM_1.c **** /** The instance-specific configuration structure. This should be used in the
  19:Generated_Source\PSoC6/Em_EEPROM_1.c **** *  associated Em_EEPROM_1_Init() function.
  20:Generated_Source\PSoC6/Em_EEPROM_1.c **** */
  21:Generated_Source\PSoC6/Em_EEPROM_1.c **** cy_stc_eeprom_config_t Em_EEPROM_1_config =
  22:Generated_Source\PSoC6/Em_EEPROM_1.c **** {
  23:Generated_Source\PSoC6/Em_EEPROM_1.c ****     256U,
  24:Generated_Source\PSoC6/Em_EEPROM_1.c ****     1U,
  25:Generated_Source\PSoC6/Em_EEPROM_1.c ****     0U,
  26:Generated_Source\PSoC6/Em_EEPROM_1.c ****     0U,
  27:Generated_Source\PSoC6/Em_EEPROM_1.c ****     0U
  28:Generated_Source\PSoC6/Em_EEPROM_1.c **** };
  29:Generated_Source\PSoC6/Em_EEPROM_1.c **** 
ARM GAS  C:\Users\Brian\AppData\Local\Temp\cc1Pgovt.s 			page 2


  30:Generated_Source\PSoC6/Em_EEPROM_1.c **** /** The instance-specific context structure that holds all required information
  31:Generated_Source\PSoC6/Em_EEPROM_1.c **** * about an EEPROM instance. This structure is filled by the Em_EEPROM
  32:Generated_Source\PSoC6/Em_EEPROM_1.c **** * library Init() function and used by EEPROM library functions.
  33:Generated_Source\PSoC6/Em_EEPROM_1.c **** */
  34:Generated_Source\PSoC6/Em_EEPROM_1.c **** cy_stc_eeprom_context_t Em_EEPROM_1_context;
  35:Generated_Source\PSoC6/Em_EEPROM_1.c **** 
  36:Generated_Source\PSoC6/Em_EEPROM_1.c **** /* For PSoC 6 place EEPROM into Emulated EEPROM flash area */
  37:Generated_Source\PSoC6/Em_EEPROM_1.c **** #if ((CY_PSOC6) && (Em_EEPROM_1_STORAGE_EM_EEPROM))
  38:Generated_Source\PSoC6/Em_EEPROM_1.c **** 
  39:Generated_Source\PSoC6/Em_EEPROM_1.c ****     CY_SECTION(".cy_em_eeprom") CY_ALIGN(CY_FLASH_SIZEOF_ROW)
  40:Generated_Source\PSoC6/Em_EEPROM_1.c ****     const uint8_t Em_EEPROM_1_em_EepromStorage[Em_EEPROM_1_ACTUAL_SIZE] = {0u};
  41:Generated_Source\PSoC6/Em_EEPROM_1.c **** 
  42:Generated_Source\PSoC6/Em_EEPROM_1.c **** #endif /* ((CY_PSOC6) && (Em_EEPROM_1_STORAGE_EM_EEPROM)) */
  43:Generated_Source\PSoC6/Em_EEPROM_1.c **** 
  44:Generated_Source\PSoC6/Em_EEPROM_1.c **** 
  45:Generated_Source\PSoC6/Em_EEPROM_1.c **** /*******************************************************************************
  46:Generated_Source\PSoC6/Em_EEPROM_1.c **** * Function Name: Em_EEPROM_1_Init
  47:Generated_Source\PSoC6/Em_EEPROM_1.c **** ********************************************************************************
  48:Generated_Source\PSoC6/Em_EEPROM_1.c **** *
  49:Generated_Source\PSoC6/Em_EEPROM_1.c **** * Fills the start address of the EEPROM to the component configuration structure
  50:Generated_Source\PSoC6/Em_EEPROM_1.c **** * and invokes Cy_Em_EEPROM_Init() function. In case of PSoC 6 the function 
  51:Generated_Source\PSoC6/Em_EEPROM_1.c **** * is located in Cy_Em_EEPROM middleware library which is part of PDL. In case if
  52:Generated_Source\PSoC6/Em_EEPROM_1.c **** * it is utilized in the design based on non-PSOC 6 device the function is 
  53:Generated_Source\PSoC6/Em_EEPROM_1.c **** * located in internal design wide resource component - Em_EEPROM_Dynamic.
  54:Generated_Source\PSoC6/Em_EEPROM_1.c **** *
  55:Generated_Source\PSoC6/Em_EEPROM_1.c **** * \param startAddress
  56:Generated_Source\PSoC6/Em_EEPROM_1.c **** * Start address of the EEPROM storage. For PSoC 6, if Emulated EEPROM is 
  57:Generated_Source\PSoC6/Em_EEPROM_1.c **** * selected for EEPROM storage, the start address will be overwritten to some 
  58:Generated_Source\PSoC6/Em_EEPROM_1.c **** * address from Emulated EEPROM flash area.
  59:Generated_Source\PSoC6/Em_EEPROM_1.c **** *
  60:Generated_Source\PSoC6/Em_EEPROM_1.c **** * \return
  61:Generated_Source\PSoC6/Em_EEPROM_1.c **** * A result of function execution of type cy_en_em_eeprom_status_t.
  62:Generated_Source\PSoC6/Em_EEPROM_1.c **** *
  63:Generated_Source\PSoC6/Em_EEPROM_1.c **** *******************************************************************************/
  64:Generated_Source\PSoC6/Em_EEPROM_1.c **** cy_en_em_eeprom_status_t Em_EEPROM_1_Init(uint32 startAddress)
  65:Generated_Source\PSoC6/Em_EEPROM_1.c **** {
  29              		.loc 1 65 0
  30              		.cfi_startproc
  31              		@ args = 0, pretend = 0, frame = 16
  32              		@ frame_needed = 0, uses_anonymous_args = 0
  33              	.LVL0:
  34 0000 00B5     		push	{lr}
  35              		.cfi_def_cfa_offset 4
  36              		.cfi_offset 14, -4
  37 0002 85B0     		sub	sp, sp, #20
  38              		.cfi_def_cfa_offset 24
  66:Generated_Source\PSoC6/Em_EEPROM_1.c ****     cy_en_em_eeprom_status_t ret;
  67:Generated_Source\PSoC6/Em_EEPROM_1.c ****     cy_stc_eeprom_config_t config;
  68:Generated_Source\PSoC6/Em_EEPROM_1.c **** 
  69:Generated_Source\PSoC6/Em_EEPROM_1.c ****     config.blockingWrite =      Em_EEPROM_1_config.blockingWrite;
  39              		.loc 1 69 0
  40 0004 094B     		ldr	r3, .L3
  41 0006 5A7A     		ldrb	r2, [r3, #9]	@ zero_extendqisi2
  42 0008 8DF80920 		strb	r2, [sp, #9]
  70:Generated_Source\PSoC6/Em_EEPROM_1.c ****     config.eepromSize =         Em_EEPROM_1_config.eepromSize;
  43              		.loc 1 70 0
  44 000c 1A68     		ldr	r2, [r3]
ARM GAS  C:\Users\Brian\AppData\Local\Temp\cc1Pgovt.s 			page 3


  45 000e 0092     		str	r2, [sp]
  71:Generated_Source\PSoC6/Em_EEPROM_1.c ****     config.redundantCopy =      Em_EEPROM_1_config.redundantCopy;
  46              		.loc 1 71 0
  47 0010 1A7A     		ldrb	r2, [r3, #8]	@ zero_extendqisi2
  48 0012 8DF80820 		strb	r2, [sp, #8]
  72:Generated_Source\PSoC6/Em_EEPROM_1.c ****     config.wearLevelingFactor = Em_EEPROM_1_config.wearLevelingFactor;
  49              		.loc 1 72 0
  50 0016 5B68     		ldr	r3, [r3, #4]
  51 0018 0193     		str	r3, [sp, #4]
  73:Generated_Source\PSoC6/Em_EEPROM_1.c ****     
  74:Generated_Source\PSoC6/Em_EEPROM_1.c **** #if ((CY_PSOC6) && (Em_EEPROM_1_STORAGE_EM_EEPROM))
  75:Generated_Source\PSoC6/Em_EEPROM_1.c ****     /* For PSoC 6, if Emulated EEPROM is selected - override the eeprom start 
  76:Generated_Source\PSoC6/Em_EEPROM_1.c ****     * address.
  77:Generated_Source\PSoC6/Em_EEPROM_1.c ****     */
  78:Generated_Source\PSoC6/Em_EEPROM_1.c ****     config.userFlashStartAddr = (uint32_t)Em_EEPROM_1_em_EepromStorage;
  79:Generated_Source\PSoC6/Em_EEPROM_1.c **** #else
  80:Generated_Source\PSoC6/Em_EEPROM_1.c ****     config.userFlashStartAddr = startAddress;
  52              		.loc 1 80 0
  53 001a 0390     		str	r0, [sp, #12]
  81:Generated_Source\PSoC6/Em_EEPROM_1.c **** #endif /* ((CY_PSOC6) && (Em_EEPROM_1_STORAGE_EM_EEPROM)) */
  82:Generated_Source\PSoC6/Em_EEPROM_1.c ****         
  83:Generated_Source\PSoC6/Em_EEPROM_1.c ****     ret = Cy_Em_EEPROM_Init(&config, &Em_EEPROM_1_context);
  54              		.loc 1 83 0
  55 001c 0449     		ldr	r1, .L3+4
  56 001e 6846     		mov	r0, sp
  57              	.LVL1:
  58 0020 FFF7FEFF 		bl	Cy_Em_EEPROM_Init
  59              	.LVL2:
  84:Generated_Source\PSoC6/Em_EEPROM_1.c **** 
  85:Generated_Source\PSoC6/Em_EEPROM_1.c ****     return(ret);
  86:Generated_Source\PSoC6/Em_EEPROM_1.c **** }
  60              		.loc 1 86 0
  61 0024 05B0     		add	sp, sp, #20
  62              		.cfi_def_cfa_offset 4
  63              		@ sp needed
  64 0026 5DF804FB 		ldr	pc, [sp], #4
  65              	.L4:
  66 002a 00BF     		.align	2
  67              	.L3:
  68 002c 00000000 		.word	.LANCHOR0
  69 0030 00000000 		.word	Em_EEPROM_1_context
  70              		.cfi_endproc
  71              	.LFE125:
  72              		.size	Em_EEPROM_1_Init, .-Em_EEPROM_1_Init
  73              		.comm	Em_EEPROM_1_context,28,4
  74              		.global	Em_EEPROM_1_config
  75              		.data
  76              		.align	2
  77              		.set	.LANCHOR0,. + 0
  78              		.type	Em_EEPROM_1_config, %object
  79              		.size	Em_EEPROM_1_config, 16
  80              	Em_EEPROM_1_config:
  81 0000 00010000 		.word	256
  82 0004 01000000 		.word	1
  83 0008 00       		.byte	0
  84 0009 00       		.byte	0
  85 000a 0000     		.space	2
ARM GAS  C:\Users\Brian\AppData\Local\Temp\cc1Pgovt.s 			page 4


  86 000c 00000000 		.word	0
  87              		.text
  88              	.Letext0:
  89              		.file 2 "c:\\program files (x86)\\cypress\\psoc creator\\4.2\\psoc creator\\import\\gnu\\arm\\5.4.
  90              		.file 3 "c:\\program files (x86)\\cypress\\psoc creator\\4.2\\psoc creator\\import\\gnu\\arm\\5.4.
  91              		.file 4 "Generated_Source\\PSoC6\\pdl\\drivers/peripheral/syslib/cy_syslib.h"
  92              		.file 5 "Generated_Source\\PSoC6\\pdl\\middleware/em_eeprom/cy_em_eeprom.h"
  93              		.file 6 "Generated_Source\\PSoC6\\pdl\\cmsis/include/core_cm4.h"
  94              		.section	.debug_info,"",%progbits
  95              	.Ldebug_info0:
  96 0000 8E020000 		.4byte	0x28e
  97 0004 0400     		.2byte	0x4
  98 0006 00000000 		.4byte	.Ldebug_abbrev0
  99 000a 04       		.byte	0x4
 100 000b 01       		.uleb128 0x1
 101 000c 9D020000 		.4byte	.LASF41
 102 0010 0C       		.byte	0xc
 103 0011 5A020000 		.4byte	.LASF42
 104 0015 9A000000 		.4byte	.LASF43
 105 0019 00000000 		.4byte	.Ldebug_ranges0+0
 106 001d 00000000 		.4byte	0
 107 0021 00000000 		.4byte	.Ldebug_line0
 108 0025 02       		.uleb128 0x2
 109 0026 02       		.byte	0x2
 110 0027 05       		.byte	0x5
 111 0028 7F020000 		.4byte	.LASF0
 112 002c 02       		.uleb128 0x2
 113 002d 01       		.byte	0x1
 114 002e 06       		.byte	0x6
 115 002f 86030000 		.4byte	.LASF1
 116 0033 03       		.uleb128 0x3
 117 0034 00000000 		.4byte	.LASF4
 118 0038 02       		.byte	0x2
 119 0039 1D       		.byte	0x1d
 120 003a 3E000000 		.4byte	0x3e
 121 003e 02       		.uleb128 0x2
 122 003f 01       		.byte	0x1
 123 0040 08       		.byte	0x8
 124 0041 55010000 		.4byte	.LASF2
 125 0045 02       		.uleb128 0x2
 126 0046 02       		.byte	0x2
 127 0047 07       		.byte	0x7
 128 0048 15010000 		.4byte	.LASF3
 129 004c 03       		.uleb128 0x3
 130 004d 3B000000 		.4byte	.LASF5
 131 0051 02       		.byte	0x2
 132 0052 3F       		.byte	0x3f
 133 0053 57000000 		.4byte	0x57
 134 0057 02       		.uleb128 0x2
 135 0058 04       		.byte	0x4
 136 0059 05       		.byte	0x5
 137 005a 63030000 		.4byte	.LASF6
 138 005e 03       		.uleb128 0x3
 139 005f 43010000 		.4byte	.LASF7
 140 0063 02       		.byte	0x2
 141 0064 41       		.byte	0x41
 142 0065 69000000 		.4byte	0x69
ARM GAS  C:\Users\Brian\AppData\Local\Temp\cc1Pgovt.s 			page 5


 143 0069 02       		.uleb128 0x2
 144 006a 04       		.byte	0x4
 145 006b 07       		.byte	0x7
 146 006c 03010000 		.4byte	.LASF8
 147 0070 02       		.uleb128 0x2
 148 0071 08       		.byte	0x8
 149 0072 05       		.byte	0x5
 150 0073 0B020000 		.4byte	.LASF9
 151 0077 02       		.uleb128 0x2
 152 0078 08       		.byte	0x8
 153 0079 07       		.byte	0x7
 154 007a 99010000 		.4byte	.LASF10
 155 007e 04       		.uleb128 0x4
 156 007f 04       		.byte	0x4
 157 0080 05       		.byte	0x5
 158 0081 696E7400 		.ascii	"int\000"
 159 0085 02       		.uleb128 0x2
 160 0086 04       		.byte	0x4
 161 0087 07       		.byte	0x7
 162 0088 63010000 		.4byte	.LASF11
 163 008c 03       		.uleb128 0x3
 164 008d B0010000 		.4byte	.LASF12
 165 0091 03       		.byte	0x3
 166 0092 18       		.byte	0x18
 167 0093 33000000 		.4byte	0x33
 168 0097 03       		.uleb128 0x3
 169 0098 FA010000 		.4byte	.LASF13
 170 009c 03       		.byte	0x3
 171 009d 2C       		.byte	0x2c
 172 009e 4C000000 		.4byte	0x4c
 173 00a2 03       		.uleb128 0x3
 174 00a3 5A030000 		.4byte	.LASF14
 175 00a7 03       		.byte	0x3
 176 00a8 30       		.byte	0x30
 177 00a9 5E000000 		.4byte	0x5e
 178 00ad 02       		.uleb128 0x2
 179 00ae 04       		.byte	0x4
 180 00af 07       		.byte	0x7
 181 00b0 02020000 		.4byte	.LASF15
 182 00b4 02       		.uleb128 0x2
 183 00b5 01       		.byte	0x1
 184 00b6 08       		.byte	0x8
 185 00b7 3E020000 		.4byte	.LASF16
 186 00bb 02       		.uleb128 0x2
 187 00bc 04       		.byte	0x4
 188 00bd 04       		.byte	0x4
 189 00be 94000000 		.4byte	.LASF17
 190 00c2 02       		.uleb128 0x2
 191 00c3 08       		.byte	0x8
 192 00c4 04       		.byte	0x4
 193 00c5 3C010000 		.4byte	.LASF18
 194 00c9 05       		.uleb128 0x5
 195 00ca 4E010000 		.4byte	.LASF19
 196 00ce 04       		.byte	0x4
 197 00cf 8703     		.2byte	0x387
 198 00d1 A2000000 		.4byte	0xa2
 199 00d5 02       		.uleb128 0x2
ARM GAS  C:\Users\Brian\AppData\Local\Temp\cc1Pgovt.s 			page 6


 200 00d6 08       		.byte	0x8
 201 00d7 04       		.byte	0x4
 202 00d8 6C030000 		.4byte	.LASF20
 203 00dc 06       		.uleb128 0x6
 204 00dd 10       		.byte	0x10
 205 00de 05       		.byte	0x5
 206 00df 0101     		.2byte	0x101
 207 00e1 27010000 		.4byte	0x127
 208 00e5 07       		.uleb128 0x7
 209 00e6 89000000 		.4byte	.LASF21
 210 00ea 05       		.byte	0x5
 211 00eb 0401     		.2byte	0x104
 212 00ed A2000000 		.4byte	0xa2
 213 00f1 00       		.byte	0
 214 00f2 07       		.uleb128 0x7
 215 00f3 76000000 		.4byte	.LASF22
 216 00f7 05       		.byte	0x5
 217 00f8 0901     		.2byte	0x109
 218 00fa A2000000 		.4byte	0xa2
 219 00fe 04       		.byte	0x4
 220 00ff 07       		.uleb128 0x7
 221 0100 EC010000 		.4byte	.LASF23
 222 0104 05       		.byte	0x5
 223 0105 0C01     		.2byte	0x10c
 224 0107 8C000000 		.4byte	0x8c
 225 010b 08       		.byte	0x8
 226 010c 07       		.uleb128 0x7
 227 010d CD010000 		.4byte	.LASF24
 228 0111 05       		.byte	0x5
 229 0112 1101     		.2byte	0x111
 230 0114 8C000000 		.4byte	0x8c
 231 0118 09       		.byte	0x9
 232 0119 07       		.uleb128 0x7
 233 011a 70010000 		.4byte	.LASF25
 234 011e 05       		.byte	0x5
 235 011f 1601     		.2byte	0x116
 236 0121 A2000000 		.4byte	0xa2
 237 0125 0C       		.byte	0xc
 238 0126 00       		.byte	0
 239 0127 05       		.uleb128 0x5
 240 0128 0A000000 		.4byte	.LASF26
 241 012c 05       		.byte	0x5
 242 012d 1701     		.2byte	0x117
 243 012f DC000000 		.4byte	0xdc
 244 0133 06       		.uleb128 0x6
 245 0134 1C       		.byte	0x1c
 246 0135 05       		.byte	0x5
 247 0136 1E01     		.2byte	0x11e
 248 0138 A5010000 		.4byte	0x1a5
 249 013c 07       		.uleb128 0x7
 250 013d 50030000 		.4byte	.LASF27
 251 0141 05       		.byte	0x5
 252 0142 2301     		.2byte	0x123
 253 0144 A2000000 		.4byte	0xa2
 254 0148 00       		.byte	0
 255 0149 07       		.uleb128 0x7
 256 014a 2E000000 		.4byte	.LASF28
ARM GAS  C:\Users\Brian\AppData\Local\Temp\cc1Pgovt.s 			page 7


 257 014e 05       		.byte	0x5
 258 014f 2801     		.2byte	0x128
 259 0151 A2000000 		.4byte	0xa2
 260 0155 04       		.byte	0x4
 261 0156 07       		.uleb128 0x7
 262 0157 78030000 		.4byte	.LASF29
 263 015b 05       		.byte	0x5
 264 015c 2B01     		.2byte	0x12b
 265 015e A2000000 		.4byte	0xa2
 266 0162 08       		.byte	0x8
 267 0163 07       		.uleb128 0x7
 268 0164 89000000 		.4byte	.LASF21
 269 0168 05       		.byte	0x5
 270 0169 2E01     		.2byte	0x12e
 271 016b A2000000 		.4byte	0xa2
 272 016f 0C       		.byte	0xc
 273 0170 07       		.uleb128 0x7
 274 0171 76000000 		.4byte	.LASF22
 275 0175 05       		.byte	0x5
 276 0176 3301     		.2byte	0x133
 277 0178 A2000000 		.4byte	0xa2
 278 017c 10       		.byte	0x10
 279 017d 07       		.uleb128 0x7
 280 017e EC010000 		.4byte	.LASF23
 281 0182 05       		.byte	0x5
 282 0183 3601     		.2byte	0x136
 283 0185 8C000000 		.4byte	0x8c
 284 0189 14       		.byte	0x14
 285 018a 07       		.uleb128 0x7
 286 018b CD010000 		.4byte	.LASF24
 287 018f 05       		.byte	0x5
 288 0190 3B01     		.2byte	0x13b
 289 0192 8C000000 		.4byte	0x8c
 290 0196 15       		.byte	0x15
 291 0197 07       		.uleb128 0x7
 292 0198 70010000 		.4byte	.LASF25
 293 019c 05       		.byte	0x5
 294 019d 3E01     		.2byte	0x13e
 295 019f A2000000 		.4byte	0xa2
 296 01a3 18       		.byte	0x18
 297 01a4 00       		.byte	0
 298 01a5 05       		.uleb128 0x5
 299 01a6 45000000 		.4byte	.LASF30
 300 01aa 05       		.byte	0x5
 301 01ab 3F01     		.2byte	0x13f
 302 01ad 33010000 		.4byte	0x133
 303 01b1 08       		.uleb128 0x8
 304 01b2 04       		.byte	0x4
 305 01b3 85000000 		.4byte	0x85
 306 01b7 05       		.byte	0x5
 307 01b8 5301     		.2byte	0x153
 308 01ba E9010000 		.4byte	0x1e9
 309 01be 09       		.uleb128 0x9
 310 01bf B8010000 		.4byte	.LASF31
 311 01c3 00       		.byte	0
 312 01c4 0A       		.uleb128 0xa
 313 01c5 43020000 		.4byte	.LASF32
ARM GAS  C:\Users\Brian\AppData\Local\Temp\cc1Pgovt.s 			page 8


 314 01c9 01006E00 		.4byte	0x6e0001
 315 01cd 0A       		.uleb128 0xa
 316 01ce 92030000 		.4byte	.LASF33
 317 01d2 02006E00 		.4byte	0x6e0002
 318 01d6 0A       		.uleb128 0xa
 319 01d7 83010000 		.4byte	.LASF34
 320 01db 03006E00 		.4byte	0x6e0003
 321 01df 0A       		.uleb128 0xa
 322 01e0 EB000000 		.4byte	.LASF35
 323 01e4 04006E00 		.4byte	0x6e0004
 324 01e8 00       		.byte	0
 325 01e9 05       		.uleb128 0x5
 326 01ea 5D000000 		.4byte	.LASF36
 327 01ee 05       		.byte	0x5
 328 01ef 5901     		.2byte	0x159
 329 01f1 B1010000 		.4byte	0x1b1
 330 01f5 0B       		.uleb128 0xb
 331 01f6 DB010000 		.4byte	.LASF44
 332 01fa 01       		.byte	0x1
 333 01fb 40       		.byte	0x40
 334 01fc E9010000 		.4byte	0x1e9
 335 0200 00000000 		.4byte	.LFB125
 336 0204 34000000 		.4byte	.LFE125-.LFB125
 337 0208 01       		.uleb128 0x1
 338 0209 9C       		.byte	0x9c
 339 020a 52020000 		.4byte	0x252
 340 020e 0C       		.uleb128 0xc
 341 020f 21000000 		.4byte	.LASF45
 342 0213 01       		.byte	0x1
 343 0214 40       		.byte	0x40
 344 0215 C9000000 		.4byte	0xc9
 345 0219 00000000 		.4byte	.LLST0
 346 021d 0D       		.uleb128 0xd
 347 021e 72657400 		.ascii	"ret\000"
 348 0222 01       		.byte	0x1
 349 0223 42       		.byte	0x42
 350 0224 E9010000 		.4byte	0x1e9
 351 0228 01       		.uleb128 0x1
 352 0229 50       		.byte	0x50
 353 022a 0E       		.uleb128 0xe
 354 022b 35010000 		.4byte	.LASF37
 355 022f 01       		.byte	0x1
 356 0230 43       		.byte	0x43
 357 0231 27010000 		.4byte	0x127
 358 0235 02       		.uleb128 0x2
 359 0236 91       		.byte	0x91
 360 0237 68       		.sleb128 -24
 361 0238 0F       		.uleb128 0xf
 362 0239 24000000 		.4byte	.LVL2
 363 023d 85020000 		.4byte	0x285
 364 0241 10       		.uleb128 0x10
 365 0242 01       		.uleb128 0x1
 366 0243 50       		.byte	0x50
 367 0244 02       		.uleb128 0x2
 368 0245 7D       		.byte	0x7d
 369 0246 00       		.sleb128 0
 370 0247 10       		.uleb128 0x10
ARM GAS  C:\Users\Brian\AppData\Local\Temp\cc1Pgovt.s 			page 9


 371 0248 01       		.uleb128 0x1
 372 0249 51       		.byte	0x51
 373 024a 05       		.uleb128 0x5
 374 024b 03       		.byte	0x3
 375 024c 00000000 		.4byte	Em_EEPROM_1_context
 376 0250 00       		.byte	0
 377 0251 00       		.byte	0
 378 0252 11       		.uleb128 0x11
 379 0253 28010000 		.4byte	.LASF38
 380 0257 06       		.byte	0x6
 381 0258 EA07     		.2byte	0x7ea
 382 025a 5E020000 		.4byte	0x25e
 383 025e 12       		.uleb128 0x12
 384 025f 97000000 		.4byte	0x97
 385 0263 13       		.uleb128 0x13
 386 0264 19020000 		.4byte	.LASF39
 387 0268 01       		.byte	0x1
 388 0269 15       		.byte	0x15
 389 026a 27010000 		.4byte	0x127
 390 026e 05       		.uleb128 0x5
 391 026f 03       		.byte	0x3
 392 0270 00000000 		.4byte	Em_EEPROM_1_config
 393 0274 13       		.uleb128 0x13
 394 0275 89020000 		.4byte	.LASF40
 395 0279 01       		.byte	0x1
 396 027a 22       		.byte	0x22
 397 027b A5010000 		.4byte	0x1a5
 398 027f 05       		.uleb128 0x5
 399 0280 03       		.byte	0x3
 400 0281 00000000 		.4byte	Em_EEPROM_1_context
 401 0285 14       		.uleb128 0x14
 402 0286 2C020000 		.4byte	.LASF46
 403 028a 2C020000 		.4byte	.LASF46
 404 028e 05       		.byte	0x5
 405 028f 6601     		.2byte	0x166
 406 0291 00       		.byte	0
 407              		.section	.debug_abbrev,"",%progbits
 408              	.Ldebug_abbrev0:
 409 0000 01       		.uleb128 0x1
 410 0001 11       		.uleb128 0x11
 411 0002 01       		.byte	0x1
 412 0003 25       		.uleb128 0x25
 413 0004 0E       		.uleb128 0xe
 414 0005 13       		.uleb128 0x13
 415 0006 0B       		.uleb128 0xb
 416 0007 03       		.uleb128 0x3
 417 0008 0E       		.uleb128 0xe
 418 0009 1B       		.uleb128 0x1b
 419 000a 0E       		.uleb128 0xe
 420 000b 55       		.uleb128 0x55
 421 000c 17       		.uleb128 0x17
 422 000d 11       		.uleb128 0x11
 423 000e 01       		.uleb128 0x1
 424 000f 10       		.uleb128 0x10
 425 0010 17       		.uleb128 0x17
 426 0011 00       		.byte	0
 427 0012 00       		.byte	0
ARM GAS  C:\Users\Brian\AppData\Local\Temp\cc1Pgovt.s 			page 10


 428 0013 02       		.uleb128 0x2
 429 0014 24       		.uleb128 0x24
 430 0015 00       		.byte	0
 431 0016 0B       		.uleb128 0xb
 432 0017 0B       		.uleb128 0xb
 433 0018 3E       		.uleb128 0x3e
 434 0019 0B       		.uleb128 0xb
 435 001a 03       		.uleb128 0x3
 436 001b 0E       		.uleb128 0xe
 437 001c 00       		.byte	0
 438 001d 00       		.byte	0
 439 001e 03       		.uleb128 0x3
 440 001f 16       		.uleb128 0x16
 441 0020 00       		.byte	0
 442 0021 03       		.uleb128 0x3
 443 0022 0E       		.uleb128 0xe
 444 0023 3A       		.uleb128 0x3a
 445 0024 0B       		.uleb128 0xb
 446 0025 3B       		.uleb128 0x3b
 447 0026 0B       		.uleb128 0xb
 448 0027 49       		.uleb128 0x49
 449 0028 13       		.uleb128 0x13
 450 0029 00       		.byte	0
 451 002a 00       		.byte	0
 452 002b 04       		.uleb128 0x4
 453 002c 24       		.uleb128 0x24
 454 002d 00       		.byte	0
 455 002e 0B       		.uleb128 0xb
 456 002f 0B       		.uleb128 0xb
 457 0030 3E       		.uleb128 0x3e
 458 0031 0B       		.uleb128 0xb
 459 0032 03       		.uleb128 0x3
 460 0033 08       		.uleb128 0x8
 461 0034 00       		.byte	0
 462 0035 00       		.byte	0
 463 0036 05       		.uleb128 0x5
 464 0037 16       		.uleb128 0x16
 465 0038 00       		.byte	0
 466 0039 03       		.uleb128 0x3
 467 003a 0E       		.uleb128 0xe
 468 003b 3A       		.uleb128 0x3a
 469 003c 0B       		.uleb128 0xb
 470 003d 3B       		.uleb128 0x3b
 471 003e 05       		.uleb128 0x5
 472 003f 49       		.uleb128 0x49
 473 0040 13       		.uleb128 0x13
 474 0041 00       		.byte	0
 475 0042 00       		.byte	0
 476 0043 06       		.uleb128 0x6
 477 0044 13       		.uleb128 0x13
 478 0045 01       		.byte	0x1
 479 0046 0B       		.uleb128 0xb
 480 0047 0B       		.uleb128 0xb
 481 0048 3A       		.uleb128 0x3a
 482 0049 0B       		.uleb128 0xb
 483 004a 3B       		.uleb128 0x3b
 484 004b 05       		.uleb128 0x5
ARM GAS  C:\Users\Brian\AppData\Local\Temp\cc1Pgovt.s 			page 11


 485 004c 01       		.uleb128 0x1
 486 004d 13       		.uleb128 0x13
 487 004e 00       		.byte	0
 488 004f 00       		.byte	0
 489 0050 07       		.uleb128 0x7
 490 0051 0D       		.uleb128 0xd
 491 0052 00       		.byte	0
 492 0053 03       		.uleb128 0x3
 493 0054 0E       		.uleb128 0xe
 494 0055 3A       		.uleb128 0x3a
 495 0056 0B       		.uleb128 0xb
 496 0057 3B       		.uleb128 0x3b
 497 0058 05       		.uleb128 0x5
 498 0059 49       		.uleb128 0x49
 499 005a 13       		.uleb128 0x13
 500 005b 38       		.uleb128 0x38
 501 005c 0B       		.uleb128 0xb
 502 005d 00       		.byte	0
 503 005e 00       		.byte	0
 504 005f 08       		.uleb128 0x8
 505 0060 04       		.uleb128 0x4
 506 0061 01       		.byte	0x1
 507 0062 0B       		.uleb128 0xb
 508 0063 0B       		.uleb128 0xb
 509 0064 49       		.uleb128 0x49
 510 0065 13       		.uleb128 0x13
 511 0066 3A       		.uleb128 0x3a
 512 0067 0B       		.uleb128 0xb
 513 0068 3B       		.uleb128 0x3b
 514 0069 05       		.uleb128 0x5
 515 006a 01       		.uleb128 0x1
 516 006b 13       		.uleb128 0x13
 517 006c 00       		.byte	0
 518 006d 00       		.byte	0
 519 006e 09       		.uleb128 0x9
 520 006f 28       		.uleb128 0x28
 521 0070 00       		.byte	0
 522 0071 03       		.uleb128 0x3
 523 0072 0E       		.uleb128 0xe
 524 0073 1C       		.uleb128 0x1c
 525 0074 0B       		.uleb128 0xb
 526 0075 00       		.byte	0
 527 0076 00       		.byte	0
 528 0077 0A       		.uleb128 0xa
 529 0078 28       		.uleb128 0x28
 530 0079 00       		.byte	0
 531 007a 03       		.uleb128 0x3
 532 007b 0E       		.uleb128 0xe
 533 007c 1C       		.uleb128 0x1c
 534 007d 06       		.uleb128 0x6
 535 007e 00       		.byte	0
 536 007f 00       		.byte	0
 537 0080 0B       		.uleb128 0xb
 538 0081 2E       		.uleb128 0x2e
 539 0082 01       		.byte	0x1
 540 0083 3F       		.uleb128 0x3f
 541 0084 19       		.uleb128 0x19
ARM GAS  C:\Users\Brian\AppData\Local\Temp\cc1Pgovt.s 			page 12


 542 0085 03       		.uleb128 0x3
 543 0086 0E       		.uleb128 0xe
 544 0087 3A       		.uleb128 0x3a
 545 0088 0B       		.uleb128 0xb
 546 0089 3B       		.uleb128 0x3b
 547 008a 0B       		.uleb128 0xb
 548 008b 27       		.uleb128 0x27
 549 008c 19       		.uleb128 0x19
 550 008d 49       		.uleb128 0x49
 551 008e 13       		.uleb128 0x13
 552 008f 11       		.uleb128 0x11
 553 0090 01       		.uleb128 0x1
 554 0091 12       		.uleb128 0x12
 555 0092 06       		.uleb128 0x6
 556 0093 40       		.uleb128 0x40
 557 0094 18       		.uleb128 0x18
 558 0095 9742     		.uleb128 0x2117
 559 0097 19       		.uleb128 0x19
 560 0098 01       		.uleb128 0x1
 561 0099 13       		.uleb128 0x13
 562 009a 00       		.byte	0
 563 009b 00       		.byte	0
 564 009c 0C       		.uleb128 0xc
 565 009d 05       		.uleb128 0x5
 566 009e 00       		.byte	0
 567 009f 03       		.uleb128 0x3
 568 00a0 0E       		.uleb128 0xe
 569 00a1 3A       		.uleb128 0x3a
 570 00a2 0B       		.uleb128 0xb
 571 00a3 3B       		.uleb128 0x3b
 572 00a4 0B       		.uleb128 0xb
 573 00a5 49       		.uleb128 0x49
 574 00a6 13       		.uleb128 0x13
 575 00a7 02       		.uleb128 0x2
 576 00a8 17       		.uleb128 0x17
 577 00a9 00       		.byte	0
 578 00aa 00       		.byte	0
 579 00ab 0D       		.uleb128 0xd
 580 00ac 34       		.uleb128 0x34
 581 00ad 00       		.byte	0
 582 00ae 03       		.uleb128 0x3
 583 00af 08       		.uleb128 0x8
 584 00b0 3A       		.uleb128 0x3a
 585 00b1 0B       		.uleb128 0xb
 586 00b2 3B       		.uleb128 0x3b
 587 00b3 0B       		.uleb128 0xb
 588 00b4 49       		.uleb128 0x49
 589 00b5 13       		.uleb128 0x13
 590 00b6 02       		.uleb128 0x2
 591 00b7 18       		.uleb128 0x18
 592 00b8 00       		.byte	0
 593 00b9 00       		.byte	0
 594 00ba 0E       		.uleb128 0xe
 595 00bb 34       		.uleb128 0x34
 596 00bc 00       		.byte	0
 597 00bd 03       		.uleb128 0x3
 598 00be 0E       		.uleb128 0xe
ARM GAS  C:\Users\Brian\AppData\Local\Temp\cc1Pgovt.s 			page 13


 599 00bf 3A       		.uleb128 0x3a
 600 00c0 0B       		.uleb128 0xb
 601 00c1 3B       		.uleb128 0x3b
 602 00c2 0B       		.uleb128 0xb
 603 00c3 49       		.uleb128 0x49
 604 00c4 13       		.uleb128 0x13
 605 00c5 02       		.uleb128 0x2
 606 00c6 18       		.uleb128 0x18
 607 00c7 00       		.byte	0
 608 00c8 00       		.byte	0
 609 00c9 0F       		.uleb128 0xf
 610 00ca 898201   		.uleb128 0x4109
 611 00cd 01       		.byte	0x1
 612 00ce 11       		.uleb128 0x11
 613 00cf 01       		.uleb128 0x1
 614 00d0 31       		.uleb128 0x31
 615 00d1 13       		.uleb128 0x13
 616 00d2 00       		.byte	0
 617 00d3 00       		.byte	0
 618 00d4 10       		.uleb128 0x10
 619 00d5 8A8201   		.uleb128 0x410a
 620 00d8 00       		.byte	0
 621 00d9 02       		.uleb128 0x2
 622 00da 18       		.uleb128 0x18
 623 00db 9142     		.uleb128 0x2111
 624 00dd 18       		.uleb128 0x18
 625 00de 00       		.byte	0
 626 00df 00       		.byte	0
 627 00e0 11       		.uleb128 0x11
 628 00e1 34       		.uleb128 0x34
 629 00e2 00       		.byte	0
 630 00e3 03       		.uleb128 0x3
 631 00e4 0E       		.uleb128 0xe
 632 00e5 3A       		.uleb128 0x3a
 633 00e6 0B       		.uleb128 0xb
 634 00e7 3B       		.uleb128 0x3b
 635 00e8 05       		.uleb128 0x5
 636 00e9 49       		.uleb128 0x49
 637 00ea 13       		.uleb128 0x13
 638 00eb 3F       		.uleb128 0x3f
 639 00ec 19       		.uleb128 0x19
 640 00ed 3C       		.uleb128 0x3c
 641 00ee 19       		.uleb128 0x19
 642 00ef 00       		.byte	0
 643 00f0 00       		.byte	0
 644 00f1 12       		.uleb128 0x12
 645 00f2 35       		.uleb128 0x35
 646 00f3 00       		.byte	0
 647 00f4 49       		.uleb128 0x49
 648 00f5 13       		.uleb128 0x13
 649 00f6 00       		.byte	0
 650 00f7 00       		.byte	0
 651 00f8 13       		.uleb128 0x13
 652 00f9 34       		.uleb128 0x34
 653 00fa 00       		.byte	0
 654 00fb 03       		.uleb128 0x3
 655 00fc 0E       		.uleb128 0xe
ARM GAS  C:\Users\Brian\AppData\Local\Temp\cc1Pgovt.s 			page 14


 656 00fd 3A       		.uleb128 0x3a
 657 00fe 0B       		.uleb128 0xb
 658 00ff 3B       		.uleb128 0x3b
 659 0100 0B       		.uleb128 0xb
 660 0101 49       		.uleb128 0x49
 661 0102 13       		.uleb128 0x13
 662 0103 3F       		.uleb128 0x3f
 663 0104 19       		.uleb128 0x19
 664 0105 02       		.uleb128 0x2
 665 0106 18       		.uleb128 0x18
 666 0107 00       		.byte	0
 667 0108 00       		.byte	0
 668 0109 14       		.uleb128 0x14
 669 010a 2E       		.uleb128 0x2e
 670 010b 00       		.byte	0
 671 010c 3F       		.uleb128 0x3f
 672 010d 19       		.uleb128 0x19
 673 010e 3C       		.uleb128 0x3c
 674 010f 19       		.uleb128 0x19
 675 0110 6E       		.uleb128 0x6e
 676 0111 0E       		.uleb128 0xe
 677 0112 03       		.uleb128 0x3
 678 0113 0E       		.uleb128 0xe
 679 0114 3A       		.uleb128 0x3a
 680 0115 0B       		.uleb128 0xb
 681 0116 3B       		.uleb128 0x3b
 682 0117 05       		.uleb128 0x5
 683 0118 00       		.byte	0
 684 0119 00       		.byte	0
 685 011a 00       		.byte	0
 686              		.section	.debug_loc,"",%progbits
 687              	.Ldebug_loc0:
 688              	.LLST0:
 689 0000 00000000 		.4byte	.LVL0
 690 0004 20000000 		.4byte	.LVL1
 691 0008 0100     		.2byte	0x1
 692 000a 50       		.byte	0x50
 693 000b 20000000 		.4byte	.LVL1
 694 000f 23000000 		.4byte	.LVL2-1
 695 0013 0200     		.2byte	0x2
 696 0015 91       		.byte	0x91
 697 0016 74       		.sleb128 -12
 698 0017 23000000 		.4byte	.LVL2-1
 699 001b 34000000 		.4byte	.LFE125
 700 001f 0400     		.2byte	0x4
 701 0021 F3       		.byte	0xf3
 702 0022 01       		.uleb128 0x1
 703 0023 50       		.byte	0x50
 704 0024 9F       		.byte	0x9f
 705 0025 00000000 		.4byte	0
 706 0029 00000000 		.4byte	0
 707              		.section	.debug_aranges,"",%progbits
 708 0000 1C000000 		.4byte	0x1c
 709 0004 0200     		.2byte	0x2
 710 0006 00000000 		.4byte	.Ldebug_info0
 711 000a 04       		.byte	0x4
 712 000b 00       		.byte	0
ARM GAS  C:\Users\Brian\AppData\Local\Temp\cc1Pgovt.s 			page 15


 713 000c 0000     		.2byte	0
 714 000e 0000     		.2byte	0
 715 0010 00000000 		.4byte	.LFB125
 716 0014 34000000 		.4byte	.LFE125-.LFB125
 717 0018 00000000 		.4byte	0
 718 001c 00000000 		.4byte	0
 719              		.section	.debug_ranges,"",%progbits
 720              	.Ldebug_ranges0:
 721 0000 00000000 		.4byte	.LFB125
 722 0004 34000000 		.4byte	.LFE125
 723 0008 00000000 		.4byte	0
 724 000c 00000000 		.4byte	0
 725              		.section	.debug_line,"",%progbits
 726              	.Ldebug_line0:
 727 0000 12020000 		.section	.debug_str,"MS",%progbits,1
 727      0200F501 
 727      00000201 
 727      FB0E0D00 
 727      01010101 
 728              	.LASF4:
 729 0000 5F5F7569 		.ascii	"__uint8_t\000"
 729      6E74385F 
 729      7400
 730              	.LASF26:
 731 000a 63795F73 		.ascii	"cy_stc_eeprom_config_t\000"
 731      74635F65 
 731      6570726F 
 731      6D5F636F 
 731      6E666967 
 732              	.LASF45:
 733 0021 73746172 		.ascii	"startAddress\000"
 733      74416464 
 733      72657373 
 733      00
 734              	.LASF28:
 735 002e 6E756D62 		.ascii	"numberOfRows\000"
 735      65724F66 
 735      526F7773 
 735      00
 736              	.LASF5:
 737 003b 5F5F696E 		.ascii	"__int32_t\000"
 737      7433325F 
 737      7400
 738              	.LASF30:
 739 0045 63795F73 		.ascii	"cy_stc_eeprom_context_t\000"
 739      74635F65 
 739      6570726F 
 739      6D5F636F 
 739      6E746578 
 740              	.LASF36:
 741 005d 63795F65 		.ascii	"cy_en_em_eeprom_status_t\000"
 741      6E5F656D 
 741      5F656570 
 741      726F6D5F 
 741      73746174 
 742              	.LASF22:
 743 0076 77656172 		.ascii	"wearLevelingFactor\000"
ARM GAS  C:\Users\Brian\AppData\Local\Temp\cc1Pgovt.s 			page 16


 743      4C657665 
 743      6C696E67 
 743      46616374 
 743      6F7200
 744              	.LASF21:
 745 0089 65657072 		.ascii	"eepromSize\000"
 745      6F6D5369 
 745      7A6500
 746              	.LASF17:
 747 0094 666C6F61 		.ascii	"float\000"
 747      7400
 748              	.LASF43:
 749 009a 433A5C50 		.ascii	"C:\\PSoC 6 Projects\\sel_voltage_monitor\\SELVoltag"
 749      536F4320 
 749      36205072 
 749      6F6A6563 
 749      74735C73 
 750 00ca 654D6F6E 		.ascii	"eMonitor\\SELVoltageMonitor.cydsn\000"
 750      69746F72 
 750      5C53454C 
 750      566F6C74 
 750      6167654D 
 751              	.LASF35:
 752 00eb 43595F45 		.ascii	"CY_EM_EEPROM_WRITE_FAIL\000"
 752      4D5F4545 
 752      50524F4D 
 752      5F575249 
 752      54455F46 
 753              	.LASF8:
 754 0103 6C6F6E67 		.ascii	"long unsigned int\000"
 754      20756E73 
 754      69676E65 
 754      6420696E 
 754      7400
 755              	.LASF3:
 756 0115 73686F72 		.ascii	"short unsigned int\000"
 756      7420756E 
 756      7369676E 
 756      65642069 
 756      6E7400
 757              	.LASF38:
 758 0128 49544D5F 		.ascii	"ITM_RxBuffer\000"
 758      52784275 
 758      66666572 
 758      00
 759              	.LASF37:
 760 0135 636F6E66 		.ascii	"config\000"
 760      696700
 761              	.LASF18:
 762 013c 646F7562 		.ascii	"double\000"
 762      6C6500
 763              	.LASF7:
 764 0143 5F5F7569 		.ascii	"__uint32_t\000"
 764      6E743332 
 764      5F7400
 765              	.LASF19:
 766 014e 75696E74 		.ascii	"uint32\000"
ARM GAS  C:\Users\Brian\AppData\Local\Temp\cc1Pgovt.s 			page 17


 766      333200
 767              	.LASF2:
 768 0155 756E7369 		.ascii	"unsigned char\000"
 768      676E6564 
 768      20636861 
 768      7200
 769              	.LASF11:
 770 0163 756E7369 		.ascii	"unsigned int\000"
 770      676E6564 
 770      20696E74 
 770      00
 771              	.LASF25:
 772 0170 75736572 		.ascii	"userFlashStartAddr\000"
 772      466C6173 
 772      68537461 
 772      72744164 
 772      647200
 773              	.LASF34:
 774 0183 43595F45 		.ascii	"CY_EM_EEPROM_BAD_DATA\000"
 774      4D5F4545 
 774      50524F4D 
 774      5F424144 
 774      5F444154 
 775              	.LASF10:
 776 0199 6C6F6E67 		.ascii	"long long unsigned int\000"
 776      206C6F6E 
 776      6720756E 
 776      7369676E 
 776      65642069 
 777              	.LASF12:
 778 01b0 75696E74 		.ascii	"uint8_t\000"
 778      385F7400 
 779              	.LASF31:
 780 01b8 43595F45 		.ascii	"CY_EM_EEPROM_SUCCESS\000"
 780      4D5F4545 
 780      50524F4D 
 780      5F535543 
 780      43455353 
 781              	.LASF24:
 782 01cd 626C6F63 		.ascii	"blockingWrite\000"
 782      6B696E67 
 782      57726974 
 782      6500
 783              	.LASF44:
 784 01db 456D5F45 		.ascii	"Em_EEPROM_1_Init\000"
 784      4550524F 
 784      4D5F315F 
 784      496E6974 
 784      00
 785              	.LASF23:
 786 01ec 72656475 		.ascii	"redundantCopy\000"
 786      6E64616E 
 786      74436F70 
 786      7900
 787              	.LASF13:
 788 01fa 696E7433 		.ascii	"int32_t\000"
 788      325F7400 
ARM GAS  C:\Users\Brian\AppData\Local\Temp\cc1Pgovt.s 			page 18


 789              	.LASF15:
 790 0202 73697A65 		.ascii	"sizetype\000"
 790      74797065 
 790      00
 791              	.LASF9:
 792 020b 6C6F6E67 		.ascii	"long long int\000"
 792      206C6F6E 
 792      6720696E 
 792      7400
 793              	.LASF39:
 794 0219 456D5F45 		.ascii	"Em_EEPROM_1_config\000"
 794      4550524F 
 794      4D5F315F 
 794      636F6E66 
 794      696700
 795              	.LASF46:
 796 022c 43795F45 		.ascii	"Cy_Em_EEPROM_Init\000"
 796      6D5F4545 
 796      50524F4D 
 796      5F496E69 
 796      7400
 797              	.LASF16:
 798 023e 63686172 		.ascii	"char\000"
 798      00
 799              	.LASF32:
 800 0243 43595F45 		.ascii	"CY_EM_EEPROM_BAD_PARAM\000"
 800      4D5F4545 
 800      50524F4D 
 800      5F424144 
 800      5F504152 
 801              	.LASF42:
 802 025a 47656E65 		.ascii	"Generated_Source\\PSoC6\\Em_EEPROM_1.c\000"
 802      72617465 
 802      645F536F 
 802      75726365 
 802      5C50536F 
 803              	.LASF0:
 804 027f 73686F72 		.ascii	"short int\000"
 804      7420696E 
 804      7400
 805              	.LASF40:
 806 0289 456D5F45 		.ascii	"Em_EEPROM_1_context\000"
 806      4550524F 
 806      4D5F315F 
 806      636F6E74 
 806      65787400 
 807              	.LASF41:
 808 029d 474E5520 		.ascii	"GNU C11 5.4.1 20160609 (release) [ARM/embedded-5-br"
 808      43313120 
 808      352E342E 
 808      31203230 
 808      31363036 
 809 02d0 616E6368 		.ascii	"anch revision 237715] -mcpu=cortex-m4 -mfloat-abi=s"
 809      20726576 
 809      6973696F 
 809      6E203233 
 809      37373135 
ARM GAS  C:\Users\Brian\AppData\Local\Temp\cc1Pgovt.s 			page 19


 810 0303 6F667466 		.ascii	"oftfp -mfpu=fpv4-sp-d16 -mthumb -g -Og -ffunction-s"
 810      70202D6D 
 810      6670753D 
 810      66707634 
 810      2D73702D 
 811 0336 65637469 		.ascii	"ections -ffat-lto-objects\000"
 811      6F6E7320 
 811      2D666661 
 811      742D6C74 
 811      6F2D6F62 
 812              	.LASF27:
 813 0350 776C456E 		.ascii	"wlEndAddr\000"
 813      64416464 
 813      7200
 814              	.LASF14:
 815 035a 75696E74 		.ascii	"uint32_t\000"
 815      33325F74 
 815      00
 816              	.LASF6:
 817 0363 6C6F6E67 		.ascii	"long int\000"
 817      20696E74 
 817      00
 818              	.LASF20:
 819 036c 6C6F6E67 		.ascii	"long double\000"
 819      20646F75 
 819      626C6500 
 820              	.LASF29:
 821 0378 6C617374 		.ascii	"lastWrRowAddr\000"
 821      5772526F 
 821      77416464 
 821      7200
 822              	.LASF1:
 823 0386 7369676E 		.ascii	"signed char\000"
 823      65642063 
 823      68617200 
 824              	.LASF33:
 825 0392 43595F45 		.ascii	"CY_EM_EEPROM_BAD_CHECKSUM\000"
 825      4D5F4545 
 825      50524F4D 
 825      5F424144 
 825      5F434845 
 826              		.ident	"GCC: (GNU Tools for ARM Embedded Processors) 5.4.1 20160609 (release) [ARM/embedded-5-bran
