ARM GAS  C:\Users\Brian\AppData\Local\Temp\cc0TG3IJ.s 			page 1


   1              		.syntax unified
   2              		.cpu cortex-m4
   3              		.eabi_attribute 27, 1
   4              		.fpu fpv4-sp-d16
   5              		.eabi_attribute 20, 1
   6              		.eabi_attribute 21, 1
   7              		.eabi_attribute 23, 3
   8              		.eabi_attribute 24, 1
   9              		.eabi_attribute 25, 1
  10              		.eabi_attribute 26, 1
  11              		.eabi_attribute 30, 1
  12              		.eabi_attribute 34, 1
  13              		.eabi_attribute 18, 4
  14              		.thumb
  15              		.syntax unified
  16              		.file	"ipc_cm4.c"
  17              		.text
  18              	.Ltext0:
  19              		.cfi_sections	.debug_frame
  20              		.section	.text.CM4_MessageCallback,"ax",%progbits
  21              		.align	2
  22              		.global	CM4_MessageCallback
  23              		.thumb
  24              		.thumb_func
  25              		.type	CM4_MessageCallback, %function
  26              	CM4_MessageCallback:
  27              	.LFB516:
  28              		.file 1 "ipc_cm4.c"
   1:ipc_cm4.c     **** /* ========================================
   2:ipc_cm4.c     ****  *
   3:ipc_cm4.c     ****  * SEL VOLTAGE MONITOR
   4:ipc_cm4.c     ****  * TEAM REMBRANDT
   5:ipc_cm4.c     ****  * 
   6:ipc_cm4.c     ****  * ipc_cm4.c
   7:ipc_cm4.c     ****  * 
   8:ipc_cm4.c     ****  * This file initilizes the varaibles and defines the functions
   9:ipc_cm4.c     ****  * needed for the CM4 processor to communicate with the CMO+.
  10:ipc_cm4.c     ****  *
  11:ipc_cm4.c     ****  * ========================================
  12:ipc_cm4.c     **** */
  13:ipc_cm4.c     **** #include "ipc_cm4.h"
  14:ipc_cm4.c     **** 
  15:ipc_cm4.c     **** volatile bool rdyToReceive = true;
  16:ipc_cm4.c     **** 
  17:ipc_cm4.c     **** void CM4_MessageCallback(uint32_t *msg)
  18:ipc_cm4.c     **** {
  29              		.loc 1 18 0
  30              		.cfi_startproc
  31              		@ args = 0, pretend = 0, frame = 0
  32              		@ frame_needed = 0, uses_anonymous_args = 0
  33              	.LVL0:
  34 0000 08B5     		push	{r3, lr}
  35              		.cfi_def_cfa_offset 8
  36              		.cfi_offset 3, -8
  37              		.cfi_offset 14, -4
  19:ipc_cm4.c     ****     rdyToReceive = false;
  38              		.loc 1 19 0
ARM GAS  C:\Users\Brian\AppData\Local\Temp\cc0TG3IJ.s 			page 2


  39 0002 0022     		movs	r2, #0
  40 0004 054B     		ldr	r3, .L4
  41 0006 1A70     		strb	r2, [r3]
  42              	.LVL1:
  20:ipc_cm4.c     ****     unsigned long data = 0;
  21:ipc_cm4.c     ****     ipc_msg_t * msgPtr = (ipc_msg_t *)msg;
  22:ipc_cm4.c     ****     if (msg != NULL)
  43              		.loc 1 22 0
  44 0008 18B1     		cbz	r0, .L2
  45              	.LVL2:
  23:ipc_cm4.c     ****     {
  24:ipc_cm4.c     ****         data = msgPtr->data;
  25:ipc_cm4.c     ****         printf("NEW VALUE: 0x%lx\r\n", data);
  46              		.loc 1 25 0
  47 000a 4168     		ldr	r1, [r0, #4]
  48 000c 0448     		ldr	r0, .L4+4
  49              	.LVL3:
  50 000e FFF7FEFF 		bl	printf
  51              	.LVL4:
  52              	.L2:
  26:ipc_cm4.c     ****     }
  27:ipc_cm4.c     ****     rdyToReceive = true;
  53              		.loc 1 27 0
  54 0012 0122     		movs	r2, #1
  55 0014 014B     		ldr	r3, .L4
  56 0016 1A70     		strb	r2, [r3]
  57 0018 08BD     		pop	{r3, pc}
  58              	.L5:
  59 001a 00BF     		.align	2
  60              	.L4:
  61 001c 00000000 		.word	.LANCHOR0
  62 0020 00000000 		.word	.LC0
  63              		.cfi_endproc
  64              	.LFE516:
  65              		.size	CM4_MessageCallback, .-CM4_MessageCallback
  66              		.global	rdyToReceive
  67              		.data
  68              		.set	.LANCHOR0,. + 0
  69              		.type	rdyToReceive, %object
  70              		.size	rdyToReceive, 1
  71              	rdyToReceive:
  72 0000 01       		.byte	1
  73              		.section	.rodata.str1.4,"aMS",%progbits,1
  74              		.align	2
  75              	.LC0:
  76 0000 4E455720 		.ascii	"NEW VALUE: 0x%lx\015\012\000"
  76      56414C55 
  76      453A2030 
  76      78256C78 
  76      0D0A00
  77              		.text
  78              	.Letext0:
  79              		.file 2 "c:\\program files (x86)\\cypress\\psoc creator\\4.2\\psoc creator\\import\\gnu\\arm\\5.4.
  80              		.file 3 "c:\\program files (x86)\\cypress\\psoc creator\\4.2\\psoc creator\\import\\gnu\\arm\\5.4.
  81              		.file 4 "Generated_Source\\PSoC6\\pdl\\drivers/peripheral/scb/cy_scb_uart.h"
  82              		.file 5 "Generated_Source\\PSoC6\\pdl\\drivers/peripheral/sar/cy_sar.h"
  83              		.file 6 "Generated_Source\\PSoC6/ADC_1.h"
ARM GAS  C:\Users\Brian\AppData\Local\Temp\cc0TG3IJ.s 			page 3


  84              		.file 7 "ipc_shared.h"
  85              		.file 8 "Generated_Source\\PSoC6\\pdl\\cmsis/include/core_cm4.h"
  86              		.file 9 "Generated_Source\\PSoC6/UART.h"
  87              		.file 10 "c:\\program files (x86)\\cypress\\psoc creator\\4.2\\psoc creator\\import\\gnu\\arm\\5.4
  88              		.section	.debug_info,"",%progbits
  89              	.Ldebug_info0:
  90 0000 69040000 		.4byte	0x469
  91 0004 0400     		.2byte	0x4
  92 0006 00000000 		.4byte	.Ldebug_abbrev0
  93 000a 04       		.byte	0x4
  94 000b 01       		.uleb128 0x1
  95 000c E5000000 		.4byte	.LASF76
  96 0010 0C       		.byte	0xc
  97 0011 E8020000 		.4byte	.LASF77
  98 0015 21030000 		.4byte	.LASF78
  99 0019 00000000 		.4byte	.Ldebug_ranges0+0
 100 001d 00000000 		.4byte	0
 101 0021 00000000 		.4byte	.Ldebug_line0
 102 0025 02       		.uleb128 0x2
 103 0026 02       		.byte	0x2
 104 0027 05       		.byte	0x5
 105 0028 8C000000 		.4byte	.LASF0
 106 002c 02       		.uleb128 0x2
 107 002d 01       		.byte	0x1
 108 002e 06       		.byte	0x6
 109 002f AE020000 		.4byte	.LASF1
 110 0033 03       		.uleb128 0x3
 111 0034 63020000 		.4byte	.LASF3
 112 0038 02       		.byte	0x2
 113 0039 1D       		.byte	0x1d
 114 003a 3E000000 		.4byte	0x3e
 115 003e 02       		.uleb128 0x2
 116 003f 01       		.byte	0x1
 117 0040 08       		.byte	0x8
 118 0041 82020000 		.4byte	.LASF2
 119 0045 03       		.uleb128 0x3
 120 0046 AC010000 		.4byte	.LASF4
 121 004a 02       		.byte	0x2
 122 004b 2B       		.byte	0x2b
 123 004c 50000000 		.4byte	0x50
 124 0050 02       		.uleb128 0x2
 125 0051 02       		.byte	0x2
 126 0052 07       		.byte	0x7
 127 0053 08030000 		.4byte	.LASF5
 128 0057 03       		.uleb128 0x3
 129 0058 19040000 		.4byte	.LASF6
 130 005c 02       		.byte	0x2
 131 005d 3F       		.byte	0x3f
 132 005e 62000000 		.4byte	0x62
 133 0062 02       		.uleb128 0x2
 134 0063 04       		.byte	0x4
 135 0064 05       		.byte	0x5
 136 0065 B4040000 		.4byte	.LASF7
 137 0069 03       		.uleb128 0x3
 138 006a 98010000 		.4byte	.LASF8
 139 006e 02       		.byte	0x2
 140 006f 41       		.byte	0x41
ARM GAS  C:\Users\Brian\AppData\Local\Temp\cc0TG3IJ.s 			page 4


 141 0070 74000000 		.4byte	0x74
 142 0074 02       		.uleb128 0x2
 143 0075 04       		.byte	0x4
 144 0076 07       		.byte	0x7
 145 0077 00040000 		.4byte	.LASF9
 146 007b 02       		.uleb128 0x2
 147 007c 08       		.byte	0x8
 148 007d 05       		.byte	0x5
 149 007e 20020000 		.4byte	.LASF10
 150 0082 02       		.uleb128 0x2
 151 0083 08       		.byte	0x8
 152 0084 07       		.byte	0x7
 153 0085 BA020000 		.4byte	.LASF11
 154 0089 04       		.uleb128 0x4
 155 008a 04       		.byte	0x4
 156 008b 05       		.byte	0x5
 157 008c 696E7400 		.ascii	"int\000"
 158 0090 02       		.uleb128 0x2
 159 0091 04       		.byte	0x4
 160 0092 07       		.byte	0x7
 161 0093 CA040000 		.4byte	.LASF12
 162 0097 03       		.uleb128 0x3
 163 0098 CA010000 		.4byte	.LASF13
 164 009c 03       		.byte	0x3
 165 009d 18       		.byte	0x18
 166 009e 33000000 		.4byte	0x33
 167 00a2 03       		.uleb128 0x3
 168 00a3 E3030000 		.4byte	.LASF14
 169 00a7 03       		.byte	0x3
 170 00a8 24       		.byte	0x24
 171 00a9 45000000 		.4byte	0x45
 172 00ad 03       		.uleb128 0x3
 173 00ae AD030000 		.4byte	.LASF15
 174 00b2 03       		.byte	0x3
 175 00b3 2C       		.byte	0x2c
 176 00b4 57000000 		.4byte	0x57
 177 00b8 03       		.uleb128 0x3
 178 00b9 D1020000 		.4byte	.LASF16
 179 00bd 03       		.byte	0x3
 180 00be 30       		.byte	0x30
 181 00bf 69000000 		.4byte	0x69
 182 00c3 02       		.uleb128 0x2
 183 00c4 04       		.byte	0x4
 184 00c5 07       		.byte	0x7
 185 00c6 96000000 		.4byte	.LASF17
 186 00ca 05       		.uleb128 0x5
 187 00cb B8000000 		.4byte	0xb8
 188 00cf 02       		.uleb128 0x2
 189 00d0 08       		.byte	0x8
 190 00d1 04       		.byte	0x4
 191 00d2 6D020000 		.4byte	.LASF18
 192 00d6 02       		.uleb128 0x2
 193 00d7 01       		.byte	0x1
 194 00d8 08       		.byte	0x8
 195 00d9 7D030000 		.4byte	.LASF19
 196 00dd 02       		.uleb128 0x2
 197 00de 04       		.byte	0x4
ARM GAS  C:\Users\Brian\AppData\Local\Temp\cc0TG3IJ.s 			page 5


 198 00df 04       		.byte	0x4
 199 00e0 FC010000 		.4byte	.LASF20
 200 00e4 02       		.uleb128 0x2
 201 00e5 08       		.byte	0x8
 202 00e6 04       		.byte	0x4
 203 00e7 12040000 		.4byte	.LASF21
 204 00eb 06       		.uleb128 0x6
 205 00ec 04       		.byte	0x4
 206 00ed B8000000 		.4byte	0xb8
 207 00f1 07       		.uleb128 0x7
 208 00f2 04       		.byte	0x4
 209 00f3 02       		.uleb128 0x2
 210 00f4 01       		.byte	0x1
 211 00f5 02       		.byte	0x2
 212 00f6 02030000 		.4byte	.LASF22
 213 00fa 06       		.uleb128 0x6
 214 00fb 04       		.byte	0x4
 215 00fc 00010000 		.4byte	0x100
 216 0100 08       		.uleb128 0x8
 217 0101 0B010000 		.4byte	0x10b
 218 0105 09       		.uleb128 0x9
 219 0106 B8000000 		.4byte	0xb8
 220 010a 00       		.byte	0
 221 010b 05       		.uleb128 0x5
 222 010c F3000000 		.4byte	0xf3
 223 0110 0A       		.uleb128 0xa
 224 0111 59000000 		.4byte	.LASF23
 225 0115 04       		.byte	0x4
 226 0116 AB01     		.2byte	0x1ab
 227 0118 FA000000 		.4byte	0xfa
 228 011c 0B       		.uleb128 0xb
 229 011d B6000000 		.4byte	.LASF79
 230 0121 38       		.byte	0x38
 231 0122 04       		.byte	0x4
 232 0123 4702     		.2byte	0x247
 233 0125 E0010000 		.4byte	0x1e0
 234 0129 0C       		.uleb128 0xc
 235 012a A3010000 		.4byte	.LASF24
 236 012e 04       		.byte	0x4
 237 012f 4A02     		.2byte	0x24a
 238 0131 CA000000 		.4byte	0xca
 239 0135 00       		.byte	0
 240 0136 0C       		.uleb128 0xc
 241 0137 79020000 		.4byte	.LASF25
 242 013b 04       		.byte	0x4
 243 013c 4B02     		.2byte	0x24b
 244 013e CA000000 		.4byte	0xca
 245 0142 04       		.byte	0x4
 246 0143 0C       		.uleb128 0xc
 247 0144 90020000 		.4byte	.LASF26
 248 0148 04       		.byte	0x4
 249 0149 4D02     		.2byte	0x24d
 250 014b F1000000 		.4byte	0xf1
 251 014f 08       		.byte	0x8
 252 0150 0C       		.uleb128 0xc
 253 0151 3C020000 		.4byte	.LASF27
 254 0155 04       		.byte	0x4
ARM GAS  C:\Users\Brian\AppData\Local\Temp\cc0TG3IJ.s 			page 6


 255 0156 4E02     		.2byte	0x24e
 256 0158 B8000000 		.4byte	0xb8
 257 015c 0C       		.byte	0xc
 258 015d 0C       		.uleb128 0xc
 259 015e EE010000 		.4byte	.LASF28
 260 0162 04       		.byte	0x4
 261 0163 4F02     		.2byte	0x24f
 262 0165 CA000000 		.4byte	0xca
 263 0169 10       		.byte	0x10
 264 016a 0C       		.uleb128 0xc
 265 016b 37000000 		.4byte	.LASF29
 266 016f 04       		.byte	0x4
 267 0170 5002     		.2byte	0x250
 268 0172 CA000000 		.4byte	0xca
 269 0176 14       		.byte	0x14
 270 0177 0C       		.uleb128 0xc
 271 0178 1B030000 		.4byte	.LASF30
 272 017c 04       		.byte	0x4
 273 017d 5202     		.2byte	0x252
 274 017f F1000000 		.4byte	0xf1
 275 0183 18       		.byte	0x18
 276 0184 0C       		.uleb128 0xc
 277 0185 4F000000 		.4byte	.LASF31
 278 0189 04       		.byte	0x4
 279 018a 5302     		.2byte	0x253
 280 018c B8000000 		.4byte	0xb8
 281 0190 1C       		.byte	0x1c
 282 0191 0C       		.uleb128 0xc
 283 0192 B7010000 		.4byte	.LASF32
 284 0196 04       		.byte	0x4
 285 0197 5402     		.2byte	0x254
 286 0199 CA000000 		.4byte	0xca
 287 019d 20       		.byte	0x20
 288 019e 0C       		.uleb128 0xc
 289 019f 02020000 		.4byte	.LASF33
 290 01a3 04       		.byte	0x4
 291 01a4 5602     		.2byte	0x256
 292 01a6 F1000000 		.4byte	0xf1
 293 01aa 24       		.byte	0x24
 294 01ab 0C       		.uleb128 0xc
 295 01ac 45000000 		.4byte	.LASF34
 296 01b0 04       		.byte	0x4
 297 01b1 5702     		.2byte	0x257
 298 01b3 B8000000 		.4byte	0xb8
 299 01b7 28       		.byte	0x28
 300 01b8 0C       		.uleb128 0xc
 301 01b9 0C000000 		.4byte	.LASF35
 302 01bd 04       		.byte	0x4
 303 01be 5802     		.2byte	0x258
 304 01c0 CA000000 		.4byte	0xca
 305 01c4 2C       		.byte	0x2c
 306 01c5 0C       		.uleb128 0xc
 307 01c6 8C030000 		.4byte	.LASF36
 308 01ca 04       		.byte	0x4
 309 01cb 5D02     		.2byte	0x25d
 310 01cd 10010000 		.4byte	0x110
 311 01d1 30       		.byte	0x30
ARM GAS  C:\Users\Brian\AppData\Local\Temp\cc0TG3IJ.s 			page 7


 312 01d2 0C       		.uleb128 0xc
 313 01d3 3C040000 		.4byte	.LASF37
 314 01d7 04       		.byte	0x4
 315 01d8 6002     		.2byte	0x260
 316 01da B8000000 		.4byte	0xb8
 317 01de 34       		.byte	0x34
 318 01df 00       		.byte	0
 319 01e0 0A       		.uleb128 0xa
 320 01e1 63040000 		.4byte	.LASF38
 321 01e5 04       		.byte	0x4
 322 01e6 6302     		.2byte	0x263
 323 01e8 1C010000 		.4byte	0x11c
 324 01ec 0D       		.uleb128 0xd
 325 01ed 01       		.byte	0x1
 326 01ee 3E000000 		.4byte	0x3e
 327 01f2 05       		.byte	0x5
 328 01f3 0504     		.2byte	0x405
 329 01f5 12020000 		.4byte	0x212
 330 01f9 0E       		.uleb128 0xe
 331 01fa 08020000 		.4byte	.LASF39
 332 01fe 00       		.byte	0
 333 01ff 0E       		.uleb128 0xe
 334 0200 23040000 		.4byte	.LASF40
 335 0204 01       		.byte	0x1
 336 0205 0E       		.uleb128 0xe
 337 0206 95030000 		.4byte	.LASF41
 338 020a 02       		.byte	0x2
 339 020b 0E       		.uleb128 0xe
 340 020c 1D000000 		.4byte	.LASF42
 341 0210 03       		.byte	0x3
 342 0211 00       		.byte	0
 343 0212 0A       		.uleb128 0xa
 344 0213 E9040000 		.4byte	.LASF43
 345 0217 05       		.byte	0x5
 346 0218 0A04     		.2byte	0x40a
 347 021a EC010000 		.4byte	0x1ec
 348 021e 0F       		.uleb128 0xf
 349 021f 78       		.byte	0x78
 350 0220 05       		.byte	0x5
 351 0221 F404     		.2byte	0x4f4
 352 0223 EB020000 		.4byte	0x2eb
 353 0227 0C       		.uleb128 0xc
 354 0228 4A020000 		.4byte	.LASF44
 355 022c 05       		.byte	0x5
 356 022d F604     		.2byte	0x4f6
 357 022f B8000000 		.4byte	0xb8
 358 0233 00       		.byte	0
 359 0234 0C       		.uleb128 0xc
 360 0235 AB000000 		.4byte	.LASF45
 361 0239 05       		.byte	0x5
 362 023a F704     		.2byte	0x4f7
 363 023c B8000000 		.4byte	0xb8
 364 0240 04       		.byte	0x4
 365 0241 0C       		.uleb128 0xc
 366 0242 4F020000 		.4byte	.LASF46
 367 0246 05       		.byte	0x5
 368 0247 F804     		.2byte	0x4f8
ARM GAS  C:\Users\Brian\AppData\Local\Temp\cc0TG3IJ.s 			page 8


 369 0249 B8000000 		.4byte	0xb8
 370 024d 08       		.byte	0x8
 371 024e 0C       		.uleb128 0xc
 372 024f A7040000 		.4byte	.LASF47
 373 0253 05       		.byte	0x5
 374 0254 F904     		.2byte	0x4f9
 375 0256 B8000000 		.4byte	0xb8
 376 025a 0C       		.byte	0xc
 377 025b 0C       		.uleb128 0xc
 378 025c DA000000 		.4byte	.LASF48
 379 0260 05       		.byte	0x5
 380 0261 FA04     		.2byte	0x4fa
 381 0263 B8000000 		.4byte	0xb8
 382 0267 10       		.byte	0x10
 383 0268 0C       		.uleb128 0xc
 384 0269 C0010000 		.4byte	.LASF49
 385 026d 05       		.byte	0x5
 386 026e FB04     		.2byte	0x4fb
 387 0270 12020000 		.4byte	0x212
 388 0274 14       		.byte	0x14
 389 0275 0C       		.uleb128 0xc
 390 0276 87040000 		.4byte	.LASF50
 391 027a 05       		.byte	0x5
 392 027b FC04     		.2byte	0x4fc
 393 027d B8000000 		.4byte	0xb8
 394 0281 18       		.byte	0x18
 395 0282 0C       		.uleb128 0xc
 396 0283 44040000 		.4byte	.LASF51
 397 0287 05       		.byte	0x5
 398 0288 FD04     		.2byte	0x4fd
 399 028a EB020000 		.4byte	0x2eb
 400 028e 1C       		.byte	0x1c
 401 028f 0C       		.uleb128 0xc
 402 0290 E0040000 		.4byte	.LASF52
 403 0294 05       		.byte	0x5
 404 0295 FE04     		.2byte	0x4fe
 405 0297 B8000000 		.4byte	0xb8
 406 029b 5C       		.byte	0x5c
 407 029c 0C       		.uleb128 0xc
 408 029d 9F000000 		.4byte	.LASF53
 409 02a1 05       		.byte	0x5
 410 02a2 FF04     		.2byte	0x4ff
 411 02a4 B8000000 		.4byte	0xb8
 412 02a8 60       		.byte	0x60
 413 02a9 0C       		.uleb128 0xc
 414 02aa DA020000 		.4byte	.LASF54
 415 02ae 05       		.byte	0x5
 416 02af 0005     		.2byte	0x500
 417 02b1 B8000000 		.4byte	0xb8
 418 02b5 64       		.byte	0x64
 419 02b6 0C       		.uleb128 0xc
 420 02b7 82030000 		.4byte	.LASF55
 421 02bb 05       		.byte	0x5
 422 02bc 0105     		.2byte	0x501
 423 02be B8000000 		.4byte	0xb8
 424 02c2 68       		.byte	0x68
 425 02c3 0C       		.uleb128 0xc
ARM GAS  C:\Users\Brian\AppData\Local\Temp\cc0TG3IJ.s 			page 9


 426 02c4 F2020000 		.4byte	.LASF56
 427 02c8 05       		.byte	0x5
 428 02c9 0205     		.2byte	0x502
 429 02cb B8000000 		.4byte	0xb8
 430 02cf 6C       		.byte	0x6c
 431 02d0 0C       		.uleb128 0xc
 432 02d1 2E020000 		.4byte	.LASF57
 433 02d5 05       		.byte	0x5
 434 02d6 0305     		.2byte	0x503
 435 02d8 F3000000 		.4byte	0xf3
 436 02dc 70       		.byte	0x70
 437 02dd 0C       		.uleb128 0xc
 438 02de CE000000 		.4byte	.LASF58
 439 02e2 05       		.byte	0x5
 440 02e3 0405     		.2byte	0x504
 441 02e5 B8000000 		.4byte	0xb8
 442 02e9 74       		.byte	0x74
 443 02ea 00       		.byte	0
 444 02eb 10       		.uleb128 0x10
 445 02ec B8000000 		.4byte	0xb8
 446 02f0 FB020000 		.4byte	0x2fb
 447 02f4 11       		.uleb128 0x11
 448 02f5 C3000000 		.4byte	0xc3
 449 02f9 0F       		.byte	0xf
 450 02fa 00       		.byte	0
 451 02fb 0A       		.uleb128 0xa
 452 02fc 4F040000 		.4byte	.LASF59
 453 0300 05       		.byte	0x5
 454 0301 0505     		.2byte	0x505
 455 0303 1E020000 		.4byte	0x21e
 456 0307 12       		.uleb128 0x12
 457 0308 14       		.byte	0x14
 458 0309 06       		.byte	0x6
 459 030a 3B       		.byte	0x3b
 460 030b 4C030000 		.4byte	0x34c
 461 030f 13       		.uleb128 0x13
 462 0310 00000000 		.4byte	.LASF60
 463 0314 06       		.byte	0x6
 464 0315 3D       		.byte	0x3d
 465 0316 B8000000 		.4byte	0xb8
 466 031a 00       		.byte	0
 467 031b 13       		.uleb128 0x13
 468 031c 8E040000 		.4byte	.LASF61
 469 0320 06       		.byte	0x6
 470 0321 3E       		.byte	0x3e
 471 0322 B8000000 		.4byte	0xb8
 472 0326 04       		.byte	0x4
 473 0327 13       		.uleb128 0x13
 474 0328 D2030000 		.4byte	.LASF62
 475 032c 06       		.byte	0x6
 476 032d 3F       		.byte	0x3f
 477 032e 4C030000 		.4byte	0x34c
 478 0332 08       		.byte	0x8
 479 0333 13       		.uleb128 0x13
 480 0334 72030000 		.4byte	.LASF63
 481 0338 06       		.byte	0x6
 482 0339 40       		.byte	0x40
ARM GAS  C:\Users\Brian\AppData\Local\Temp\cc0TG3IJ.s 			page 10


 483 033a B8000000 		.4byte	0xb8
 484 033e 0C       		.byte	0xc
 485 033f 13       		.uleb128 0x13
 486 0340 E3010000 		.4byte	.LASF64
 487 0344 06       		.byte	0x6
 488 0345 45       		.byte	0x45
 489 0346 B8000000 		.4byte	0xb8
 490 034a 10       		.byte	0x10
 491 034b 00       		.byte	0
 492 034c 06       		.uleb128 0x6
 493 034d 04       		.byte	0x4
 494 034e 52030000 		.4byte	0x352
 495 0352 14       		.uleb128 0x14
 496 0353 FB020000 		.4byte	0x2fb
 497 0357 03       		.uleb128 0x3
 498 0358 9A020000 		.4byte	.LASF65
 499 035c 06       		.byte	0x6
 500 035d 48       		.byte	0x48
 501 035e 07030000 		.4byte	0x307
 502 0362 12       		.uleb128 0x12
 503 0363 08       		.byte	0x8
 504 0364 07       		.byte	0x7
 505 0365 15       		.byte	0x15
 506 0366 9B030000 		.4byte	0x39b
 507 036a 13       		.uleb128 0x13
 508 036b D7040000 		.4byte	.LASF66
 509 036f 07       		.byte	0x7
 510 0370 17       		.byte	0x17
 511 0371 97000000 		.4byte	0x97
 512 0375 00       		.byte	0
 513 0376 13       		.uleb128 0x13
 514 0377 C9030000 		.4byte	.LASF67
 515 037b 07       		.byte	0x7
 516 037c 18       		.byte	0x18
 517 037d 97000000 		.4byte	0x97
 518 0381 01       		.byte	0x1
 519 0382 13       		.uleb128 0x13
 520 0383 E0040000 		.4byte	.LASF52
 521 0387 07       		.byte	0x7
 522 0388 19       		.byte	0x19
 523 0389 A2000000 		.4byte	0xa2
 524 038d 02       		.byte	0x2
 525 038e 13       		.uleb128 0x13
 526 038f DE030000 		.4byte	.LASF68
 527 0393 07       		.byte	0x7
 528 0394 1A       		.byte	0x1a
 529 0395 B8000000 		.4byte	0xb8
 530 0399 04       		.byte	0x4
 531 039a 00       		.byte	0
 532 039b 03       		.uleb128 0x3
 533 039c 7D040000 		.4byte	.LASF69
 534 03a0 07       		.byte	0x7
 535 03a1 1B       		.byte	0x1b
 536 03a2 62030000 		.4byte	0x362
 537 03a6 15       		.uleb128 0x15
 538 03a7 B5030000 		.4byte	.LASF80
 539 03ab 01       		.byte	0x1
ARM GAS  C:\Users\Brian\AppData\Local\Temp\cc0TG3IJ.s 			page 11


 540 03ac 11       		.byte	0x11
 541 03ad 00000000 		.4byte	.LFB516
 542 03b1 24000000 		.4byte	.LFE516-.LFB516
 543 03b5 01       		.uleb128 0x1
 544 03b6 9C       		.byte	0x9c
 545 03b7 FC030000 		.4byte	0x3fc
 546 03bb 16       		.uleb128 0x16
 547 03bc 6D736700 		.ascii	"msg\000"
 548 03c0 01       		.byte	0x1
 549 03c1 11       		.byte	0x11
 550 03c2 EB000000 		.4byte	0xeb
 551 03c6 00000000 		.4byte	.LLST0
 552 03ca 17       		.uleb128 0x17
 553 03cb DE030000 		.4byte	.LASF68
 554 03cf 01       		.byte	0x1
 555 03d0 14       		.byte	0x14
 556 03d1 74000000 		.4byte	0x74
 557 03d5 21000000 		.4byte	.LLST1
 558 03d9 17       		.uleb128 0x17
 559 03da F9030000 		.4byte	.LASF70
 560 03de 01       		.byte	0x1
 561 03df 15       		.byte	0x15
 562 03e0 FC030000 		.4byte	0x3fc
 563 03e4 4C000000 		.4byte	.LLST2
 564 03e8 18       		.uleb128 0x18
 565 03e9 12000000 		.4byte	.LVL4
 566 03ed 61040000 		.4byte	0x461
 567 03f1 19       		.uleb128 0x19
 568 03f2 01       		.uleb128 0x1
 569 03f3 50       		.byte	0x50
 570 03f4 05       		.uleb128 0x5
 571 03f5 03       		.byte	0x3
 572 03f6 00000000 		.4byte	.LC0
 573 03fa 00       		.byte	0
 574 03fb 00       		.byte	0
 575 03fc 06       		.uleb128 0x6
 576 03fd 04       		.byte	0x4
 577 03fe 9B030000 		.4byte	0x39b
 578 0402 1A       		.uleb128 0x1a
 579 0403 BD040000 		.4byte	.LASF71
 580 0407 08       		.byte	0x8
 581 0408 EA07     		.2byte	0x7ea
 582 040a 0E040000 		.4byte	0x40e
 583 040e 05       		.uleb128 0x5
 584 040f AD000000 		.4byte	0xad
 585 0413 1B       		.uleb128 0x1b
 586 0414 9A040000 		.4byte	.LASF72
 587 0418 09       		.byte	0x9
 588 0419 87       		.byte	0x87
 589 041a E0010000 		.4byte	0x1e0
 590 041e 1A       		.uleb128 0x1a
 591 041f 78000000 		.4byte	.LASF73
 592 0423 06       		.byte	0x6
 593 0424 6001     		.2byte	0x160
 594 0426 B8000000 		.4byte	0xb8
 595 042a 10       		.uleb128 0x10
 596 042b 3A040000 		.4byte	0x43a
ARM GAS  C:\Users\Brian\AppData\Local\Temp\cc0TG3IJ.s 			page 12


 597 042f 3A040000 		.4byte	0x43a
 598 0433 11       		.uleb128 0x11
 599 0434 C3000000 		.4byte	0xc3
 600 0438 00       		.byte	0
 601 0439 00       		.byte	0
 602 043a 14       		.uleb128 0x14
 603 043b 57030000 		.4byte	0x357
 604 043f 1A       		.uleb128 0x1a
 605 0440 D2010000 		.4byte	.LASF74
 606 0444 06       		.byte	0x6
 607 0445 6401     		.2byte	0x164
 608 0447 4B040000 		.4byte	0x44b
 609 044b 14       		.uleb128 0x14
 610 044c 2A040000 		.4byte	0x42a
 611 0450 1C       		.uleb128 0x1c
 612 0451 EC030000 		.4byte	.LASF75
 613 0455 01       		.byte	0x1
 614 0456 0F       		.byte	0xf
 615 0457 0B010000 		.4byte	0x10b
 616 045b 05       		.uleb128 0x5
 617 045c 03       		.byte	0x3
 618 045d 00000000 		.4byte	rdyToReceive
 619 0461 1D       		.uleb128 0x1d
 620 0462 5C020000 		.4byte	.LASF81
 621 0466 5C020000 		.4byte	.LASF81
 622 046a 0A       		.byte	0xa
 623 046b BB       		.byte	0xbb
 624 046c 00       		.byte	0
 625              		.section	.debug_abbrev,"",%progbits
 626              	.Ldebug_abbrev0:
 627 0000 01       		.uleb128 0x1
 628 0001 11       		.uleb128 0x11
 629 0002 01       		.byte	0x1
 630 0003 25       		.uleb128 0x25
 631 0004 0E       		.uleb128 0xe
 632 0005 13       		.uleb128 0x13
 633 0006 0B       		.uleb128 0xb
 634 0007 03       		.uleb128 0x3
 635 0008 0E       		.uleb128 0xe
 636 0009 1B       		.uleb128 0x1b
 637 000a 0E       		.uleb128 0xe
 638 000b 55       		.uleb128 0x55
 639 000c 17       		.uleb128 0x17
 640 000d 11       		.uleb128 0x11
 641 000e 01       		.uleb128 0x1
 642 000f 10       		.uleb128 0x10
 643 0010 17       		.uleb128 0x17
 644 0011 00       		.byte	0
 645 0012 00       		.byte	0
 646 0013 02       		.uleb128 0x2
 647 0014 24       		.uleb128 0x24
 648 0015 00       		.byte	0
 649 0016 0B       		.uleb128 0xb
 650 0017 0B       		.uleb128 0xb
 651 0018 3E       		.uleb128 0x3e
 652 0019 0B       		.uleb128 0xb
 653 001a 03       		.uleb128 0x3
ARM GAS  C:\Users\Brian\AppData\Local\Temp\cc0TG3IJ.s 			page 13


 654 001b 0E       		.uleb128 0xe
 655 001c 00       		.byte	0
 656 001d 00       		.byte	0
 657 001e 03       		.uleb128 0x3
 658 001f 16       		.uleb128 0x16
 659 0020 00       		.byte	0
 660 0021 03       		.uleb128 0x3
 661 0022 0E       		.uleb128 0xe
 662 0023 3A       		.uleb128 0x3a
 663 0024 0B       		.uleb128 0xb
 664 0025 3B       		.uleb128 0x3b
 665 0026 0B       		.uleb128 0xb
 666 0027 49       		.uleb128 0x49
 667 0028 13       		.uleb128 0x13
 668 0029 00       		.byte	0
 669 002a 00       		.byte	0
 670 002b 04       		.uleb128 0x4
 671 002c 24       		.uleb128 0x24
 672 002d 00       		.byte	0
 673 002e 0B       		.uleb128 0xb
 674 002f 0B       		.uleb128 0xb
 675 0030 3E       		.uleb128 0x3e
 676 0031 0B       		.uleb128 0xb
 677 0032 03       		.uleb128 0x3
 678 0033 08       		.uleb128 0x8
 679 0034 00       		.byte	0
 680 0035 00       		.byte	0
 681 0036 05       		.uleb128 0x5
 682 0037 35       		.uleb128 0x35
 683 0038 00       		.byte	0
 684 0039 49       		.uleb128 0x49
 685 003a 13       		.uleb128 0x13
 686 003b 00       		.byte	0
 687 003c 00       		.byte	0
 688 003d 06       		.uleb128 0x6
 689 003e 0F       		.uleb128 0xf
 690 003f 00       		.byte	0
 691 0040 0B       		.uleb128 0xb
 692 0041 0B       		.uleb128 0xb
 693 0042 49       		.uleb128 0x49
 694 0043 13       		.uleb128 0x13
 695 0044 00       		.byte	0
 696 0045 00       		.byte	0
 697 0046 07       		.uleb128 0x7
 698 0047 0F       		.uleb128 0xf
 699 0048 00       		.byte	0
 700 0049 0B       		.uleb128 0xb
 701 004a 0B       		.uleb128 0xb
 702 004b 00       		.byte	0
 703 004c 00       		.byte	0
 704 004d 08       		.uleb128 0x8
 705 004e 15       		.uleb128 0x15
 706 004f 01       		.byte	0x1
 707 0050 27       		.uleb128 0x27
 708 0051 19       		.uleb128 0x19
 709 0052 01       		.uleb128 0x1
 710 0053 13       		.uleb128 0x13
ARM GAS  C:\Users\Brian\AppData\Local\Temp\cc0TG3IJ.s 			page 14


 711 0054 00       		.byte	0
 712 0055 00       		.byte	0
 713 0056 09       		.uleb128 0x9
 714 0057 05       		.uleb128 0x5
 715 0058 00       		.byte	0
 716 0059 49       		.uleb128 0x49
 717 005a 13       		.uleb128 0x13
 718 005b 00       		.byte	0
 719 005c 00       		.byte	0
 720 005d 0A       		.uleb128 0xa
 721 005e 16       		.uleb128 0x16
 722 005f 00       		.byte	0
 723 0060 03       		.uleb128 0x3
 724 0061 0E       		.uleb128 0xe
 725 0062 3A       		.uleb128 0x3a
 726 0063 0B       		.uleb128 0xb
 727 0064 3B       		.uleb128 0x3b
 728 0065 05       		.uleb128 0x5
 729 0066 49       		.uleb128 0x49
 730 0067 13       		.uleb128 0x13
 731 0068 00       		.byte	0
 732 0069 00       		.byte	0
 733 006a 0B       		.uleb128 0xb
 734 006b 13       		.uleb128 0x13
 735 006c 01       		.byte	0x1
 736 006d 03       		.uleb128 0x3
 737 006e 0E       		.uleb128 0xe
 738 006f 0B       		.uleb128 0xb
 739 0070 0B       		.uleb128 0xb
 740 0071 3A       		.uleb128 0x3a
 741 0072 0B       		.uleb128 0xb
 742 0073 3B       		.uleb128 0x3b
 743 0074 05       		.uleb128 0x5
 744 0075 01       		.uleb128 0x1
 745 0076 13       		.uleb128 0x13
 746 0077 00       		.byte	0
 747 0078 00       		.byte	0
 748 0079 0C       		.uleb128 0xc
 749 007a 0D       		.uleb128 0xd
 750 007b 00       		.byte	0
 751 007c 03       		.uleb128 0x3
 752 007d 0E       		.uleb128 0xe
 753 007e 3A       		.uleb128 0x3a
 754 007f 0B       		.uleb128 0xb
 755 0080 3B       		.uleb128 0x3b
 756 0081 05       		.uleb128 0x5
 757 0082 49       		.uleb128 0x49
 758 0083 13       		.uleb128 0x13
 759 0084 38       		.uleb128 0x38
 760 0085 0B       		.uleb128 0xb
 761 0086 00       		.byte	0
 762 0087 00       		.byte	0
 763 0088 0D       		.uleb128 0xd
 764 0089 04       		.uleb128 0x4
 765 008a 01       		.byte	0x1
 766 008b 0B       		.uleb128 0xb
 767 008c 0B       		.uleb128 0xb
ARM GAS  C:\Users\Brian\AppData\Local\Temp\cc0TG3IJ.s 			page 15


 768 008d 49       		.uleb128 0x49
 769 008e 13       		.uleb128 0x13
 770 008f 3A       		.uleb128 0x3a
 771 0090 0B       		.uleb128 0xb
 772 0091 3B       		.uleb128 0x3b
 773 0092 05       		.uleb128 0x5
 774 0093 01       		.uleb128 0x1
 775 0094 13       		.uleb128 0x13
 776 0095 00       		.byte	0
 777 0096 00       		.byte	0
 778 0097 0E       		.uleb128 0xe
 779 0098 28       		.uleb128 0x28
 780 0099 00       		.byte	0
 781 009a 03       		.uleb128 0x3
 782 009b 0E       		.uleb128 0xe
 783 009c 1C       		.uleb128 0x1c
 784 009d 0B       		.uleb128 0xb
 785 009e 00       		.byte	0
 786 009f 00       		.byte	0
 787 00a0 0F       		.uleb128 0xf
 788 00a1 13       		.uleb128 0x13
 789 00a2 01       		.byte	0x1
 790 00a3 0B       		.uleb128 0xb
 791 00a4 0B       		.uleb128 0xb
 792 00a5 3A       		.uleb128 0x3a
 793 00a6 0B       		.uleb128 0xb
 794 00a7 3B       		.uleb128 0x3b
 795 00a8 05       		.uleb128 0x5
 796 00a9 01       		.uleb128 0x1
 797 00aa 13       		.uleb128 0x13
 798 00ab 00       		.byte	0
 799 00ac 00       		.byte	0
 800 00ad 10       		.uleb128 0x10
 801 00ae 01       		.uleb128 0x1
 802 00af 01       		.byte	0x1
 803 00b0 49       		.uleb128 0x49
 804 00b1 13       		.uleb128 0x13
 805 00b2 01       		.uleb128 0x1
 806 00b3 13       		.uleb128 0x13
 807 00b4 00       		.byte	0
 808 00b5 00       		.byte	0
 809 00b6 11       		.uleb128 0x11
 810 00b7 21       		.uleb128 0x21
 811 00b8 00       		.byte	0
 812 00b9 49       		.uleb128 0x49
 813 00ba 13       		.uleb128 0x13
 814 00bb 2F       		.uleb128 0x2f
 815 00bc 0B       		.uleb128 0xb
 816 00bd 00       		.byte	0
 817 00be 00       		.byte	0
 818 00bf 12       		.uleb128 0x12
 819 00c0 13       		.uleb128 0x13
 820 00c1 01       		.byte	0x1
 821 00c2 0B       		.uleb128 0xb
 822 00c3 0B       		.uleb128 0xb
 823 00c4 3A       		.uleb128 0x3a
 824 00c5 0B       		.uleb128 0xb
ARM GAS  C:\Users\Brian\AppData\Local\Temp\cc0TG3IJ.s 			page 16


 825 00c6 3B       		.uleb128 0x3b
 826 00c7 0B       		.uleb128 0xb
 827 00c8 01       		.uleb128 0x1
 828 00c9 13       		.uleb128 0x13
 829 00ca 00       		.byte	0
 830 00cb 00       		.byte	0
 831 00cc 13       		.uleb128 0x13
 832 00cd 0D       		.uleb128 0xd
 833 00ce 00       		.byte	0
 834 00cf 03       		.uleb128 0x3
 835 00d0 0E       		.uleb128 0xe
 836 00d1 3A       		.uleb128 0x3a
 837 00d2 0B       		.uleb128 0xb
 838 00d3 3B       		.uleb128 0x3b
 839 00d4 0B       		.uleb128 0xb
 840 00d5 49       		.uleb128 0x49
 841 00d6 13       		.uleb128 0x13
 842 00d7 38       		.uleb128 0x38
 843 00d8 0B       		.uleb128 0xb
 844 00d9 00       		.byte	0
 845 00da 00       		.byte	0
 846 00db 14       		.uleb128 0x14
 847 00dc 26       		.uleb128 0x26
 848 00dd 00       		.byte	0
 849 00de 49       		.uleb128 0x49
 850 00df 13       		.uleb128 0x13
 851 00e0 00       		.byte	0
 852 00e1 00       		.byte	0
 853 00e2 15       		.uleb128 0x15
 854 00e3 2E       		.uleb128 0x2e
 855 00e4 01       		.byte	0x1
 856 00e5 3F       		.uleb128 0x3f
 857 00e6 19       		.uleb128 0x19
 858 00e7 03       		.uleb128 0x3
 859 00e8 0E       		.uleb128 0xe
 860 00e9 3A       		.uleb128 0x3a
 861 00ea 0B       		.uleb128 0xb
 862 00eb 3B       		.uleb128 0x3b
 863 00ec 0B       		.uleb128 0xb
 864 00ed 27       		.uleb128 0x27
 865 00ee 19       		.uleb128 0x19
 866 00ef 11       		.uleb128 0x11
 867 00f0 01       		.uleb128 0x1
 868 00f1 12       		.uleb128 0x12
 869 00f2 06       		.uleb128 0x6
 870 00f3 40       		.uleb128 0x40
 871 00f4 18       		.uleb128 0x18
 872 00f5 9742     		.uleb128 0x2117
 873 00f7 19       		.uleb128 0x19
 874 00f8 01       		.uleb128 0x1
 875 00f9 13       		.uleb128 0x13
 876 00fa 00       		.byte	0
 877 00fb 00       		.byte	0
 878 00fc 16       		.uleb128 0x16
 879 00fd 05       		.uleb128 0x5
 880 00fe 00       		.byte	0
 881 00ff 03       		.uleb128 0x3
ARM GAS  C:\Users\Brian\AppData\Local\Temp\cc0TG3IJ.s 			page 17


 882 0100 08       		.uleb128 0x8
 883 0101 3A       		.uleb128 0x3a
 884 0102 0B       		.uleb128 0xb
 885 0103 3B       		.uleb128 0x3b
 886 0104 0B       		.uleb128 0xb
 887 0105 49       		.uleb128 0x49
 888 0106 13       		.uleb128 0x13
 889 0107 02       		.uleb128 0x2
 890 0108 17       		.uleb128 0x17
 891 0109 00       		.byte	0
 892 010a 00       		.byte	0
 893 010b 17       		.uleb128 0x17
 894 010c 34       		.uleb128 0x34
 895 010d 00       		.byte	0
 896 010e 03       		.uleb128 0x3
 897 010f 0E       		.uleb128 0xe
 898 0110 3A       		.uleb128 0x3a
 899 0111 0B       		.uleb128 0xb
 900 0112 3B       		.uleb128 0x3b
 901 0113 0B       		.uleb128 0xb
 902 0114 49       		.uleb128 0x49
 903 0115 13       		.uleb128 0x13
 904 0116 02       		.uleb128 0x2
 905 0117 17       		.uleb128 0x17
 906 0118 00       		.byte	0
 907 0119 00       		.byte	0
 908 011a 18       		.uleb128 0x18
 909 011b 898201   		.uleb128 0x4109
 910 011e 01       		.byte	0x1
 911 011f 11       		.uleb128 0x11
 912 0120 01       		.uleb128 0x1
 913 0121 31       		.uleb128 0x31
 914 0122 13       		.uleb128 0x13
 915 0123 00       		.byte	0
 916 0124 00       		.byte	0
 917 0125 19       		.uleb128 0x19
 918 0126 8A8201   		.uleb128 0x410a
 919 0129 00       		.byte	0
 920 012a 02       		.uleb128 0x2
 921 012b 18       		.uleb128 0x18
 922 012c 9142     		.uleb128 0x2111
 923 012e 18       		.uleb128 0x18
 924 012f 00       		.byte	0
 925 0130 00       		.byte	0
 926 0131 1A       		.uleb128 0x1a
 927 0132 34       		.uleb128 0x34
 928 0133 00       		.byte	0
 929 0134 03       		.uleb128 0x3
 930 0135 0E       		.uleb128 0xe
 931 0136 3A       		.uleb128 0x3a
 932 0137 0B       		.uleb128 0xb
 933 0138 3B       		.uleb128 0x3b
 934 0139 05       		.uleb128 0x5
 935 013a 49       		.uleb128 0x49
 936 013b 13       		.uleb128 0x13
 937 013c 3F       		.uleb128 0x3f
 938 013d 19       		.uleb128 0x19
ARM GAS  C:\Users\Brian\AppData\Local\Temp\cc0TG3IJ.s 			page 18


 939 013e 3C       		.uleb128 0x3c
 940 013f 19       		.uleb128 0x19
 941 0140 00       		.byte	0
 942 0141 00       		.byte	0
 943 0142 1B       		.uleb128 0x1b
 944 0143 34       		.uleb128 0x34
 945 0144 00       		.byte	0
 946 0145 03       		.uleb128 0x3
 947 0146 0E       		.uleb128 0xe
 948 0147 3A       		.uleb128 0x3a
 949 0148 0B       		.uleb128 0xb
 950 0149 3B       		.uleb128 0x3b
 951 014a 0B       		.uleb128 0xb
 952 014b 49       		.uleb128 0x49
 953 014c 13       		.uleb128 0x13
 954 014d 3F       		.uleb128 0x3f
 955 014e 19       		.uleb128 0x19
 956 014f 3C       		.uleb128 0x3c
 957 0150 19       		.uleb128 0x19
 958 0151 00       		.byte	0
 959 0152 00       		.byte	0
 960 0153 1C       		.uleb128 0x1c
 961 0154 34       		.uleb128 0x34
 962 0155 00       		.byte	0
 963 0156 03       		.uleb128 0x3
 964 0157 0E       		.uleb128 0xe
 965 0158 3A       		.uleb128 0x3a
 966 0159 0B       		.uleb128 0xb
 967 015a 3B       		.uleb128 0x3b
 968 015b 0B       		.uleb128 0xb
 969 015c 49       		.uleb128 0x49
 970 015d 13       		.uleb128 0x13
 971 015e 3F       		.uleb128 0x3f
 972 015f 19       		.uleb128 0x19
 973 0160 02       		.uleb128 0x2
 974 0161 18       		.uleb128 0x18
 975 0162 00       		.byte	0
 976 0163 00       		.byte	0
 977 0164 1D       		.uleb128 0x1d
 978 0165 2E       		.uleb128 0x2e
 979 0166 00       		.byte	0
 980 0167 3F       		.uleb128 0x3f
 981 0168 19       		.uleb128 0x19
 982 0169 3C       		.uleb128 0x3c
 983 016a 19       		.uleb128 0x19
 984 016b 6E       		.uleb128 0x6e
 985 016c 0E       		.uleb128 0xe
 986 016d 03       		.uleb128 0x3
 987 016e 0E       		.uleb128 0xe
 988 016f 3A       		.uleb128 0x3a
 989 0170 0B       		.uleb128 0xb
 990 0171 3B       		.uleb128 0x3b
 991 0172 0B       		.uleb128 0xb
 992 0173 00       		.byte	0
 993 0174 00       		.byte	0
 994 0175 00       		.byte	0
 995              		.section	.debug_loc,"",%progbits
ARM GAS  C:\Users\Brian\AppData\Local\Temp\cc0TG3IJ.s 			page 19


 996              	.Ldebug_loc0:
 997              	.LLST0:
 998 0000 00000000 		.4byte	.LVL0
 999 0004 0E000000 		.4byte	.LVL3
 1000 0008 0100     		.2byte	0x1
 1001 000a 50       		.byte	0x50
 1002 000b 0E000000 		.4byte	.LVL3
 1003 000f 24000000 		.4byte	.LFE516
 1004 0013 0400     		.2byte	0x4
 1005 0015 F3       		.byte	0xf3
 1006 0016 01       		.uleb128 0x1
 1007 0017 50       		.byte	0x50
 1008 0018 9F       		.byte	0x9f
 1009 0019 00000000 		.4byte	0
 1010 001d 00000000 		.4byte	0
 1011              	.LLST1:
 1012 0021 08000000 		.4byte	.LVL1
 1013 0025 0A000000 		.4byte	.LVL2
 1014 0029 0200     		.2byte	0x2
 1015 002b 30       		.byte	0x30
 1016 002c 9F       		.byte	0x9f
 1017 002d 0A000000 		.4byte	.LVL2
 1018 0031 0E000000 		.4byte	.LVL3
 1019 0035 0200     		.2byte	0x2
 1020 0037 70       		.byte	0x70
 1021 0038 04       		.sleb128 4
 1022 0039 0E000000 		.4byte	.LVL3
 1023 003d 11000000 		.4byte	.LVL4-1
 1024 0041 0100     		.2byte	0x1
 1025 0043 51       		.byte	0x51
 1026 0044 00000000 		.4byte	0
 1027 0048 00000000 		.4byte	0
 1028              	.LLST2:
 1029 004c 08000000 		.4byte	.LVL1
 1030 0050 0E000000 		.4byte	.LVL3
 1031 0054 0100     		.2byte	0x1
 1032 0056 50       		.byte	0x50
 1033 0057 0E000000 		.4byte	.LVL3
 1034 005b 24000000 		.4byte	.LFE516
 1035 005f 0400     		.2byte	0x4
 1036 0061 F3       		.byte	0xf3
 1037 0062 01       		.uleb128 0x1
 1038 0063 50       		.byte	0x50
 1039 0064 9F       		.byte	0x9f
 1040 0065 00000000 		.4byte	0
 1041 0069 00000000 		.4byte	0
 1042              		.section	.debug_aranges,"",%progbits
 1043 0000 1C000000 		.4byte	0x1c
 1044 0004 0200     		.2byte	0x2
 1045 0006 00000000 		.4byte	.Ldebug_info0
 1046 000a 04       		.byte	0x4
 1047 000b 00       		.byte	0
 1048 000c 0000     		.2byte	0
 1049 000e 0000     		.2byte	0
 1050 0010 00000000 		.4byte	.LFB516
 1051 0014 24000000 		.4byte	.LFE516-.LFB516
 1052 0018 00000000 		.4byte	0
ARM GAS  C:\Users\Brian\AppData\Local\Temp\cc0TG3IJ.s 			page 20


 1053 001c 00000000 		.4byte	0
 1054              		.section	.debug_ranges,"",%progbits
 1055              	.Ldebug_ranges0:
 1056 0000 00000000 		.4byte	.LFB516
 1057 0004 24000000 		.4byte	.LFE516
 1058 0008 00000000 		.4byte	0
 1059 000c 00000000 		.4byte	0
 1060              		.section	.debug_line,"",%progbits
 1061              	.Ldebug_line0:
 1062 0000 9D020000 		.section	.debug_str,"MS",%progbits,1
 1062      02008402 
 1062      00000201 
 1062      FB0E0D00 
 1062      01010101 
 1063              	.LASF60:
 1064 0000 6368616E 		.ascii	"channelBase\000"
 1064      6E656C42 
 1064      61736500 
 1065              	.LASF35:
 1066 000c 74784C65 		.ascii	"txLeftToTransmit\000"
 1066      6674546F 
 1066      5472616E 
 1066      736D6974 
 1066      00
 1067              	.LASF42:
 1068 001d 43595F53 		.ascii	"CY_SAR_RANGE_COND_OUTSIDE\000"
 1068      41525F52 
 1068      414E4745 
 1068      5F434F4E 
 1068      445F4F55 
 1069              	.LASF29:
 1070 0037 72785269 		.ascii	"rxRingBufTail\000"
 1070      6E674275 
 1070      66546169 
 1070      6C00
 1071              	.LASF34:
 1072 0045 74784275 		.ascii	"txBufSize\000"
 1072      6653697A 
 1072      6500
 1073              	.LASF31:
 1074 004f 72784275 		.ascii	"rxBufSize\000"
 1074      6653697A 
 1074      6500
 1075              	.LASF23:
 1076 0059 63795F63 		.ascii	"cy_cb_scb_uart_handle_events_t\000"
 1076      625F7363 
 1076      625F7561 
 1076      72745F68 
 1076      616E646C 
 1077              	.LASF73:
 1078 0078 4144435F 		.ascii	"ADC_1_currentConfig\000"
 1078      315F6375 
 1078      7272656E 
 1078      74436F6E 
 1078      66696700 
 1079              	.LASF0:
 1080 008c 73686F72 		.ascii	"short int\000"
ARM GAS  C:\Users\Brian\AppData\Local\Temp\cc0TG3IJ.s 			page 21


 1080      7420696E 
 1080      7400
 1081              	.LASF17:
 1082 0096 73697A65 		.ascii	"sizetype\000"
 1082      74797065 
 1082      00
 1083              	.LASF53:
 1084 009f 73617449 		.ascii	"satIntrMask\000"
 1084      6E74724D 
 1084      61736B00 
 1085              	.LASF45:
 1086 00ab 73616D70 		.ascii	"sampleCtrl\000"
 1086      6C654374 
 1086      726C00
 1087              	.LASF79:
 1088 00b6 63795F73 		.ascii	"cy_stc_scb_uart_context\000"
 1088      74635F73 
 1088      63625F75 
 1088      6172745F 
 1088      636F6E74 
 1089              	.LASF58:
 1090 00ce 76726566 		.ascii	"vrefMvValue\000"
 1090      4D765661 
 1090      6C756500 
 1091              	.LASF48:
 1092 00da 72616E67 		.ascii	"rangeThres\000"
 1092      65546872 
 1092      657300
 1093              	.LASF76:
 1094 00e5 474E5520 		.ascii	"GNU C11 5.4.1 20160609 (release) [ARM/embedded-5-br"
 1094      43313120 
 1094      352E342E 
 1094      31203230 
 1094      31363036 
 1095 0118 616E6368 		.ascii	"anch revision 237715] -mcpu=cortex-m4 -mfloat-abi=s"
 1095      20726576 
 1095      6973696F 
 1095      6E203233 
 1095      37373135 
 1096 014b 6F667466 		.ascii	"oftfp -mfpu=fpv4-sp-d16 -mthumb -g -Og -ffunction-s"
 1096      70202D6D 
 1096      6670753D 
 1096      66707634 
 1096      2D73702D 
 1097 017e 65637469 		.ascii	"ections -ffat-lto-objects\000"
 1097      6F6E7320 
 1097      2D666661 
 1097      742D6C74 
 1097      6F2D6F62 
 1098              	.LASF8:
 1099 0198 5F5F7569 		.ascii	"__uint32_t\000"
 1099      6E743332 
 1099      5F7400
 1100              	.LASF24:
 1101 01a3 74785374 		.ascii	"txStatus\000"
 1101      61747573 
 1101      00
ARM GAS  C:\Users\Brian\AppData\Local\Temp\cc0TG3IJ.s 			page 22


 1102              	.LASF4:
 1103 01ac 5F5F7569 		.ascii	"__uint16_t\000"
 1103      6E743136 
 1103      5F7400
 1104              	.LASF32:
 1105 01b7 72784275 		.ascii	"rxBufIdx\000"
 1105      66496478 
 1105      00
 1106              	.LASF49:
 1107 01c0 72616E67 		.ascii	"rangeCond\000"
 1107      65436F6E 
 1107      6400
 1108              	.LASF13:
 1109 01ca 75696E74 		.ascii	"uint8_t\000"
 1109      385F7400 
 1110              	.LASF74:
 1111 01d2 4144435F 		.ascii	"ADC_1_allConfigs\000"
 1111      315F616C 
 1111      6C436F6E 
 1111      66696773 
 1111      00
 1112              	.LASF64:
 1113 01e3 636C6B44 		.ascii	"clkDivider\000"
 1113      69766964 
 1113      657200
 1114              	.LASF28:
 1115 01ee 72785269 		.ascii	"rxRingBufHead\000"
 1115      6E674275 
 1115      66486561 
 1115      6400
 1116              	.LASF20:
 1117 01fc 666C6F61 		.ascii	"float\000"
 1117      7400
 1118              	.LASF33:
 1119 0202 74784275 		.ascii	"txBuf\000"
 1119      6600
 1120              	.LASF39:
 1121 0208 43595F53 		.ascii	"CY_SAR_RANGE_COND_BELOW\000"
 1121      41525F52 
 1121      414E4745 
 1121      5F434F4E 
 1121      445F4245 
 1122              	.LASF10:
 1123 0220 6C6F6E67 		.ascii	"long long int\000"
 1123      206C6F6E 
 1123      6720696E 
 1123      7400
 1124              	.LASF57:
 1125 022e 636F6E66 		.ascii	"configRouting\000"
 1125      6967526F 
 1125      7574696E 
 1125      6700
 1126              	.LASF27:
 1127 023c 72785269 		.ascii	"rxRingBufSize\000"
 1127      6E674275 
 1127      6653697A 
 1127      6500
ARM GAS  C:\Users\Brian\AppData\Local\Temp\cc0TG3IJ.s 			page 23


 1128              	.LASF44:
 1129 024a 6374726C 		.ascii	"ctrl\000"
 1129      00
 1130              	.LASF46:
 1131 024f 73616D70 		.ascii	"sampleTime01\000"
 1131      6C655469 
 1131      6D653031 
 1131      00
 1132              	.LASF81:
 1133 025c 7072696E 		.ascii	"printf\000"
 1133      746600
 1134              	.LASF3:
 1135 0263 5F5F7569 		.ascii	"__uint8_t\000"
 1135      6E74385F 
 1135      7400
 1136              	.LASF18:
 1137 026d 6C6F6E67 		.ascii	"long double\000"
 1137      20646F75 
 1137      626C6500 
 1138              	.LASF25:
 1139 0279 72785374 		.ascii	"rxStatus\000"
 1139      61747573 
 1139      00
 1140              	.LASF2:
 1141 0282 756E7369 		.ascii	"unsigned char\000"
 1141      676E6564 
 1141      20636861 
 1141      7200
 1142              	.LASF26:
 1143 0290 72785269 		.ascii	"rxRingBuf\000"
 1143      6E674275 
 1143      6600
 1144              	.LASF65:
 1145 029a 4144435F 		.ascii	"ADC_1_CONFIG_STRUCT\000"
 1145      315F434F 
 1145      4E464947 
 1145      5F535452 
 1145      55435400 
 1146              	.LASF1:
 1147 02ae 7369676E 		.ascii	"signed char\000"
 1147      65642063 
 1147      68617200 
 1148              	.LASF11:
 1149 02ba 6C6F6E67 		.ascii	"long long unsigned int\000"
 1149      206C6F6E 
 1149      6720756E 
 1149      7369676E 
 1149      65642069 
 1150              	.LASF16:
 1151 02d1 75696E74 		.ascii	"uint32_t\000"
 1151      33325F74 
 1151      00
 1152              	.LASF54:
 1153 02da 72616E67 		.ascii	"rangeIntrMask\000"
 1153      65496E74 
 1153      724D6173 
 1153      6B00
ARM GAS  C:\Users\Brian\AppData\Local\Temp\cc0TG3IJ.s 			page 24


 1154              	.LASF77:
 1155 02e8 6970635F 		.ascii	"ipc_cm4.c\000"
 1155      636D342E 
 1155      6300
 1156              	.LASF56:
 1157 02f2 6D757853 		.ascii	"muxSwitchSqCtrl\000"
 1157      77697463 
 1157      68537143 
 1157      74726C00 
 1158              	.LASF22:
 1159 0302 5F426F6F 		.ascii	"_Bool\000"
 1159      6C00
 1160              	.LASF5:
 1161 0308 73686F72 		.ascii	"short unsigned int\000"
 1161      7420756E 
 1161      7369676E 
 1161      65642069 
 1161      6E7400
 1162              	.LASF30:
 1163 031b 72784275 		.ascii	"rxBuf\000"
 1163      6600
 1164              	.LASF78:
 1165 0321 433A5C50 		.ascii	"C:\\PSoC 6 Projects\\sel_voltage_monitor\\SELVoltag"
 1165      536F4320 
 1165      36205072 
 1165      6F6A6563 
 1165      74735C73 
 1166 0351 654D6F6E 		.ascii	"eMonitor\\SELVoltageMonitor.cydsn\000"
 1166      69746F72 
 1166      5C53454C 
 1166      566F6C74 
 1166      6167654D 
 1167              	.LASF63:
 1168 0372 6D697363 		.ascii	"miscConfig\000"
 1168      436F6E66 
 1168      696700
 1169              	.LASF19:
 1170 037d 63686172 		.ascii	"char\000"
 1170      00
 1171              	.LASF55:
 1172 0382 6D757853 		.ascii	"muxSwitch\000"
 1172      77697463 
 1172      6800
 1173              	.LASF36:
 1174 038c 63624576 		.ascii	"cbEvents\000"
 1174      656E7473 
 1174      00
 1175              	.LASF41:
 1176 0395 43595F53 		.ascii	"CY_SAR_RANGE_COND_ABOVE\000"
 1176      41525F52 
 1176      414E4745 
 1176      5F434F4E 
 1176      445F4142 
 1177              	.LASF15:
 1178 03ad 696E7433 		.ascii	"int32_t\000"
 1178      325F7400 
 1179              	.LASF80:
ARM GAS  C:\Users\Brian\AppData\Local\Temp\cc0TG3IJ.s 			page 25


 1180 03b5 434D345F 		.ascii	"CM4_MessageCallback\000"
 1180      4D657373 
 1180      61676543 
 1180      616C6C62 
 1180      61636B00 
 1181              	.LASF67:
 1182 03c9 75736572 		.ascii	"userCode\000"
 1182      436F6465 
 1182      00
 1183              	.LASF62:
 1184 03d2 6877436F 		.ascii	"hwConfigStc\000"
 1184      6E666967 
 1184      53746300 
 1185              	.LASF68:
 1186 03de 64617461 		.ascii	"data\000"
 1186      00
 1187              	.LASF14:
 1188 03e3 75696E74 		.ascii	"uint16_t\000"
 1188      31365F74 
 1188      00
 1189              	.LASF75:
 1190 03ec 72647954 		.ascii	"rdyToReceive\000"
 1190      6F526563 
 1190      65697665 
 1190      00
 1191              	.LASF70:
 1192 03f9 6D736750 		.ascii	"msgPtr\000"
 1192      747200
 1193              	.LASF9:
 1194 0400 6C6F6E67 		.ascii	"long unsigned int\000"
 1194      20756E73 
 1194      69676E65 
 1194      6420696E 
 1194      7400
 1195              	.LASF21:
 1196 0412 646F7562 		.ascii	"double\000"
 1196      6C6500
 1197              	.LASF6:
 1198 0419 5F5F696E 		.ascii	"__int32_t\000"
 1198      7433325F 
 1198      7400
 1199              	.LASF40:
 1200 0423 43595F53 		.ascii	"CY_SAR_RANGE_COND_INSIDE\000"
 1200      41525F52 
 1200      414E4745 
 1200      5F434F4E 
 1200      445F494E 
 1201              	.LASF37:
 1202 043c 696E6974 		.ascii	"initKey\000"
 1202      4B657900 
 1203              	.LASF51:
 1204 0444 6368616E 		.ascii	"chanConfig\000"
 1204      436F6E66 
 1204      696700
 1205              	.LASF59:
 1206 044f 63795F73 		.ascii	"cy_stc_sar_config_t\000"
 1206      74635F73 
ARM GAS  C:\Users\Brian\AppData\Local\Temp\cc0TG3IJ.s 			page 26


 1206      61725F63 
 1206      6F6E6669 
 1206      675F7400 
 1207              	.LASF38:
 1208 0463 63795F73 		.ascii	"cy_stc_scb_uart_context_t\000"
 1208      74635F73 
 1208      63625F75 
 1208      6172745F 
 1208      636F6E74 
 1209              	.LASF69:
 1210 047d 6970635F 		.ascii	"ipc_msg_t\000"
 1210      6D73675F 
 1210      7400
 1211              	.LASF50:
 1212 0487 6368616E 		.ascii	"chanEn\000"
 1212      456E00
 1213              	.LASF61:
 1214 048e 6E756D43 		.ascii	"numChannels\000"
 1214      68616E6E 
 1214      656C7300 
 1215              	.LASF72:
 1216 049a 55415254 		.ascii	"UART_context\000"
 1216      5F636F6E 
 1216      74657874 
 1216      00
 1217              	.LASF47:
 1218 04a7 73616D70 		.ascii	"sampleTime23\000"
 1218      6C655469 
 1218      6D653233 
 1218      00
 1219              	.LASF7:
 1220 04b4 6C6F6E67 		.ascii	"long int\000"
 1220      20696E74 
 1220      00
 1221              	.LASF71:
 1222 04bd 49544D5F 		.ascii	"ITM_RxBuffer\000"
 1222      52784275 
 1222      66666572 
 1222      00
 1223              	.LASF12:
 1224 04ca 756E7369 		.ascii	"unsigned int\000"
 1224      676E6564 
 1224      20696E74 
 1224      00
 1225              	.LASF66:
 1226 04d7 636C6965 		.ascii	"clientId\000"
 1226      6E744964 
 1226      00
 1227              	.LASF52:
 1228 04e0 696E7472 		.ascii	"intrMask\000"
 1228      4D61736B 
 1228      00
 1229              	.LASF43:
 1230 04e9 63795F65 		.ascii	"cy_en_sar_range_detect_condition_t\000"
 1230      6E5F7361 
 1230      725F7261 
 1230      6E67655F 
ARM GAS  C:\Users\Brian\AppData\Local\Temp\cc0TG3IJ.s 			page 27


 1230      64657465 
 1231              		.ident	"GCC: (GNU Tools for ARM Embedded Processors) 5.4.1 20160609 (release) [ARM/embedded-5-bran
