ARM GAS  C:\Users\Brian\AppData\Local\Temp\ccdAUqqX.s 			page 1


   1              		.syntax unified
   2              		.cpu cortex-m4
   3              		.eabi_attribute 27, 1
   4              		.fpu fpv4-sp-d16
   5              		.eabi_attribute 20, 1
   6              		.eabi_attribute 21, 1
   7              		.eabi_attribute 23, 3
   8              		.eabi_attribute 24, 1
   9              		.eabi_attribute 25, 1
  10              		.eabi_attribute 26, 1
  11              		.eabi_attribute 30, 1
  12              		.eabi_attribute 34, 1
  13              		.eabi_attribute 18, 4
  14              		.thumb
  15              		.syntax unified
  16              		.file	"ring_buffer.c"
  17              		.text
  18              	.Ltext0:
  19              		.cfi_sections	.debug_frame
  20              		.section	.text.ring_buf_push,"ax",%progbits
  21              		.align	2
  22              		.global	ring_buf_push
  23              		.thumb
  24              		.thumb_func
  25              		.type	ring_buf_push, %function
  26              	ring_buf_push:
  27              	.LFB0:
  28              		.file 1 "ring_buffer.c"
   1:ring_buffer.c **** /* ========================================
   2:ring_buffer.c ****  *
   3:ring_buffer.c ****  * SEL VOLTAGE MONITOR
   4:ring_buffer.c ****  * TEAM REMBRANDT
   5:ring_buffer.c ****  * 
   6:ring_buffer.c ****  * ring_buffer.c
   7:ring_buffer.c ****  * 
   8:ring_buffer.c ****  * Defines the push function for the ring buffer, as well as a function
   9:ring_buffer.c ****  * for extracting events from the buffer.
  10:ring_buffer.c ****  *
  11:ring_buffer.c ****  * ========================================
  12:ring_buffer.c **** */
  13:ring_buffer.c **** #include "ring_buffer.h"
  14:ring_buffer.c **** 
  15:ring_buffer.c **** void ring_buf_push(ring_buf_t *c, uint16_t data)
  16:ring_buffer.c **** {
  29              		.loc 1 16 0
  30              		.cfi_startproc
  31              		@ args = 0, pretend = 0, frame = 0
  32              		@ frame_needed = 0, uses_anonymous_args = 0
  33              		@ link register save eliminated.
  34              	.LVL0:
  35 0000 30B4     		push	{r4, r5}
  36              		.cfi_def_cfa_offset 8
  37              		.cfi_offset 4, -8
  38              		.cfi_offset 5, -4
  17:ring_buffer.c ****     uint8_t next;
  18:ring_buffer.c ****     //Next is where head will point to after this write.
  19:ring_buffer.c ****     next = c->head + 1;
ARM GAS  C:\Users\Brian\AppData\Local\Temp\ccdAUqqX.s 			page 2


  39              		.loc 1 19 0
  40 0002 8288     		ldrh	r2, [r0, #4]
  41 0004 531C     		adds	r3, r2, #1
  42 0006 DBB2     		uxtb	r3, r3
  43              	.LVL1:
  20:ring_buffer.c ****     if (next >= c->maxlen)
  44              		.loc 1 20 0
  45 0008 9DB2     		uxth	r5, r3
  46 000a 0489     		ldrh	r4, [r0, #8]
  47 000c A542     		cmp	r5, r4
  48 000e 00D3     		bcc	.L2
  21:ring_buffer.c ****         next = 0;
  49              		.loc 1 21 0
  50 0010 0023     		movs	r3, #0
  51              	.LVL2:
  52              	.L2:
  22:ring_buffer.c ****     // Load data and then move
  23:ring_buffer.c ****     c->buffer[c->head] = data;
  53              		.loc 1 23 0
  54 0012 0468     		ldr	r4, [r0]
  55 0014 24F81210 		strh	r1, [r4, r2, lsl #1]	@ movhi
  24:ring_buffer.c ****     // Head to next data offset. // return success to indicate successful push.
  25:ring_buffer.c ****     c->head = next;
  56              		.loc 1 25 0
  57 0018 8380     		strh	r3, [r0, #4]	@ movhi
  26:ring_buffer.c ****     c->check = c->check + 1;
  58              		.loc 1 26 0
  59 001a C388     		ldrh	r3, [r0, #6]
  60              	.LVL3:
  61 001c 0133     		adds	r3, r3, #1
  62 001e 9BB2     		uxth	r3, r3
  63 0020 C380     		strh	r3, [r0, #6]	@ movhi
  27:ring_buffer.c ****     if (c->check >= c->maxlen)
  64              		.loc 1 27 0
  65 0022 0289     		ldrh	r2, [r0, #8]
  66 0024 9342     		cmp	r3, r2
  67 0026 01D3     		bcc	.L1
  28:ring_buffer.c ****         c->check = 0;
  68              		.loc 1 28 0
  69 0028 0023     		movs	r3, #0
  70 002a C380     		strh	r3, [r0, #6]	@ movhi
  71              	.L1:
  29:ring_buffer.c **** }
  72              		.loc 1 29 0
  73 002c 30BC     		pop	{r4, r5}
  74              		.cfi_restore 5
  75              		.cfi_restore 4
  76              		.cfi_def_cfa_offset 0
  77 002e 7047     		bx	lr
  78              		.cfi_endproc
  79              	.LFE0:
  80              		.size	ring_buf_push, .-ring_buf_push
  81              		.text
  82              	.Letext0:
  83              		.file 2 "c:\\program files (x86)\\cypress\\psoc creator\\4.2\\psoc creator\\import\\gnu\\arm\\5.4.
  84              		.file 3 "c:\\program files (x86)\\cypress\\psoc creator\\4.2\\psoc creator\\import\\gnu\\arm\\5.4.
  85              		.file 4 "ring_buffer.h"
ARM GAS  C:\Users\Brian\AppData\Local\Temp\ccdAUqqX.s 			page 3


  86              		.section	.debug_info,"",%progbits
  87              	.Ldebug_info0:
  88 0000 37010000 		.4byte	0x137
  89 0004 0400     		.2byte	0x4
  90 0006 00000000 		.4byte	.Ldebug_abbrev0
  91 000a 04       		.byte	0x4
  92 000b 01       		.uleb128 0x1
  93 000c 01010000 		.4byte	.LASF21
  94 0010 0C       		.byte	0xc
  95 0011 FC010000 		.4byte	.LASF22
  96 0015 47000000 		.4byte	.LASF23
  97 0019 00000000 		.4byte	.Ldebug_ranges0+0
  98 001d 00000000 		.4byte	0
  99 0021 00000000 		.4byte	.Ldebug_line0
 100 0025 02       		.uleb128 0x2
 101 0026 01       		.byte	0x1
 102 0027 06       		.byte	0x6
 103 0028 F0010000 		.4byte	.LASF0
 104 002c 03       		.uleb128 0x3
 105 002d 00000000 		.4byte	.LASF2
 106 0031 02       		.byte	0x2
 107 0032 1D       		.byte	0x1d
 108 0033 37000000 		.4byte	0x37
 109 0037 02       		.uleb128 0x2
 110 0038 01       		.byte	0x1
 111 0039 08       		.byte	0x8
 112 003a 32000000 		.4byte	.LASF1
 113 003e 03       		.uleb128 0x3
 114 003f 0F000000 		.4byte	.LASF3
 115 0043 02       		.byte	0x2
 116 0044 29       		.byte	0x29
 117 0045 49000000 		.4byte	0x49
 118 0049 02       		.uleb128 0x2
 119 004a 02       		.byte	0x2
 120 004b 05       		.byte	0x5
 121 004c CD010000 		.4byte	.LASF4
 122 0050 03       		.uleb128 0x3
 123 0051 AB000000 		.4byte	.LASF5
 124 0055 02       		.byte	0x2
 125 0056 2B       		.byte	0x2b
 126 0057 5B000000 		.4byte	0x5b
 127 005b 02       		.uleb128 0x2
 128 005c 02       		.byte	0x2
 129 005d 07       		.byte	0x7
 130 005e 98000000 		.4byte	.LASF6
 131 0062 02       		.uleb128 0x2
 132 0063 04       		.byte	0x4
 133 0064 05       		.byte	0x5
 134 0065 E7010000 		.4byte	.LASF7
 135 0069 02       		.uleb128 0x2
 136 006a 04       		.byte	0x4
 137 006b 07       		.byte	0x7
 138 006c B6000000 		.4byte	.LASF8
 139 0070 02       		.uleb128 0x2
 140 0071 08       		.byte	0x8
 141 0072 05       		.byte	0x5
 142 0073 B4010000 		.4byte	.LASF9
ARM GAS  C:\Users\Brian\AppData\Local\Temp\ccdAUqqX.s 			page 4


 143 0077 02       		.uleb128 0x2
 144 0078 08       		.byte	0x8
 145 0079 07       		.byte	0x7
 146 007a DA000000 		.4byte	.LASF10
 147 007e 04       		.uleb128 0x4
 148 007f 04       		.byte	0x4
 149 0080 05       		.byte	0x5
 150 0081 696E7400 		.ascii	"int\000"
 151 0085 02       		.uleb128 0x2
 152 0086 04       		.byte	0x4
 153 0087 07       		.byte	0x7
 154 0088 CD000000 		.4byte	.LASF11
 155 008c 03       		.uleb128 0x3
 156 008d F1000000 		.4byte	.LASF12
 157 0091 03       		.byte	0x3
 158 0092 18       		.byte	0x18
 159 0093 2C000000 		.4byte	0x2c
 160 0097 03       		.uleb128 0x3
 161 0098 F9000000 		.4byte	.LASF13
 162 009c 03       		.byte	0x3
 163 009d 20       		.byte	0x20
 164 009e 3E000000 		.4byte	0x3e
 165 00a2 03       		.uleb128 0x3
 166 00a3 DE010000 		.4byte	.LASF14
 167 00a7 03       		.byte	0x3
 168 00a8 24       		.byte	0x24
 169 00a9 50000000 		.4byte	0x50
 170 00ad 05       		.uleb128 0x5
 171 00ae 0C       		.byte	0xc
 172 00af 04       		.byte	0x4
 173 00b0 12       		.byte	0x12
 174 00b1 E6000000 		.4byte	0xe6
 175 00b5 06       		.uleb128 0x6
 176 00b6 D7010000 		.4byte	.LASF15
 177 00ba 04       		.byte	0x4
 178 00bb 13       		.byte	0x13
 179 00bc E6000000 		.4byte	0xe6
 180 00c0 00       		.byte	0
 181 00c1 06       		.uleb128 0x6
 182 00c2 C8000000 		.4byte	.LASF16
 183 00c6 04       		.byte	0x4
 184 00c7 14       		.byte	0x14
 185 00c8 A2000000 		.4byte	0xa2
 186 00cc 04       		.byte	0x4
 187 00cd 06       		.uleb128 0x6
 188 00ce 27000000 		.4byte	.LASF17
 189 00d2 04       		.byte	0x4
 190 00d3 15       		.byte	0x15
 191 00d4 A2000000 		.4byte	0xa2
 192 00d8 06       		.byte	0x6
 193 00d9 06       		.uleb128 0x6
 194 00da 40000000 		.4byte	.LASF18
 195 00de 04       		.byte	0x4
 196 00df 16       		.byte	0x16
 197 00e0 A2000000 		.4byte	0xa2
 198 00e4 08       		.byte	0x8
 199 00e5 00       		.byte	0
ARM GAS  C:\Users\Brian\AppData\Local\Temp\ccdAUqqX.s 			page 5


 200 00e6 07       		.uleb128 0x7
 201 00e7 04       		.byte	0x4
 202 00e8 97000000 		.4byte	0x97
 203 00ec 03       		.uleb128 0x3
 204 00ed C2010000 		.4byte	.LASF19
 205 00f1 04       		.byte	0x4
 206 00f2 17       		.byte	0x17
 207 00f3 AD000000 		.4byte	0xad
 208 00f7 08       		.uleb128 0x8
 209 00f8 19000000 		.4byte	.LASF24
 210 00fc 01       		.byte	0x1
 211 00fd 0F       		.byte	0xf
 212 00fe 00000000 		.4byte	.LFB0
 213 0102 30000000 		.4byte	.LFE0-.LFB0
 214 0106 01       		.uleb128 0x1
 215 0107 9C       		.byte	0x9c
 216 0108 34010000 		.4byte	0x134
 217 010c 09       		.uleb128 0x9
 218 010d 6300     		.ascii	"c\000"
 219 010f 01       		.byte	0x1
 220 0110 0F       		.byte	0xf
 221 0111 34010000 		.4byte	0x134
 222 0115 01       		.uleb128 0x1
 223 0116 50       		.byte	0x50
 224 0117 0A       		.uleb128 0xa
 225 0118 2D000000 		.4byte	.LASF20
 226 011c 01       		.byte	0x1
 227 011d 0F       		.byte	0xf
 228 011e A2000000 		.4byte	0xa2
 229 0122 01       		.uleb128 0x1
 230 0123 51       		.byte	0x51
 231 0124 0B       		.uleb128 0xb
 232 0125 0A000000 		.4byte	.LASF25
 233 0129 01       		.byte	0x1
 234 012a 11       		.byte	0x11
 235 012b 8C000000 		.4byte	0x8c
 236 012f 00000000 		.4byte	.LLST0
 237 0133 00       		.byte	0
 238 0134 07       		.uleb128 0x7
 239 0135 04       		.byte	0x4
 240 0136 EC000000 		.4byte	0xec
 241 013a 00       		.byte	0
 242              		.section	.debug_abbrev,"",%progbits
 243              	.Ldebug_abbrev0:
 244 0000 01       		.uleb128 0x1
 245 0001 11       		.uleb128 0x11
 246 0002 01       		.byte	0x1
 247 0003 25       		.uleb128 0x25
 248 0004 0E       		.uleb128 0xe
 249 0005 13       		.uleb128 0x13
 250 0006 0B       		.uleb128 0xb
 251 0007 03       		.uleb128 0x3
 252 0008 0E       		.uleb128 0xe
 253 0009 1B       		.uleb128 0x1b
 254 000a 0E       		.uleb128 0xe
 255 000b 55       		.uleb128 0x55
 256 000c 17       		.uleb128 0x17
ARM GAS  C:\Users\Brian\AppData\Local\Temp\ccdAUqqX.s 			page 6


 257 000d 11       		.uleb128 0x11
 258 000e 01       		.uleb128 0x1
 259 000f 10       		.uleb128 0x10
 260 0010 17       		.uleb128 0x17
 261 0011 00       		.byte	0
 262 0012 00       		.byte	0
 263 0013 02       		.uleb128 0x2
 264 0014 24       		.uleb128 0x24
 265 0015 00       		.byte	0
 266 0016 0B       		.uleb128 0xb
 267 0017 0B       		.uleb128 0xb
 268 0018 3E       		.uleb128 0x3e
 269 0019 0B       		.uleb128 0xb
 270 001a 03       		.uleb128 0x3
 271 001b 0E       		.uleb128 0xe
 272 001c 00       		.byte	0
 273 001d 00       		.byte	0
 274 001e 03       		.uleb128 0x3
 275 001f 16       		.uleb128 0x16
 276 0020 00       		.byte	0
 277 0021 03       		.uleb128 0x3
 278 0022 0E       		.uleb128 0xe
 279 0023 3A       		.uleb128 0x3a
 280 0024 0B       		.uleb128 0xb
 281 0025 3B       		.uleb128 0x3b
 282 0026 0B       		.uleb128 0xb
 283 0027 49       		.uleb128 0x49
 284 0028 13       		.uleb128 0x13
 285 0029 00       		.byte	0
 286 002a 00       		.byte	0
 287 002b 04       		.uleb128 0x4
 288 002c 24       		.uleb128 0x24
 289 002d 00       		.byte	0
 290 002e 0B       		.uleb128 0xb
 291 002f 0B       		.uleb128 0xb
 292 0030 3E       		.uleb128 0x3e
 293 0031 0B       		.uleb128 0xb
 294 0032 03       		.uleb128 0x3
 295 0033 08       		.uleb128 0x8
 296 0034 00       		.byte	0
 297 0035 00       		.byte	0
 298 0036 05       		.uleb128 0x5
 299 0037 13       		.uleb128 0x13
 300 0038 01       		.byte	0x1
 301 0039 0B       		.uleb128 0xb
 302 003a 0B       		.uleb128 0xb
 303 003b 3A       		.uleb128 0x3a
 304 003c 0B       		.uleb128 0xb
 305 003d 3B       		.uleb128 0x3b
 306 003e 0B       		.uleb128 0xb
 307 003f 01       		.uleb128 0x1
 308 0040 13       		.uleb128 0x13
 309 0041 00       		.byte	0
 310 0042 00       		.byte	0
 311 0043 06       		.uleb128 0x6
 312 0044 0D       		.uleb128 0xd
 313 0045 00       		.byte	0
ARM GAS  C:\Users\Brian\AppData\Local\Temp\ccdAUqqX.s 			page 7


 314 0046 03       		.uleb128 0x3
 315 0047 0E       		.uleb128 0xe
 316 0048 3A       		.uleb128 0x3a
 317 0049 0B       		.uleb128 0xb
 318 004a 3B       		.uleb128 0x3b
 319 004b 0B       		.uleb128 0xb
 320 004c 49       		.uleb128 0x49
 321 004d 13       		.uleb128 0x13
 322 004e 38       		.uleb128 0x38
 323 004f 0B       		.uleb128 0xb
 324 0050 00       		.byte	0
 325 0051 00       		.byte	0
 326 0052 07       		.uleb128 0x7
 327 0053 0F       		.uleb128 0xf
 328 0054 00       		.byte	0
 329 0055 0B       		.uleb128 0xb
 330 0056 0B       		.uleb128 0xb
 331 0057 49       		.uleb128 0x49
 332 0058 13       		.uleb128 0x13
 333 0059 00       		.byte	0
 334 005a 00       		.byte	0
 335 005b 08       		.uleb128 0x8
 336 005c 2E       		.uleb128 0x2e
 337 005d 01       		.byte	0x1
 338 005e 3F       		.uleb128 0x3f
 339 005f 19       		.uleb128 0x19
 340 0060 03       		.uleb128 0x3
 341 0061 0E       		.uleb128 0xe
 342 0062 3A       		.uleb128 0x3a
 343 0063 0B       		.uleb128 0xb
 344 0064 3B       		.uleb128 0x3b
 345 0065 0B       		.uleb128 0xb
 346 0066 27       		.uleb128 0x27
 347 0067 19       		.uleb128 0x19
 348 0068 11       		.uleb128 0x11
 349 0069 01       		.uleb128 0x1
 350 006a 12       		.uleb128 0x12
 351 006b 06       		.uleb128 0x6
 352 006c 40       		.uleb128 0x40
 353 006d 18       		.uleb128 0x18
 354 006e 9742     		.uleb128 0x2117
 355 0070 19       		.uleb128 0x19
 356 0071 01       		.uleb128 0x1
 357 0072 13       		.uleb128 0x13
 358 0073 00       		.byte	0
 359 0074 00       		.byte	0
 360 0075 09       		.uleb128 0x9
 361 0076 05       		.uleb128 0x5
 362 0077 00       		.byte	0
 363 0078 03       		.uleb128 0x3
 364 0079 08       		.uleb128 0x8
 365 007a 3A       		.uleb128 0x3a
 366 007b 0B       		.uleb128 0xb
 367 007c 3B       		.uleb128 0x3b
 368 007d 0B       		.uleb128 0xb
 369 007e 49       		.uleb128 0x49
 370 007f 13       		.uleb128 0x13
ARM GAS  C:\Users\Brian\AppData\Local\Temp\ccdAUqqX.s 			page 8


 371 0080 02       		.uleb128 0x2
 372 0081 18       		.uleb128 0x18
 373 0082 00       		.byte	0
 374 0083 00       		.byte	0
 375 0084 0A       		.uleb128 0xa
 376 0085 05       		.uleb128 0x5
 377 0086 00       		.byte	0
 378 0087 03       		.uleb128 0x3
 379 0088 0E       		.uleb128 0xe
 380 0089 3A       		.uleb128 0x3a
 381 008a 0B       		.uleb128 0xb
 382 008b 3B       		.uleb128 0x3b
 383 008c 0B       		.uleb128 0xb
 384 008d 49       		.uleb128 0x49
 385 008e 13       		.uleb128 0x13
 386 008f 02       		.uleb128 0x2
 387 0090 18       		.uleb128 0x18
 388 0091 00       		.byte	0
 389 0092 00       		.byte	0
 390 0093 0B       		.uleb128 0xb
 391 0094 34       		.uleb128 0x34
 392 0095 00       		.byte	0
 393 0096 03       		.uleb128 0x3
 394 0097 0E       		.uleb128 0xe
 395 0098 3A       		.uleb128 0x3a
 396 0099 0B       		.uleb128 0xb
 397 009a 3B       		.uleb128 0x3b
 398 009b 0B       		.uleb128 0xb
 399 009c 49       		.uleb128 0x49
 400 009d 13       		.uleb128 0x13
 401 009e 02       		.uleb128 0x2
 402 009f 17       		.uleb128 0x17
 403 00a0 00       		.byte	0
 404 00a1 00       		.byte	0
 405 00a2 00       		.byte	0
 406              		.section	.debug_loc,"",%progbits
 407              	.Ldebug_loc0:
 408              	.LLST0:
 409 0000 08000000 		.4byte	.LVL1
 410 0004 1C000000 		.4byte	.LVL3
 411 0008 0100     		.2byte	0x1
 412 000a 53       		.byte	0x53
 413 000b 00000000 		.4byte	0
 414 000f 00000000 		.4byte	0
 415              		.section	.debug_aranges,"",%progbits
 416 0000 1C000000 		.4byte	0x1c
 417 0004 0200     		.2byte	0x2
 418 0006 00000000 		.4byte	.Ldebug_info0
 419 000a 04       		.byte	0x4
 420 000b 00       		.byte	0
 421 000c 0000     		.2byte	0
 422 000e 0000     		.2byte	0
 423 0010 00000000 		.4byte	.LFB0
 424 0014 30000000 		.4byte	.LFE0-.LFB0
 425 0018 00000000 		.4byte	0
 426 001c 00000000 		.4byte	0
 427              		.section	.debug_ranges,"",%progbits
ARM GAS  C:\Users\Brian\AppData\Local\Temp\ccdAUqqX.s 			page 9


 428              	.Ldebug_ranges0:
 429 0000 00000000 		.4byte	.LFB0
 430 0004 30000000 		.4byte	.LFE0
 431 0008 00000000 		.4byte	0
 432 000c 00000000 		.4byte	0
 433              		.section	.debug_line,"",%progbits
 434              	.Ldebug_line0:
 435 0000 50010000 		.section	.debug_str,"MS",%progbits,1
 435      02003201 
 435      00000201 
 435      FB0E0D00 
 435      01010101 
 436              	.LASF2:
 437 0000 5F5F7569 		.ascii	"__uint8_t\000"
 437      6E74385F 
 437      7400
 438              	.LASF25:
 439 000a 6E657874 		.ascii	"next\000"
 439      00
 440              	.LASF3:
 441 000f 5F5F696E 		.ascii	"__int16_t\000"
 441      7431365F 
 441      7400
 442              	.LASF24:
 443 0019 72696E67 		.ascii	"ring_buf_push\000"
 443      5F627566 
 443      5F707573 
 443      6800
 444              	.LASF17:
 445 0027 63686563 		.ascii	"check\000"
 445      6B00
 446              	.LASF20:
 447 002d 64617461 		.ascii	"data\000"
 447      00
 448              	.LASF1:
 449 0032 756E7369 		.ascii	"unsigned char\000"
 449      676E6564 
 449      20636861 
 449      7200
 450              	.LASF18:
 451 0040 6D61786C 		.ascii	"maxlen\000"
 451      656E00
 452              	.LASF23:
 453 0047 433A5C50 		.ascii	"C:\\PSoC 6 Projects\\sel_voltage_monitor\\SELVoltag"
 453      536F4320 
 453      36205072 
 453      6F6A6563 
 453      74735C73 
 454 0077 654D6F6E 		.ascii	"eMonitor\\SELVoltageMonitor.cydsn\000"
 454      69746F72 
 454      5C53454C 
 454      566F6C74 
 454      6167654D 
 455              	.LASF6:
 456 0098 73686F72 		.ascii	"short unsigned int\000"
 456      7420756E 
 456      7369676E 
ARM GAS  C:\Users\Brian\AppData\Local\Temp\ccdAUqqX.s 			page 10


 456      65642069 
 456      6E7400
 457              	.LASF5:
 458 00ab 5F5F7569 		.ascii	"__uint16_t\000"
 458      6E743136 
 458      5F7400
 459              	.LASF8:
 460 00b6 6C6F6E67 		.ascii	"long unsigned int\000"
 460      20756E73 
 460      69676E65 
 460      6420696E 
 460      7400
 461              	.LASF16:
 462 00c8 68656164 		.ascii	"head\000"
 462      00
 463              	.LASF11:
 464 00cd 756E7369 		.ascii	"unsigned int\000"
 464      676E6564 
 464      20696E74 
 464      00
 465              	.LASF10:
 466 00da 6C6F6E67 		.ascii	"long long unsigned int\000"
 466      206C6F6E 
 466      6720756E 
 466      7369676E 
 466      65642069 
 467              	.LASF12:
 468 00f1 75696E74 		.ascii	"uint8_t\000"
 468      385F7400 
 469              	.LASF13:
 470 00f9 696E7431 		.ascii	"int16_t\000"
 470      365F7400 
 471              	.LASF21:
 472 0101 474E5520 		.ascii	"GNU C11 5.4.1 20160609 (release) [ARM/embedded-5-br"
 472      43313120 
 472      352E342E 
 472      31203230 
 472      31363036 
 473 0134 616E6368 		.ascii	"anch revision 237715] -mcpu=cortex-m4 -mfloat-abi=s"
 473      20726576 
 473      6973696F 
 473      6E203233 
 473      37373135 
 474 0167 6F667466 		.ascii	"oftfp -mfpu=fpv4-sp-d16 -mthumb -g -Og -ffunction-s"
 474      70202D6D 
 474      6670753D 
 474      66707634 
 474      2D73702D 
 475 019a 65637469 		.ascii	"ections -ffat-lto-objects\000"
 475      6F6E7320 
 475      2D666661 
 475      742D6C74 
 475      6F2D6F62 
 476              	.LASF9:
 477 01b4 6C6F6E67 		.ascii	"long long int\000"
 477      206C6F6E 
 477      6720696E 
ARM GAS  C:\Users\Brian\AppData\Local\Temp\ccdAUqqX.s 			page 11


 477      7400
 478              	.LASF19:
 479 01c2 72696E67 		.ascii	"ring_buf_t\000"
 479      5F627566 
 479      5F7400
 480              	.LASF4:
 481 01cd 73686F72 		.ascii	"short int\000"
 481      7420696E 
 481      7400
 482              	.LASF15:
 483 01d7 62756666 		.ascii	"buffer\000"
 483      657200
 484              	.LASF14:
 485 01de 75696E74 		.ascii	"uint16_t\000"
 485      31365F74 
 485      00
 486              	.LASF7:
 487 01e7 6C6F6E67 		.ascii	"long int\000"
 487      20696E74 
 487      00
 488              	.LASF0:
 489 01f0 7369676E 		.ascii	"signed char\000"
 489      65642063 
 489      68617200 
 490              	.LASF22:
 491 01fc 72696E67 		.ascii	"ring_buffer.c\000"
 491      5F627566 
 491      6665722E 
 491      6300
 492              		.ident	"GCC: (GNU Tools for ARM Embedded Processors) 5.4.1 20160609 (release) [ARM/embedded-5-bran
